2021-02-21 07:42:32,324 INFO /home/eee198/Documents/datasets/GazeFollowData/test_annotations.mat contains 4782 images
2021-02-21 07:43:27,729 INFO 65.32315731048584
2021-02-21 07:44:07,013 INFO 64.07092144012451
2021-02-21 07:44:46,407 INFO 63.84997146606445
2021-02-21 07:45:25,825 INFO 63.285345230102536
2021-02-21 07:46:05,223 INFO 63.527274208068846
2021-02-21 07:46:44,663 INFO 63.17317653656006
2021-02-21 07:47:24,099 INFO 63.1494681930542
2021-02-21 07:48:04,037 INFO 63.09817070007324
2021-02-21 07:48:43,483 INFO 62.77536521911621
2021-02-21 07:49:22,894 INFO 62.7369584274292
2021-02-21 07:50:02,335 INFO 62.41689464569092
2021-02-21 07:50:41,776 INFO 62.45252460479736
2021-02-21 07:51:21,221 INFO 62.632920036315916
2021-02-21 07:52:00,686 INFO 62.47923652648926
2021-02-21 07:52:40,168 INFO 62.10920795440674
2021-02-21 07:53:19,567 INFO 62.18636207580566
2021-02-21 07:53:58,995 INFO 61.61227691650391
2021-02-21 07:54:38,491 INFO 61.99644218444824
2021-02-21 07:55:17,951 INFO 61.67849903106689
2021-02-21 07:55:57,376 INFO 61.96840431213379
2021-02-21 07:56:36,874 INFO 61.82807838439941
2021-02-21 07:57:16,325 INFO 61.52029880523682
2021-02-21 07:57:55,743 INFO 61.58854148864746
2021-02-21 07:58:35,223 INFO 60.89517616271973
2021-02-21 07:59:14,684 INFO 60.83526958465576
2021-02-21 07:59:54,143 INFO 60.96314422607422
2021-02-21 08:00:33,699 INFO 60.655735130310056
2021-02-21 08:01:13,126 INFO 60.81416522979736
2021-02-21 08:01:52,631 INFO 60.239770011901854
2021-02-21 08:02:32,100 INFO 60.35922088623047
2021-02-21 08:03:11,532 INFO 60.740717811584474
2021-02-21 08:03:51,023 INFO 60.6023974609375
2021-02-21 08:04:30,462 INFO 60.304312744140624
2021-02-21 08:05:09,884 INFO 60.457580947875975
2021-02-21 08:05:49,300 INFO 60.3865128326416
2021-02-21 08:06:28,821 INFO 59.90276844024658
2021-02-21 08:07:08,257 INFO 59.987297706604004
2021-02-21 08:07:47,704 INFO 60.040658988952636
2021-02-21 08:08:27,175 INFO 60.08207202911377
2021-02-21 08:08:58,952 INFO Test average loss : 60.70573411258965
2021-02-21 08:08:58,955 INFO Test average error: [ 0.82300816  0.24713434 36.33098679]
2021-02-21 08:09:39,819 INFO 59.80387916564941
2021-02-21 08:10:19,154 INFO 59.88820404052734
2021-02-21 08:10:58,453 INFO 59.17378646850586
2021-02-21 08:11:37,781 INFO 59.437607269287106
2021-02-21 08:12:17,153 INFO 59.781183853149415
2021-02-21 08:12:56,462 INFO 59.43261184692383
2021-02-21 08:13:35,802 INFO 59.50848915100098
2021-02-21 08:14:15,111 INFO 59.36179618835449
2021-02-21 08:14:54,422 INFO 59.25094223022461
2021-02-21 08:15:33,779 INFO 58.961400718688964
2021-02-21 08:16:13,172 INFO 58.86071117401123
2021-02-21 08:16:52,575 INFO 58.76297927856445
2021-02-21 08:17:31,938 INFO 59.238845672607425
2021-02-21 08:18:11,288 INFO 58.93368507385254
2021-02-21 08:18:50,584 INFO 58.95781505584717
2021-02-21 08:19:29,873 INFO 58.87736152648926
2021-02-21 08:20:09,197 INFO 59.05767269134522
2021-02-21 08:20:48,517 INFO 58.67628551483154
2021-02-21 08:21:27,849 INFO 58.65928897857666
2021-02-21 08:22:07,192 INFO 58.83192024230957
2021-02-21 08:22:46,560 INFO 58.79790481567383
2021-02-21 08:23:25,889 INFO 58.55956516265869
2021-02-21 08:24:05,223 INFO 58.630716438293454
2021-02-21 08:24:44,585 INFO 58.152757453918454
2021-02-21 08:25:23,939 INFO 58.77022750854492
2021-02-21 08:26:03,283 INFO 57.91231628417969
2021-02-21 08:26:42,671 INFO 57.96418407440186
2021-02-21 08:27:21,983 INFO 58.250906524658205
2021-02-21 08:28:01,362 INFO 57.5606477355957
2021-02-21 08:28:40,752 INFO 58.322465057373044
2021-02-21 08:29:20,183 INFO 58.25733287811279
2021-02-21 08:29:59,524 INFO 58.12322814941406
2021-02-21 08:30:38,903 INFO 58.059323959350586
2021-02-21 08:31:18,207 INFO 57.70783626556396
2021-02-21 08:31:57,528 INFO 57.990113983154295
2021-02-21 08:32:36,882 INFO 57.8416951751709
2021-02-21 08:33:16,250 INFO 57.96623348236084
2021-02-21 08:33:55,594 INFO 57.87744194030762
2021-02-21 08:34:34,956 INFO 57.32183174133301
2021-02-21 08:35:06,362 INFO Test average loss : 58.900735402186974
2021-02-21 08:35:06,364 INFO Test average error: [ 0.85437578  0.23783571 33.78239685]
2021-02-21 08:35:47,258 INFO 57.72846138000488
2021-02-21 08:36:26,611 INFO 57.493896598815915
2021-02-21 08:37:05,936 INFO 57.53489540100097
2021-02-21 08:37:45,247 INFO 56.649899330139164
2021-02-21 08:38:24,655 INFO 57.659495239257815
2021-02-21 08:39:03,970 INFO 57.208389892578126
2021-02-21 08:39:43,293 INFO 57.778702659606935
2021-02-21 08:40:22,693 INFO 56.73353935241699
2021-02-21 08:41:02,045 INFO 57.56144954681397
2021-02-21 08:41:41,370 INFO 57.37313415527344
2021-02-21 08:42:20,756 INFO 56.91365196228028
2021-02-21 08:43:00,084 INFO 57.68269775390625
2021-02-21 08:43:39,389 INFO 57.244393806457516
2021-02-21 08:44:18,787 INFO 57.30012687683106
2021-02-21 08:44:58,115 INFO 57.13839347839355
2021-02-21 08:45:37,444 INFO 57.3533491897583
2021-02-21 08:46:16,798 INFO 57.52413402557373
2021-02-21 08:46:56,158 INFO 57.111031494140626
2021-02-21 08:47:35,493 INFO 57.18430335998535
2021-02-21 08:48:14,852 INFO 57.23760437011719
2021-02-21 08:48:54,171 INFO 57.55275192260742
2021-02-21 08:49:33,530 INFO 56.749492149353024
2021-02-21 08:50:12,866 INFO 56.902224655151365
2021-02-21 08:50:52,217 INFO 56.8307836151123
2021-02-21 08:51:31,539 INFO 57.090246772766115
2021-02-21 08:52:10,926 INFO 57.456882095336915
2021-02-21 08:52:50,271 INFO 56.79793251037598
2021-02-21 08:53:29,627 INFO 57.004320220947264
2021-02-21 08:54:08,990 INFO 56.48266761779785
2021-02-21 08:54:48,392 INFO 56.88041835784912
2021-02-21 08:55:27,741 INFO 56.14571441650391
2021-02-21 08:56:07,068 INFO 56.80085899353028
2021-02-21 08:56:46,451 INFO 56.834582786560055
2021-02-21 08:57:25,811 INFO 56.75991592407227
2021-02-21 08:58:05,138 INFO 56.26174571990967
2021-02-21 08:58:44,469 INFO 57.31894779205322
2021-02-21 08:59:23,837 INFO 57.43770172119141
2021-02-21 09:00:03,178 INFO 56.17124485015869
2021-02-21 09:00:42,531 INFO 56.961877059936526
2021-02-21 09:01:13,862 INFO Test average loss : 58.805434925500364
2021-02-21 09:01:13,864 INFO Test average error: [ 0.86443085  0.21521485 30.68486886]
2021-02-21 09:01:54,655 INFO 56.5523140335083
2021-02-21 09:02:34,018 INFO 56.76151016235352
2021-02-21 09:03:13,337 INFO 56.89223468780518
2021-02-21 09:03:52,682 INFO 56.13072898864746
2021-02-21 09:04:32,024 INFO 56.40839042663574
2021-02-21 09:05:11,384 INFO 55.932558135986326
2021-02-21 09:05:50,723 INFO 56.4242875289917
2021-02-21 09:06:30,068 INFO 56.61640411376953
2021-02-21 09:07:09,393 INFO 56.39582347869873
2021-02-21 09:07:48,725 INFO 55.94997230529785
2021-02-21 09:08:28,088 INFO 56.16432411193848
2021-02-21 09:09:07,438 INFO 55.438733673095705
2021-02-21 09:09:46,778 INFO 56.774683990478515
2021-02-21 09:10:26,182 INFO 56.442995643615724
2021-02-21 09:11:05,521 INFO 56.63872756958008
2021-02-21 09:11:44,861 INFO 56.79997291564941
2021-02-21 09:12:24,243 INFO 56.02999450683594
2021-02-21 09:13:03,605 INFO 56.73450569152832
2021-02-21 09:13:42,974 INFO 55.60220199584961
2021-02-21 09:14:22,348 INFO 56.33416427612305
2021-02-21 09:15:01,711 INFO 56.333211784362796
2021-02-21 09:15:41,100 INFO 55.95131286621094
2021-02-21 09:16:20,494 INFO 56.263138694763185
2021-02-21 09:16:59,848 INFO 55.88770259857178
2021-02-21 09:17:39,211 INFO 56.33645778656006
2021-02-21 09:18:18,603 INFO 56.00967269897461
2021-02-21 09:18:57,959 INFO 55.911857261657715
2021-02-21 09:19:37,370 INFO 56.11854164123535
2021-02-21 09:20:16,792 INFO 55.352180366516116
2021-02-21 09:20:56,148 INFO 55.76999683380127
2021-02-21 09:21:35,506 INFO 55.32340919494629
2021-02-21 09:22:14,872 INFO 55.982688102722165
2021-02-21 09:22:54,220 INFO 56.07578628540039
2021-02-21 09:23:33,543 INFO 55.83467746734619
2021-02-21 09:24:13,049 INFO 55.99697132110596
2021-02-21 09:24:52,390 INFO 56.13823364257812
2021-02-21 09:25:31,765 INFO 56.00564064025879
2021-02-21 09:26:11,141 INFO 56.055690956115725
2021-02-21 09:26:50,463 INFO 56.25615608215332
2021-02-21 09:27:21,983 INFO Test average loss : 56.340408912071815
2021-02-21 09:27:21,985 INFO Test average error: [ 0.86836052  0.20287951 27.9981166 ]
2021-02-21 09:28:02,701 INFO 56.06036323547363
2021-02-21 09:28:42,071 INFO 55.21374671936035
2021-02-21 09:29:21,429 INFO 55.073604888916016
2021-02-21 09:30:00,764 INFO 55.85639232635498
2021-02-21 09:30:40,143 INFO 55.875565147399904
2021-02-21 09:31:19,491 INFO 55.323646812438966
2021-02-21 09:31:58,859 INFO 55.49144195556641
2021-02-21 09:32:38,237 INFO 55.254395713806154
2021-02-21 09:33:17,579 INFO 55.44381011962891
2021-02-21 09:33:56,929 INFO 54.80702198028565
2021-02-21 09:34:36,295 INFO 55.0498908996582
2021-02-21 09:35:15,669 INFO 55.423842430114746
2021-02-21 09:35:55,012 INFO 55.52948051452637
2021-02-21 09:36:34,414 INFO 55.34732322692871
2021-02-21 09:37:13,780 INFO 56.33866394042969
2021-02-21 09:37:53,097 INFO 55.31604995727539
2021-02-21 09:38:32,429 INFO 55.326232719421384
2021-02-21 09:39:11,768 INFO 55.217494850158694
2021-02-21 09:39:51,138 INFO 55.05310924530029
2021-02-21 09:40:30,509 INFO 55.73788940429687
2021-02-21 09:41:09,860 INFO 55.321658020019534
2021-02-21 09:41:49,239 INFO 55.56775897979736
2021-02-21 09:42:28,624 INFO 55.91153968811035
2021-02-21 09:43:07,993 INFO 55.263544731140136
2021-02-21 09:43:47,344 INFO 55.2461971282959
2021-02-21 09:44:26,727 INFO 54.91787284851074
2021-02-21 09:45:06,091 INFO 55.20713153839111
2021-02-21 09:45:45,448 INFO 55.40723762512207
2021-02-21 09:46:24,839 INFO 55.063915405273434
2021-02-21 09:47:04,200 INFO 55.33220123291016
2021-02-21 09:47:43,531 INFO 55.00246028900146
2021-02-21 09:48:22,925 INFO 55.557212562561034
2021-02-21 09:49:02,287 INFO 54.878785362243654
2021-02-21 09:49:41,700 INFO 55.037632064819334
2021-02-21 09:50:21,098 INFO 55.05515014648437
2021-02-21 09:51:00,412 INFO 54.70471057891846
2021-02-21 09:51:39,804 INFO 55.18221427917481
2021-02-21 09:52:19,202 INFO 55.449010391235355
2021-02-21 09:52:58,562 INFO 55.47431102752685
2021-02-21 09:53:30,010 INFO Test average loss : 55.15424827907396
2021-02-21 09:53:30,013 INFO Test average error: [ 0.87628084  0.19384855 25.62558422]
2021-02-21 09:54:10,510 INFO 54.96718421936035
2021-02-21 09:54:49,822 INFO 55.357512969970706
2021-02-21 09:55:29,182 INFO 54.52495868682861
2021-02-21 09:56:08,561 INFO 54.96234004974365
2021-02-21 09:56:47,880 INFO 55.4140034866333
2021-02-21 09:57:27,231 INFO 54.62671524047852
2021-02-21 09:58:06,575 INFO 54.365363388061525
2021-02-21 09:58:45,922 INFO 54.691517715454104
2021-02-21 09:59:25,284 INFO 54.59394596099853
2021-02-21 10:00:04,655 INFO 54.490072631835936
2021-02-21 10:00:44,027 INFO 55.231915664672854
2021-02-21 10:01:23,389 INFO 54.205900001525876
2021-02-21 10:02:02,746 INFO 54.69296154022217
2021-02-21 10:02:42,096 INFO 54.77963695526123
2021-02-21 10:03:21,434 INFO 54.305556259155274
2021-02-21 10:04:00,751 INFO 55.30015117645264
2021-02-21 10:04:40,106 INFO 55.35961471557617
2021-02-21 10:05:19,528 INFO 55.25242050170898
2021-02-21 10:05:58,865 INFO 54.778576393127445
2021-02-21 10:06:38,251 INFO 54.37554302215576
2021-02-21 10:07:17,597 INFO 55.12045825958252
2021-02-21 10:07:56,919 INFO 54.79444320678711
2021-02-21 10:08:36,306 INFO 54.60335971832276
2021-02-21 10:09:15,665 INFO 54.49296516418457
2021-02-21 10:09:55,002 INFO 54.73769317626953
2021-02-21 10:10:34,337 INFO 54.49597213745117
2021-02-21 10:11:13,699 INFO 54.86290828704834
2021-02-21 10:11:53,082 INFO 54.59674304962158
2021-02-21 10:12:32,459 INFO 53.78274757385254
2021-02-21 10:13:11,820 INFO 54.67695587158203
2021-02-21 10:13:51,154 INFO 55.07279216766357
2021-02-21 10:14:30,514 INFO 54.80291118621826
2021-02-21 10:15:09,864 INFO 54.42684921264649
2021-02-21 10:15:49,238 INFO 54.09761901855469
2021-02-21 10:16:28,582 INFO 55.12665946960449
2021-02-21 10:17:07,944 INFO 54.577481727600095
2021-02-21 10:17:47,300 INFO 54.581940574646
2021-02-21 10:18:26,664 INFO 54.229186096191405
2021-02-21 10:19:06,016 INFO 54.74241535186768
2021-02-21 10:19:37,481 INFO Test average loss : 54.580507463436064
2021-02-21 10:19:37,483 INFO Test average error: [ 0.88669315  0.19187388 26.45258722]
2021-02-21 10:20:18,402 INFO 54.01107860565185
2021-02-21 10:20:57,751 INFO 54.31720149993897
2021-02-21 10:21:37,101 INFO 53.84496997833252
2021-02-21 10:22:16,438 INFO 54.45510768890381
2021-02-21 10:22:55,755 INFO 54.633528327941896
2021-02-21 10:23:35,089 INFO 53.91147201538086
2021-02-21 10:24:14,437 INFO 54.285302734375
2021-02-21 10:24:53,784 INFO 54.28948085784912
2021-02-21 10:25:33,125 INFO 53.52575706481934
2021-02-21 10:26:12,500 INFO 54.07320938110352
2021-02-21 10:26:51,844 INFO 54.37916584014893
2021-02-21 10:27:31,142 INFO 53.751770973205566
2021-02-21 10:28:10,495 INFO 54.67618183135986
2021-02-21 10:28:49,821 INFO 54.03722595214844
2021-02-21 10:29:29,167 INFO 54.4749320602417
2021-02-21 10:30:08,531 INFO 54.40279579162598
2021-02-21 10:30:47,870 INFO 53.7990172958374
2021-02-21 10:31:27,205 INFO 54.108019256591795
2021-02-21 10:32:06,587 INFO 54.577085418701174
2021-02-21 10:32:45,961 INFO 53.850048027038575
2021-02-21 10:33:25,345 INFO 53.772148818969725
2021-02-21 10:34:04,698 INFO 54.05667144775391
2021-02-21 10:34:44,035 INFO 53.84515697479248
2021-02-21 10:35:23,363 INFO 53.726454429626465
2021-02-21 10:36:02,705 INFO 53.86272171020508
2021-02-21 10:36:42,101 INFO 54.27463638305664
2021-02-21 10:37:21,446 INFO 54.20761196136475
2021-02-21 10:38:00,798 INFO 54.022843742370604
2021-02-21 10:38:40,175 INFO 54.259678802490235
2021-02-21 10:39:19,522 INFO 53.812892799377444
2021-02-21 10:39:58,873 INFO 53.80468734741211
2021-02-21 10:40:38,245 INFO 53.66110973358154
2021-02-21 10:41:17,620 INFO 53.95046199798584
2021-02-21 10:41:56,957 INFO 54.14537086486816
2021-02-21 10:42:36,332 INFO 54.3395023727417
2021-02-21 10:43:15,677 INFO 54.00131851196289
2021-02-21 10:43:55,018 INFO 54.18244953155518
2021-02-21 10:44:34,364 INFO 54.17086139678955
2021-02-21 10:45:13,717 INFO 54.73472858428955
2021-02-21 10:45:45,175 INFO Test average loss : 53.77763884681523
2021-02-21 10:45:45,178 INFO Test average error: [ 0.8873815   0.18607133 25.99412983]
2021-02-21 10:46:25,994 INFO 53.22592456817627
2021-02-21 10:47:05,312 INFO 53.88485626220703
2021-02-21 10:47:44,651 INFO 53.96591033935547
2021-02-21 10:48:23,989 INFO 53.818786544799806
2021-02-21 10:49:03,318 INFO 53.32868659973145
2021-02-21 10:49:42,667 INFO 54.01636600494385
2021-02-21 10:50:22,050 INFO 53.154032173156736
2021-02-21 10:51:01,385 INFO 53.573469963073734
2021-02-21 10:51:40,696 INFO 53.90850749969482
2021-02-21 10:52:20,101 INFO 53.45511192321777
2021-02-21 10:52:59,414 INFO 53.881486358642576
2021-02-21 10:53:38,751 INFO 53.346658325195314
2021-02-21 10:54:18,110 INFO 54.280947074890136
2021-02-21 10:54:57,437 INFO 53.521238021850586
2021-02-21 10:55:36,768 INFO 52.82053489685059
2021-02-21 10:56:16,104 INFO 53.61548450469971
2021-02-21 10:56:55,410 INFO 53.884970092773436
2021-02-21 10:57:34,727 INFO 53.79126979827881
2021-02-21 10:58:14,100 INFO 53.94937244415283
2021-02-21 10:58:53,512 INFO 53.82942440032959
2021-02-21 10:59:32,862 INFO 53.75273788452149
2021-02-21 11:00:12,240 INFO 52.617927360534665
2021-02-21 11:00:51,567 INFO 53.98075748443603
2021-02-21 11:01:30,875 INFO 54.11338230133057
2021-02-21 11:02:10,216 INFO 53.641682891845704
2021-02-21 11:02:49,545 INFO 53.83799156188965
2021-02-21 11:03:28,860 INFO 53.11126918792725
2021-02-21 11:04:08,213 INFO 53.372357482910154
2021-02-21 11:04:47,595 INFO 53.865241813659665
2021-02-21 11:05:26,934 INFO 52.48228645324707
2021-02-21 11:06:06,287 INFO 52.81925479888916
2021-02-21 11:06:45,633 INFO 53.24729106903076
2021-02-21 11:07:24,987 INFO 54.038607864379884
2021-02-21 11:08:04,333 INFO 53.896366577148434
2021-02-21 11:08:43,697 INFO 53.30434169769287
2021-02-21 11:09:23,023 INFO 53.305424003601075
2021-02-21 11:10:02,334 INFO 53.458081855773926
2021-02-21 11:10:41,700 INFO 54.2830574798584
2021-02-21 11:11:21,016 INFO 53.77037036895752
2021-02-21 11:11:52,484 INFO Test average loss : 53.605686800137015
2021-02-21 11:11:52,487 INFO Test average error: [ 0.89360275  0.18173709 25.40900592]
2021-02-21 11:12:33,303 INFO 52.9073091506958
2021-02-21 11:13:12,625 INFO 53.27933750152588
2021-02-21 11:13:51,967 INFO 52.79823215484619
2021-02-21 11:14:31,327 INFO 53.38391757965088
2021-02-21 11:15:10,657 INFO 53.309115447998046
2021-02-21 11:15:50,010 INFO 53.44554386138916
2021-02-21 11:16:29,412 INFO 53.10698081970215
2021-02-21 11:17:08,761 INFO 53.15397678375244
2021-02-21 11:17:48,097 INFO 53.157052001953126
2021-02-21 11:18:27,478 INFO 52.894842376708986
2021-02-21 11:19:06,811 INFO 53.55630340576172
2021-02-21 11:19:46,195 INFO 52.67418781280517
2021-02-21 11:20:25,604 INFO 53.30335342407226
2021-02-21 11:21:04,977 INFO 52.535102691650394
2021-02-21 11:21:44,305 INFO 54.063466186523435
2021-02-21 11:22:23,686 INFO 53.15118423461914
2021-02-21 11:23:03,011 INFO 53.292340202331545
2021-02-21 11:23:42,369 INFO 52.740785675048826
2021-02-21 11:24:21,795 INFO 52.99698154449463
2021-02-21 11:25:01,127 INFO 53.425192260742186
2021-02-21 11:25:40,495 INFO 53.200028533935544
2021-02-21 11:26:19,872 INFO 52.713750762939455
2021-02-21 11:26:59,197 INFO 52.77056365966797
2021-02-21 11:27:38,538 INFO 52.817370109558105
2021-02-21 11:28:17,885 INFO 52.94694366455078
2021-02-21 11:28:57,214 INFO 52.99687335968017
2021-02-21 11:29:36,588 INFO 53.08080539703369
2021-02-21 11:30:15,951 INFO 53.71341903686523
2021-02-21 11:30:55,281 INFO 52.584164962768554
2021-02-21 11:31:34,610 INFO 52.9054919052124
2021-02-21 11:32:13,973 INFO 52.52283599853516
2021-02-21 11:32:53,360 INFO 54.089102020263674
2021-02-21 11:33:32,683 INFO 53.173379020690916
2021-02-21 11:34:12,066 INFO 53.55574211120606
2021-02-21 11:34:51,413 INFO 53.21230255126953
2021-02-21 11:35:30,765 INFO 52.742296409606936
2021-02-21 11:36:10,201 INFO 53.00602600097656
2021-02-21 11:36:49,550 INFO 53.05700103759766
2021-02-21 11:37:28,884 INFO 52.856170196533206
2021-02-21 11:38:00,326 INFO Test average loss : 51.965286025235486
2021-02-21 11:38:00,329 INFO Test average error: [ 0.90316987  0.1712403  23.12165658]
2021-02-21 11:38:40,957 INFO 52.27965553283691
2021-02-21 11:39:20,279 INFO 52.3408406829834
2021-02-21 11:39:59,601 INFO 52.228075370788574
2021-02-21 11:40:38,978 INFO 52.37932121276855
2021-02-21 11:41:18,315 INFO 52.48578945159912
2021-02-21 11:41:57,665 INFO 53.36180587768555
2021-02-21 11:42:36,999 INFO 52.081125564575196
2021-02-21 11:43:16,337 INFO 52.872692337036135
2021-02-21 11:43:55,698 INFO 53.085429191589355
2021-02-21 11:44:35,076 INFO 52.09789409637451
2021-02-21 11:45:14,408 INFO 52.52746524810791
2021-02-21 11:45:53,718 INFO 52.72141723632812
2021-02-21 11:46:33,067 INFO 52.29362049102783
2021-02-21 11:47:12,393 INFO 52.967637062072754
2021-02-21 11:47:51,724 INFO 52.44095413208008
2021-02-21 11:48:31,095 INFO 52.517160148620604
2021-02-21 11:49:10,410 INFO 52.298905563354495
2021-02-21 11:49:49,749 INFO 52.10539375305176
2021-02-21 11:50:29,105 INFO 52.75406150817871
2021-02-21 11:51:08,467 INFO 52.90968742370605
2021-02-21 11:51:47,792 INFO 53.08918601989746
2021-02-21 11:52:27,168 INFO 53.21798816680908
2021-02-21 11:53:06,524 INFO 52.439325942993165
2021-02-21 11:53:45,903 INFO 52.308660163879395
2021-02-21 11:54:25,277 INFO 52.01410076141357
2021-02-21 11:55:04,605 INFO 52.71231384277344
2021-02-21 11:55:43,930 INFO 53.09158218383789
2021-02-21 11:56:23,321 INFO 52.846466331481935
2021-02-21 11:57:02,685 INFO 53.38297752380371
2021-02-21 11:57:42,004 INFO 51.98096096038818
2021-02-21 11:58:21,355 INFO 52.939743499755856
2021-02-21 11:59:00,694 INFO 52.409126892089844
2021-02-21 11:59:40,021 INFO 52.814448585510256
2021-02-21 12:00:19,436 INFO 52.51818946838379
2021-02-21 12:00:58,767 INFO 52.78361339569092
2021-02-21 12:01:38,112 INFO 52.76057537078857
2021-02-21 12:02:17,481 INFO 53.045493278503415
2021-02-21 12:02:56,849 INFO 52.80319152832031
2021-02-21 12:03:36,195 INFO 52.479621963500975
2021-02-21 12:04:07,728 INFO Test average loss : 52.26161062438352
2021-02-21 12:04:07,730 INFO Test average error: [ 0.90291719  0.16837017 22.3447609 ]
2021-02-21 12:04:48,511 INFO 52.2981908416748
2021-02-21 12:05:27,835 INFO 52.57213459014893
2021-02-21 12:06:07,181 INFO 51.92344879150391
2021-02-21 12:06:46,538 INFO 51.643579711914064
2021-02-21 12:07:25,869 INFO 52.624462089538575
2021-02-21 12:08:05,226 INFO 52.7664538192749
2021-02-21 12:08:44,575 INFO 52.94011711120606
2021-02-21 12:09:23,961 INFO 53.19167911529541
2021-02-21 12:10:03,322 INFO 52.66620952606201
2021-02-21 12:10:42,700 INFO 52.61070362091064
2021-02-21 12:11:22,036 INFO 52.912340507507324
2021-02-21 12:12:01,366 INFO 52.32638774871826
2021-02-21 12:12:40,720 INFO 52.05506862640381
2021-02-21 12:13:20,041 INFO 52.516058387756345
2021-02-21 12:13:59,350 INFO 53.20518444061279
2021-02-21 12:14:38,723 INFO 51.88499542236328
2021-02-21 12:15:18,049 INFO 52.617923164367674
2021-02-21 12:15:57,366 INFO 51.78038528442383
2021-02-21 12:16:36,738 INFO 52.102438888549806
2021-02-21 12:17:16,094 INFO 52.50475883483887
2021-02-21 12:17:55,439 INFO 52.9051681137085
2021-02-21 12:18:34,842 INFO 51.775758514404295
2021-02-21 12:19:14,194 INFO 52.431409454345705
2021-02-21 12:19:53,527 INFO 52.328601875305175
2021-02-21 12:20:32,892 INFO 51.82642330169678
2021-02-21 12:21:12,272 INFO 52.40447338104248
2021-02-21 12:21:51,630 INFO 51.89983638763428
2021-02-21 12:22:30,984 INFO 51.89530246734619
2021-02-21 12:23:10,323 INFO 52.193110885620115
2021-02-21 12:23:49,787 INFO 52.3658390045166
2021-02-21 12:24:29,141 INFO 52.4520006942749
2021-02-21 12:25:08,503 INFO 51.84777015686035
2021-02-21 12:25:47,839 INFO 51.62784526824951
2021-02-21 12:26:27,241 INFO 52.00351058959961
2021-02-21 12:27:06,577 INFO 52.27180610656738
2021-02-21 12:27:45,989 INFO 52.039120559692385
2021-02-21 12:28:25,359 INFO 51.81791202545166
2021-02-21 12:29:04,746 INFO 52.5041947555542
2021-02-21 12:29:44,115 INFO 52.09556507110596
2021-02-21 12:30:15,631 INFO Test average loss : 52.139685895530675
2021-02-21 12:30:15,634 INFO Test average error: [ 0.90399763  0.17362861 22.97015746]
2021-02-21 12:30:56,282 INFO 51.432954483032226
2021-02-21 12:31:35,612 INFO 52.03817108154297
2021-02-21 12:32:14,941 INFO 51.20419082641602
2021-02-21 12:32:54,264 INFO 51.92727062225342
2021-02-21 12:33:33,596 INFO 51.17390747070313
2021-02-21 12:34:13,000 INFO 51.80899688720703
2021-02-21 12:34:52,332 INFO 50.94553852081299
2021-02-21 12:35:31,721 INFO 51.282727813720705
2021-02-21 12:36:11,108 INFO 52.00122463226318
2021-02-21 12:36:50,439 INFO 52.08958366394043
2021-02-21 12:37:29,756 INFO 51.62468692779541
2021-02-21 12:38:09,093 INFO 52.1081254196167
2021-02-21 12:38:48,406 INFO 51.84748802185059
2021-02-21 12:39:27,760 INFO 51.93745128631592
2021-02-21 12:40:07,121 INFO 51.79083766937256
2021-02-21 12:40:46,485 INFO 51.947589530944825
2021-02-21 12:41:25,799 INFO 51.67860588073731
2021-02-21 12:42:05,152 INFO 52.00575805664062
2021-02-21 12:42:44,494 INFO 51.74618625640869
2021-02-21 12:43:23,808 INFO 52.312890243530276
2021-02-21 12:44:03,174 INFO 52.06594581604004
2021-02-21 12:44:42,517 INFO 52.075495948791506
2021-02-21 12:45:21,882 INFO 51.84621841430664
2021-02-21 12:46:01,211 INFO 51.285555877685546
2021-02-21 12:46:40,575 INFO 51.907368698120116
2021-02-21 12:47:19,936 INFO 51.35894733428955
2021-02-21 12:47:59,275 INFO 51.301149711608886
2021-02-21 12:48:38,641 INFO 51.619803199768064
2021-02-21 12:49:17,950 INFO 51.993465690612794
2021-02-21 12:49:57,295 INFO 51.79159618377685
2021-02-21 12:50:36,623 INFO 52.2786071395874
2021-02-21 12:51:15,965 INFO 51.98637912750244
2021-02-21 12:51:55,302 INFO 51.51541984558106
2021-02-21 12:52:34,653 INFO 51.58659282684326
2021-02-21 12:53:14,056 INFO 51.728192253112795
2021-02-21 12:53:53,395 INFO 51.69305976867676
2021-02-21 12:54:32,743 INFO 51.39091270446777
2021-02-21 12:55:12,136 INFO 52.29786777496338
2021-02-21 12:55:51,472 INFO 51.89150833129883
2021-02-21 12:56:22,908 INFO Test average loss : 50.76142704686193
2021-02-21 12:56:22,911 INFO Test average error: [ 0.91254967  0.1589477  20.70522392]
2021-02-21 12:57:03,783 INFO 50.94109188079834
2021-02-21 12:57:43,150 INFO 51.43763889312744
2021-02-21 12:58:22,541 INFO 51.279738693237306
2021-02-21 12:59:01,872 INFO 51.816535797119144
2021-02-21 12:59:41,192 INFO 50.360199241638185
2021-02-21 13:00:20,547 INFO 51.827086486816405
2021-02-21 13:00:59,871 INFO 51.25985164642334
2021-02-21 13:01:39,216 INFO 50.98141948699951
2021-02-21 13:02:18,577 INFO 51.77461269378662
2021-02-21 13:02:57,951 INFO 52.0145703125
2021-02-21 13:03:37,281 INFO 51.08521728515625
2021-02-21 13:04:16,659 INFO 51.057771911621096
2021-02-21 13:04:55,985 INFO 52.19372798919678
2021-02-21 13:05:35,340 INFO 51.67386428833008
2021-02-21 13:06:14,684 INFO 51.42660827636719
2021-02-21 13:06:54,022 INFO 51.504814643859866
2021-02-21 13:07:33,396 INFO 52.09030174255371
2021-02-21 13:08:12,791 INFO 51.21098258972168
2021-02-21 13:08:52,116 INFO 51.59307098388672
2021-02-21 13:09:31,461 INFO 52.07375019073486
2021-02-21 13:10:10,840 INFO 52.09021175384522
2021-02-21 13:10:50,220 INFO 51.1964888381958
2021-02-21 13:11:29,530 INFO 51.406905784606934
2021-02-21 13:12:08,885 INFO 50.55281581878662
2021-02-21 13:12:48,244 INFO 51.381269721984864
2021-02-21 13:13:27,572 INFO 51.68131649017334
2021-02-21 13:14:06,922 INFO 51.32544330596924
2021-02-21 13:14:46,287 INFO 51.02257869720459
2021-02-21 13:15:25,627 INFO 51.22261966705322
2021-02-21 13:16:04,960 INFO 50.991583061218265
2021-02-21 13:16:44,325 INFO 51.284013748168945
2021-02-21 13:17:23,688 INFO 51.19799736022949
2021-02-21 13:18:03,036 INFO 51.76417190551758
2021-02-21 13:18:42,411 INFO 51.99946147918701
2021-02-21 13:19:21,741 INFO 51.43736377716064
2021-02-21 13:20:01,079 INFO 51.89918663024903
2021-02-21 13:20:40,431 INFO 51.80439025878906
2021-02-21 13:21:19,778 INFO 51.29520088195801
2021-02-21 13:21:59,116 INFO 51.826977767944335
2021-02-21 13:22:30,595 INFO Test average loss : 51.08854070555007
2021-02-21 13:22:30,598 INFO Test average error: [ 0.90441587  0.16492028 21.15203712]
2021-02-21 13:23:11,461 INFO 50.72537136077881
2021-02-21 13:23:50,814 INFO 50.729886322021486
2021-02-21 13:24:30,182 INFO 50.66178405761719
2021-02-21 13:25:09,544 INFO 51.06430004119873
2021-02-21 13:25:48,949 INFO 50.56019645690918
2021-02-21 13:26:28,356 INFO 51.01269443511963
2021-02-21 13:27:07,697 INFO 50.903321762084964
2021-02-21 13:27:47,054 INFO 51.24875408172608
2021-02-21 13:28:26,424 INFO 50.8289022064209
2021-02-21 13:29:05,770 INFO 51.22635341644287
2021-02-21 13:29:45,124 INFO 51.166206245422366
2021-02-21 13:30:24,485 INFO 51.350996284484864
2021-02-21 13:31:03,799 INFO 51.14806999206543
2021-02-21 13:31:43,122 INFO 50.68454216003418
2021-02-21 13:32:22,495 INFO 51.076271286010744
2021-02-21 13:33:01,860 INFO 50.675168113708494
2021-02-21 13:33:41,232 INFO 51.06488006591797
2021-02-21 13:34:20,600 INFO 51.31248481750488
2021-02-21 13:34:59,970 INFO 51.43585334777832
2021-02-21 13:35:39,330 INFO 50.57264514923096
2021-02-21 13:36:18,674 INFO 50.562702598571775
2021-02-21 13:36:58,024 INFO 51.60223129272461
2021-02-21 13:37:37,438 INFO 51.57280349731445
2021-02-21 13:38:16,860 INFO 51.19479095458984
2021-02-21 13:38:56,204 INFO 50.88625038146973
2021-02-21 13:39:35,638 INFO 51.24015766143799
2021-02-21 13:40:14,979 INFO 50.595852813720704
2021-02-21 13:40:54,325 INFO 51.52258842468262
2021-02-21 13:41:33,711 INFO 51.46839225769043
2021-02-21 13:42:13,086 INFO 51.54455429077149
2021-02-21 13:42:52,415 INFO 51.56403705596924
2021-02-21 13:43:31,740 INFO 51.52149829864502
2021-02-21 13:44:11,122 INFO 50.86374546051025
2021-02-21 13:44:50,449 INFO 51.35754047393799
2021-02-21 13:45:29,767 INFO 51.70951530456543
2021-02-21 13:46:09,126 INFO 51.636235046386716
2021-02-21 13:46:48,463 INFO 50.92655376434326
2021-02-21 13:47:27,818 INFO 51.07734642028809
2021-02-21 13:48:07,120 INFO 51.21728046417236
2021-02-21 13:48:38,624 INFO Test average loss : 50.413677113510694
2021-02-21 13:48:38,627 INFO Test average error: [ 0.9089511   0.16180035 21.61849333]
2021-02-21 13:49:19,300 INFO 49.86793594360351
2021-02-21 13:49:58,608 INFO 50.992670669555665
2021-02-21 13:50:37,957 INFO 50.84181259155273
2021-02-21 13:51:17,267 INFO 50.19690483093262
2021-02-21 13:51:56,618 INFO 50.954436798095706
2021-02-21 13:52:36,007 INFO 50.68954196929931
2021-02-21 13:53:15,373 INFO 50.89928833007812
2021-02-21 13:53:54,708 INFO 50.86757068634033
2021-02-21 13:54:34,074 INFO 50.78831172943115
2021-02-21 13:55:13,388 INFO 50.48431758880615
2021-02-21 13:55:52,714 INFO 50.7898823928833
2021-02-21 13:56:32,071 INFO 50.70245750427246
2021-02-21 13:57:11,400 INFO 50.57641704559326
2021-02-21 13:57:50,741 INFO 50.477249221801756
2021-02-21 13:58:30,101 INFO 51.50541191101074
2021-02-21 13:59:09,434 INFO 50.85262023925781
2021-02-21 13:59:48,816 INFO 50.1254146194458
2021-02-21 14:00:28,190 INFO 51.06757694244385
2021-02-21 14:01:07,509 INFO 50.10848808288574
2021-02-21 14:01:46,816 INFO 51.42317726135254
2021-02-21 14:02:26,166 INFO 50.01368480682373
2021-02-21 14:03:05,533 INFO 51.25646892547607
2021-02-21 14:03:44,857 INFO 50.48334651947022
2021-02-21 14:04:24,231 INFO 50.58960678100586
2021-02-21 14:05:03,558 INFO 50.71084033966064
2021-02-21 14:05:42,915 INFO 50.64170616149902
2021-02-21 14:06:22,275 INFO 51.10611755371094
2021-02-21 14:07:01,618 INFO 50.67077011108398
2021-02-21 14:07:40,983 INFO 50.731801948547364
2021-02-21 14:08:20,347 INFO 50.97728370666504
2021-02-21 14:08:59,676 INFO 49.74124969482422
2021-02-21 14:09:38,994 INFO 51.11018054962158
2021-02-21 14:10:18,349 INFO 50.61293827056885
2021-02-21 14:10:57,692 INFO 51.19720817565918
2021-02-21 14:11:37,016 INFO 51.37627365112305
2021-02-21 14:12:16,386 INFO 51.02955219268799
2021-02-21 14:12:55,717 INFO 50.71328765869141
2021-02-21 14:13:35,059 INFO 51.776505851745604
2021-02-21 14:14:14,415 INFO 51.018593368530276
2021-02-21 14:14:45,841 INFO Test average loss : 50.8875678582335
2021-02-21 14:14:45,844 INFO Test average error: [ 0.9090818   0.1611344  20.79316469]
2021-02-21 14:15:26,528 INFO 50.28341690063476
2021-02-21 14:16:05,860 INFO 50.751222190856936
2021-02-21 14:16:45,210 INFO 49.80443550109863
2021-02-21 14:17:24,569 INFO 50.23488552093506
2021-02-21 14:18:03,886 INFO 49.59172454833984
2021-02-21 14:18:43,261 INFO 50.616767463684084
2021-02-21 14:19:22,607 INFO 50.11959014892578
2021-02-21 14:20:01,980 INFO 50.51343944549561
2021-02-21 14:20:41,362 INFO 50.450318336486816
2021-02-21 14:21:20,718 INFO 51.0191943359375
2021-02-21 14:22:00,049 INFO 50.31732570648193
2021-02-21 14:22:39,420 INFO 50.2641722869873
2021-02-21 14:23:18,748 INFO 50.16347236633301
2021-02-21 14:23:58,065 INFO 50.89334671020508
2021-02-21 14:24:37,433 INFO 50.98799018859863
2021-02-21 14:25:16,797 INFO 50.48839492797852
2021-02-21 14:25:56,129 INFO 50.23662158966064
2021-02-21 14:26:35,470 INFO 50.918281631469725
2021-02-21 14:27:14,812 INFO 50.63544857025146
2021-02-21 14:27:54,157 INFO 51.199910163879395
2021-02-21 14:28:33,536 INFO 50.13621910095215
2021-02-21 14:29:12,936 INFO 50.80779109954834
2021-02-21 14:29:52,285 INFO 50.24744228363037
2021-02-21 14:30:31,655 INFO 49.931190452575684
2021-02-21 14:31:11,022 INFO 49.89903873443603
2021-02-21 14:31:50,400 INFO 50.28949127197266
2021-02-21 14:32:29,902 INFO 50.225707092285155
2021-02-21 14:33:09,232 INFO 50.72418579101563
2021-02-21 14:33:48,564 INFO 50.426803817749025
2021-02-21 14:34:27,921 INFO 49.87485050201416
2021-02-21 14:35:07,289 INFO 51.192177352905276
2021-02-21 14:35:46,607 INFO 50.00062496185303
2021-02-21 14:36:25,978 INFO 50.253933067321775
2021-02-21 14:37:05,340 INFO 50.80913181304932
2021-02-21 14:37:44,697 INFO 50.856686935424804
2021-02-21 14:38:24,088 INFO 50.39259014129639
2021-02-21 14:39:03,418 INFO 50.648527221679686
2021-02-21 14:39:42,804 INFO 49.61232234954834
2021-02-21 14:40:22,166 INFO 50.45877086639404
2021-02-21 14:40:53,681 INFO Test average loss : 51.044567554690765
2021-02-21 14:40:53,684 INFO Test average error: [ 0.90929963  0.16715919 21.08317414]
2021-02-21 14:41:34,693 INFO 50.48852432250977
2021-02-21 14:42:14,032 INFO 49.9856999206543
2021-02-21 14:42:53,369 INFO 49.857529182434085
2021-02-21 14:43:32,784 INFO 49.62569736480713
2021-02-21 14:44:12,115 INFO 50.687379913330076
2021-02-21 14:44:51,499 INFO 50.011560974121096
2021-02-21 14:45:30,876 INFO 49.928832054138184
2021-02-21 14:46:10,272 INFO 49.81706005096436
2021-02-21 14:46:49,668 INFO 50.30030979156494
2021-02-21 14:47:29,022 INFO 50.03949840545654
2021-02-21 14:48:08,401 INFO 50.13241191864014
2021-02-21 14:48:47,770 INFO 50.312868423461914
2021-02-21 14:49:27,094 INFO 49.603759880065915
2021-02-21 14:50:06,412 INFO 50.64756076812744
2021-02-21 14:50:45,783 INFO 50.052932281494144
2021-02-21 14:51:25,115 INFO 50.09350498199463
2021-02-21 14:52:04,492 INFO 50.74432716369629
2021-02-21 14:52:43,845 INFO 49.43489429473877
2021-02-21 14:53:23,197 INFO 51.08944217681885
2021-02-21 14:54:02,569 INFO 50.09356185913086
2021-02-21 14:54:41,947 INFO 50.759077911376956
2021-02-21 14:55:21,295 INFO 50.01825485229492
2021-02-21 14:56:00,665 INFO 50.38834831237793
2021-02-21 14:56:40,010 INFO 49.48451698303223
2021-02-21 14:57:19,352 INFO 49.793038597106936
2021-02-21 14:57:58,686 INFO 50.64646530151367
2021-02-21 14:58:38,062 INFO 49.9612911605835
2021-02-21 14:59:17,416 INFO 49.674298210144045
2021-02-21 14:59:56,780 INFO 49.86478225708008
2021-02-21 15:00:36,170 INFO 50.56458385467529
2021-02-21 15:01:15,521 INFO 50.67967906951904
2021-02-21 15:01:54,844 INFO 50.294724769592285
2021-02-21 15:02:34,262 INFO 49.85114486694336
2021-02-21 15:03:13,619 INFO 50.58431293487549
2021-02-21 15:03:52,953 INFO 50.46191650390625
2021-02-21 15:04:32,354 INFO 49.32819446563721
2021-02-21 15:05:11,693 INFO 49.97862560272217
2021-02-21 15:05:51,054 INFO 50.036081047058104
2021-02-21 15:06:30,437 INFO 50.623069534301756
2021-02-21 15:07:01,787 INFO Test average loss : 50.28664770732357
2021-02-21 15:07:01,790 INFO Test average error: [ 0.91274136  0.15830583 20.79156697]
2021-02-21 15:07:42,499 INFO 50.557998733520506
2021-02-21 15:08:21,846 INFO 49.41591484069824
2021-02-21 15:09:01,176 INFO 49.01390193939209
2021-02-21 15:09:40,498 INFO 50.14246658325195
2021-02-21 15:10:19,893 INFO 49.61973968505859
2021-02-21 15:10:59,218 INFO 49.349412536621095
2021-02-21 15:11:38,541 INFO 49.690133514404295
2021-02-21 15:12:17,942 INFO 49.71469139099121
2021-02-21 15:12:57,305 INFO 50.26595005035401
2021-02-21 15:13:36,649 INFO 50.71923454284668
2021-02-21 15:14:16,036 INFO 49.4850467300415
2021-02-21 15:14:55,352 INFO 49.92130336761475
2021-02-21 15:15:34,695 INFO 49.59420597076416
2021-02-21 15:16:14,041 INFO 49.53447727203369
2021-02-21 15:16:53,360 INFO 50.104792556762696
2021-02-21 15:17:32,688 INFO 50.19830841064453
2021-02-21 15:18:12,056 INFO 50.25879512786865
2021-02-21 15:18:51,405 INFO 50.13010814666748
2021-02-21 15:19:30,778 INFO 50.27270404815674
2021-02-21 15:20:10,161 INFO 50.48791034698486
2021-02-21 15:20:49,500 INFO 49.983549194335936
2021-02-21 15:21:28,824 INFO 49.44184085845947
2021-02-21 15:22:08,200 INFO 49.668469467163085
2021-02-21 15:22:47,552 INFO 50.29409492492676
2021-02-21 15:23:26,874 INFO 50.00252151489258
2021-02-21 15:24:06,233 INFO 49.92021789550781
2021-02-21 15:24:45,671 INFO 49.54445346832276
2021-02-21 15:25:25,032 INFO 49.62891933441162
2021-02-21 15:26:04,403 INFO 50.03341735839844
2021-02-21 15:26:43,738 INFO 50.139707527160645
2021-02-21 15:27:23,089 INFO 49.45943603515625
2021-02-21 15:28:02,434 INFO 50.167159461975096
2021-02-21 15:28:41,781 INFO 49.33958435058594
2021-02-21 15:29:21,116 INFO 48.9011612701416
2021-02-21 15:30:00,462 INFO 50.504626770019534
2021-02-21 15:30:39,848 INFO 50.024050369262696
2021-02-21 15:31:19,211 INFO 49.42264537811279
2021-02-21 15:31:58,570 INFO 49.73781345367431
2021-02-21 15:32:37,929 INFO 49.750182151794434
2021-02-21 15:33:09,458 INFO Test average loss : 50.123522640470675
2021-02-21 15:33:09,460 INFO Test average error: [ 0.91185261  0.15534394 19.5240047 ]
2021-02-21 15:33:50,360 INFO 48.93631759643554
2021-02-21 15:34:29,710 INFO 49.441201515197754
2021-02-21 15:35:09,055 INFO 49.23316455841064
2021-02-21 15:35:48,375 INFO 49.25772769927978
2021-02-21 15:36:27,734 INFO 49.43762722015381
2021-02-21 15:37:07,093 INFO 49.97734477996826
2021-02-21 15:37:46,426 INFO 49.68715183258057
2021-02-21 15:38:25,783 INFO 49.081267013549805
2021-02-21 15:39:05,152 INFO 49.59715061187744
2021-02-21 15:39:44,495 INFO 49.16784702301025
2021-02-21 15:40:23,864 INFO 49.382088851928714
2021-02-21 15:41:03,219 INFO 49.57877788543701
2021-02-21 15:41:42,575 INFO 48.78661823272705
2021-02-21 15:42:21,965 INFO 49.12611114501953
2021-02-21 15:43:01,310 INFO 49.3414372253418
2021-02-21 15:43:40,697 INFO 49.58751277923584
2021-02-21 15:44:20,081 INFO 49.47765357971191
2021-02-21 15:44:59,445 INFO 49.100069541931155
2021-02-21 15:45:38,788 INFO 49.007447242736816
2021-02-21 15:46:18,149 INFO 49.94759552001953
2021-02-21 15:46:57,514 INFO 49.69090873718262
2021-02-21 15:47:36,929 INFO 49.17996322631836
2021-02-21 15:48:16,339 INFO 49.582831840515134
2021-02-21 15:48:55,661 INFO 50.03741024017334
2021-02-21 15:49:35,037 INFO 49.76931163787842
2021-02-21 15:50:14,377 INFO 49.706343269348146
2021-02-21 15:50:53,725 INFO 49.77135913848877
2021-02-21 15:51:33,066 INFO 49.67415248870849
2021-02-21 15:52:12,428 INFO 49.329436683654784
2021-02-21 15:52:51,786 INFO 49.629634857177734
2021-02-21 15:53:31,126 INFO 49.95901050567627
2021-02-21 15:54:10,485 INFO 50.47868328094482
2021-02-21 15:54:49,827 INFO 49.482975540161135
2021-02-21 15:55:29,202 INFO 49.606369514465335
2021-02-21 15:56:08,574 INFO 49.653763961791995
2021-02-21 15:56:47,914 INFO 49.1786710357666
2021-02-21 15:57:27,260 INFO 49.69334518432617
2021-02-21 15:58:06,669 INFO 49.42941135406494
2021-02-21 15:58:46,020 INFO 49.575210113525394
2021-02-21 15:59:17,521 INFO Test average loss : 49.46770089446103
2021-02-21 15:59:17,523 INFO Test average error: [ 0.91509829  0.1542798  19.6676908 ]
2021-02-21 15:59:58,542 INFO 48.97135360717773
2021-02-21 16:00:37,893 INFO 48.63480075836182
2021-02-21 16:01:17,246 INFO 49.17205158233642
2021-02-21 16:01:56,599 INFO 49.07796211242676
2021-02-21 16:02:35,963 INFO 49.23275844573975
2021-02-21 16:03:15,326 INFO 49.07695526123047
2021-02-21 16:03:54,676 INFO 48.90223793029785
2021-02-21 16:04:34,040 INFO 48.80719200134277
2021-02-21 16:05:13,367 INFO 48.92881904602051
2021-02-21 16:05:52,724 INFO 49.40963417053223
2021-02-21 16:06:32,087 INFO 49.38994289398193
2021-02-21 16:07:11,440 INFO 49.89847286224365
2021-02-21 16:07:50,771 INFO 49.236620597839355
2021-02-21 16:08:30,100 INFO 48.83704906463623
2021-02-21 16:09:09,416 INFO 49.504653434753415
2021-02-21 16:09:48,728 INFO 49.48745620727539
2021-02-21 16:10:28,114 INFO 48.751400032043456
2021-02-21 16:11:07,467 INFO 48.742822074890135
2021-02-21 16:11:46,798 INFO 49.11859703063965
2021-02-21 16:12:26,199 INFO 49.44839332580566
2021-02-21 16:13:05,552 INFO 49.43500904083252
2021-02-21 16:13:44,917 INFO 49.3943412399292
2021-02-21 16:14:24,335 INFO 48.731974601745605
2021-02-21 16:15:03,711 INFO 49.156022491455076
2021-02-21 16:15:43,084 INFO 49.19181251525879
2021-02-21 16:16:22,489 INFO 49.4664213180542
2021-02-21 16:17:01,819 INFO 49.06038158416748
2021-02-21 16:17:41,166 INFO 50.23961051940918
2021-02-21 16:18:20,521 INFO 49.10930835723877
2021-02-21 16:18:59,841 INFO 49.34173873901367
2021-02-21 16:19:39,182 INFO 49.24882007598877
2021-02-21 16:20:18,543 INFO 48.94710731506348
2021-02-21 16:20:57,886 INFO 48.89027530670166
2021-02-21 16:21:37,226 INFO 49.87754413604736
2021-02-21 16:22:16,597 INFO 49.40692447662354
2021-02-21 16:22:55,939 INFO 49.90439800262451
2021-02-21 16:23:35,317 INFO 49.317693901062015
2021-02-21 16:24:14,709 INFO 48.83632236480713
2021-02-21 16:24:54,033 INFO 49.256305656433106
2021-02-21 16:25:25,505 INFO Test average loss : 49.821049999632564
2021-02-21 16:25:25,507 INFO Test average error: [ 0.9111207   0.15518334 20.76092508]
2021-02-21 16:26:06,314 INFO 48.746292419433594
2021-02-21 16:26:45,669 INFO 48.77444282531738
2021-02-21 16:27:25,096 INFO 48.396869621276856
2021-02-21 16:28:04,448 INFO 48.97083469390869
2021-02-21 16:28:43,811 INFO 48.18235359191895
2021-02-21 16:29:23,174 INFO 48.28254196166992
2021-02-21 16:30:02,492 INFO 48.828128776550294
2021-02-21 16:30:41,876 INFO 49.27526237487793
2021-02-21 16:31:21,213 INFO 48.74178050994873
2021-02-21 16:32:00,530 INFO 48.11367912292481
2021-02-21 16:32:39,870 INFO 48.70336975097656
2021-02-21 16:33:19,220 INFO 48.31740085601807
2021-02-21 16:33:58,573 INFO 48.77050983428955
2021-02-21 16:34:37,924 INFO 48.460896530151366
2021-02-21 16:35:17,258 INFO 48.81836277008057
2021-02-21 16:35:56,613 INFO 49.269015846252444
2021-02-21 16:36:36,000 INFO 49.01479503631592
2021-02-21 16:37:15,342 INFO 49.842088317871095
2021-02-21 16:37:54,716 INFO 47.916331367492674
2021-02-21 16:38:34,070 INFO 48.62565330505371
2021-02-21 16:39:13,401 INFO 49.08638641357422
2021-02-21 16:39:52,745 INFO 49.05286197662353
2021-02-21 16:40:32,133 INFO 49.22786228179932
2021-02-21 16:41:11,464 INFO 49.55064060211182
2021-02-21 16:41:50,807 INFO 49.37500701904297
2021-02-21 16:42:30,220 INFO 49.05910018920898
2021-02-21 16:43:09,625 INFO 48.82667793273926
2021-02-21 16:43:48,976 INFO 49.57326820373535
2021-02-21 16:44:28,355 INFO 48.91764980316162
2021-02-21 16:45:07,696 INFO 49.617982444763186
2021-02-21 16:45:47,009 INFO 49.51064395904541
2021-02-21 16:46:26,367 INFO 48.715602798461916
2021-02-21 16:47:05,702 INFO 49.3458451461792
2021-02-21 16:47:45,011 INFO 48.66304721832275
2021-02-21 16:48:24,359 INFO 49.60023265838623
2021-02-21 16:49:03,782 INFO 48.55171356201172
2021-02-21 16:49:43,147 INFO 48.86126991271973
2021-02-21 16:50:22,501 INFO 49.09946460723877
2021-02-21 16:51:01,818 INFO 48.47554195404053
2021-02-21 16:51:33,293 INFO Test average loss : 49.204321628430215
2021-02-21 16:51:33,296 INFO Test average error: [ 0.91528562  0.14800422 19.16413584]
2021-02-21 16:52:14,255 INFO 47.79047775268555
2021-02-21 16:52:53,579 INFO 48.62057544708252
2021-02-21 16:53:32,891 INFO 48.57185680389404
2021-02-21 16:54:12,243 INFO 48.59636039733887
2021-02-21 16:54:51,611 INFO 48.95325424194336
2021-02-21 16:55:31,071 INFO 48.13709228515625
2021-02-21 16:56:10,456 INFO 48.32603668212891
2021-02-21 16:56:49,829 INFO 48.45556690216065
2021-02-21 16:57:29,196 INFO 48.18963233947754
2021-02-21 16:58:08,565 INFO 48.86070484161377
2021-02-21 16:58:47,933 INFO 48.61367004394531
2021-02-21 16:59:27,263 INFO 48.344786682128905
2021-02-21 17:00:06,636 INFO 48.3985054397583
2021-02-21 17:00:46,002 INFO 49.29374412536621
2021-02-21 17:01:25,337 INFO 48.907735137939454
2021-02-21 17:02:04,697 INFO 48.856640853881835
2021-02-21 17:02:44,060 INFO 48.10332153320312
2021-02-21 17:03:23,438 INFO 48.47457733154297
2021-02-21 17:04:02,780 INFO 48.99640419006348
2021-02-21 17:04:42,182 INFO 48.82313079833985
2021-02-21 17:05:21,524 INFO 48.97096324920654
2021-02-21 17:06:00,909 INFO 48.6840665435791
2021-02-21 17:06:40,262 INFO 49.107306480407715
2021-02-21 17:07:19,630 INFO 48.476831893920895
2021-02-21 17:07:58,960 INFO 49.14508735656738
2021-02-21 17:08:38,315 INFO 48.8437385559082
2021-02-21 17:09:17,655 INFO 48.93896060943604
2021-02-21 17:09:56,990 INFO 48.65158981323242
2021-02-21 17:10:36,380 INFO 48.3095669555664
2021-02-21 17:11:15,717 INFO 49.07729164123535
2021-02-21 17:11:55,046 INFO 48.62407066345215
2021-02-21 17:12:34,407 INFO 49.30674743652344
2021-02-21 17:13:13,768 INFO 48.54166053771973
2021-02-21 17:13:53,103 INFO 48.80818500518799
2021-02-21 17:14:32,452 INFO 48.30272914886475
2021-02-21 17:15:11,814 INFO 48.17329574584961
2021-02-21 17:15:51,183 INFO 48.1294705581665
2021-02-21 17:16:30,579 INFO 48.82418228149414
2021-02-21 17:17:09,924 INFO 48.79411792755127
2021-02-21 17:17:41,397 INFO Test average loss : 49.1612418439476
2021-02-21 17:17:41,399 INFO Test average error: [ 0.91525948  0.15083703 19.91334408]
2021-02-21 17:18:22,096 INFO 47.85275821685791
2021-02-21 17:19:01,470 INFO 47.61157432556152
2021-02-21 17:19:40,834 INFO 47.566790466308596
2021-02-21 17:20:20,185 INFO 47.751084899902345
2021-02-21 17:20:59,529 INFO 49.043780097961424
2021-02-21 17:21:38,858 INFO 48.23195117950439
2021-02-21 17:22:18,191 INFO 48.05747318267822
2021-02-21 17:22:57,552 INFO 48.39647228240967
2021-02-21 17:23:36,908 INFO 48.433077812194824
2021-02-21 17:24:16,289 INFO 48.43191925048828
2021-02-21 17:24:55,654 INFO 48.202108192443845
2021-02-21 17:25:35,029 INFO 47.9059086227417
2021-02-21 17:26:14,423 INFO 48.276275062561034
2021-02-21 17:26:53,775 INFO 48.08615047454834
2021-02-21 17:27:33,145 INFO 47.91589584350586
2021-02-21 17:28:12,509 INFO 48.31656139373779
2021-02-21 17:28:51,887 INFO 48.55569160461426
2021-02-21 17:29:31,214 INFO 48.512088470458984
2021-02-21 17:30:10,643 INFO 48.36475448608398
2021-02-21 17:30:49,977 INFO 48.82258392333984
2021-02-21 17:31:29,300 INFO 48.91679206848144
2021-02-21 17:32:08,653 INFO 48.78140949249268
2021-02-21 17:32:48,009 INFO 48.457747802734374
2021-02-21 17:33:27,390 INFO 48.13742500305176
2021-02-21 17:34:06,753 INFO 48.94458499908447
2021-02-21 17:34:46,133 INFO 48.067217712402346
2021-02-21 17:35:25,474 INFO 48.22880954742432
2021-02-21 17:36:04,836 INFO 48.56722537994385
2021-02-21 17:36:44,223 INFO 48.697344284057614
2021-02-21 17:37:23,602 INFO 48.42478012084961
2021-02-21 17:38:02,954 INFO 48.68230518341065
2021-02-21 17:38:42,319 INFO 48.49761074066162
2021-02-21 17:39:21,647 INFO 48.59675643920898
2021-02-21 17:40:01,000 INFO 47.978698348999025
2021-02-21 17:40:40,347 INFO 49.093552856445314
2021-02-21 17:41:19,669 INFO 48.174371604919436
2021-02-21 17:41:59,032 INFO 48.77350875854492
2021-02-21 17:42:38,412 INFO 48.97333541870117
2021-02-21 17:43:17,767 INFO 48.35856662750244
2021-02-21 17:43:49,261 INFO Test average loss : 48.75312381604045
2021-02-21 17:43:49,264 INFO Test average error: [ 0.91855744  0.1467479  18.90999586]
2021-02-21 17:44:29,960 INFO 47.66341369628906
2021-02-21 17:45:09,259 INFO 47.640292167663574
2021-02-21 17:45:48,639 INFO 48.32274967193604
2021-02-21 17:46:28,019 INFO 47.78845081329346
2021-02-21 17:47:07,352 INFO 48.1588618850708
2021-02-21 17:47:46,689 INFO 48.50889801025391
2021-02-21 17:48:26,053 INFO 47.50779552459717
2021-02-21 17:49:05,420 INFO 47.72531719207764
2021-02-21 17:49:44,754 INFO 47.80854164123535
2021-02-21 17:50:24,150 INFO 47.86638961791992
2021-02-21 17:51:03,481 INFO 48.06478950500488
2021-02-21 17:51:42,814 INFO 47.84159065246582
2021-02-21 17:52:22,180 INFO 47.55910194396973
2021-02-21 17:53:01,500 INFO 48.19746158599853
2021-02-21 17:53:40,850 INFO 47.90376621246338
2021-02-21 17:54:20,223 INFO 47.505733757019044
2021-02-21 17:54:59,589 INFO 48.640288009643555
2021-02-21 17:55:38,916 INFO 47.90816932678223
2021-02-21 17:56:18,283 INFO 48.21757053375244
2021-02-21 17:56:57,686 INFO 48.5981734085083
2021-02-21 17:57:37,088 INFO 48.402302780151366
2021-02-21 17:58:16,480 INFO 47.812042808532716
2021-02-21 17:58:55,837 INFO 47.76387702941894
2021-02-21 17:59:35,210 INFO 47.50411140441894
2021-02-21 18:00:14,623 INFO 48.415285682678224
2021-02-21 18:00:53,965 INFO 48.166401329040525
2021-02-21 18:01:33,423 INFO 48.16230403900146
2021-02-21 18:02:12,806 INFO 47.804268531799316
2021-02-21 18:02:52,157 INFO 48.573114166259764
2021-02-21 18:03:31,508 INFO 47.83818981170654
2021-02-21 18:04:10,893 INFO 48.28296131134033
2021-02-21 18:04:50,273 INFO 47.7529150390625
2021-02-21 18:05:29,636 INFO 48.28506008148193
2021-02-21 18:06:08,991 INFO 48.29896907806396
2021-02-21 18:06:48,351 INFO 49.00056274414062
2021-02-21 18:07:27,698 INFO 48.3416349029541
2021-02-21 18:08:07,049 INFO 48.10560802459717
2021-02-21 18:08:46,425 INFO 47.876355476379395
2021-02-21 18:09:25,757 INFO 47.983132400512694
2021-02-21 18:09:57,274 INFO Test average loss : 49.778878751008406
2021-02-21 18:09:57,276 INFO Test average error: [ 0.9129984   0.15200588 19.37517485]
2021-02-21 18:10:37,990 INFO 47.327698974609376
2021-02-21 18:11:17,335 INFO 48.006676788330076
2021-02-21 18:11:56,694 INFO 47.37910827636719
2021-02-21 18:12:36,027 INFO 47.12395111083984
2021-02-21 18:13:15,469 INFO 48.30835723876953
2021-02-21 18:13:54,838 INFO 47.72115104675293
2021-02-21 18:14:34,221 INFO 47.94381599426269
2021-02-21 18:15:13,562 INFO 47.60646713256836
2021-02-21 18:15:52,957 INFO 47.08815521240234
2021-02-21 18:16:32,340 INFO 47.640317077636716
2021-02-21 18:17:11,724 INFO 48.023490829467775
2021-02-21 18:17:51,071 INFO 47.536189575195316
2021-02-21 18:18:30,471 INFO 47.65687400817871
2021-02-21 18:19:09,811 INFO 48.12636211395264
2021-02-21 18:19:49,188 INFO 47.13397136688232
2021-02-21 18:20:28,621 INFO 47.615655975341795
2021-02-21 18:21:07,970 INFO 47.7660538482666
2021-02-21 18:21:47,376 INFO 48.23923625946045
2021-02-21 18:22:26,775 INFO 47.74405883789063
2021-02-21 18:23:07,060 INFO 47.7348274230957
2021-02-21 18:23:47,796 INFO 48.534023475646975
2021-02-21 18:24:27,338 INFO 47.72479736328125
2021-02-21 18:25:06,762 INFO 47.94418472290039
2021-02-21 18:25:46,166 INFO 46.923751220703124
2021-02-21 18:26:25,684 INFO 47.97809783935547
2021-02-21 18:27:05,134 INFO 47.5001647567749
2021-02-21 18:27:44,632 INFO 47.86016983032226
2021-02-21 18:28:24,162 INFO 47.972801513671875
2021-02-21 18:29:04,085 INFO 47.06748786926269
2021-02-21 18:29:43,526 INFO 47.9939232635498
2021-02-21 18:30:22,995 INFO 47.70982490539551
2021-02-21 18:31:02,420 INFO 48.74953624725342
2021-02-21 18:31:41,895 INFO 47.46451431274414
2021-02-21 18:32:21,353 INFO 48.55071941375732
2021-02-21 18:33:00,838 INFO 48.362246437072756
2021-02-21 18:33:40,284 INFO 47.499330558776855
2021-02-21 18:34:19,777 INFO 47.69624164581299
2021-02-21 18:34:59,180 INFO 47.3895980834961
2021-02-21 18:35:38,647 INFO 48.146422157287596
2021-02-21 18:36:10,426 INFO Test average loss : 49.89437420950287
2021-02-21 18:36:10,429 INFO Test average error: [ 0.91444915  0.15479716 20.2701912 ]
2021-02-21 18:36:51,349 INFO 46.961399154663084
2021-02-21 18:37:30,701 INFO 47.528169593811036
2021-02-21 18:38:10,065 INFO 46.89921115875244
2021-02-21 18:38:49,408 INFO 47.570785713195804
2021-02-21 18:39:28,790 INFO 47.40794281005859
2021-02-21 18:40:08,162 INFO 47.416169776916504
2021-02-21 18:40:47,556 INFO 47.247037467956545
2021-02-21 18:41:26,902 INFO 46.99663360595703
2021-02-21 18:42:06,268 INFO 47.91865482330322
2021-02-21 18:42:45,631 INFO 47.67059986114502
2021-02-21 18:43:24,966 INFO 46.87166072845459
2021-02-21 18:44:04,299 INFO 47.90655384063721
2021-02-21 18:44:43,690 INFO 47.4560103225708
2021-02-21 18:45:23,059 INFO 47.59292644500732
2021-02-21 18:46:02,410 INFO 47.23023357391357
2021-02-21 18:46:41,769 INFO 47.57536266326904
2021-02-21 18:47:21,084 INFO 47.45098720550537
2021-02-21 18:48:00,415 INFO 47.24318508148193
2021-02-21 18:48:39,772 INFO 47.91978485107422
2021-02-21 18:49:19,132 INFO 48.53368885040283
2021-02-21 18:49:58,482 INFO 48.60171253204346
2021-02-21 18:50:37,858 INFO 47.46616222381592
2021-02-21 18:51:17,235 INFO 47.17420871734619
2021-02-21 18:51:56,588 INFO 47.141851539611814
2021-02-21 18:52:35,983 INFO 47.84126068115234
2021-02-21 18:53:15,343 INFO 46.802790832519534
2021-02-21 18:53:54,669 INFO 47.42403434753418
2021-02-21 18:54:34,053 INFO 47.17368106842041
2021-02-21 18:55:13,469 INFO 46.562077293395994
2021-02-21 18:55:52,831 INFO 47.94941230773926
2021-02-21 18:56:32,196 INFO 47.684572830200196
2021-02-21 18:57:11,533 INFO 47.69356376647949
2021-02-21 18:57:50,877 INFO 48.113717041015626
2021-02-21 18:58:30,260 INFO 47.77196113586426
2021-02-21 18:59:09,628 INFO 47.83206420898438
2021-02-21 18:59:48,970 INFO 47.3231233215332
2021-02-21 19:00:28,324 INFO 47.63510726928711
2021-02-21 19:01:07,686 INFO 47.42355522155762
2021-02-21 19:01:47,048 INFO 48.09994968414307
2021-02-21 19:02:18,658 INFO Test average loss : 49.484156949862985
2021-02-21 19:02:18,660 INFO Test average error: [ 0.91436202  0.15254908 19.31330899]
2021-02-21 19:02:59,322 INFO 47.50173511505127
2021-02-21 19:03:38,677 INFO 46.554874954223635
2021-02-21 19:04:18,027 INFO 46.90162799835205
2021-02-21 19:04:57,349 INFO 46.444279747009276
2021-02-21 19:05:36,684 INFO 47.53934276580811
2021-02-21 19:06:16,052 INFO 47.54748374938965
2021-02-21 19:06:55,393 INFO 47.82006603240967
2021-02-21 19:07:34,751 INFO 46.90516082763672
2021-02-21 19:08:14,135 INFO 47.345247459411624
2021-02-21 19:08:53,475 INFO 47.73789619445801
2021-02-21 19:09:32,837 INFO 47.09522003173828
2021-02-21 19:10:12,219 INFO 47.391216888427735
2021-02-21 19:10:51,571 INFO 47.04732418060303
2021-02-21 19:11:30,915 INFO 47.391898765563965
2021-02-21 19:12:10,267 INFO 47.579314155578615
2021-02-21 19:12:49,609 INFO 47.64111415863037
2021-02-21 19:13:28,939 INFO 47.646366920471195
2021-02-21 19:14:08,302 INFO 47.39640312194824
2021-02-21 19:14:47,661 INFO 46.65988956451416
2021-02-21 19:15:26,977 INFO 47.85532291412353
2021-02-21 19:16:06,287 INFO 46.93820575714111
2021-02-21 19:16:45,671 INFO 46.49118946075439
2021-02-21 19:17:24,990 INFO 47.461674995422364
2021-02-21 19:18:04,361 INFO 47.136111373901365
2021-02-21 19:18:43,690 INFO 47.55242034912109
2021-02-21 19:19:23,038 INFO 47.56643707275391
2021-02-21 19:20:02,407 INFO 47.12008903503418
2021-02-21 19:20:41,802 INFO 47.70225440979004
2021-02-21 19:21:21,122 INFO 46.85645790100098
2021-02-21 19:22:00,504 INFO 47.7420195388794
2021-02-21 19:22:39,912 INFO 47.5011600112915
2021-02-21 19:23:19,262 INFO 47.177344970703125
2021-02-21 19:23:58,581 INFO 46.948426208496095
2021-02-21 19:24:37,978 INFO 47.64145820617676
2021-02-21 19:25:17,366 INFO 46.84804744720459
2021-02-21 19:25:56,732 INFO 47.72012020111084
2021-02-21 19:26:36,102 INFO 47.36182945251465
2021-02-21 19:27:15,425 INFO 47.00028575897217
2021-02-21 19:27:54,752 INFO 47.225167503356936
2021-02-21 19:28:26,153 INFO Test average loss : 48.87016436726752
2021-02-21 19:28:26,156 INFO Test average error: [ 0.91641398  0.14843046 18.86100368]
2021-02-21 19:29:06,830 INFO 46.5630126953125
2021-02-21 19:29:46,292 INFO 46.86941307067871
2021-02-21 19:30:25,671 INFO 46.298928833007814
2021-02-21 19:31:05,047 INFO 46.53240158081055
2021-02-21 19:31:44,358 INFO 47.093638801574706
2021-02-21 19:32:23,702 INFO 46.66006771087646
2021-02-21 19:33:03,043 INFO 46.56082736968994
2021-02-21 19:33:42,356 INFO 46.56925678253174
2021-02-21 19:34:21,770 INFO 46.6692614364624
2021-02-21 19:35:01,134 INFO 47.543039588928224
2021-02-21 19:35:40,487 INFO 46.8017488861084
2021-02-21 19:36:19,879 INFO 46.2743469619751
2021-02-21 19:36:59,221 INFO 46.92490779876709
2021-02-21 19:37:38,541 INFO 46.606471405029296
2021-02-21 19:38:17,922 INFO 47.08617908477783
2021-02-21 19:38:57,278 INFO 47.309762229919436
2021-02-21 19:39:36,641 INFO 47.72413845062256
2021-02-21 19:40:16,052 INFO 46.80950149536133
2021-02-21 19:40:55,461 INFO 47.37533145904541
2021-02-21 19:41:34,813 INFO 46.96297214508056
2021-02-21 19:42:14,244 INFO 47.121550712585446
2021-02-21 19:42:53,600 INFO 45.730577583312986
2021-02-21 19:43:32,968 INFO 47.68114421844482
2021-02-21 19:44:12,319 INFO 47.22091613769531
2021-02-21 19:44:51,690 INFO 46.59915126800537
2021-02-21 19:45:31,085 INFO 46.58423957824707
2021-02-21 19:46:10,460 INFO 46.680697708129884
2021-02-21 19:46:49,787 INFO 46.75344654083252
2021-02-21 19:47:29,163 INFO 47.0566711807251
2021-02-21 19:48:08,508 INFO 47.43052234649658
2021-02-21 19:48:47,883 INFO 48.31977306365967
2021-02-21 19:49:27,223 INFO 46.953017692565915
2021-02-21 19:50:06,570 INFO 46.513551292419436
2021-02-21 19:50:45,942 INFO 47.258061256408695
2021-02-21 19:51:25,353 INFO 47.48835716247559
2021-02-21 19:52:04,715 INFO 46.83225101470947
2021-02-21 19:52:44,098 INFO 47.090399208068845
2021-02-21 19:53:23,488 INFO 46.82376243591309
2021-02-21 19:54:02,858 INFO 47.63233798980713
2021-02-21 19:54:34,380 INFO Test average loss : 49.5319249590105
2021-02-21 19:54:34,382 INFO Test average error: [ 0.91584762  0.15033937 19.34472499]
2021-02-21 19:55:15,119 INFO 46.35814598083496
2021-02-21 19:55:54,451 INFO 46.15849105834961
2021-02-21 19:56:33,830 INFO 46.16065456390381
2021-02-21 19:57:13,182 INFO 46.320240592956544
2021-02-21 19:57:52,520 INFO 47.14220718383789
2021-02-21 19:58:31,896 INFO 46.5015043258667
2021-02-21 19:59:11,248 INFO 46.33980007171631
2021-02-21 19:59:50,619 INFO 46.61398059844971
2021-02-21 20:00:29,985 INFO 46.90558650970459
2021-02-21 20:01:09,388 INFO 47.13687240600586
2021-02-21 20:01:48,766 INFO 46.41881439208984
2021-02-21 20:02:28,136 INFO 45.55233192443848
2021-02-21 20:03:07,491 INFO 46.0349535369873
2021-02-21 20:03:46,838 INFO 46.5336442565918
2021-02-21 20:04:26,172 INFO 46.67997303009033
2021-02-21 20:05:05,518 INFO 46.80169940948486
2021-02-21 20:05:44,860 INFO 46.63734697341919
2021-02-21 20:06:24,212 INFO 47.294982528686525
2021-02-21 20:07:03,573 INFO 46.60951221466065
2021-02-21 20:07:42,913 INFO 46.11248958587647
2021-02-21 20:08:22,297 INFO 46.81215236663818
2021-02-21 20:09:01,700 INFO 47.2346785736084
2021-02-21 20:09:41,063 INFO 47.19109588623047
2021-02-21 20:10:20,436 INFO 47.04117153167724
2021-02-21 20:10:59,880 INFO 46.709186744689944
2021-02-21 20:11:39,210 INFO 47.0269807434082
2021-02-21 20:12:18,606 INFO 47.097081985473636
2021-02-21 20:12:57,985 INFO 46.808940658569334
2021-02-21 20:13:37,332 INFO 46.25078708648682
2021-02-21 20:14:16,697 INFO 47.243414039611814
2021-02-21 20:14:56,040 INFO 46.76199241638184
2021-02-21 20:15:35,394 INFO 46.79111953735352
2021-02-21 20:16:14,738 INFO 46.69538009643555
2021-02-21 20:16:54,085 INFO 47.00799018859863
2021-02-21 20:17:33,438 INFO 46.894928512573244
2021-02-21 20:18:12,820 INFO 47.79548500061035
2021-02-21 20:18:52,187 INFO 47.54051021575928
2021-02-21 20:19:31,562 INFO 46.33654769897461
2021-02-21 20:20:10,954 INFO 47.14437183380127
2021-02-21 20:20:42,416 INFO Test average loss : 48.8892778505051
2021-02-21 20:20:42,419 INFO Test average error: [ 0.91587376  0.14876019 19.1194994 ]
2021-02-21 20:21:23,081 INFO 45.825512390136716
2021-02-21 20:22:02,411 INFO 45.939313621520995
2021-02-21 20:22:41,765 INFO 46.304984397888184
2021-02-21 20:23:21,085 INFO 46.48756122589111
2021-02-21 20:24:00,450 INFO 46.04154521942139
2021-02-21 20:24:39,967 INFO 46.48772789001465
2021-02-21 20:25:19,312 INFO 46.47641273498535
2021-02-21 20:25:58,622 INFO 46.719959564208985
2021-02-21 20:26:37,996 INFO 46.944295730590824
2021-02-21 20:27:17,347 INFO 46.13024200439453
2021-02-21 20:27:56,675 INFO 46.536215705871584
2021-02-21 20:28:35,993 INFO 46.15181148529053
2021-02-21 20:29:15,312 INFO 46.1904674911499
2021-02-21 20:29:54,650 INFO 45.80100696563721
2021-02-21 20:30:34,030 INFO 46.01524158477783
2021-02-21 20:31:13,350 INFO 46.10918037414551
2021-02-21 20:31:52,719 INFO 46.448658561706544
2021-02-21 20:32:32,111 INFO 47.12789070129394
2021-02-21 20:33:11,494 INFO 46.01628204345703
2021-02-21 20:33:50,833 INFO 46.569779777526854
2021-02-21 20:34:30,202 INFO 47.200982093811035
2021-02-21 20:35:09,553 INFO 47.10830863952637
2021-02-21 20:35:48,919 INFO 46.22648151397705
2021-02-21 20:36:28,271 INFO 46.56648578643799
2021-02-21 20:37:07,619 INFO 46.350655212402344
2021-02-21 20:37:46,964 INFO 46.04243774414063
2021-02-21 20:38:26,360 INFO 46.76295696258545
2021-02-21 20:39:05,701 INFO 46.6685143661499
2021-02-21 20:39:45,091 INFO 45.816676712036134
2021-02-21 20:40:24,452 INFO 47.204216690063475
2021-02-21 20:41:03,815 INFO 46.61446502685547
2021-02-21 20:41:43,193 INFO 45.996089668273925
2021-02-21 20:42:22,585 INFO 45.2109024810791
2021-02-21 20:43:01,948 INFO 47.707861709594724
2021-02-21 20:43:41,283 INFO 46.96776309967041
2021-02-21 20:44:20,652 INFO 46.27600044250488
2021-02-21 20:45:00,028 INFO 46.39110889434814
2021-02-21 20:45:39,378 INFO 47.11800453186035
2021-02-21 20:46:18,771 INFO 46.76624820709228
2021-02-21 20:46:50,263 INFO Test average loss : 48.99265582744892
2021-02-21 20:46:50,266 INFO Test average error: [ 0.91773839  0.14739738 18.32295362]
2021-02-21 20:47:31,175 INFO 45.571018295288084
2021-02-21 20:48:10,524 INFO 44.793985557556155
2021-02-21 20:48:49,866 INFO 44.99177017211914
2021-02-21 20:49:29,207 INFO 44.67124973297119
2021-02-21 20:50:08,589 INFO 45.35313709259033
2021-02-21 20:50:47,962 INFO 44.292209510803225
2021-02-21 20:51:27,299 INFO 44.925450286865235
2021-02-21 20:52:06,628 INFO 44.80332878112793
2021-02-21 20:52:46,009 INFO 44.31471712112427
2021-02-21 20:53:25,423 INFO 44.860431632995606
2021-02-21 20:54:04,810 INFO 45.18412387847901
2021-02-21 20:54:44,189 INFO 44.81661865234375
2021-02-21 20:55:23,535 INFO 44.707300682067874
2021-02-21 20:56:02,926 INFO 44.3129468536377
2021-02-21 20:56:42,320 INFO 44.47346809387207
2021-02-21 20:57:21,681 INFO 43.646266555786134
2021-02-21 20:58:01,088 INFO 44.67689002990723
2021-02-21 20:58:40,427 INFO 43.95869075775146
2021-02-21 20:59:19,840 INFO 44.00137897491455
2021-02-21 20:59:59,177 INFO 44.18222839355469
2021-02-21 21:00:38,574 INFO 44.02862564086914
2021-02-21 21:01:17,939 INFO 44.21950397491455
2021-02-21 21:01:57,310 INFO 45.06116218566895
2021-02-21 21:02:36,691 INFO 44.27191997528076
2021-02-21 21:03:16,070 INFO 44.726743392944336
2021-02-21 21:03:55,404 INFO 44.00595790863037
2021-02-21 21:04:34,834 INFO 43.86122383117676
2021-02-21 21:05:14,206 INFO 44.45280414581299
2021-02-21 21:05:53,546 INFO 43.440136413574216
2021-02-21 21:06:32,916 INFO 44.13658958435059
2021-02-21 21:07:12,277 INFO 43.62434310913086
2021-02-21 21:07:51,638 INFO 44.03118057250977
2021-02-21 21:08:31,009 INFO 43.74609121322632
2021-02-21 21:09:10,332 INFO 44.012265052795414
2021-02-21 21:09:49,718 INFO 43.445502853393556
2021-02-21 21:10:29,113 INFO 44.668016242980954
2021-02-21 21:11:08,502 INFO 43.95485546112061
2021-02-21 21:11:47,879 INFO 43.14218780517578
2021-02-21 21:12:27,260 INFO 43.00570434570312
2021-02-21 21:12:58,726 INFO Test average loss : 48.03253920819847
2021-02-21 21:12:58,729 INFO Test average error: [ 0.92097536  0.1416466  17.74820317]
2021-02-21 21:13:39,473 INFO 42.26256742477417
2021-02-21 21:14:18,879 INFO 43.52278335571289
2021-02-21 21:14:58,225 INFO 42.8363387298584
2021-02-21 21:15:37,556 INFO 43.483548126220704
2021-02-21 21:16:16,906 INFO 44.03642822265625
2021-02-21 21:16:56,274 INFO 43.789639167785644
2021-02-21 21:17:35,684 INFO 43.71607395172119
2021-02-21 21:18:15,055 INFO 43.47640392303467
2021-02-21 21:18:54,402 INFO 43.136280632019044
2021-02-21 21:19:33,769 INFO 43.97542858123779
2021-02-21 21:20:13,202 INFO 43.65851596832275
2021-02-21 21:20:52,532 INFO 43.842769355773925
2021-02-21 21:21:31,907 INFO 42.906746826171876
2021-02-21 21:22:11,301 INFO 44.1048664855957
2021-02-21 21:22:50,683 INFO 43.66169319152832
2021-02-21 21:23:30,049 INFO 44.429063911437986
2021-02-21 21:24:09,428 INFO 43.837618064880374
2021-02-21 21:24:48,803 INFO 43.386904907226565
2021-02-21 21:25:28,147 INFO 43.65988128662109
2021-02-21 21:26:07,536 INFO 43.860164108276365
2021-02-21 21:26:46,939 INFO 43.94521957397461
2021-02-21 21:27:26,289 INFO 43.7675411605835
2021-02-21 21:28:05,730 INFO 43.038524322509765
2021-02-21 21:28:45,118 INFO 43.96006645202637
2021-02-21 21:29:24,498 INFO 43.395322456359864
2021-02-21 21:30:03,849 INFO 42.59800624847412
2021-02-21 21:30:43,229 INFO 43.21602043151856
2021-02-21 21:31:22,629 INFO 43.815961074829104
2021-02-21 21:32:02,033 INFO 43.22708530426026
2021-02-21 21:32:41,445 INFO 42.56247371673584
2021-02-21 21:33:20,805 INFO 43.82941930770874
2021-02-21 21:34:00,241 INFO 43.4516544342041
2021-02-21 21:34:39,602 INFO 43.36931613922119
2021-02-21 21:35:18,959 INFO 43.59717643737793
2021-02-21 21:35:58,312 INFO 43.582131729125976
2021-02-21 21:36:37,681 INFO 43.83718467712402
2021-02-21 21:37:17,128 INFO 43.99503746032715
2021-02-21 21:37:56,576 INFO 43.173739166259764
2021-02-21 21:38:35,935 INFO 43.48471420288086
2021-02-21 21:39:07,404 INFO Test average loss : 48.00664297633347
2021-02-21 21:39:07,407 INFO Test average error: [ 0.92141102  0.14310098 18.28471428]
2021-02-21 21:39:48,184 INFO 42.898350143432616
2021-02-21 21:40:27,551 INFO 43.033600883483885
2021-02-21 21:41:06,914 INFO 43.76575260162353
2021-02-21 21:41:46,275 INFO 43.14801162719726
2021-02-21 21:42:25,625 INFO 43.64223342895508
2021-02-21 21:43:04,969 INFO 42.468688011169434
2021-02-21 21:43:44,314 INFO 42.95990390777588
2021-02-21 21:44:23,671 INFO 42.99882228851318
2021-02-21 21:45:03,016 INFO 42.82770980834961
2021-02-21 21:45:42,358 INFO 43.10877628326416
2021-02-21 21:46:21,752 INFO 43.06578254699707
2021-02-21 21:47:01,153 INFO 42.11129825592041
2021-02-21 21:47:40,523 INFO 43.79874374389649
2021-02-21 21:48:19,916 INFO 42.903697395324706
2021-02-21 21:48:59,368 INFO 43.19317523956299
2021-02-21 21:49:38,814 INFO 43.276157989501954
2021-02-21 21:50:18,184 INFO 44.25814682006836
2021-02-21 21:50:57,524 INFO 43.013612594604496
2021-02-21 21:51:36,922 INFO 42.59465461730957
2021-02-21 21:52:16,289 INFO 43.49651371002197
2021-02-21 21:52:56,541 INFO 43.54165893554688
2021-02-21 21:53:36,748 INFO 42.431824111938475
2021-02-21 21:54:16,270 INFO 43.619803771972656
2021-02-21 21:54:55,777 INFO 43.16816595077515
2021-02-21 21:55:35,266 INFO 43.76880084991455
2021-02-21 21:56:14,811 INFO 42.71049270629883
2021-02-21 21:56:54,393 INFO 43.07427173614502
2021-02-21 21:57:34,125 INFO 42.86008472442627
2021-02-21 21:58:13,888 INFO 42.93665092468262
2021-02-21 21:58:53,889 INFO 43.11371383666992
2021-02-21 21:59:33,425 INFO 42.64175975799561
2021-02-21 22:00:12,998 INFO 43.108777923583986
2021-02-21 22:00:52,491 INFO 42.10744432449341
2021-02-21 22:01:32,004 INFO 43.46948165893555
2021-02-21 22:02:11,575 INFO 43.562677268981936
2021-02-21 22:02:51,039 INFO 43.84488586425781
2021-02-21 22:03:30,498 INFO 42.29213840484619
2021-02-21 22:04:09,996 INFO 42.853479080200195
2021-02-21 22:04:49,488 INFO 43.44039005279541
2021-02-21 22:05:21,479 INFO Test average loss : 48.13890432912769
2021-02-21 22:05:21,481 INFO Test average error: [ 0.92046564  0.14484801 18.81870505]
2021-02-21 22:06:02,381 INFO 43.33426445007324
2021-02-21 22:06:41,856 INFO 43.49646186828613
2021-02-21 22:07:21,293 INFO 43.61111312866211
2021-02-21 22:08:00,703 INFO 42.325097465515135
2021-02-21 22:08:40,169 INFO 42.14629920959473
2021-02-21 22:09:19,605 INFO 42.67014423370361
2021-02-21 22:09:58,998 INFO 42.919454956054686
2021-02-21 22:10:38,478 INFO 42.28169845581055
2021-02-21 22:11:17,912 INFO 42.406997222900394
2021-02-21 22:11:57,364 INFO 42.42941968917847
2021-02-21 22:12:36,828 INFO 43.66730743408203
2021-02-21 22:13:16,250 INFO 42.91354095458984
2021-02-21 22:13:55,663 INFO 42.99252616882324
2021-02-21 22:14:35,134 INFO 42.409568252563474
2021-02-21 22:15:14,513 INFO 42.853856239318844
2021-02-21 22:15:53,956 INFO 44.116120700836184
2021-02-21 22:16:33,412 INFO 42.56029834747314
2021-02-21 22:17:12,851 INFO 43.744560890197754
2021-02-21 22:17:52,290 INFO 42.640676765441896
2021-02-21 22:18:31,729 INFO 42.774659652709964
2021-02-21 22:19:11,158 INFO 43.04863059997559
2021-02-21 22:19:50,580 INFO 42.979652900695804
2021-02-21 22:20:30,058 INFO 42.22704524993897
2021-02-21 22:21:09,502 INFO 42.256376953125
2021-02-21 22:21:48,934 INFO 42.666622161865234
2021-02-21 22:22:28,410 INFO 42.89452415466309
2021-02-21 22:23:07,843 INFO 43.20606407165528
2021-02-21 22:23:47,257 INFO 42.805587959289554
2021-02-21 22:24:26,719 INFO 42.22448657989502
2021-02-21 22:25:06,150 INFO 42.25296085357666
2021-02-21 22:25:45,591 INFO 43.14242834091186
2021-02-21 22:26:25,050 INFO 42.94584823608398
2021-02-21 22:27:04,473 INFO 42.61881607055664
2021-02-21 22:27:43,911 INFO 42.926044960021976
2021-02-21 22:28:23,385 INFO 43.00275703430176
2021-02-21 22:29:02,799 INFO 43.31113471984863
2021-02-21 22:29:42,249 INFO 43.214706611633304
2021-02-21 22:30:21,734 INFO 42.89243480682373
2021-02-21 22:31:01,159 INFO 43.00643302917481
2021-02-21 22:31:32,737 INFO Test average loss : 47.935380597577044
2021-02-21 22:31:32,740 INFO Test average error: [ 0.92262652  0.14067163 17.61591644]
2021-02-21 22:32:13,635 INFO 42.469947261810304
2021-02-21 22:32:53,021 INFO 43.30271297454834
2021-02-21 22:33:32,414 INFO 42.12818424224854
2021-02-21 22:34:11,885 INFO 42.65188117980957
2021-02-21 22:34:51,316 INFO 43.15149311065674
2021-02-21 22:35:30,781 INFO 44.03411212921142
2021-02-21 22:36:10,205 INFO 42.973270111083984
2021-02-21 22:36:49,632 INFO 42.14444456100464
2021-02-21 22:37:29,084 INFO 42.99886461257935
2021-02-21 22:38:08,554 INFO 43.00748687744141
2021-02-21 22:38:48,018 INFO 42.823397102355955
2021-02-21 22:39:27,473 INFO 42.13114198684693
2021-02-21 22:40:06,915 INFO 43.14521812438965
2021-02-21 22:40:46,395 INFO 42.178269157409666
2021-02-21 22:41:25,834 INFO 42.02450313568115
2021-02-21 22:42:05,286 INFO 42.35286933898926
2021-02-21 22:42:44,734 INFO 42.69157833099365
2021-02-21 22:43:24,217 INFO 42.87800149917602
2021-02-21 22:44:03,698 INFO 42.738658599853515
2021-02-21 22:44:43,161 INFO 42.03528120040894
2021-02-21 22:45:22,606 INFO 42.69647033691406
2021-02-21 22:46:02,029 INFO 43.14973211288452
2021-02-21 22:46:41,511 INFO 43.139641189575194
2021-02-21 22:47:20,960 INFO 42.62535442352295
2021-02-21 22:48:00,368 INFO 42.8123274230957
2021-02-21 22:48:39,844 INFO 42.43782436370849
2021-02-21 22:49:19,281 INFO 42.2078955078125
2021-02-21 22:49:58,706 INFO 42.50453929901123
2021-02-21 22:50:38,160 INFO 42.39292001724243
2021-02-21 22:51:17,580 INFO 42.176284599304196
2021-02-21 22:51:57,050 INFO 43.30641479492188
2021-02-21 22:52:36,521 INFO 42.08942268371582
2021-02-21 22:53:15,935 INFO 42.21104051589966
2021-02-21 22:53:55,368 INFO 42.71367910385132
2021-02-21 22:54:34,816 INFO 42.60084993362427
2021-02-21 22:55:14,289 INFO 42.421622123718265
2021-02-21 22:55:53,736 INFO 42.15915813446045
2021-02-21 22:56:33,179 INFO 41.6418016242981
2021-02-21 22:57:12,593 INFO 42.691458244323734
2021-02-21 22:57:44,068 INFO Test average loss : 48.316707266612994
2021-02-21 22:57:44,071 INFO Test average error: [ 0.91999512  0.14144731 17.80555363]
2021-02-21 22:58:24,924 INFO 42.17813648223877
2021-02-21 22:59:04,328 INFO 42.02033126831055
2021-02-21 22:59:43,750 INFO 42.97340621948242
2021-02-21 23:00:23,209 INFO 41.70361362457275
2021-02-21 23:01:02,640 INFO 42.856637153625485
2021-02-21 23:01:42,086 INFO 42.70395606994629
2021-02-21 23:02:21,494 INFO 41.821929130554196
2021-02-21 23:03:00,920 INFO 42.631020870208744
2021-02-21 23:03:40,333 INFO 42.46372844696045
2021-02-21 23:04:19,794 INFO 42.863397178649905
2021-02-21 23:04:59,236 INFO 42.5225749206543
2021-02-21 23:05:38,679 INFO 42.71292304992676
2021-02-21 23:06:18,164 INFO 42.108553104400634
2021-02-21 23:06:57,602 INFO 42.065482444763184
2021-02-21 23:07:37,030 INFO 42.410830078125
2021-02-21 23:08:16,485 INFO 42.711740474700925
2021-02-21 23:08:55,961 INFO 42.51166788101196
2021-02-21 23:09:35,393 INFO 42.2722421836853
2021-02-21 23:10:14,851 INFO 42.67469882965088
2021-02-21 23:10:54,265 INFO 42.84492610931397
2021-02-21 23:11:33,715 INFO 43.05262596130371
2021-02-21 23:12:13,148 INFO 42.466062221527096
2021-02-21 23:12:52,599 INFO 42.52228019714355
2021-02-21 23:13:32,011 INFO 42.37631999969482
2021-02-21 23:14:11,469 INFO 42.867127876281735
2021-02-21 23:14:50,905 INFO 41.566161212921145
2021-02-21 23:15:30,318 INFO 42.13716018676758
2021-02-21 23:16:09,741 INFO 41.997829551696775
2021-02-21 23:16:49,174 INFO 42.231544990539554
2021-02-21 23:17:28,591 INFO 41.86125576019287
2021-02-21 23:18:08,014 INFO 42.319663257598876
2021-02-21 23:18:47,445 INFO 42.206989212036135
2021-02-21 23:19:26,937 INFO 41.45213636398316
2021-02-21 23:20:06,441 INFO 42.80300045013428
2021-02-21 23:20:45,907 INFO 42.61785751342774
2021-02-21 23:21:25,320 INFO 42.70361015319824
2021-02-21 23:22:04,728 INFO 42.72968189239502
2021-02-21 23:22:44,217 INFO 42.0926554107666
2021-02-21 23:23:23,647 INFO 42.729646606445314
2021-02-21 23:23:55,248 INFO Test average loss : 48.32608981435514
2021-02-21 23:23:55,250 INFO Test average error: [ 0.92170727  0.14120024 17.83754218]
2021-02-21 23:24:36,186 INFO 41.75314994812012
2021-02-21 23:25:15,623 INFO 42.365319328308104
2021-02-21 23:25:55,075 INFO 42.46581115722656
2021-02-21 23:26:34,554 INFO 41.48162704467774
2021-02-21 23:27:13,962 INFO 41.67165710449219
2021-02-21 23:27:53,387 INFO 42.05696001052856
2021-02-21 23:28:32,856 INFO 42.24667516708374
2021-02-21 23:29:12,290 INFO 42.97014045715332
2021-02-21 23:29:51,731 INFO 42.07077407836914
2021-02-21 23:30:31,193 INFO 42.651780433654785
2021-02-21 23:31:10,653 INFO 41.55797031402588
2021-02-21 23:31:50,110 INFO 42.01619998931885
2021-02-21 23:32:29,598 INFO 41.76850654602051
2021-02-21 23:33:09,038 INFO 42.178736267089846
2021-02-21 23:33:48,473 INFO 42.4729839515686
2021-02-21 23:34:27,971 INFO 42.32504444122314
2021-02-21 23:35:07,424 INFO 42.28434860229492
2021-02-21 23:35:46,837 INFO 41.89872650146484
2021-02-21 23:36:26,297 INFO 42.20688665390015
2021-02-21 23:37:05,717 INFO 42.44000577926636
2021-02-21 23:37:45,198 INFO 42.7509903717041
2021-02-21 23:38:24,669 INFO 41.873627033233646
2021-02-21 23:39:04,083 INFO 41.8001721572876
2021-02-21 23:39:43,503 INFO 42.46520378112793
2021-02-21 23:40:22,988 INFO 42.10418521881103
2021-02-21 23:41:02,408 INFO 41.73089130401611
2021-02-21 23:41:41,817 INFO 42.5472904586792
2021-02-21 23:42:21,282 INFO 41.83870693206787
2021-02-21 23:43:00,737 INFO 42.17901145935058
2021-02-21 23:43:40,158 INFO 43.10053310394287
2021-02-21 23:44:19,601 INFO 42.202512130737304
2021-02-21 23:44:59,018 INFO 42.57506774902344
2021-02-21 23:45:38,440 INFO 41.623138885498044
2021-02-21 23:46:17,890 INFO 42.032019729614255
2021-02-21 23:46:57,290 INFO 42.13298122406006
2021-02-21 23:47:36,698 INFO 42.28987464904785
2021-02-21 23:48:16,143 INFO 42.29846260070801
2021-02-21 23:48:55,589 INFO 42.3034893989563
2021-02-21 23:49:35,010 INFO 42.27935821533203
2021-02-21 23:50:06,564 INFO Test average loss : 47.991691468152716
2021-02-21 23:50:06,567 INFO Test average error: [ 0.92216471  0.14067379 17.56047907]
2021-02-21 23:50:47,694 INFO 42.10650793075561
2021-02-21 23:51:27,092 INFO 42.47917755126953
2021-02-21 23:52:06,547 INFO 41.88966861724853
2021-02-21 23:52:46,025 INFO 40.97871992111206
2021-02-21 23:53:25,481 INFO 42.79355560302734
2021-02-21 23:54:04,932 INFO 42.800874366760254
2021-02-21 23:54:44,388 INFO 41.28248058319092
2021-02-21 23:55:23,797 INFO 41.924209632873534
2021-02-21 23:56:03,202 INFO 41.988341693878176
2021-02-21 23:56:42,691 INFO 42.35345905303955
2021-02-21 23:57:22,110 INFO 42.44614933013916
2021-02-21 23:58:01,521 INFO 41.61176563262939
2021-02-21 23:58:40,957 INFO 41.501563720703125
2021-02-21 23:59:20,373 INFO 41.65183633804321
2021-02-21 23:59:59,793 INFO 41.25668956756592
2021-02-22 00:00:39,270 INFO 42.27545736312866
2021-02-22 00:01:18,755 INFO 42.137282886505126
2021-02-22 00:01:58,222 INFO 42.028407135009765
2021-02-22 00:02:37,669 INFO 41.91355854034424
2021-02-22 00:03:17,087 INFO 42.443536319732665
2021-02-22 00:03:56,525 INFO 42.35139980316162
2021-02-22 00:04:35,997 INFO 41.865240287780765
2021-02-22 00:05:15,437 INFO 42.34149803161621
2021-02-22 00:05:54,880 INFO 41.379959392547605
2021-02-22 00:06:34,331 INFO 42.79961040496826
2021-02-22 00:07:13,784 INFO 41.87162467956543
2021-02-22 00:07:53,193 INFO 42.12699817657471
2021-02-22 00:08:32,685 INFO 42.23569999694824
2021-02-22 00:09:12,103 INFO 41.63213779449463
2021-02-22 00:09:51,504 INFO 41.73581777572632
2021-02-22 00:10:30,967 INFO 42.117897567749026
2021-02-22 00:11:10,375 INFO 42.45422031402588
2021-02-22 00:11:49,877 INFO 40.995103664398194
2021-02-22 00:12:29,371 INFO 42.083649215698244
2021-02-22 00:13:08,820 INFO 42.45347438812256
2021-02-22 00:13:48,231 INFO 41.9364984703064
2021-02-22 00:14:27,688 INFO 42.19911941528321
2021-02-22 00:15:07,103 INFO 41.48978973388672
2021-02-22 00:15:46,521 INFO 41.90537273406982
2021-02-22 00:16:18,107 INFO Test average loss : 48.41930768322386
2021-02-22 00:16:18,109 INFO Test average error: [ 0.92073139  0.14124923 17.77654919]
2021-02-22 00:16:58,838 INFO 41.70487308502197
2021-02-22 00:17:38,238 INFO 41.717394218444824
2021-02-22 00:18:17,698 INFO 41.98996561050415
2021-02-22 00:18:57,085 INFO 41.61502923965454
2021-02-22 00:19:36,529 INFO 42.24143148422241
2021-02-22 00:20:15,987 INFO 42.01369522094726
2021-02-22 00:20:55,408 INFO 41.392850856781
2021-02-22 00:21:34,882 INFO 41.00406358718872
2021-02-22 00:22:14,308 INFO 41.95848531723023
2021-02-22 00:22:53,709 INFO 42.261161956787106
2021-02-22 00:23:33,179 INFO 41.54874507904053
2021-02-22 00:24:12,663 INFO 41.811498146057126
2021-02-22 00:24:52,096 INFO 42.75468299865722
2021-02-22 00:25:31,536 INFO 41.63285629272461
2021-02-22 00:26:10,986 INFO 42.170656776428224
2021-02-22 00:26:50,434 INFO 41.359767532348634
2021-02-22 00:27:29,828 INFO 42.11880821228027
2021-02-22 00:28:09,267 INFO 41.72394268035889
2021-02-22 00:28:48,729 INFO 41.69866344451904
2021-02-22 00:29:28,158 INFO 41.66737257003784
2021-02-22 00:30:07,598 INFO 41.963106079101564
2021-02-22 00:30:47,069 INFO 42.20858985900879
2021-02-22 00:31:26,490 INFO 42.17459503173828
2021-02-22 00:32:05,903 INFO 42.09671031951904
2021-02-22 00:32:45,435 INFO 41.49085102081299
2021-02-22 00:33:24,883 INFO 41.81727598190307
2021-02-22 00:34:04,299 INFO 41.76061069488525
2021-02-22 00:34:43,761 INFO 41.526777839660646
2021-02-22 00:35:23,216 INFO 41.757547302246095
2021-02-22 00:36:02,613 INFO 41.40762975692749
2021-02-22 00:36:42,090 INFO 41.74310646057129
2021-02-22 00:37:21,497 INFO 41.98986581802368
2021-02-22 00:38:00,942 INFO 40.90362108230591
2021-02-22 00:38:40,376 INFO 42.38244262695312
2021-02-22 00:39:19,796 INFO 42.051330642700194
2021-02-22 00:39:59,250 INFO 41.74840732574463
2021-02-22 00:40:38,784 INFO 41.911512489318845
2021-02-22 00:41:18,191 INFO 42.126140632629394
2021-02-22 00:41:57,605 INFO 42.65896221160889
2021-02-22 00:42:29,256 INFO Test average loss : 48.63482481659854
2021-02-22 00:42:29,258 INFO Test average error: [ 0.91948975  0.14446876 18.33500937]
2021-02-22 00:43:09,861 INFO 41.93473066329956
2021-02-22 00:43:49,270 INFO 41.76577486038208
2021-02-22 00:44:28,716 INFO 41.184835300445556
2021-02-22 00:45:08,139 INFO 41.6594429397583
2021-02-22 00:45:47,557 INFO 41.70888515472412
2021-02-22 00:46:27,000 INFO 40.952826232910155
2021-02-22 00:47:06,450 INFO 40.94439702987671
2021-02-22 00:47:45,895 INFO 41.970474529266355
2021-02-22 00:48:25,382 INFO 41.867231369018555
2021-02-22 00:49:04,862 INFO 41.440063610076905
2021-02-22 00:49:44,292 INFO 41.882928466796876
2021-02-22 00:50:23,746 INFO 41.971648845672604
2021-02-22 00:51:03,147 INFO 41.75434978485107
2021-02-22 00:51:42,566 INFO 41.64853984832764
2021-02-22 00:52:22,033 INFO 42.217270107269286
2021-02-22 00:53:01,497 INFO 41.79473220825195
2021-02-22 00:53:40,908 INFO 41.92065776824951
2021-02-22 00:54:20,430 INFO 41.59217700958252
2021-02-22 00:54:59,835 INFO 40.73554256439209
2021-02-22 00:55:39,265 INFO 41.128305168151854
2021-02-22 00:56:18,742 INFO 42.075220890045166
2021-02-22 00:56:58,215 INFO 41.09582942962646
2021-02-22 00:57:37,667 INFO 41.8168253326416
2021-02-22 00:58:17,112 INFO 41.98072731018066
2021-02-22 00:58:56,535 INFO 42.22000316619873
2021-02-22 00:59:36,013 INFO 42.150347995758054
2021-02-22 01:00:15,455 INFO 42.028980560302735
2021-02-22 01:00:54,887 INFO 41.1050464630127
2021-02-22 01:01:34,322 INFO 41.73113935470581
2021-02-22 01:02:13,765 INFO 41.36698902130127
2021-02-22 01:02:53,197 INFO 42.42837993621826
2021-02-22 01:03:32,590 INFO 41.38359893798828
2021-02-22 01:04:12,062 INFO 41.43404533386231
2021-02-22 01:04:51,503 INFO 41.17502210617065
2021-02-22 01:05:30,930 INFO 41.81340454101562
2021-02-22 01:06:10,372 INFO 42.25267686843872
2021-02-22 01:06:49,841 INFO 41.574833126068114
2021-02-22 01:07:29,305 INFO 41.34692037582398
2021-02-22 01:08:08,747 INFO 42.55417339324951
2021-02-22 01:08:40,325 INFO Test average loss : 48.45568182316911
2021-02-22 01:08:40,328 INFO Test average error: [ 0.91944183  0.140822   17.98104527]
2021-02-22 01:09:21,044 INFO 41.82281497955322
2021-02-22 01:10:00,467 INFO 41.54193323135376
2021-02-22 01:10:39,931 INFO 41.38448917388916
2021-02-22 01:11:19,351 INFO 41.16925205230713
2021-02-22 01:11:58,826 INFO 41.63346605300903
2021-02-22 01:12:38,319 INFO 41.42231903076172
2021-02-22 01:13:17,883 INFO 40.71048460006714
2021-02-22 01:13:57,320 INFO 40.393180713653564
2021-02-22 01:14:36,785 INFO 41.898133773803714
2021-02-22 01:15:16,224 INFO 41.25344890594482
2021-02-22 01:15:55,632 INFO 41.097225227355956
2021-02-22 01:16:35,098 INFO 41.44829456329346
2021-02-22 01:17:14,600 INFO 41.94759647369385
2021-02-22 01:17:54,000 INFO 40.922135276794435
2021-02-22 01:18:33,447 INFO 42.11320571899414
2021-02-22 01:19:12,861 INFO 41.51740180969238
2021-02-22 01:19:52,255 INFO 42.32314680099487
2021-02-22 01:20:31,720 INFO 41.30713069915772
2021-02-22 01:21:11,174 INFO 42.001421813964846
2021-02-22 01:21:50,586 INFO 41.73714473724365
2021-02-22 01:22:30,064 INFO 41.7731491279602
2021-02-22 01:23:09,487 INFO 41.67801975250244
2021-02-22 01:23:48,910 INFO 41.776101665496824
2021-02-22 01:24:28,359 INFO 41.69662467956543
2021-02-22 01:25:07,775 INFO 41.53759826660156
2021-02-22 01:25:47,225 INFO 41.967807846069334
2021-02-22 01:26:26,666 INFO 42.001865005493165
2021-02-22 01:27:06,187 INFO 40.77804136276245
2021-02-22 01:27:45,606 INFO 41.63118019104004
2021-02-22 01:28:25,093 INFO 41.144767112731934
2021-02-22 01:29:04,527 INFO 41.19532289505005
2021-02-22 01:29:43,977 INFO 41.5461611366272
2021-02-22 01:30:23,459 INFO 40.994048271179196
2021-02-22 01:31:02,922 INFO 42.36242210388183
2021-02-22 01:31:42,357 INFO 41.97054279327393
2021-02-22 01:32:21,837 INFO 41.33113090515137
2021-02-22 01:33:01,240 INFO 40.82653980255127
2021-02-22 01:33:40,673 INFO 41.6452603149414
2021-02-22 01:34:20,154 INFO 41.573636054992676
2021-02-22 01:34:51,701 INFO Test average loss : 48.655733465749684
2021-02-22 01:34:51,704 INFO Test average error: [ 0.91901924  0.14163554 17.94162203]
2021-02-22 01:35:32,485 INFO 41.67333305358887
2021-02-22 01:36:11,905 INFO 40.64636493682861
2021-02-22 01:36:51,321 INFO 41.0333994102478
2021-02-22 01:37:30,768 INFO 40.05979824066162
2021-02-22 01:38:10,247 INFO 41.95427158355713
2021-02-22 01:38:49,674 INFO 42.24807485580445
2021-02-22 01:39:29,077 INFO 40.75817064285278
2021-02-22 01:40:08,521 INFO 41.00394744873047
2021-02-22 01:40:47,956 INFO 41.52327857971191
2021-02-22 01:41:27,389 INFO 41.212305221557614
2021-02-22 01:42:06,804 INFO 41.44434371948242
2021-02-22 01:42:46,272 INFO 41.11601373672485
2021-02-22 01:43:25,718 INFO 41.38434377670288
2021-02-22 01:44:05,126 INFO 41.27473676681519
2021-02-22 01:44:44,650 INFO 41.63702075958252
2021-02-22 01:45:24,090 INFO 41.76742563247681
2021-02-22 01:46:03,500 INFO 42.328401718139645
2021-02-22 01:46:42,967 INFO 41.86476051330566
2021-02-22 01:47:22,358 INFO 41.248454036712644
2021-02-22 01:48:01,822 INFO 41.80478965759277
2021-02-22 01:48:41,310 INFO 41.54364639282227
2021-02-22 01:49:20,736 INFO 40.476835842132566
2021-02-22 01:50:00,157 INFO 41.42234573364258
2021-02-22 01:50:39,589 INFO 41.85553913116455
2021-02-22 01:51:19,013 INFO 41.65000564575195
2021-02-22 01:51:58,446 INFO 41.457773265838625
2021-02-22 01:52:37,902 INFO 41.03744235992431
2021-02-22 01:53:17,332 INFO 41.75247364044189
2021-02-22 01:53:56,759 INFO 40.368585090637204
2021-02-22 01:54:36,212 INFO 41.61490795135498
2021-02-22 01:55:15,649 INFO 40.237147178649906
2021-02-22 01:55:55,089 INFO 42.64383968353272
2021-02-22 01:56:34,561 INFO 41.023643264770506
2021-02-22 01:57:14,027 INFO 41.26826419830322
2021-02-22 01:57:53,466 INFO 41.69713485717774
2021-02-22 01:58:32,894 INFO 41.493573417663576
2021-02-22 01:59:12,325 INFO 41.56131523132324
2021-02-22 01:59:51,739 INFO 41.22211164474487
2021-02-22 02:00:31,196 INFO 41.89828084945679
2021-02-22 02:01:02,821 INFO Test average loss : 48.69298968107804
2021-02-22 02:01:02,825 INFO Test average error: [ 0.91985135  0.14228531 18.16692872]
2021-02-22 02:01:43,651 INFO 40.57778102874756
2021-02-22 02:02:23,103 INFO 42.181525688171384
2021-02-22 02:03:02,514 INFO 40.918832511901854
2021-02-22 02:03:41,926 INFO 40.733208198547366
2021-02-22 02:04:21,481 INFO 41.53636573791504
2021-02-22 02:05:00,893 INFO 41.4900803565979
2021-02-22 02:05:40,325 INFO 40.864026126861575
2021-02-22 02:06:19,789 INFO 40.18812889099121
2021-02-22 02:06:59,192 INFO 41.005532302856444
2021-02-22 02:07:38,661 INFO 41.325214576721194
2021-02-22 02:08:18,201 INFO 41.62398147583008
2021-02-22 02:08:57,663 INFO 41.00767051696777
2021-02-22 02:09:37,144 INFO 41.07938194274902
2021-02-22 02:10:16,608 INFO 41.46900979995728
2021-02-22 02:10:56,057 INFO 41.45343929290772
2021-02-22 02:11:35,501 INFO 42.29055324554443
2021-02-22 02:12:14,988 INFO 41.425555572509765
2021-02-22 02:12:54,396 INFO 40.78566236495972
2021-02-22 02:13:33,850 INFO 40.94978546142578
2021-02-22 02:14:13,371 INFO 41.49428812026977
2021-02-22 02:14:52,808 INFO 42.17840608596802
2021-02-22 02:15:32,304 INFO 41.67558269500732
2021-02-22 02:16:11,794 INFO 41.56902780532837
2021-02-22 02:16:51,220 INFO 41.3613996887207
2021-02-22 02:17:30,646 INFO 41.53375457763672
2021-02-22 02:18:10,099 INFO 40.409696655273436
2021-02-22 02:18:49,532 INFO 41.617108764648435
2021-02-22 02:19:28,979 INFO 40.16288665771484
2021-02-22 02:20:08,431 INFO 41.1918754196167
2021-02-22 02:20:47,863 INFO 39.5856142616272
2021-02-22 02:21:27,287 INFO 41.27452590942383
2021-02-22 02:22:06,713 INFO 40.419015884399414
2021-02-22 02:22:46,168 INFO 40.68352088928223
2021-02-22 02:23:25,589 INFO 41.81239694595337
2021-02-22 02:24:05,063 INFO 40.911847267150875
2021-02-22 02:24:44,555 INFO 41.13565477371216
2021-02-22 02:25:23,960 INFO 40.695299777984616
2021-02-22 02:26:03,417 INFO 41.74225482940674
2021-02-22 02:26:42,879 INFO 40.97150321960449
2021-02-22 02:27:14,478 INFO Test average loss : 48.79233255035503
2021-02-22 02:27:14,480 INFO Test average error: [ 0.92036108  0.14192219 18.09828249]
2021-02-22 02:27:55,311 INFO 40.96654731750488
2021-02-22 02:28:34,747 INFO 41.79695960998535
2021-02-22 02:29:14,164 INFO 40.85781188964844
2021-02-22 02:29:53,585 INFO 40.63093215942383
2021-02-22 02:30:33,073 INFO 41.004359092712406
2021-02-22 02:31:12,505 INFO 41.43096881866455
2021-02-22 02:31:51,946 INFO 40.82378486633301
2021-02-22 02:32:31,406 INFO 40.58208652496338
2021-02-22 02:33:10,859 INFO 41.39134454727173
2021-02-22 02:33:50,306 INFO 41.52060371398926
2021-02-22 02:34:29,791 INFO 41.2247492980957
2021-02-22 02:35:09,229 INFO 40.91671257019043
2021-02-22 02:35:48,673 INFO 41.003764133453366
2021-02-22 02:36:28,142 INFO 40.99990116119385
2021-02-22 02:37:07,553 INFO 40.467701778411865
2021-02-22 02:37:47,062 INFO 39.75557964324951
2021-02-22 02:38:26,493 INFO 41.709738674163816
2021-02-22 02:39:05,922 INFO 40.54823585510254
2021-02-22 02:39:45,350 INFO 40.45509197235108
2021-02-22 02:40:24,807 INFO 40.84540245056152
2021-02-22 02:41:04,235 INFO 41.44337406158447
2021-02-22 02:41:43,677 INFO 40.5511176109314
2021-02-22 02:42:23,112 INFO 40.73990165710449
2021-02-22 02:43:02,529 INFO 41.072120876312255
2021-02-22 02:43:41,966 INFO 41.16120349884033
2021-02-22 02:44:21,434 INFO 41.38060106277466
2021-02-22 02:45:00,862 INFO 41.32995555877685
2021-02-22 02:45:40,289 INFO 40.797157306671146
2021-02-22 02:46:19,801 INFO 41.09254365921021
2021-02-22 02:46:59,203 INFO 41.07105033874512
2021-02-22 02:47:38,647 INFO 41.463542518615725
2021-02-22 02:48:18,091 INFO 40.74551387786865
2021-02-22 02:48:57,500 INFO 40.772621631622314
2021-02-22 02:49:36,955 INFO 41.70035146713257
2021-02-22 02:50:16,425 INFO 40.931635551452636
2021-02-22 02:50:55,848 INFO 41.18639896392822
2021-02-22 02:51:35,289 INFO 41.310083084106445
2021-02-22 02:52:14,808 INFO 40.75039405822754
2021-02-22 02:52:54,229 INFO 41.37329174041748
2021-02-22 02:53:25,762 INFO Test average loss : 48.778755934342094
2021-02-22 02:53:25,764 INFO Test average error: [ 0.9195856   0.14242436 18.25615374]
2021-02-22 02:54:06,612 INFO 40.47865715026855
2021-02-22 02:54:46,045 INFO 40.33302320480347
2021-02-22 02:55:25,471 INFO 40.60699962615967
2021-02-22 02:56:04,878 INFO 40.64406047821045
2021-02-22 02:56:44,374 INFO 40.916589946746825
2021-02-22 02:57:23,792 INFO 40.633537464141845
2021-02-22 02:58:03,214 INFO 41.15692586898804
2021-02-22 02:58:42,657 INFO 40.41622604370117
2021-02-22 02:59:22,072 INFO 40.624710941314696
2021-02-22 03:00:01,498 INFO 41.533962898254394
2021-02-22 03:00:40,954 INFO 41.67623466491699
2021-02-22 03:01:20,444 INFO 41.06468868255615
2021-02-22 03:01:59,916 INFO 40.62694477081299
2021-02-22 03:02:39,388 INFO 40.69109268188477
2021-02-22 03:03:18,832 INFO 41.20082744598389
2021-02-22 03:03:58,269 INFO 41.33090648651123
2021-02-22 03:04:37,700 INFO 41.36003597259521
2021-02-22 03:05:17,141 INFO 40.24008712768555
2021-02-22 03:05:56,551 INFO 40.57641773223877
2021-02-22 03:06:36,017 INFO 40.98335990905762
2021-02-22 03:07:15,456 INFO 41.33326641082763
2021-02-22 03:07:54,872 INFO 40.51417186737061
2021-02-22 03:08:34,381 INFO 41.52063570022583
2021-02-22 03:09:13,805 INFO 41.116370010375974
2021-02-22 03:09:53,218 INFO 42.30165397644043
2021-02-22 03:10:32,700 INFO 40.61076202392578
2021-02-22 03:11:12,109 INFO 40.64452554702759
2021-02-22 03:11:51,522 INFO 41.27174869537353
2021-02-22 03:12:30,973 INFO 40.937588672637936
2021-02-22 03:13:10,383 INFO 40.24820873260498
2021-02-22 03:13:49,774 INFO 40.29545133590698
2021-02-22 03:14:29,232 INFO 41.12281496047974
2021-02-22 03:15:08,677 INFO 40.52060287475586
2021-02-22 03:15:48,183 INFO 41.19872610092163
2021-02-22 03:16:27,681 INFO 41.016846618652345
2021-02-22 03:17:07,152 INFO 40.841064338684085
2021-02-22 03:17:46,604 INFO 41.21489772796631
2021-02-22 03:18:26,068 INFO 40.28648323059082
2021-02-22 03:19:05,479 INFO 41.085709686279294
2021-02-22 03:19:36,809 INFO Test average loss : 48.546106281089145
2021-02-22 03:19:36,812 INFO Test average error: [ 0.91920657  0.1403251  17.77935822]
2021-02-22 03:20:17,593 INFO 40.60041437149048
2021-02-22 03:20:57,013 INFO 40.54731687545777
2021-02-22 03:21:36,460 INFO 40.93460048675537
2021-02-22 03:22:15,919 INFO 40.55400358200073
2021-02-22 03:22:55,359 INFO 40.95469881057739
2021-02-22 03:23:34,790 INFO 40.68263162612915
2021-02-22 03:24:14,277 INFO 40.183729553222655
2021-02-22 03:24:53,695 INFO 40.9807755279541
2021-02-22 03:25:33,117 INFO 40.954568996429444
2021-02-22 03:26:12,588 INFO 41.19098609924316
2021-02-22 03:26:52,020 INFO 41.02079933166504
2021-02-22 03:27:31,478 INFO 40.86489227294922
2021-02-22 03:28:10,947 INFO 40.90529914855957
2021-02-22 03:28:50,355 INFO 41.05742288589477
2021-02-22 03:29:29,746 INFO 41.17717817306519
2021-02-22 03:30:09,172 INFO 40.58192970275879
2021-02-22 03:30:48,584 INFO 40.9802366065979
2021-02-22 03:31:27,994 INFO 40.44898380279541
2021-02-22 03:32:07,441 INFO 40.590692024230954
2021-02-22 03:32:46,876 INFO 41.15550922393799
2021-02-22 03:33:26,300 INFO 41.23980344772339
2021-02-22 03:34:05,727 INFO 40.39596151351929
2021-02-22 03:34:45,199 INFO 41.472801513671875
2021-02-22 03:35:24,655 INFO 41.20195562362671
2021-02-22 03:36:04,056 INFO 40.99976457595825
2021-02-22 03:36:43,484 INFO 41.147451667785646
2021-02-22 03:37:22,952 INFO 40.532585296630856
2021-02-22 03:38:02,406 INFO 41.23822834014893
2021-02-22 03:38:41,898 INFO 40.554669551849365
2021-02-22 03:39:21,377 INFO 40.652070121765135
2021-02-22 03:40:00,829 INFO 41.71442625045776
2021-02-22 03:40:40,284 INFO 41.7238938331604
2021-02-22 03:41:19,734 INFO 39.614747314453126
2021-02-22 03:41:59,162 INFO 40.47931636810303
2021-02-22 03:42:38,659 INFO 40.50147050857544
2021-02-22 03:43:18,096 INFO 40.846489105224606
2021-02-22 03:43:57,536 INFO 39.56843194961548
2021-02-22 03:44:37,050 INFO 40.021977233886716
2021-02-22 03:45:16,489 INFO 40.37878070831299
2021-02-22 03:45:48,033 INFO Test average loss : 48.84331408471965
2021-02-22 03:45:48,036 INFO Test average error: [ 0.91855744  0.14297326 18.4461583 ]
2021-02-22 03:46:28,933 INFO 40.93250171661377
2021-02-22 03:47:08,326 INFO 41.474675846099856
2021-02-22 03:47:47,735 INFO 40.31219291687012
2021-02-22 03:48:27,199 INFO 39.570517501831056
2021-02-22 03:49:06,618 INFO 40.71577032089233
2021-02-22 03:49:46,055 INFO 41.03316749572754
2021-02-22 03:50:25,512 INFO 40.95625816345215
2021-02-22 03:51:04,917 INFO 40.62522157669068
2021-02-22 03:51:44,337 INFO 39.822793617248536
2021-02-22 03:52:23,777 INFO 40.22428726196289
2021-02-22 03:53:03,205 INFO 41.91997589111328
2021-02-22 03:53:42,624 INFO 40.706473159790036
2021-02-22 03:54:22,074 INFO 40.510544033050536
2021-02-22 03:55:01,521 INFO 40.60043214797974
2021-02-22 03:55:41,000 INFO 39.915730495452884
2021-02-22 03:56:20,479 INFO 40.60366300582886
2021-02-22 03:56:59,882 INFO 40.7744828414917
2021-02-22 03:57:39,336 INFO 41.24409303665161
2021-02-22 03:58:18,805 INFO 40.72553504943848
2021-02-22 03:58:58,218 INFO 41.08360984802246
2021-02-22 03:59:37,663 INFO 40.77229471206665
2021-02-22 04:00:17,127 INFO 40.74403017044067
2021-02-22 04:00:56,552 INFO 40.439838600158694
2021-02-22 04:01:35,966 INFO 40.318981895446775
2021-02-22 04:02:15,427 INFO 40.68106060028076
2021-02-22 04:02:54,875 INFO 40.47159595489502
2021-02-22 04:03:34,309 INFO 40.028259716033936
2021-02-22 04:04:13,798 INFO 41.22778690338135
2021-02-22 04:04:53,196 INFO 40.918489818573
2021-02-22 04:05:32,679 INFO 40.90013235092163
2021-02-22 04:06:12,139 INFO 40.15919565200806
2021-02-22 04:06:51,610 INFO 40.51729961395264
2021-02-22 04:07:31,048 INFO 39.85499105453491
2021-02-22 04:08:10,504 INFO 40.82430728912354
2021-02-22 04:08:49,927 INFO 40.53672620773315
2021-02-22 04:09:29,385 INFO 40.2632205581665
2021-02-22 04:10:08,845 INFO 41.216129760742184
2021-02-22 04:10:48,274 INFO 40.32798168182373
2021-02-22 04:11:27,754 INFO 40.220294609069825
2021-02-22 04:11:59,352 INFO Test average loss : 49.44143829218121
2021-02-22 04:11:59,355 INFO Test average error: [ 0.91861407  0.14421436 18.57377585]
2021-02-22 04:12:40,147 INFO 40.003811321258546
2021-02-22 04:13:19,548 INFO 40.90468194961548
2021-02-22 04:13:58,958 INFO 40.08901075363159
2021-02-22 04:14:38,373 INFO 40.06745586395264
2021-02-22 04:15:17,770 INFO 40.145724830627444
2021-02-22 04:15:57,191 INFO 41.14321498870849
2021-02-22 04:16:36,684 INFO 39.030058269500735
2021-02-22 04:17:16,100 INFO 41.00159511566162
2021-02-22 04:17:55,515 INFO 39.65533832550049
2021-02-22 04:18:34,980 INFO 40.54759435653686
2021-02-22 04:19:14,397 INFO 40.26699157714844
2021-02-22 04:19:53,849 INFO 40.29779581069946
2021-02-22 04:20:33,315 INFO 40.31264883041382
2021-02-22 04:21:12,804 INFO 40.11647096633911
2021-02-22 04:21:52,204 INFO 39.62226861953735
2021-02-22 04:22:31,682 INFO 39.69616884231567
2021-02-22 04:23:11,141 INFO 41.323993873596194
2021-02-22 04:23:50,535 INFO 40.45943916320801
2021-02-22 04:24:29,995 INFO 40.00730697631836
2021-02-22 04:25:09,445 INFO 40.83346282958984
2021-02-22 04:25:48,881 INFO 41.15642475128174
2021-02-22 04:26:28,418 INFO 40.76743267059326
2021-02-22 04:27:07,864 INFO 39.82108675003052
2021-02-22 04:27:47,320 INFO 40.75305255889893
2021-02-22 04:28:26,795 INFO 41.18142478942871
2021-02-22 04:29:06,259 INFO 39.85919536590576
2021-02-22 04:29:45,657 INFO 40.87720136642456
2021-02-22 04:30:25,132 INFO 40.56320018768311
2021-02-22 04:31:04,565 INFO 40.58171581268311
2021-02-22 04:31:44,024 INFO 41.27745794296265
2021-02-22 04:32:23,491 INFO 40.20474468231201
2021-02-22 04:33:02,921 INFO 40.4434321975708
2021-02-22 04:33:42,344 INFO 40.163491039276124
2021-02-22 04:34:21,784 INFO 40.461873588562014
2021-02-22 04:35:01,242 INFO 40.73548303604126
2021-02-22 04:35:40,731 INFO 41.08403495788574
2021-02-22 04:36:20,235 INFO 40.200151901245114
2021-02-22 04:36:59,713 INFO 40.26328647613526
2021-02-22 04:37:39,143 INFO 40.723401679992676
2021-02-22 04:38:10,778 INFO Test average loss : 49.108804307255056
2021-02-22 04:38:10,780 INFO Test average error: [ 0.91922836  0.14073892 18.04615045]
2021-02-22 04:38:51,719 INFO 40.847590370178224
2021-02-22 04:39:31,169 INFO 41.15097797393799
2021-02-22 04:40:10,619 INFO 40.31348892211914
2021-02-22 04:40:50,029 INFO 40.309104137420654
2021-02-22 04:41:29,556 INFO 40.7832759475708
2021-02-22 04:42:09,038 INFO 39.82288331985474
2021-02-22 04:42:48,627 INFO 39.34018747329712
2021-02-22 04:43:28,045 INFO 39.368788166046144
2021-02-22 04:44:07,436 INFO 39.93617141723633
2021-02-22 04:44:46,856 INFO 40.07423835754395
2021-02-22 04:45:26,328 INFO 39.71420057296753
2021-02-22 04:46:05,776 INFO 40.0904354095459
2021-02-22 04:46:45,236 INFO 40.13037788391113
2021-02-22 04:47:24,652 INFO 41.05173025131226
2021-02-22 04:48:04,108 INFO 40.695443649291995
2021-02-22 04:48:43,552 INFO 39.81011882781982
2021-02-22 04:49:23,015 INFO 40.397706832885746
2021-02-22 04:50:02,482 INFO 40.99141998291016
2021-02-22 04:50:41,951 INFO 40.04558874130249
2021-02-22 04:51:21,377 INFO 40.89537269592285
2021-02-22 04:52:00,795 INFO 40.54389486312866
2021-02-22 04:52:40,247 INFO 40.317456550598145
2021-02-22 04:53:19,673 INFO 41.32494382858276
2021-02-22 04:53:59,105 INFO 40.312464237213135
2021-02-22 04:54:38,595 INFO 40.98904655456543
2021-02-22 04:55:18,051 INFO 39.172215366363524
2021-02-22 04:55:57,482 INFO 40.676790962219236
2021-02-22 04:56:36,958 INFO 40.21713584899902
2021-02-22 04:57:16,428 INFO 40.28168874740601
2021-02-22 04:57:55,867 INFO 40.02361114501953
2021-02-22 04:58:35,337 INFO 40.571840133666996
2021-02-22 04:59:14,846 INFO 40.69229024887085
2021-02-22 04:59:54,254 INFO 39.900912818908694
2021-02-22 05:00:33,748 INFO 40.08355026245117
2021-02-22 05:01:13,211 INFO 40.09426052093506
2021-02-22 05:01:52,627 INFO 40.92082777023315
2021-02-22 05:02:32,075 INFO 40.01115245819092
2021-02-22 05:03:11,518 INFO 40.28239881515503
2021-02-22 05:03:50,958 INFO 40.663773021698
2021-02-22 05:04:22,554 INFO Test average loss : 48.91706738424141
2021-02-22 05:04:22,556 INFO Test average error: [ 0.91871863  0.14047228 17.92456542]
2021-02-22 05:05:03,153 INFO 40.29856830596924
2021-02-22 05:05:42,541 INFO 40.013695583343505
2021-02-22 05:06:21,996 INFO 40.352982444763185
2021-02-22 05:07:01,429 INFO 39.23059349060058
2021-02-22 05:07:40,860 INFO 41.07393558502197
2021-02-22 05:08:20,307 INFO 40.154794464111326
2021-02-22 05:08:59,717 INFO 40.847811717987064
2021-02-22 05:09:39,162 INFO 39.842419128417966
2021-02-22 05:10:18,627 INFO 39.97546194076538
2021-02-22 05:10:58,025 INFO 40.384389553070065
2021-02-22 05:11:37,435 INFO 40.374753608703614
2021-02-22 05:12:16,853 INFO 40.341923751831054
2021-02-22 05:12:56,332 INFO 40.935662841796876
2021-02-22 05:13:35,762 INFO 40.10024534225464
2021-02-22 05:14:15,227 INFO 40.869507541656496
2021-02-22 05:14:54,684 INFO 40.24376108169556
2021-02-22 05:15:34,110 INFO 40.38395925521851
2021-02-22 05:16:13,577 INFO 39.37144468307495
2021-02-22 05:16:53,024 INFO 39.831826000213624
2021-02-22 05:17:32,454 INFO 40.91238000869751
2021-02-22 05:18:11,924 INFO 40.440369873046876
2021-02-22 05:18:51,372 INFO 40.45866548538208
2021-02-22 05:19:30,815 INFO 40.597355098724364
2021-02-22 05:20:10,260 INFO 40.393889865875245
2021-02-22 05:20:49,718 INFO 39.378239727020265
2021-02-22 05:21:29,143 INFO 39.63147792816162
2021-02-22 05:22:08,581 INFO 39.693359966278074
2021-02-22 05:22:48,062 INFO 40.05635620117187
2021-02-22 05:23:27,485 INFO 39.63995706558227
2021-02-22 05:24:06,943 INFO 40.096521644592286
2021-02-22 05:24:46,534 INFO 40.52331230163574
2021-02-22 05:25:25,948 INFO 40.49407035827637
2021-02-22 05:26:05,466 INFO 39.261574573516846
2021-02-22 05:26:44,973 INFO 40.487971267700196
2021-02-22 05:27:24,405 INFO 40.264886932373045
2021-02-22 05:28:03,837 INFO 40.945913829803466
2021-02-22 05:28:43,321 INFO 39.85337421417236
2021-02-22 05:29:22,729 INFO 41.0262495803833
2021-02-22 05:30:02,185 INFO 40.369983139038084
2021-02-22 05:30:33,809 INFO Test average loss : 49.20798936416473
2021-02-22 05:30:33,811 INFO Test average error: [ 0.9183004   0.14032906 17.84224265]
