2020-10-18 17:12:40,927 INFO /hdd/HENRI/goosynth/picklefiles/trainpickle2to19human.pickle contains 172800 images
2020-10-18 17:12:42,202 INFO /hdd/HENRI/goosynth/picklefiles/testpickle120.pickle contains 19200 images
2020-10-18 17:12:59,170 INFO loss: 0.08515, 0.14883, 0.23398
2020-10-18 17:12:59,336 INFO loss: 0.06691, 0.10966, 0.17657
2020-10-18 17:12:59,495 INFO loss: 0.07236, 0.07628, 0.14864
2020-10-18 17:12:59,650 INFO loss: 0.06304, 0.14304, 0.20608
2020-10-18 17:13:00,613 INFO loss: 0.06044, 0.09855, 0.15899
2020-10-18 17:13:00,792 INFO loss: 0.06605, 0.10682, 0.17287
2020-10-18 17:13:00,980 INFO loss: 0.06807, 0.04573, 0.11379
2020-10-18 17:13:01,177 INFO loss: 0.08135, 0.23735, 0.31869
2020-10-18 17:13:02,483 INFO loss: 0.06671, 0.09293, 0.15964
2020-10-18 17:13:02,641 INFO loss: 0.07307, 0.13993, 0.21300
2020-10-18 17:13:02,837 INFO loss: 0.07696, 0.16930, 0.24626
2020-10-18 17:13:03,052 INFO loss: 0.07425, 0.09283, 0.16708
2020-10-18 17:13:11,982 INFO loss: 0.05499, 0.04176, 0.09674
2020-10-18 17:13:12,216 INFO loss: 0.08130, 0.13840, 0.21970
2020-10-18 17:13:12,444 INFO loss: 0.07382, 0.08710, 0.16092
2020-10-18 17:13:12,631 INFO loss: 0.07573, 0.23459, 0.31032
2020-10-18 17:13:12,804 INFO loss: 0.07137, 0.15984, 0.23121
2020-10-18 17:13:12,977 INFO loss: 0.08958, 0.14842, 0.23801
2020-10-18 17:13:13,154 INFO loss: 0.06216, 0.10480, 0.16697
2020-10-18 17:13:13,343 INFO loss: 0.07083, 0.11556, 0.18639
2020-10-18 17:13:13,538 INFO loss: 0.05326, 0.08210, 0.13536
2020-10-18 17:13:13,726 INFO loss: 0.06329, 0.07747, 0.14076
2020-10-18 17:13:13,922 INFO loss: 0.08404, 0.21405, 0.29809
2020-10-18 17:13:14,105 INFO loss: 0.07112, 0.07862, 0.14975
2020-10-18 17:13:21,253 INFO loss: 0.06370, 0.22638, 0.29008
2020-10-18 17:13:21,498 INFO loss: 0.06831, 0.10475, 0.17306
2020-10-18 17:13:21,736 INFO loss: 0.09391, 0.13417, 0.22808
2020-10-18 17:13:21,928 INFO loss: 0.06134, 0.06228, 0.12362
2020-10-18 17:13:22,201 INFO loss: 0.06955, 0.06279, 0.13234
2020-10-18 17:13:22,483 INFO loss: 0.07036, 0.09120, 0.16156
2020-10-18 17:13:22,695 INFO loss: 0.06314, 0.06815, 0.13129
2020-10-18 17:13:22,911 INFO loss: 0.07489, 0.05984, 0.13473
2020-10-18 17:13:24,225 INFO loss: 0.07143, 0.19197, 0.26340
2020-10-18 17:13:24,394 INFO loss: 0.07638, 0.11927, 0.19565
2020-10-18 17:13:24,604 INFO loss: 0.06404, 0.10792, 0.17196
2020-10-18 17:13:24,841 INFO loss: 0.08566, 0.10941, 0.19507
2020-10-18 17:13:30,722 INFO loss: 0.07925, 0.16016, 0.23941
2020-10-18 17:13:30,881 INFO loss: 0.07281, 0.08859, 0.16139
2020-10-18 17:13:32,355 INFO loss: 0.07901, 0.08824, 0.16724
2020-10-18 17:13:32,560 INFO loss: 0.06310, 0.10139, 0.16449
2020-10-18 17:13:32,727 INFO loss: 0.06557, 0.05045, 0.11602
2020-10-18 17:13:32,938 INFO loss: 0.07626, 0.12901, 0.20527
2020-10-18 17:13:33,092 INFO loss: 0.06208, 0.11295, 0.17503
2020-10-18 17:13:33,294 INFO loss: 0.07047, 0.23473, 0.30520
2020-10-18 17:13:35,943 INFO loss: 0.06324, 0.11829, 0.18153
2020-10-18 17:13:36,192 INFO loss: 0.07438, 0.10388, 0.17827
2020-10-18 17:13:36,404 INFO loss: 0.06520, 0.11350, 0.17870
2020-10-18 17:13:36,585 INFO loss: 0.06436, 0.09052, 0.15487
2020-10-18 17:13:42,218 INFO loss: 0.07243, 0.11122, 0.18365
2020-10-18 17:13:42,419 INFO loss: 0.05867, 0.09619, 0.15486
2020-10-18 17:13:42,680 INFO loss: 0.06627, 0.22283, 0.28911
2020-10-18 17:13:42,989 INFO loss: 0.06602, 0.18178, 0.24780
2020-10-18 17:13:43,211 INFO loss: 0.06882, 0.12617, 0.19499
2020-10-18 17:13:43,460 INFO loss: 0.06748, 0.23687, 0.30434
2020-10-18 17:13:43,657 INFO loss: 0.08037, 0.25144, 0.33181
2020-10-18 17:13:43,928 INFO loss: 0.06697, 0.12600, 0.19297
2020-10-18 17:13:45,476 INFO loss: 0.08045, 0.17459, 0.25504
2020-10-18 17:13:45,658 INFO loss: 0.05771, 0.09829, 0.15600
2020-10-18 17:13:45,891 INFO loss: 0.07788, 0.19951, 0.27739
2020-10-18 17:13:46,074 INFO loss: 0.07785, 0.07340, 0.15124
2020-10-18 17:13:54,015 INFO loss: 0.06370, 0.06195, 0.12565
2020-10-18 17:13:54,243 INFO loss: 0.07207, 0.15217, 0.22424
2020-10-18 17:13:54,466 INFO loss: 0.08946, 0.11000, 0.19945
2020-10-18 17:13:54,702 INFO loss: 0.06826, 0.15205, 0.22031
2020-10-18 17:13:54,931 INFO loss: 0.07578, 0.11651, 0.19229
2020-10-18 17:13:55,122 INFO loss: 0.07567, 0.13417, 0.20983
2020-10-18 17:13:55,315 INFO loss: 0.07786, 0.12726, 0.20512
2020-10-18 17:13:55,504 INFO loss: 0.05391, 0.11921, 0.17312
2020-10-18 17:13:55,810 INFO loss: 0.06140, 0.13916, 0.20056
2020-10-18 17:13:56,054 INFO loss: 0.06978, 0.19071, 0.26049
2020-10-18 17:13:56,231 INFO loss: 0.05286, 0.09483, 0.14769
2020-10-18 17:13:56,427 INFO loss: 0.06111, 0.05893, 0.12004
2020-10-18 17:14:02,783 INFO loss: 0.06699, 0.12354, 0.19053
2020-10-18 17:14:03,039 INFO loss: 0.07007, 0.04710, 0.11717
2020-10-18 17:14:03,266 INFO loss: 0.07247, 0.13625, 0.20872
2020-10-18 17:14:03,435 INFO loss: 0.06714, 0.06293, 0.13007
2020-10-18 17:14:03,682 INFO loss: 0.05440, 0.17524, 0.22964
2020-10-18 17:14:03,881 INFO loss: 0.07230, 0.06959, 0.14189
2020-10-18 17:14:04,055 INFO loss: 0.06796, 0.11827, 0.18624
2020-10-18 17:14:04,252 INFO loss: 0.06937, 0.05734, 0.12670
2020-10-18 17:14:05,136 INFO loss: 0.07459, 0.15000, 0.22459
2020-10-18 17:14:05,381 INFO loss: 0.05915, 0.07398, 0.13313
2020-10-18 17:14:05,587 INFO loss: 0.06463, 0.14644, 0.21107
2020-10-18 17:14:05,808 INFO loss: 0.07684, 0.10065, 0.17749
2020-10-18 17:14:12,814 INFO loss: 0.07102, 0.09877, 0.16979
2020-10-18 17:14:12,991 INFO loss: 0.05933, 0.18048, 0.23981
2020-10-18 17:14:13,202 INFO loss: 0.06669, 0.14065, 0.20734
2020-10-18 17:14:13,379 INFO loss: 0.06949, 0.17414, 0.24363
2020-10-18 17:14:13,579 INFO loss: 0.07431, 0.11104, 0.18535
2020-10-18 17:14:13,775 INFO loss: 0.06622, 0.07500, 0.14122
2020-10-18 17:14:13,978 INFO loss: 0.06073, 0.03710, 0.09783
2020-10-18 17:14:14,159 INFO loss: 0.05396, 0.06518, 0.11915
2020-10-18 17:14:14,375 INFO loss: 0.07378, 0.09831, 0.17209
2020-10-18 17:14:14,638 INFO loss: 0.06841, 0.09165, 0.16006
2020-10-18 17:14:14,836 INFO loss: 0.07646, 0.15484, 0.23130
2020-10-18 17:14:15,025 INFO loss: 0.05506, 0.02687, 0.08193
2020-10-18 17:14:22,174 INFO loss: 0.08417, 0.21881, 0.30298
2020-10-18 17:14:22,352 INFO loss: 0.06226, 0.06761, 0.12987
2020-10-18 17:14:22,563 INFO loss: 0.07615, 0.18376, 0.25991
2020-10-18 17:14:22,751 INFO loss: 0.06881, 0.15324, 0.22205
2020-10-18 17:14:22,979 INFO loss: 0.07016, 0.08360, 0.15376
2020-10-18 17:14:23,222 INFO loss: 0.07882, 0.12564, 0.20446
2020-10-18 17:14:23,410 INFO loss: 0.06893, 0.11350, 0.18243
2020-10-18 17:14:23,605 INFO loss: 0.06452, 0.11493, 0.17945
2020-10-18 17:14:23,809 INFO loss: 0.05939, 0.13521, 0.19461
2020-10-18 17:14:23,999 INFO loss: 0.06041, 0.08667, 0.14707
2020-10-18 17:14:24,193 INFO loss: 0.06664, 0.13968, 0.20632
2020-10-18 17:14:24,356 INFO loss: 0.07950, 0.21536, 0.29487
2020-10-18 17:14:31,576 INFO loss: 0.07573, 0.09895, 0.17468
2020-10-18 17:14:31,840 INFO loss: 0.06432, 0.14244, 0.20676
2020-10-18 17:14:34,184 INFO loss: 0.06216, 0.07192, 0.13407
2020-10-18 17:14:34,502 INFO loss: 0.05721, 0.10703, 0.16423
2020-10-18 17:14:34,723 INFO loss: 0.05554, 0.07878, 0.13431
2020-10-18 17:14:34,983 INFO loss: 0.08457, 0.11060, 0.19516
2020-10-18 17:14:35,186 INFO loss: 0.07957, 0.22934, 0.30891
2020-10-18 17:14:35,381 INFO loss: 0.07934, 0.10788, 0.18721
2020-10-18 17:14:35,597 INFO loss: 0.06686, 0.04991, 0.11677
2020-10-18 17:14:35,860 INFO loss: 0.06675, 0.07739, 0.14413
2020-10-18 17:14:36,079 INFO loss: 0.07190, 0.08603, 0.15793
2020-10-18 17:14:36,276 INFO loss: 0.08000, 0.11416, 0.19416
2020-10-18 17:14:42,081 INFO loss: 0.07150, 0.11515, 0.18665
2020-10-18 17:14:42,338 INFO loss: 0.06806, 0.09935, 0.16741
2020-10-18 17:14:43,839 INFO loss: 0.06654, 0.09994, 0.16648
2020-10-18 17:14:44,073 INFO loss: 0.06740, 0.08284, 0.15024
2020-10-18 17:14:44,248 INFO loss: 0.06868, 0.06180, 0.13048
2020-10-18 17:14:44,488 INFO loss: 0.08324, 0.14076, 0.22400
2020-10-18 17:14:44,711 INFO loss: 0.07088, 0.09051, 0.16139
2020-10-18 17:14:44,896 INFO loss: 0.06747, 0.10192, 0.16939
2020-10-18 17:14:45,072 INFO loss: 0.07626, 0.23534, 0.31160
2020-10-18 17:14:45,281 INFO loss: 0.07868, 0.18015, 0.25883
2020-10-18 17:14:45,486 INFO loss: 0.07181, 0.18417, 0.25598
2020-10-18 17:14:45,717 INFO loss: 0.08214, 0.13247, 0.21461
2020-10-18 17:14:51,664 INFO loss: 0.06281, 0.16703, 0.22984
2020-10-18 17:14:51,889 INFO loss: 0.07683, 0.18479, 0.26161
2020-10-18 17:14:54,116 INFO loss: 0.07144, 0.14304, 0.21448
2020-10-18 17:14:54,292 INFO loss: 0.07085, 0.13851, 0.20935
2020-10-18 17:14:54,455 INFO loss: 0.06925, 0.11983, 0.18908
2020-10-18 17:14:54,650 INFO loss: 0.06689, 0.09056, 0.15744
2020-10-18 17:14:54,880 INFO loss: 0.07915, 0.22248, 0.30164
2020-10-18 17:14:55,072 INFO loss: 0.07308, 0.17437, 0.24744
2020-10-18 17:14:55,304 INFO loss: 0.06521, 0.10686, 0.17207
2020-10-18 17:14:55,490 INFO loss: 0.07091, 0.11502, 0.18593
2020-10-18 17:14:55,686 INFO loss: 0.06271, 0.12248, 0.18519
2020-10-18 17:14:55,852 INFO loss: 0.06665, 0.09022, 0.15687
2020-10-18 17:15:01,396 INFO loss: 0.06128, 0.07798, 0.13926
2020-10-18 17:15:01,569 INFO loss: 0.08042, 0.13250, 0.21292
2020-10-18 17:15:04,359 INFO loss: 0.08980, 0.13914, 0.22894
2020-10-18 17:15:04,602 INFO loss: 0.07642, 0.07887, 0.15529
2020-10-18 17:15:04,823 INFO loss: 0.05815, 0.20750, 0.26565
2020-10-18 17:15:04,991 INFO loss: 0.07576, 0.09592, 0.17168
2020-10-18 17:15:05,220 INFO loss: 0.06293, 0.10932, 0.17225
2020-10-18 17:15:05,481 INFO loss: 0.07607, 0.11544, 0.19151
2020-10-18 17:15:05,666 INFO loss: 0.06684, 0.15314, 0.21998
2020-10-18 17:15:05,893 INFO loss: 0.06335, 0.17087, 0.23423
2020-10-18 17:15:06,105 INFO loss: 0.06892, 0.06476, 0.13368
2020-10-18 17:15:06,377 INFO loss: 0.07284, 0.09232, 0.16516
2020-10-18 17:15:10,975 INFO loss: 0.06609, 0.09999, 0.16608
2020-10-18 17:15:11,168 INFO loss: 0.07157, 0.22418, 0.29575
2020-10-18 17:15:12,919 INFO loss: 0.07156, 0.12655, 0.19811
2020-10-18 17:15:13,187 INFO loss: 0.06752, 0.21298, 0.28051
2020-10-18 17:15:13,396 INFO loss: 0.07000, 0.14087, 0.21087
2020-10-18 17:15:13,599 INFO loss: 0.07118, 0.03282, 0.10401
2020-10-18 17:15:13,910 INFO loss: 0.07352, 0.07004, 0.14356
2020-10-18 17:15:14,105 INFO loss: 0.06685, 0.13082, 0.19768
2020-10-18 17:15:14,293 INFO loss: 0.06767, 0.15066, 0.21833
2020-10-18 17:15:15,036 INFO loss: 0.05997, 0.07598, 0.13595
2020-10-18 17:15:15,236 INFO loss: 0.07498, 0.11686, 0.19184
2020-10-18 17:15:15,444 INFO loss: 0.06372, 0.09644, 0.16016
2020-10-18 17:15:19,340 INFO loss: 0.06481, 0.09050, 0.15532
2020-10-18 17:15:19,564 INFO loss: 0.06686, 0.12257, 0.18943
2020-10-18 17:15:21,833 INFO loss: 0.07831, 0.19081, 0.26913
2020-10-18 17:15:22,036 INFO loss: 0.07037, 0.15394, 0.22431
2020-10-18 17:15:22,253 INFO loss: 0.07431, 0.09651, 0.17082
2020-10-18 17:15:22,488 INFO loss: 0.06378, 0.08723, 0.15102
2020-10-18 17:15:22,677 INFO loss: 0.07149, 0.09470, 0.16618
2020-10-18 17:15:22,896 INFO loss: 0.07517, 0.12931, 0.20448
2020-10-18 17:15:23,090 INFO loss: 0.07058, 0.05192, 0.12250
2020-10-18 17:15:24,834 INFO loss: 0.07601, 0.21501, 0.29102
2020-10-18 17:15:25,025 INFO loss: 0.07286, 0.08367, 0.15654
2020-10-18 17:15:25,294 INFO loss: 0.06885, 0.12729, 0.19614
2020-10-18 17:15:27,692 INFO loss: 0.06311, 0.19200, 0.25510
2020-10-18 17:15:28,008 INFO loss: 0.05658, 0.07622, 0.13280
2020-10-18 17:15:31,215 INFO loss: 0.06555, 0.12985, 0.19539
2020-10-18 17:15:31,494 INFO loss: 0.07222, 0.13579, 0.20801
2020-10-18 17:15:31,744 INFO loss: 0.08734, 0.21450, 0.30183
2020-10-18 17:15:31,912 INFO loss: 0.06056, 0.10368, 0.16424
2020-10-18 17:15:32,087 INFO loss: 0.06606, 0.06174, 0.12780
2020-10-18 17:15:32,246 INFO loss: 0.08071, 0.18893, 0.26964
2020-10-18 17:15:32,487 INFO loss: 0.06871, 0.11066, 0.17937
2020-10-18 17:15:34,289 INFO loss: 0.06467, 0.12846, 0.19314
2020-10-18 17:15:34,505 INFO loss: 0.06822, 0.05265, 0.12088
2020-10-18 17:15:34,745 INFO loss: 0.06035, 0.05968, 0.12002
2020-10-18 17:15:36,518 INFO loss: 0.08164, 0.18012, 0.26176
2020-10-18 17:15:36,735 INFO loss: 0.07779, 0.09395, 0.17173
2020-10-18 17:15:40,656 INFO loss: 0.07313, 0.10313, 0.17625
2020-10-18 17:15:40,829 INFO loss: 0.07478, 0.15912, 0.23389
2020-10-18 17:15:41,034 INFO loss: 0.08390, 0.20855, 0.29245
2020-10-18 17:15:41,285 INFO loss: 0.06670, 0.09466, 0.16136
2020-10-18 17:15:41,526 INFO loss: 0.07740, 0.24983, 0.32723
2020-10-18 17:15:41,711 INFO loss: 0.06648, 0.17813, 0.24461
2020-10-18 17:15:41,884 INFO loss: 0.07616, 0.16297, 0.23913
2020-10-18 17:15:44,715 INFO loss: 0.07186, 0.12058, 0.19244
2020-10-18 17:15:44,905 INFO loss: 0.06775, 0.15784, 0.22558
2020-10-18 17:15:45,069 INFO loss: 0.06802, 0.07885, 0.14687
2020-10-18 17:15:45,296 INFO loss: 0.07283, 0.17488, 0.24772
2020-10-18 17:15:45,546 INFO loss: 0.07090, 0.06312, 0.13403
2020-10-18 17:15:48,988 INFO loss: 0.08098, 0.22499, 0.30596
2020-10-18 17:15:49,190 INFO loss: 0.06719, 0.12874, 0.19593
2020-10-18 17:15:49,425 INFO loss: 0.07595, 0.14367, 0.21962
2020-10-18 17:15:49,665 INFO loss: 0.08239, 0.14891, 0.23130
2020-10-18 17:15:49,873 INFO loss: 0.06783, 0.06907, 0.13690
2020-10-18 17:15:50,095 INFO loss: 0.08996, 0.17247, 0.26242
2020-10-18 17:15:50,336 INFO loss: 0.07069, 0.09668, 0.16737
2020-10-18 17:15:53,596 INFO loss: 0.07445, 0.12542, 0.19987
2020-10-18 17:15:53,756 INFO loss: 0.07743, 0.17231, 0.24974
2020-10-18 17:15:53,958 INFO loss: 0.06550, 0.13328, 0.19878
2020-10-18 17:15:54,140 INFO loss: 0.06347, 0.11536, 0.17883
2020-10-18 17:15:54,353 INFO loss: 0.07395, 0.16041, 0.23437
2020-10-18 17:15:58,560 INFO loss: 0.06137, 0.10382, 0.16519
2020-10-18 17:15:58,729 INFO loss: 0.06398, 0.11452, 0.17850
2020-10-18 17:15:58,941 INFO loss: 0.06850, 0.05234, 0.12084
2020-10-18 17:15:59,131 INFO loss: 0.07476, 0.10166, 0.17642
2020-10-18 17:15:59,322 INFO loss: 0.06661, 0.12920, 0.19581
2020-10-18 17:15:59,512 INFO loss: 0.06990, 0.07113, 0.14103
2020-10-18 17:15:59,725 INFO loss: 0.07359, 0.15368, 0.22727
2020-10-18 17:16:02,179 INFO loss: 0.07177, 0.19568, 0.26745
2020-10-18 17:16:02,386 INFO loss: 0.06856, 0.07200, 0.14056
2020-10-18 17:16:02,632 INFO loss: 0.06323, 0.11259, 0.17582
2020-10-18 17:16:04,814 INFO loss: 0.07478, 0.19068, 0.26546
2020-10-18 17:16:05,054 INFO loss: 0.07973, 0.14704, 0.22677
2020-10-18 17:16:07,751 INFO loss: 0.06989, 0.14838, 0.21827
2020-10-18 17:16:07,965 INFO loss: 0.05700, 0.04477, 0.10177
2020-10-18 17:16:08,175 INFO loss: 0.06954, 0.10934, 0.17888
2020-10-18 17:16:08,425 INFO loss: 0.05995, 0.08159, 0.14154
2020-10-18 17:16:08,640 INFO loss: 0.07366, 0.14858, 0.22224
2020-10-18 17:16:08,904 INFO loss: 0.07221, 0.11505, 0.18725
2020-10-18 17:16:09,111 INFO loss: 0.06601, 0.13748, 0.20349
2020-10-18 17:16:11,184 INFO loss: 0.05805, 0.04194, 0.09999
2020-10-18 17:16:11,417 INFO loss: 0.06055, 0.10922, 0.16978
2020-10-18 17:16:11,631 INFO loss: 0.06528, 0.08686, 0.15214
2020-10-18 17:16:14,917 INFO loss: 0.07245, 0.09870, 0.17115
2020-10-18 17:16:15,123 INFO loss: 0.06103, 0.07196, 0.13298
2020-10-18 17:16:18,715 INFO loss: 0.06963, 0.08441, 0.15405
2020-10-18 17:16:19,055 INFO loss: 0.07809, 0.10473, 0.18282
2020-10-18 17:16:19,241 INFO loss: 0.06730, 0.11793, 0.18523
2020-10-18 17:16:19,451 INFO loss: 0.06634, 0.14502, 0.21135
2020-10-18 17:16:19,623 INFO loss: 0.07495, 0.14818, 0.22313
2020-10-18 17:16:19,921 INFO loss: 0.07625, 0.17634, 0.25260
2020-10-18 17:16:20,136 INFO loss: 0.06623, 0.07374, 0.13996
2020-10-18 17:16:21,911 INFO loss: 0.07886, 0.11523, 0.19408
2020-10-18 17:16:22,111 INFO loss: 0.06088, 0.10609, 0.16697
2020-10-18 17:16:22,283 INFO loss: 0.07319, 0.11140, 0.18459
2020-10-18 17:16:25,427 INFO loss: 0.06651, 0.07027, 0.13679
2020-10-18 17:16:25,658 INFO loss: 0.07039, 0.09081, 0.16120
2020-10-18 17:16:27,906 INFO loss: 0.07131, 0.10797, 0.17928
2020-10-18 17:16:28,175 INFO loss: 0.06986, 0.08595, 0.15581
2020-10-18 17:16:28,383 INFO loss: 0.06779, 0.13293, 0.20072
2020-10-18 17:16:28,685 INFO loss: 0.06520, 0.11884, 0.18404
2020-10-18 17:16:28,890 INFO loss: 0.06720, 0.16051, 0.22771
2020-10-18 17:16:29,086 INFO loss: 0.06997, 0.28519, 0.35516
2020-10-18 17:16:29,328 INFO loss: 0.07630, 0.16931, 0.24561
2020-10-18 17:16:32,512 INFO loss: 0.07177, 0.13018, 0.20195
2020-10-18 17:16:32,695 INFO loss: 0.07479, 0.15121, 0.22600
2020-10-18 17:16:32,968 INFO loss: 0.06209, 0.03405, 0.09614
2020-10-18 17:16:36,676 INFO loss: 0.06363, 0.19917, 0.26280
2020-10-18 17:16:36,944 INFO loss: 0.07222, 0.10590, 0.17811
2020-10-18 17:16:37,175 INFO loss: 0.06431, 0.04867, 0.11298
2020-10-18 17:16:37,408 INFO loss: 0.05440, 0.13752, 0.19193
2020-10-18 17:16:37,715 INFO loss: 0.05903, 0.11790, 0.17693
2020-10-18 17:16:37,922 INFO loss: 0.07748, 0.15953, 0.23701
2020-10-18 17:16:38,091 INFO loss: 0.08430, 0.13459, 0.21889
2020-10-18 17:16:38,292 INFO loss: 0.06307, 0.10266, 0.16573
2020-10-18 17:16:38,505 INFO loss: 0.05997, 0.06007, 0.12004
2020-10-18 17:16:42,173 INFO loss: 0.06732, 0.15963, 0.22695
2020-10-18 17:16:42,392 INFO loss: 0.07749, 0.11938, 0.19688
2020-10-18 17:16:42,579 INFO loss: 0.09080, 0.16561, 0.25641
2020-10-18 17:16:47,154 INFO loss: 0.05929, 0.06371, 0.12300
2020-10-18 17:16:47,420 INFO loss: 0.06402, 0.13583, 0.19986
2020-10-18 17:16:47,646 INFO loss: 0.06831, 0.06357, 0.13188
2020-10-18 17:16:47,864 INFO loss: 0.07613, 0.12486, 0.20098
2020-10-18 17:16:48,155 INFO loss: 0.07133, 0.15225, 0.22359
2020-10-18 17:16:48,340 INFO loss: 0.06460, 0.04306, 0.10767
2020-10-18 17:16:48,542 INFO loss: 0.05578, 0.07898, 0.13476
2020-10-18 17:16:48,754 INFO loss: 0.06095, 0.08220, 0.14315
2020-10-18 17:16:48,940 INFO loss: 0.05612, 0.04694, 0.10306
2020-10-18 17:16:50,855 INFO loss: 0.06598, 0.21469, 0.28067
2020-10-18 17:16:51,055 INFO loss: 0.06174, 0.11247, 0.17421
2020-10-18 17:16:51,302 INFO loss: 0.07980, 0.09727, 0.17707
2020-10-18 17:16:57,058 INFO loss: 0.06141, 0.13372, 0.19513
2020-10-18 17:16:57,217 INFO loss: 0.08252, 0.14053, 0.22305
2020-10-18 17:16:57,410 INFO loss: 0.06817, 0.06747, 0.13564
2020-10-18 17:16:57,619 INFO loss: 0.06866, 0.09791, 0.16656
2020-10-18 17:16:57,867 INFO loss: 0.06230, 0.11885, 0.18115
2020-10-18 17:16:58,106 INFO loss: 0.06939, 0.11443, 0.18382
2020-10-18 17:16:58,291 INFO loss: 0.06431, 0.17594, 0.24025
2020-10-18 17:16:58,509 INFO loss: 0.06772, 0.09389, 0.16161
2020-10-18 17:16:58,699 INFO loss: 0.07899, 0.18282, 0.26182
2020-10-18 17:17:00,523 INFO loss: 0.06920, 0.13804, 0.20725
2020-10-18 17:17:00,741 INFO loss: 0.07243, 0.09840, 0.17083
2020-10-18 17:17:00,924 INFO loss: 0.06727, 0.05525, 0.12252
2020-10-18 17:17:06,231 INFO loss: 0.06510, 0.09360, 0.15870
2020-10-18 17:17:06,434 INFO loss: 0.07098, 0.09472, 0.16571
2020-10-18 17:17:06,662 INFO loss: 0.07482, 0.11612, 0.19095
2020-10-18 17:17:06,872 INFO loss: 0.05385, 0.08970, 0.14354
2020-10-18 17:17:07,091 INFO loss: 0.07628, 0.16189, 0.23817
2020-10-18 17:17:07,390 INFO loss: 0.07474, 0.11269, 0.18743
2020-10-18 17:17:07,690 INFO loss: 0.07043, 0.08093, 0.15136
2020-10-18 17:17:07,886 INFO loss: 0.06955, 0.06174, 0.13129
2020-10-18 17:17:08,096 INFO loss: 0.07920, 0.16022, 0.23942
2020-10-18 17:17:09,493 INFO loss: 0.07561, 0.08462, 0.16023
2020-10-18 17:17:09,697 INFO loss: 0.06521, 0.07180, 0.13700
2020-10-18 17:17:09,936 INFO loss: 0.07045, 0.07607, 0.14651
2020-10-18 17:17:15,765 INFO loss: 0.05692, 0.10296, 0.15988
2020-10-18 17:17:16,024 INFO loss: 0.06631, 0.05826, 0.12457
2020-10-18 17:17:16,236 INFO loss: 0.07672, 0.17534, 0.25207
2020-10-18 17:17:16,420 INFO loss: 0.07190, 0.06497, 0.13687
2020-10-18 17:17:16,647 INFO loss: 0.07356, 0.29500, 0.36856
2020-10-18 17:17:16,889 INFO loss: 0.06568, 0.08965, 0.15534
2020-10-18 17:17:17,121 INFO loss: 0.06735, 0.08567, 0.15301
2020-10-18 17:17:17,327 INFO loss: 0.07484, 0.15827, 0.23311
2020-10-18 17:17:17,548 INFO loss: 0.06973, 0.11715, 0.18687
2020-10-18 17:17:17,933 INFO loss: 0.06357, 0.14744, 0.21101
2020-10-18 17:17:18,136 INFO loss: 0.06646, 0.12238, 0.18884
2020-10-18 17:17:18,338 INFO loss: 0.07210, 0.14529, 0.21739
2020-10-18 17:17:24,163 INFO loss: 0.05421, 0.02498, 0.07919
2020-10-18 17:17:24,452 INFO loss: 0.07495, 0.14965, 0.22460
2020-10-18 17:17:24,662 INFO loss: 0.08387, 0.14307, 0.22695
2020-10-18 17:17:24,883 INFO loss: 0.07351, 0.14527, 0.21879
2020-10-18 17:17:25,106 INFO loss: 0.06482, 0.04445, 0.10927
2020-10-18 17:17:25,301 INFO loss: 0.07202, 0.12395, 0.19597
2020-10-18 17:17:25,570 INFO loss: 0.06028, 0.04647, 0.10676
2020-10-18 17:17:25,794 INFO loss: 0.07094, 0.09502, 0.16596
2020-10-18 17:17:25,963 INFO loss: 0.07512, 0.17433, 0.24945
2020-10-18 17:17:29,147 INFO loss: 0.07259, 0.18695, 0.25954
2020-10-18 17:17:29,305 INFO loss: 0.06972, 0.12468, 0.19440
2020-10-18 17:17:29,526 INFO loss: 0.05971, 0.13896, 0.19867
2020-10-18 17:17:33,944 INFO loss: 0.07592, 0.06076, 0.13668
2020-10-18 17:17:34,190 INFO loss: 0.05624, 0.05634, 0.11259
2020-10-18 17:17:34,418 INFO loss: 0.07356, 0.09807, 0.17163
2020-10-18 17:17:34,589 INFO loss: 0.07246, 0.11648, 0.18894
2020-10-18 17:17:34,824 INFO loss: 0.06840, 0.23339, 0.30179
2020-10-18 17:17:35,049 INFO loss: 0.07476, 0.07730, 0.15206
2020-10-18 17:17:35,285 INFO loss: 0.08828, 0.12535, 0.21363
2020-10-18 17:17:35,523 INFO loss: 0.06150, 0.05018, 0.11168
2020-10-18 17:17:35,712 INFO loss: 0.05942, 0.04151, 0.10093
2020-10-18 17:17:41,117 INFO loss: 0.07296, 0.11994, 0.19291
2020-10-18 17:17:41,304 INFO loss: 0.06459, 0.07676, 0.14135
2020-10-18 17:17:41,506 INFO loss: 0.06964, 0.05956, 0.12920
2020-10-18 17:17:44,337 INFO loss: 0.07029, 0.15918, 0.22947
2020-10-18 17:17:44,530 INFO loss: 0.06891, 0.11074, 0.17964
2020-10-18 17:17:44,733 INFO loss: 0.07737, 0.13655, 0.21392
2020-10-18 17:17:44,936 INFO loss: 0.07318, 0.13316, 0.20634
2020-10-18 17:17:45,148 INFO loss: 0.07371, 0.12174, 0.19545
2020-10-18 17:17:45,357 INFO loss: 0.05776, 0.12427, 0.18203
2020-10-18 17:17:45,573 INFO loss: 0.05640, 0.04928, 0.10568
2020-10-18 17:17:45,750 INFO loss: 0.06482, 0.11270, 0.17752
2020-10-18 17:17:45,955 INFO loss: 0.06238, 0.14341, 0.20579
2020-10-18 17:17:50,903 INFO loss: 0.07895, 0.09630, 0.17524
2020-10-18 17:17:51,233 INFO loss: 0.07361, 0.16850, 0.24211
2020-10-18 17:17:51,464 INFO loss: 0.07027, 0.06160, 0.13188
2020-10-18 17:17:52,798 INFO loss: 0.06379, 0.06230, 0.12609
2020-10-18 17:17:53,023 INFO loss: 0.06081, 0.12422, 0.18504
2020-10-18 17:17:53,369 INFO loss: 0.06625, 0.12604, 0.19229
2020-10-18 17:17:53,591 INFO loss: 0.07076, 0.24276, 0.31353
2020-10-18 17:17:53,784 INFO loss: 0.06651, 0.07220, 0.13872
2020-10-18 17:17:54,026 INFO loss: 0.06049, 0.10920, 0.16969
2020-10-18 17:17:54,241 INFO loss: 0.06011, 0.09463, 0.15474
2020-10-18 17:17:54,434 INFO loss: 0.06821, 0.15424, 0.22245
2020-10-18 17:17:54,716 INFO loss: 0.07059, 0.10252, 0.17311
2020-10-18 17:18:02,421 INFO loss: 0.05882, 0.08921, 0.14803
2020-10-18 17:18:02,638 INFO loss: 0.06594, 0.21899, 0.28494
2020-10-18 17:18:02,829 INFO loss: 0.06976, 0.11169, 0.18145
2020-10-18 17:18:03,012 INFO loss: 0.05935, 0.11189, 0.17124
2020-10-18 17:18:03,222 INFO loss: 0.07759, 0.18933, 0.26692
2020-10-18 17:18:03,400 INFO loss: 0.06952, 0.05307, 0.12259
2020-10-18 17:18:03,673 INFO loss: 0.07514, 0.06982, 0.14497
2020-10-18 17:18:03,855 INFO loss: 0.06589, 0.10971, 0.17560
2020-10-18 17:18:04,078 INFO loss: 0.07132, 0.13695, 0.20827
2020-10-18 17:18:04,295 INFO loss: 0.07220, 0.09617, 0.16837
2020-10-18 17:18:04,496 INFO loss: 0.05861, 0.08137, 0.13998
2020-10-18 17:18:04,730 INFO loss: 0.08577, 0.16842, 0.25419
2020-10-18 17:18:11,460 INFO loss: 0.06857, 0.16290, 0.23147
2020-10-18 17:18:11,708 INFO loss: 0.07078, 0.08337, 0.15415
2020-10-18 17:18:12,006 INFO loss: 0.06108, 0.09989, 0.16097
2020-10-18 17:18:12,249 INFO loss: 0.08620, 0.22667, 0.31287
2020-10-18 17:18:12,534 INFO loss: 0.08020, 0.29105, 0.37126
2020-10-18 17:18:12,763 INFO loss: 0.07021, 0.15247, 0.22268
2020-10-18 17:18:12,938 INFO loss: 0.06562, 0.08053, 0.14615
2020-10-18 17:18:13,122 INFO loss: 0.06592, 0.12527, 0.19119
2020-10-18 17:18:13,326 INFO loss: 0.07017, 0.16936, 0.23953
2020-10-18 17:18:13,554 INFO loss: 0.07419, 0.16959, 0.24378
2020-10-18 17:18:13,787 INFO loss: 0.08246, 0.09146, 0.17391
2020-10-18 17:18:14,032 INFO loss: 0.06624, 0.14198, 0.20822
2020-10-18 17:18:18,714 INFO loss: 0.07591, 0.20852, 0.28443
2020-10-18 17:18:18,918 INFO loss: 0.06495, 0.13813, 0.20307
2020-10-18 17:18:19,080 INFO loss: 0.06444, 0.16428, 0.22872
2020-10-18 17:18:20,925 INFO loss: 0.06723, 0.21042, 0.27764
2020-10-18 17:18:21,119 INFO loss: 0.08843, 0.14089, 0.22932
2020-10-18 17:18:21,327 INFO loss: 0.06229, 0.10922, 0.17152
2020-10-18 17:18:21,534 INFO loss: 0.07113, 0.11361, 0.18474
2020-10-18 17:18:21,787 INFO loss: 0.07232, 0.16948, 0.24180
2020-10-18 17:18:21,999 INFO loss: 0.06423, 0.14467, 0.20890
2020-10-18 17:18:22,236 INFO loss: 0.07361, 0.10175, 0.17536
2020-10-18 17:18:22,443 INFO loss: 0.08453, 0.16575, 0.25028
2020-10-18 17:18:22,622 INFO loss: 0.06285, 0.10565, 0.16850
2020-10-18 17:18:26,712 INFO loss: 0.06882, 0.09347, 0.16228
2020-10-18 17:18:26,917 INFO loss: 0.07221, 0.08191, 0.15413
2020-10-18 17:18:27,146 INFO loss: 0.06476, 0.07089, 0.13565
2020-10-18 17:18:28,495 INFO loss: 0.07061, 0.16508, 0.23568
2020-10-18 17:18:28,719 INFO loss: 0.06935, 0.07238, 0.14173
2020-10-18 17:18:29,074 INFO loss: 0.08027, 0.12821, 0.20849
2020-10-18 17:18:29,263 INFO loss: 0.08502, 0.20458, 0.28960
2020-10-18 17:18:29,512 INFO loss: 0.07986, 0.12210, 0.20196
2020-10-18 17:18:29,682 INFO loss: 0.08273, 0.19412, 0.27685
2020-10-18 17:18:29,871 INFO loss: 0.07448, 0.21907, 0.29355
2020-10-18 17:18:30,066 INFO loss: 0.06272, 0.06358, 0.12630
2020-10-18 17:18:30,276 INFO loss: 0.07402, 0.07353, 0.14755
2020-10-18 17:18:35,368 INFO loss: 0.07208, 0.18812, 0.26021
2020-10-18 17:18:35,607 INFO loss: 0.07309, 0.10851, 0.18159
2020-10-18 17:18:35,762 INFO loss: 0.07435, 0.11487, 0.18922
2020-10-18 17:18:36,961 INFO loss: 0.07544, 0.08100, 0.15645
2020-10-18 17:18:37,152 INFO loss: 0.08511, 0.15453, 0.23964
2020-10-18 17:18:37,376 INFO loss: 0.07717, 0.06774, 0.14491
2020-10-18 17:18:37,586 INFO loss: 0.07317, 0.08850, 0.16167
2020-10-18 17:18:37,776 INFO loss: 0.07864, 0.13581, 0.21445
2020-10-18 17:18:38,909 INFO loss: 0.07151, 0.09579, 0.16730
2020-10-18 17:18:39,134 INFO loss: 0.06165, 0.12842, 0.19006
2020-10-18 17:18:39,312 INFO loss: 0.06859, 0.19515, 0.26374
2020-10-18 17:18:39,511 INFO loss: 0.07014, 0.13187, 0.20201
2020-10-18 17:18:45,476 INFO loss: 0.06367, 0.13032, 0.19399
2020-10-18 17:18:45,676 INFO loss: 0.06210, 0.09043, 0.15253
2020-10-18 17:18:45,897 INFO loss: 0.08221, 0.13988, 0.22209
2020-10-18 17:18:46,105 INFO loss: 0.08751, 0.17314, 0.26065
2020-10-18 17:18:46,349 INFO loss: 0.06452, 0.09468, 0.15920
2020-10-18 17:18:46,560 INFO loss: 0.06573, 0.09546, 0.16119
2020-10-18 17:18:46,754 INFO loss: 0.06564, 0.12014, 0.18578
2020-10-18 17:18:46,948 INFO loss: 0.06893, 0.11183, 0.18076
2020-10-18 17:18:49,247 INFO loss: 0.07028, 0.12189, 0.19217
2020-10-18 17:18:49,422 INFO loss: 0.06530, 0.08118, 0.14648
2020-10-18 17:18:49,607 INFO loss: 0.07277, 0.13864, 0.21141
2020-10-18 17:18:49,782 INFO loss: 0.07025, 0.09623, 0.16648
2020-10-18 17:18:55,013 INFO loss: 0.07073, 0.07834, 0.14908
2020-10-18 17:18:55,183 INFO loss: 0.09031, 0.10721, 0.19752
2020-10-18 17:18:55,374 INFO loss: 0.06783, 0.06926, 0.13710
2020-10-18 17:18:56,057 INFO loss: 0.06675, 0.11617, 0.18292
2020-10-18 17:18:56,283 INFO loss: 0.07441, 0.22471, 0.29912
2020-10-18 17:18:56,476 INFO loss: 0.06387, 0.11274, 0.17660
2020-10-18 17:18:56,674 INFO loss: 0.08235, 0.17424, 0.25659
2020-10-18 17:18:56,858 INFO loss: 0.07007, 0.15955, 0.22962
2020-10-18 17:18:59,003 INFO loss: 0.07420, 0.14229, 0.21650
2020-10-18 17:18:59,220 INFO loss: 0.06349, 0.06731, 0.13080
2020-10-18 17:18:59,398 INFO loss: 0.07344, 0.12240, 0.19584
2020-10-18 17:18:59,628 INFO loss: 0.07224, 0.06740, 0.13964
2020-10-18 17:19:05,195 INFO loss: 0.06882, 0.09490, 0.16372
2020-10-18 17:19:05,376 INFO loss: 0.06511, 0.09947, 0.16458
2020-10-18 17:19:05,597 INFO loss: 0.07393, 0.12538, 0.19931
2020-10-18 17:19:06,106 INFO loss: 0.06535, 0.14566, 0.21101
2020-10-18 17:19:06,326 INFO loss: 0.06401, 0.08001, 0.14402
2020-10-18 17:19:06,563 INFO loss: 0.06392, 0.22217, 0.28609
2020-10-18 17:19:06,770 INFO loss: 0.07556, 0.11505, 0.19061
2020-10-18 17:19:06,938 INFO loss: 0.06632, 0.05698, 0.12330
2020-10-18 17:19:08,009 INFO loss: 0.06950, 0.17473, 0.24423
2020-10-18 17:19:08,212 INFO loss: 0.05570, 0.07787, 0.13358
2020-10-18 17:19:08,393 INFO loss: 0.07263, 0.11063, 0.18326
2020-10-18 17:19:08,609 INFO loss: 0.07095, 0.03250, 0.10345
2020-10-18 17:19:15,746 INFO loss: 0.08379, 0.17561, 0.25940
2020-10-18 17:19:16,013 INFO loss: 0.07984, 0.12573, 0.20558
2020-10-18 17:19:16,228 INFO loss: 0.06358, 0.10645, 0.17003
2020-10-18 17:19:16,407 INFO loss: 0.06338, 0.08602, 0.14940
2020-10-18 17:19:16,594 INFO loss: 0.07678, 0.12255, 0.19933
2020-10-18 17:19:16,762 INFO loss: 0.07174, 0.13713, 0.20887
2020-10-18 17:19:16,980 INFO loss: 0.06521, 0.17151, 0.23672
2020-10-18 17:19:17,240 INFO loss: 0.07320, 0.25305, 0.32624
2020-10-18 17:19:17,454 INFO loss: 0.06983, 0.12868, 0.19852
2020-10-18 17:19:17,640 INFO loss: 0.07134, 0.14292, 0.21426
2020-10-18 17:19:17,856 INFO loss: 0.07778, 0.08513, 0.16291
2020-10-18 17:19:18,083 INFO loss: 0.07710, 0.09296, 0.17006
2020-10-18 17:19:23,635 INFO loss: 0.07905, 0.20104, 0.28009
2020-10-18 17:19:23,856 INFO loss: 0.06202, 0.16618, 0.22820
2020-10-18 17:19:24,032 INFO loss: 0.08273, 0.21716, 0.29989
2020-10-18 17:19:24,244 INFO loss: 0.06526, 0.11429, 0.17955
2020-10-18 17:19:24,441 INFO loss: 0.08771, 0.20130, 0.28902
2020-10-18 17:19:24,635 INFO loss: 0.07781, 0.17228, 0.25009
2020-10-18 17:19:24,879 INFO loss: 0.07196, 0.14626, 0.21821
2020-10-18 17:19:25,395 INFO loss: 0.08490, 0.12578, 0.21068
2020-10-18 17:19:26,441 INFO loss: 0.07165, 0.11082, 0.18247
2020-10-18 17:19:26,633 INFO loss: 0.06459, 0.12431, 0.18890
2020-10-18 17:19:26,821 INFO loss: 0.06245, 0.24332, 0.30577
2020-10-18 17:19:27,000 INFO loss: 0.08686, 0.12215, 0.20901
2020-10-18 17:19:33,847 INFO loss: 0.06621, 0.20795, 0.27416
2020-10-18 17:19:34,100 INFO loss: 0.06323, 0.05804, 0.12127
2020-10-18 17:19:34,371 INFO loss: 0.06401, 0.12272, 0.18673
2020-10-18 17:19:34,571 INFO loss: 0.06997, 0.07421, 0.14419
2020-10-18 17:19:34,771 INFO loss: 0.07126, 0.12062, 0.19188
2020-10-18 17:19:34,989 INFO loss: 0.07215, 0.16743, 0.23958
2020-10-18 17:19:35,216 INFO loss: 0.06479, 0.22025, 0.28504
2020-10-18 17:19:35,939 INFO loss: 0.06241, 0.13989, 0.20229
2020-10-18 17:19:36,181 INFO loss: 0.07434, 0.12542, 0.19977
2020-10-18 17:19:36,422 INFO loss: 0.07379, 0.12645, 0.20024
2020-10-18 17:19:36,701 INFO loss: 0.08305, 0.17948, 0.26254
2020-10-18 17:19:36,934 INFO loss: 0.06959, 0.15005, 0.21965
2020-10-18 17:19:42,842 INFO loss: 0.06506, 0.14149, 0.20655
2020-10-18 17:19:43,058 INFO loss: 0.06927, 0.08944, 0.15871
2020-10-18 17:19:43,236 INFO loss: 0.06906, 0.13145, 0.20051
2020-10-18 17:19:43,433 INFO loss: 0.07950, 0.08519, 0.16469
2020-10-18 17:19:43,685 INFO loss: 0.07269, 0.06845, 0.14114
2020-10-18 17:19:43,907 INFO loss: 0.08128, 0.18208, 0.26337
2020-10-18 17:19:44,105 INFO loss: 0.07440, 0.09700, 0.17140
2020-10-18 17:19:44,788 INFO loss: 0.07624, 0.06374, 0.13998
2020-10-18 17:19:45,218 INFO loss: 0.06163, 0.15636, 0.21798
2020-10-18 17:19:45,470 INFO loss: 0.06922, 0.17370, 0.24292
2020-10-18 17:19:45,682 INFO loss: 0.07002, 0.05705, 0.12707
2020-10-18 17:19:45,929 INFO loss: 0.06985, 0.06850, 0.13835
2020-10-18 17:19:54,695 INFO loss: 0.08163, 0.14323, 0.22486
2020-10-18 17:19:54,946 INFO loss: 0.08132, 0.11958, 0.20091
2020-10-18 17:19:55,219 INFO loss: 0.07281, 0.12339, 0.19620
2020-10-18 17:19:55,394 INFO loss: 0.07338, 0.13682, 0.21020
2020-10-18 17:19:55,641 INFO loss: 0.07798, 0.15798, 0.23596
2020-10-18 17:19:55,860 INFO loss: 0.05337, 0.04003, 0.09340
2020-10-18 17:19:56,064 INFO loss: 0.06947, 0.08919, 0.15866
2020-10-18 17:19:56,300 INFO loss: 0.08104, 0.13524, 0.21628
2020-10-18 17:19:56,486 INFO loss: 0.06037, 0.05064, 0.11101
2020-10-18 17:19:56,706 INFO loss: 0.06652, 0.13339, 0.19991
2020-10-18 17:19:56,886 INFO loss: 0.06422, 0.24904, 0.31327
2020-10-18 17:19:57,088 INFO loss: 0.07323, 0.14415, 0.21739
2020-10-18 17:20:04,611 INFO loss: 0.06757, 0.09684, 0.16441
2020-10-18 17:20:04,879 INFO loss: 0.06851, 0.14927, 0.21777
2020-10-18 17:20:05,140 INFO loss: 0.07482, 0.13427, 0.20909
2020-10-18 17:20:05,459 INFO loss: 0.06497, 0.07506, 0.14003
2020-10-18 17:20:05,641 INFO loss: 0.08753, 0.11372, 0.20124
2020-10-18 17:20:05,867 INFO loss: 0.07850, 0.26895, 0.34746
2020-10-18 17:20:06,062 INFO loss: 0.05576, 0.04060, 0.09636
2020-10-18 17:20:06,627 INFO loss: 0.06319, 0.05085, 0.11405
2020-10-18 17:20:06,799 INFO loss: 0.08881, 0.12349, 0.21230
2020-10-18 17:20:07,001 INFO loss: 0.06005, 0.05342, 0.11348
2020-10-18 17:20:07,203 INFO loss: 0.05088, 0.04969, 0.10057
2020-10-18 17:20:07,402 INFO loss: 0.06993, 0.17487, 0.24480
2020-10-18 17:20:12,685 INFO loss: 0.06827, 0.10852, 0.17679
2020-10-18 17:20:12,863 INFO loss: 0.07060, 0.21575, 0.28635
2020-10-18 17:20:13,022 INFO loss: 0.05824, 0.12563, 0.18387
2020-10-18 17:20:13,179 INFO loss: 0.05306, 0.18295, 0.23601
2020-10-18 17:20:13,337 INFO loss: 0.06980, 0.09797, 0.16777
2020-10-18 17:20:13,557 INFO loss: 0.06653, 0.33664, 0.40316
2020-10-18 17:20:13,753 INFO loss: 0.06167, 0.10684, 0.16851
2020-10-18 17:20:15,216 INFO loss: 0.06789, 0.09047, 0.15835
2020-10-18 17:20:15,438 INFO loss: 0.06449, 0.14389, 0.20838
2020-10-18 17:20:15,611 INFO loss: 0.06290, 0.05747, 0.12036
2020-10-18 17:20:15,800 INFO loss: 0.06844, 0.10566, 0.17409
2020-10-18 17:20:16,003 INFO loss: 0.07310, 0.05644, 0.12954
2020-10-18 17:20:22,168 INFO loss: 0.06872, 0.15772, 0.22644
2020-10-18 17:20:22,364 INFO loss: 0.06813, 0.05632, 0.12445
2020-10-18 17:20:22,520 INFO loss: 0.06486, 0.03769, 0.10255
2020-10-18 17:20:22,752 INFO loss: 0.04794, 0.05581, 0.10374
2020-10-18 17:20:22,949 INFO loss: 0.07447, 0.12923, 0.20370
2020-10-18 17:20:23,121 INFO loss: 0.06515, 0.15613, 0.22128
2020-10-18 17:20:23,324 INFO loss: 0.06537, 0.10089, 0.16626
2020-10-18 17:20:23,932 INFO loss: 0.06849, 0.17445, 0.24295
2020-10-18 17:20:24,128 INFO loss: 0.08303, 0.10753, 0.19055
2020-10-18 17:20:24,363 INFO loss: 0.06330, 0.07322, 0.13652
2020-10-18 17:20:24,573 INFO loss: 0.05739, 0.07872, 0.13611
2020-10-18 17:20:24,878 INFO loss: 0.07380, 0.04447, 0.11827
2020-10-18 17:20:29,832 INFO loss: 0.06993, 0.15578, 0.22571
2020-10-18 17:20:30,045 INFO loss: 0.07756, 0.19696, 0.27453
2020-10-18 17:20:30,242 INFO loss: 0.07547, 0.12190, 0.19738
2020-10-18 17:20:30,424 INFO loss: 0.06229, 0.04228, 0.10457
2020-10-18 17:20:30,617 INFO loss: 0.06943, 0.17194, 0.24137
2020-10-18 17:20:30,851 INFO loss: 0.06675, 0.16351, 0.23026
2020-10-18 17:20:31,035 INFO loss: 0.08294, 0.08256, 0.16549
2020-10-18 17:20:34,459 INFO loss: 0.06832, 0.11025, 0.17857
2020-10-18 17:20:34,657 INFO loss: 0.07133, 0.10035, 0.17167
2020-10-18 17:20:34,852 INFO loss: 0.05977, 0.05420, 0.11397
2020-10-18 17:20:35,062 INFO loss: 0.08210, 0.08392, 0.16602
2020-10-18 17:20:35,297 INFO loss: 0.06908, 0.08383, 0.15291
2020-10-18 17:20:40,548 INFO loss: 0.07512, 0.16475, 0.23987
2020-10-18 17:20:40,760 INFO loss: 0.06711, 0.05552, 0.12263
2020-10-18 17:20:40,997 INFO loss: 0.05607, 0.08753, 0.14361
2020-10-18 17:20:41,234 INFO loss: 0.06983, 0.22938, 0.29921
2020-10-18 17:20:41,532 INFO loss: 0.08047, 0.18375, 0.26422
2020-10-18 17:20:41,755 INFO loss: 0.05994, 0.08909, 0.14903
2020-10-18 17:20:41,970 INFO loss: 0.08226, 0.20349, 0.28575
2020-10-18 17:20:42,743 INFO loss: 0.05713, 0.10438, 0.16152
2020-10-18 17:20:42,935 INFO loss: 0.06973, 0.07727, 0.14699
2020-10-18 17:20:43,195 INFO loss: 0.07229, 0.13578, 0.20806
2020-10-18 17:20:44,803 INFO loss: 0.06998, 0.19002, 0.26000
2020-10-18 17:20:45,028 INFO loss: 0.06800, 0.13305, 0.20106
2020-10-18 17:20:47,881 INFO loss: 0.05722, 0.10469, 0.16191
2020-10-18 17:20:48,048 INFO loss: 0.06669, 0.07336, 0.14006
2020-10-18 17:20:48,265 INFO loss: 0.06505, 0.06728, 0.13232
2020-10-18 17:20:48,450 INFO loss: 0.07012, 0.09464, 0.16476
2020-10-18 17:20:48,644 INFO loss: 0.07274, 0.05527, 0.12801
2020-10-18 17:20:48,835 INFO loss: 0.07320, 0.15052, 0.22372
2020-10-18 17:20:49,026 INFO loss: 0.09362, 0.19534, 0.28896
2020-10-18 17:20:49,189 INFO loss: 0.06334, 0.04594, 0.10929
2020-10-18 17:20:49,348 INFO loss: 0.06086, 0.14252, 0.20338
2020-10-18 17:20:49,517 INFO loss: 0.05414, 0.13145, 0.18559
2020-10-18 17:20:50,289 INFO loss: 0.06795, 0.17261, 0.24056
2020-10-18 17:20:50,441 INFO loss: 0.07267, 0.10615, 0.17882
2020-10-18 17:20:51,147 INFO loss: 0.06561, 0.10838, 0.17398
2020-10-18 17:20:51,296 INFO loss: 0.06679, 0.21869, 0.28549
2020-10-18 17:20:51,452 INFO loss: 0.06750, 0.17123, 0.23873
2020-10-18 17:20:51,588 INFO average loss : [0.06995576 0.12286932 0.19282507]
2020-10-18 17:20:51,603 INFO average error: [ 0.10772795 20.60244929 19.72047437]
