2021-02-18 18:36:16,177 INFO average error: [ 0.23677757 33.12917939  0.84685171]
2021-02-18 18:40:40,997 INFO 2.0377709698677062
2021-02-18 18:41:13,840 INFO 2.0023162186145784
2021-02-18 18:41:44,051 INFO 2.018016208410263
2021-02-18 18:42:16,545 INFO 1.9754210555553435
2021-02-18 18:42:47,123 INFO 2.0025657486915587
2021-02-18 18:43:19,094 INFO 1.9826394283771516
2021-02-18 18:43:50,645 INFO 1.979868197441101
2021-02-18 18:44:22,229 INFO 1.9782439804077148
2021-02-18 18:44:55,587 INFO 2.010989239215851
2021-02-18 18:45:26,230 INFO 2.0277673506736758
2021-02-18 18:45:58,252 INFO 1.963312612771988
2021-02-18 18:46:32,390 INFO 1.9857290363311768
2021-02-18 18:47:03,311 INFO 1.994486483335495
2021-02-18 18:47:34,656 INFO 1.9906693398952484
2021-02-18 18:48:08,874 INFO 1.9985659909248352
2021-02-18 18:48:39,879 INFO 1.9819504308700562
2021-02-18 18:49:11,485 INFO 1.958954461812973
2021-02-18 18:49:45,210 INFO 2.0080663633346556
2021-02-18 18:50:15,689 INFO 2.003151361942291
2021-02-18 18:50:46,620 INFO 1.958946191072464
2021-02-18 18:51:19,741 INFO 1.9783548307418823
2021-02-18 18:51:50,453 INFO 1.949711447954178
2021-02-18 18:52:21,660 INFO 1.9751463162899017
2021-02-18 18:52:55,087 INFO 1.953723863363266
2021-02-18 18:53:26,311 INFO 1.9721334159374238
2021-02-18 18:53:56,415 INFO 1.980259076356888
2021-02-18 18:54:31,216 INFO 1.960472422838211
2021-02-18 18:55:01,400 INFO 1.9598956882953644
2021-02-18 18:55:31,877 INFO 1.9514732515811921
2021-02-18 18:56:05,485 INFO 2.0034271728992463
2021-02-18 18:56:35,372 INFO 1.9328239595890044
2021-02-18 18:57:06,615 INFO 1.9961422848701478
2021-02-18 18:57:41,633 INFO 1.9925748372077943
2021-02-18 18:58:12,282 INFO 1.9310824108123779
2021-02-18 18:58:42,749 INFO 1.9648180031776428
2021-02-18 18:59:14,205 INFO 1.9864438235759736
2021-02-18 18:59:47,397 INFO 2.003597308397293
2021-02-18 19:00:18,116 INFO 1.9854350447654725
2021-02-18 19:00:51,210 INFO 1.9398210608959199
2021-02-18 19:01:48,823 INFO average error: [ 0.23335289 32.70504286  0.84982736]
2021-02-18 19:02:23,369 INFO 1.9376598632335662
2021-02-18 19:02:55,331 INFO 1.9401506412029266
2021-02-18 19:03:28,057 INFO 1.9759987246990205
2021-02-18 19:03:59,788 INFO 1.9608037316799163
2021-02-18 19:04:32,805 INFO 1.9415497064590455
2021-02-18 19:05:03,067 INFO 1.9601443588733674
2021-02-18 19:05:33,348 INFO 1.9528878593444825
2021-02-18 19:06:06,962 INFO 1.967526021003723
2021-02-18 19:06:37,503 INFO 1.9656374049186707
2021-02-18 19:07:08,661 INFO 1.9506843745708466
2021-02-18 19:07:41,732 INFO 1.9599305474758149
2021-02-18 19:08:13,301 INFO 1.9397378134727479
2021-02-18 19:08:43,402 INFO 1.9578504192829131
2021-02-18 19:09:16,867 INFO 2.009334763288498
2021-02-18 19:09:47,172 INFO 1.9527557957172395
2021-02-18 19:10:18,382 INFO 1.9766680932044982
2021-02-18 19:10:50,431 INFO 1.974862664937973
2021-02-18 19:11:23,173 INFO 1.956500267982483
2021-02-18 19:11:54,248 INFO 1.9501762676239014
2021-02-18 19:12:24,921 INFO 1.9597256457805634
2021-02-18 19:12:59,203 INFO 1.9864287984371185
2021-02-18 19:13:30,440 INFO 1.9376482045650483
2021-02-18 19:14:00,940 INFO 1.9594448852539061
2021-02-18 19:14:33,697 INFO 1.9723253679275512
2021-02-18 19:15:03,903 INFO 1.9704400384426117
2021-02-18 19:15:36,641 INFO 1.970906094312668
2021-02-18 19:16:07,492 INFO 1.945727871656418
2021-02-18 19:16:38,105 INFO 1.9804274260997772
2021-02-18 19:17:11,201 INFO 1.9769306623935698
2021-02-18 19:17:43,230 INFO 1.9403316175937653
2021-02-18 19:18:13,928 INFO 1.9164878129959106
2021-02-18 19:18:47,278 INFO 1.954897712469101
2021-02-18 19:19:18,336 INFO 1.9281091177463532
2021-02-18 19:19:50,284 INFO 1.9288357174396515
2021-02-18 19:20:21,202 INFO 1.9718900430202484
2021-02-18 19:20:53,303 INFO 1.9596692883968354
2021-02-18 19:21:24,341 INFO 1.9696937906742096
2021-02-18 19:21:58,754 INFO 1.9365777015686034
2021-02-18 19:22:29,080 INFO 1.97275794506073
2021-02-18 19:23:26,782 INFO average error: [ 0.23411091 32.5660525   0.84923167]
2021-02-18 19:24:00,698 INFO 1.9119401693344116
2021-02-18 19:24:33,888 INFO 1.9618933594226837
2021-02-18 19:25:07,122 INFO 1.9035578632354737
2021-02-18 19:25:39,808 INFO 1.9100661599636077
2021-02-18 19:26:09,654 INFO 1.9176421022415162
2021-02-18 19:26:43,228 INFO 1.9578957104682921
2021-02-18 19:27:14,139 INFO 1.9507082605361938
2021-02-18 19:27:45,399 INFO 1.9560494554042815
2021-02-18 19:28:18,051 INFO 1.9265281665325165
2021-02-18 19:28:48,293 INFO 1.9419979393482207
2021-02-18 19:29:21,052 INFO 1.9729055666923523
2021-02-18 19:29:50,905 INFO 1.9610179436206818
2021-02-18 19:30:23,414 INFO 1.9574417638778687
2021-02-18 19:30:54,626 INFO 1.936739763021469
2021-02-18 19:31:25,154 INFO 1.971401195526123
2021-02-18 19:31:57,959 INFO 1.9319074618816376
2021-02-18 19:32:28,709 INFO 1.9359441602230072
2021-02-18 19:33:01,117 INFO 1.9456284356117248
2021-02-18 19:33:33,177 INFO 1.973477829694748
2021-02-18 19:34:03,563 INFO 1.9560380375385285
2021-02-18 19:34:35,053 INFO 1.9755923187732696
2021-02-18 19:35:06,578 INFO 1.9599624681472778
2021-02-18 19:35:37,178 INFO 1.9413823223114013
2021-02-18 19:36:09,699 INFO 1.9837242710590361
2021-02-18 19:36:41,865 INFO 1.932793927192688
2021-02-18 19:37:12,932 INFO 1.9539102840423583
2021-02-18 19:37:45,675 INFO 1.9471759688854218
2021-02-18 19:38:17,684 INFO 1.9355884552001954
2021-02-18 19:38:49,411 INFO 1.9457814288139343
2021-02-18 19:39:20,676 INFO 1.9317366862297058
2021-02-18 19:39:51,549 INFO 1.9424178969860078
2021-02-18 19:40:25,651 INFO 1.9474991011619567
2021-02-18 19:40:57,002 INFO 1.9238115859031677
2021-02-18 19:41:27,034 INFO 1.9686031687259673
2021-02-18 19:41:59,241 INFO 1.9219809436798097
2021-02-18 19:42:32,361 INFO 1.9491564512252808
2021-02-18 19:43:02,485 INFO 1.9478773415088653
2021-02-18 19:43:33,396 INFO 1.9531085038185119
2021-02-18 19:44:07,300 INFO 1.9508720862865447
2021-02-18 19:45:04,378 INFO average error: [ 0.2337884  32.56730549  0.84984392]
2021-02-18 19:45:39,312 INFO 1.90770965218544
2021-02-18 19:46:10,406 INFO 1.9039829099178314
2021-02-18 19:46:41,441 INFO 1.9477313208580016
2021-02-18 19:47:16,346 INFO 1.9285214591026305
2021-02-18 19:47:47,195 INFO 1.936780446767807
2021-02-18 19:48:19,718 INFO 1.9409211683273315
2021-02-18 19:48:50,252 INFO 1.9289578437805175
2021-02-18 19:49:21,166 INFO 1.8930445182323457
2021-02-18 19:49:54,956 INFO 1.971861217021942
2021-02-18 19:50:25,440 INFO 1.9507575690746308
2021-02-18 19:50:55,898 INFO 1.9032715594768523
2021-02-18 19:51:28,745 INFO 1.937618899345398
2021-02-18 19:52:00,863 INFO 1.9140130281448364
2021-02-18 19:52:31,124 INFO 1.9495017063617706
2021-02-18 19:53:03,917 INFO 1.9834554600715637
2021-02-18 19:53:34,003 INFO 1.9316998279094697
2021-02-18 19:54:06,916 INFO 1.9234310603141784
2021-02-18 19:54:39,382 INFO 1.9748306703567504
2021-02-18 19:55:09,772 INFO 1.905741376876831
2021-02-18 19:55:41,116 INFO 1.9297056412696838
2021-02-18 19:56:13,759 INFO 1.9115382659435272
2021-02-18 19:56:44,383 INFO 1.965697112083435
2021-02-18 19:57:14,376 INFO 1.961027683019638
2021-02-18 19:57:48,362 INFO 1.9345035946369171
2021-02-18 19:58:19,893 INFO 1.9583795976638794
2021-02-18 19:58:51,347 INFO 1.921789940595627
2021-02-18 19:59:24,633 INFO 1.9577538800239562
2021-02-18 19:59:55,297 INFO 1.9375925874710083
2021-02-18 20:00:26,242 INFO 1.9319627809524536
2021-02-18 20:00:58,649 INFO 1.9637882673740388
2021-02-18 20:01:33,614 INFO 1.9126358914375305
2021-02-18 20:02:03,872 INFO 1.8869373083114624
2021-02-18 20:02:34,940 INFO 1.940827238559723
2021-02-18 20:03:07,943 INFO 1.9144811367988586
2021-02-18 20:03:39,898 INFO 1.964285353422165
2021-02-18 20:04:10,297 INFO 1.9250203716754912
2021-02-18 20:04:42,788 INFO 1.932107765674591
2021-02-18 20:05:15,015 INFO 1.9387491762638092
2021-02-18 20:05:46,111 INFO 1.9284573245048522
2021-02-18 20:06:44,378 INFO average error: [ 0.23272266 32.37337402  0.85012967]
2021-02-18 20:07:20,050 INFO 1.9053667378425598
2021-02-18 20:07:52,282 INFO 1.933547646999359
2021-02-18 20:08:24,985 INFO 1.925548198223114
2021-02-18 20:08:55,654 INFO 1.9279617416858672
2021-02-18 20:09:25,975 INFO 1.9170392811298371
2021-02-18 20:09:59,057 INFO 1.8887574565410614
2021-02-18 20:10:31,065 INFO 1.9502870070934295
2021-02-18 20:11:01,592 INFO 1.9099349534511567
2021-02-18 20:11:34,307 INFO 1.9490312147140503
2021-02-18 20:12:05,216 INFO 1.9575926280021667
2021-02-18 20:12:35,982 INFO 1.9299716782569885
2021-02-18 20:13:08,777 INFO 1.9173852813243866
2021-02-18 20:13:39,145 INFO 1.9189706885814666
2021-02-18 20:14:11,086 INFO 1.9110979425907135
2021-02-18 20:14:45,376 INFO 1.9374122774600984
2021-02-18 20:15:15,717 INFO 1.9194372832775115
2021-02-18 20:15:45,595 INFO 1.9154165637493135
2021-02-18 20:16:19,545 INFO 1.9329063308238983
2021-02-18 20:16:50,149 INFO 1.9028285491466521
2021-02-18 20:17:20,371 INFO 1.9402706813812256
2021-02-18 20:17:52,878 INFO 1.9109962105751037
2021-02-18 20:18:26,821 INFO 1.9262935721874237
2021-02-18 20:18:58,135 INFO 1.9450920557975768
2021-02-18 20:19:30,028 INFO 1.9173134410381316
2021-02-18 20:20:06,230 INFO 1.9291606414318085
2021-02-18 20:20:36,139 INFO 1.9274406611919404
2021-02-18 20:21:10,755 INFO 1.9309196829795838
2021-02-18 20:21:44,914 INFO 1.927421329021454
2021-02-18 20:22:15,144 INFO 1.9323940670490265
2021-02-18 20:22:45,599 INFO 1.9158060717582703
2021-02-18 20:23:20,382 INFO 1.9206168043613434
2021-02-18 20:23:50,815 INFO 1.9169981694221496
2021-02-18 20:24:20,966 INFO 1.9195252323150636
2021-02-18 20:24:55,220 INFO 1.9022674548625946
2021-02-18 20:25:26,410 INFO 1.927421531677246
2021-02-18 20:25:57,263 INFO 1.9352977085113525
2021-02-18 20:26:30,941 INFO 1.926135663986206
2021-02-18 20:27:01,469 INFO 1.9338921737670898
2021-02-18 20:27:32,122 INFO 1.9019291305541992
2021-02-18 20:28:32,320 INFO average error: [ 0.23210378 32.14714844  0.85008136]
2021-02-18 20:29:07,165 INFO 1.9266920340061189
2021-02-18 20:29:39,058 INFO 1.9185954236984253
2021-02-18 20:30:09,700 INFO 1.9243969416618347
2021-02-18 20:30:42,942 INFO 1.916425142288208
2021-02-18 20:31:15,625 INFO 1.8878070783615113
2021-02-18 20:31:46,286 INFO 1.9215627384185792
2021-02-18 20:32:19,872 INFO 1.901447322368622
2021-02-18 20:32:50,433 INFO 1.9268677890300752
2021-02-18 20:33:21,118 INFO 1.8966630470752717
2021-02-18 20:33:54,522 INFO 1.9130295526981353
2021-02-18 20:34:24,585 INFO 1.9359834671020508
2021-02-18 20:34:56,908 INFO 1.9172748160362243
2021-02-18 20:35:28,662 INFO 1.910364271402359
2021-02-18 20:36:00,725 INFO 1.9135476267337799
2021-02-18 20:36:31,480 INFO 1.9677631628513337
2021-02-18 20:37:04,455 INFO 1.8993406224250793
2021-02-18 20:37:35,938 INFO 1.9377231884002686
2021-02-18 20:38:07,398 INFO 1.9325912845134736
2021-02-18 20:38:39,777 INFO 1.8855269384384155
2021-02-18 20:39:10,109 INFO 1.9388584387302399
2021-02-18 20:39:42,488 INFO 1.9055019855499267
2021-02-18 20:40:15,588 INFO 1.916535189151764
2021-02-18 20:40:46,383 INFO 1.9330135524272918
2021-02-18 20:41:16,336 INFO 1.948998087644577
2021-02-18 20:41:50,842 INFO 1.9149301898479463
2021-02-18 20:42:22,078 INFO 1.9388490867614747
2021-02-18 20:42:52,269 INFO 1.8799831807613372
2021-02-18 20:43:25,754 INFO 1.901035679578781
2021-02-18 20:43:56,152 INFO 1.9179098582267762
2021-02-18 20:44:27,717 INFO 1.8970838487148285
2021-02-18 20:45:01,667 INFO 1.9244235372543335
2021-02-18 20:45:32,319 INFO 1.9130392396450042
2021-02-18 20:46:04,373 INFO 1.9215718352794646
2021-02-18 20:46:36,054 INFO 1.9312873983383179
2021-02-18 20:47:06,974 INFO 1.9039325773715974
2021-02-18 20:47:39,256 INFO 1.871921226978302
2021-02-18 20:48:09,175 INFO 1.922189292907715
2021-02-18 20:48:42,464 INFO 1.8722298169136047
2021-02-18 20:49:12,759 INFO 1.9597778403759003
2021-02-18 20:50:09,989 INFO average error: [ 0.23306803 32.12918488  0.84978202]
2021-02-18 20:50:47,658 INFO 1.9048372960090638
2021-02-18 20:51:17,809 INFO 1.9039237534999847
2021-02-18 20:51:47,892 INFO 1.9197619700431823
2021-02-18 20:52:22,039 INFO 1.8754182279109954
2021-02-18 20:52:51,926 INFO 1.9363236463069915
2021-02-18 20:53:22,719 INFO 1.9074019026756286
2021-02-18 20:53:57,732 INFO 1.8608883333206176
2021-02-18 20:54:27,899 INFO 1.9049686360359193
2021-02-18 20:54:58,350 INFO 1.9062855672836303
2021-02-18 20:55:31,319 INFO 1.9785447430610656
2021-02-18 20:56:02,186 INFO 1.915251500606537
2021-02-18 20:56:33,573 INFO 1.8831763792037963
2021-02-18 20:57:07,524 INFO 1.9218815743923188
2021-02-18 20:57:38,093 INFO 1.9168445134162904
2021-02-18 20:58:08,854 INFO 1.8878980100154876
2021-02-18 20:58:42,136 INFO 1.886579120159149
2021-02-18 20:59:11,822 INFO 1.9070946943759919
2021-02-18 20:59:42,994 INFO 1.9213030683994292
2021-02-18 21:00:15,404 INFO 1.8835953164100647
2021-02-18 21:00:48,619 INFO 1.8854338991642
2021-02-18 21:01:18,746 INFO 1.9130034470558166
2021-02-18 21:01:51,899 INFO 1.884880038499832
2021-02-18 21:02:21,855 INFO 1.8786849439144135
2021-02-18 21:02:52,528 INFO 1.9236834645271301
2021-02-18 21:03:25,155 INFO 1.8678558194637298
2021-02-18 21:03:56,314 INFO 1.890894628763199
2021-02-18 21:04:26,706 INFO 1.9158508563041687
2021-02-18 21:04:59,094 INFO 1.9424630856513978
2021-02-18 21:05:31,288 INFO 1.9011059296131134
2021-02-18 21:06:01,770 INFO 1.8540955209732055
2021-02-18 21:06:33,736 INFO 1.9134023153781892
2021-02-18 21:07:05,235 INFO 1.8797897171974183
2021-02-18 21:07:36,593 INFO 1.951980232000351
2021-02-18 21:08:08,863 INFO 1.926392080783844
2021-02-18 21:08:41,062 INFO 1.890545152425766
2021-02-18 21:09:11,858 INFO 1.8943367576599122
2021-02-18 21:09:44,881 INFO 1.9184060955047608
2021-02-18 21:10:16,151 INFO 1.9304848611354828
2021-02-18 21:10:46,733 INFO 1.8977596580982208
2021-02-18 21:11:45,148 INFO average error: [ 0.23305262 32.20500203  0.85040406]
2021-02-18 21:12:19,748 INFO 1.8750453174114228
2021-02-18 21:12:52,530 INFO 1.9132700848579407
2021-02-18 21:13:23,307 INFO 1.9266587722301483
2021-02-18 21:13:56,784 INFO 1.9112954139709473
2021-02-18 21:14:27,325 INFO 1.8663698101043702
2021-02-18 21:14:59,308 INFO 1.933335521221161
2021-02-18 21:15:33,106 INFO 1.9075900566577912
2021-02-18 21:16:04,189 INFO 1.9012935626506806
2021-02-18 21:16:33,940 INFO 1.8673607361316682
2021-02-18 21:17:07,441 INFO 1.8999907195568084
2021-02-18 21:17:38,122 INFO 1.900252240896225
2021-02-18 21:18:07,975 INFO 1.9017123305797576
2021-02-18 21:18:40,995 INFO 1.8875927734375
2021-02-18 21:19:11,638 INFO 1.9211796748638152
2021-02-18 21:19:42,118 INFO 1.9106680834293366
2021-02-18 21:20:16,201 INFO 1.9315548348426819
2021-02-18 21:20:46,774 INFO 1.9331206119060516
2021-02-18 21:21:20,000 INFO 1.9142364680767059
2021-02-18 21:21:51,996 INFO 1.9122551012039184
2021-02-18 21:22:22,039 INFO 1.9425398659706117
2021-02-18 21:22:55,220 INFO 1.8945703852176665
2021-02-18 21:23:25,417 INFO 1.879538085460663
2021-02-18 21:23:57,821 INFO 1.9090697932243348
2021-02-18 21:24:29,578 INFO 1.8828681600093842
2021-02-18 21:24:59,810 INFO 1.9096493816375733
2021-02-18 21:25:31,017 INFO 1.9019363689422608
2021-02-18 21:26:03,566 INFO 1.8865076732635497
2021-02-18 21:26:34,921 INFO 1.8758801245689392
2021-02-18 21:27:07,593 INFO 1.9111004507541656
2021-02-18 21:27:39,501 INFO 1.8819064033031463
2021-02-18 21:28:10,266 INFO 1.892668318748474
2021-02-18 21:28:42,241 INFO 1.897931581735611
2021-02-18 21:29:14,369 INFO 1.875011842250824
2021-02-18 21:29:44,720 INFO 1.8746007215976714
2021-02-18 21:30:19,125 INFO 1.8832442808151244
2021-02-18 21:30:48,960 INFO 1.9008651506900787
2021-02-18 21:31:20,534 INFO 1.89466717004776
2021-02-18 21:31:53,763 INFO 1.925383416414261
2021-02-18 21:32:25,175 INFO 1.9044905936717986
2021-02-18 21:33:21,253 INFO average error: [ 0.23353088 32.39553957  0.84885475]
2021-02-18 21:33:55,894 INFO 1.8980834650993348
2021-02-18 21:34:28,218 INFO 1.9087818324565888
2021-02-18 21:34:58,682 INFO 1.880727014541626
2021-02-18 21:35:31,819 INFO 1.8650938165187836
2021-02-18 21:36:02,263 INFO 1.8329065012931824
2021-02-18 21:36:34,237 INFO 1.8354211342334747
2021-02-18 21:37:05,850 INFO 1.8734963345527649
2021-02-18 21:37:37,562 INFO 1.8999502456188202
2021-02-18 21:38:09,559 INFO 1.9255939948558807
2021-02-18 21:38:40,442 INFO 1.8780082476139068
2021-02-18 21:39:12,574 INFO 1.9011908054351807
2021-02-18 21:39:45,010 INFO 1.9419279503822326
2021-02-18 21:40:16,970 INFO 1.8852303516864777
2021-02-18 21:40:47,515 INFO 1.859694368839264
2021-02-18 21:41:18,883 INFO 1.9105798876285554
2021-02-18 21:41:52,618 INFO 1.87134215593338
2021-02-18 21:42:22,719 INFO 1.870297589302063
2021-02-18 21:42:54,973 INFO 1.8547255754470826
2021-02-18 21:43:26,577 INFO 1.9282139730453491
2021-02-18 21:43:57,009 INFO 1.9046346616744996
2021-02-18 21:44:31,626 INFO 1.8666863930225372
2021-02-18 21:45:02,608 INFO 1.8861749827861787
2021-02-18 21:45:32,442 INFO 1.8959935426712036
2021-02-18 21:46:03,778 INFO 1.9170304453372955
2021-02-18 21:46:37,881 INFO 1.847763112783432
2021-02-18 21:47:08,748 INFO 1.8966333401203155
2021-02-18 21:47:39,182 INFO 1.9052590918540955
2021-02-18 21:48:11,595 INFO 1.9239482545852662
2021-02-18 21:48:42,996 INFO 1.8580104780197144
2021-02-18 21:49:12,853 INFO 1.9062470948696137
2021-02-18 21:49:45,249 INFO 1.8931931674480438
2021-02-18 21:50:16,207 INFO 1.8812920081615447
2021-02-18 21:50:49,424 INFO 1.9214435338973999
2021-02-18 21:51:20,117 INFO 1.8745215034484863
2021-02-18 21:51:52,151 INFO 1.87279399394989
2021-02-18 21:52:24,238 INFO 1.928488575220108
2021-02-18 21:52:55,803 INFO 1.8845355641841888
2021-02-18 21:53:27,293 INFO 1.899882551431656
2021-02-18 21:53:58,918 INFO 1.8633017921447754
2021-02-18 21:54:57,686 INFO average error: [ 0.23279196 31.73859516  0.8492263 ]
2021-02-18 21:55:32,310 INFO 1.8569910192489625
2021-02-18 21:56:04,406 INFO 1.8714551138877868
2021-02-18 21:56:34,839 INFO 1.8968999552726746
2021-02-18 21:57:08,849 INFO 1.8956799983978272
2021-02-18 21:57:40,614 INFO 1.8805879163742065
2021-02-18 21:58:11,119 INFO 1.886055201292038
2021-02-18 21:58:45,387 INFO 1.8606250727176665
2021-02-18 21:59:15,680 INFO 1.85162344455719
2021-02-18 21:59:47,240 INFO 1.870682374238968
2021-02-18 22:00:21,128 INFO 1.8863649618625642
2021-02-18 22:00:50,202 INFO 1.8799025583267213
2021-02-18 22:01:22,357 INFO 1.8584069776535035
2021-02-18 22:01:54,496 INFO 1.8662545549869538
2021-02-18 22:02:25,320 INFO 1.9176318109035493
2021-02-18 22:02:56,528 INFO 1.9064306402206421
2021-02-18 22:03:28,919 INFO 1.8800749135017396
2021-02-18 22:03:59,455 INFO 1.897672414779663
2021-02-18 22:04:31,971 INFO 1.8147532224655152
2021-02-18 22:05:02,851 INFO 1.8687079238891602
2021-02-18 22:05:35,394 INFO 1.8595430839061737
2021-02-18 22:06:06,502 INFO 1.883682552576065
2021-02-18 22:06:39,013 INFO 1.8954286527633668
2021-02-18 22:07:10,480 INFO 1.8456727385520935
2021-02-18 22:07:41,941 INFO 1.8672042393684387
2021-02-18 22:08:15,391 INFO 1.8884253263473512
2021-02-18 22:08:45,673 INFO 1.8720339882373809
2021-02-18 22:09:16,623 INFO 1.8568848836421967
2021-02-18 22:09:49,774 INFO 1.9041742813587188
2021-02-18 22:10:20,484 INFO 1.8704900813102723
2021-02-18 22:10:51,465 INFO 1.8923824787139893
2021-02-18 22:11:25,305 INFO 1.8646923947334288
2021-02-18 22:11:56,569 INFO 1.893591867685318
2021-02-18 22:12:26,894 INFO 1.8844295728206635
2021-02-18 22:13:01,753 INFO 1.8830893862247466
2021-02-18 22:13:32,183 INFO 1.8634851682186127
2021-02-18 22:14:02,887 INFO 1.8596952998638152
2021-02-18 22:14:35,832 INFO 1.899717892408371
2021-02-18 22:15:06,455 INFO 1.8853349709510803
2021-02-18 22:15:37,146 INFO 1.8705552446842193
2021-02-18 22:16:35,327 INFO average error: [ 0.23348276 32.1381065   0.84903844]
