2021-02-08 13:53:48,556 INFO /home/eee198/Documents/datasets/GazeFollowData/test_annotations.mat contains 4782 images
2021-02-08 13:55:22,418 INFO Test average loss : 51.795583693080125
2021-02-08 13:55:22,420 INFO Test average error: [ 0.90221142  0.16929754 22.48655693]
2021-02-08 13:57:06,421 INFO 51.97696937561035
2021-02-08 13:57:45,783 INFO 51.495043716430665
2021-02-08 13:58:25,194 INFO 51.07115356445313
2021-02-08 13:59:04,617 INFO 51.645562744140626
2021-02-08 13:59:44,112 INFO 51.51306823730469
2021-02-08 14:00:23,604 INFO 51.830780792236325
2021-02-08 14:01:03,120 INFO 51.00255386352539
2021-02-08 14:01:43,158 INFO 50.99852100372314
2021-02-08 14:02:22,654 INFO 52.003661994934085
2021-02-08 14:03:02,205 INFO 51.20607822418213
2021-02-08 14:03:41,799 INFO 51.70112804412842
2021-02-08 14:04:21,357 INFO 51.030863456726074
2021-02-08 14:05:00,911 INFO 51.485256843566894
2021-02-08 14:05:40,461 INFO 51.18696823120117
2021-02-08 14:06:20,047 INFO 52.19127685546875
2021-02-08 14:06:59,649 INFO 50.34779201507568
2021-02-08 14:07:39,337 INFO 51.822765884399416
2021-02-08 14:08:18,861 INFO 51.56430751800537
2021-02-08 14:08:58,396 INFO 51.75209011077881
2021-02-08 14:09:37,993 INFO 51.28847229003906
2021-02-08 14:10:17,556 INFO 51.65081466674805
2021-02-08 14:10:57,096 INFO 51.18838550567627
2021-02-08 14:11:36,680 INFO 51.468522491455076
2021-02-08 14:12:16,242 INFO 51.504575386047364
2021-02-08 14:12:55,910 INFO 50.86179996490478
2021-02-08 14:13:35,576 INFO 50.94195640563965
2021-02-08 14:14:15,405 INFO 51.64149234771728
2021-02-08 14:14:55,135 INFO 50.775195083618165
2021-02-08 14:15:34,784 INFO 51.80159244537354
2021-02-08 14:16:14,376 INFO 51.085340309143064
2021-02-08 14:16:53,920 INFO 51.47992309570313
2021-02-08 14:17:33,709 INFO 51.97135902404785
2021-02-08 14:18:13,258 INFO 51.111938552856444
2021-02-08 14:18:52,868 INFO 51.384718627929686
2021-02-08 14:19:32,510 INFO 51.535661125183104
2021-02-08 14:20:12,048 INFO 51.756034240722656
2021-02-08 14:20:51,595 INFO 51.803426856994626
2021-02-08 14:21:31,229 INFO 51.585687446594235
2021-02-08 14:22:10,974 INFO 51.617361869812015
2021-02-08 14:22:43,200 INFO Test average loss : 51.79351985255213
2021-02-08 14:22:43,202 INFO Test average error: [ 0.90459884  0.17177537 22.51008501]
2021-02-08 14:23:24,294 INFO 50.7461051940918
2021-02-08 14:24:03,735 INFO 51.14043952941895
2021-02-08 14:24:43,184 INFO 51.005010528564455
2021-02-08 14:25:22,613 INFO 50.60968536376953
2021-02-08 14:26:02,058 INFO 51.29691791534424
2021-02-08 14:26:41,498 INFO 51.629760818481444
2021-02-08 14:27:20,932 INFO 51.06755462646484
2021-02-08 14:28:00,384 INFO 50.55271518707276
2021-02-08 14:28:39,846 INFO 51.12877742767334
2021-02-08 14:29:19,298 INFO 50.54122207641601
2021-02-08 14:29:58,803 INFO 51.16816329956055
2021-02-08 14:30:38,249 INFO 50.41798133850098
2021-02-08 14:31:17,687 INFO 52.101937217712404
2021-02-08 14:31:57,176 INFO 51.567476997375486
2021-02-08 14:32:36,596 INFO 50.78385459899902
2021-02-08 14:33:16,027 INFO 50.98663272857666
2021-02-08 14:33:55,508 INFO 51.699199714660644
2021-02-08 14:34:34,948 INFO 51.0089079284668
2021-02-08 14:35:14,378 INFO 50.41099689483642
2021-02-08 14:35:53,859 INFO 51.18526054382324
2021-02-08 14:36:33,326 INFO 51.32031887054443
2021-02-08 14:37:12,782 INFO 50.946594581604
2021-02-08 14:37:52,239 INFO 50.86258079528809
2021-02-08 14:38:31,671 INFO 50.69737533569336
2021-02-08 14:39:11,124 INFO 50.55518550872803
2021-02-08 14:39:50,601 INFO 50.86474266052246
2021-02-08 14:40:30,072 INFO 50.70168243408203
2021-02-08 14:41:09,520 INFO 50.76885646820068
2021-02-08 14:41:48,985 INFO 50.126825408935545
2021-02-08 14:42:28,436 INFO 50.78620204925537
2021-02-08 14:43:07,887 INFO 50.82727130889893
2021-02-08 14:43:47,332 INFO 50.857102699279785
2021-02-08 14:44:26,797 INFO 50.713350219726564
2021-02-08 14:45:06,252 INFO 52.006220512390136
2021-02-08 14:45:45,703 INFO 51.262849502563476
2021-02-08 14:46:25,135 INFO 51.345367889404294
2021-02-08 14:47:04,581 INFO 50.89377494812012
2021-02-08 14:47:44,105 INFO 50.82787906646728
2021-02-08 14:48:23,602 INFO 50.72625385284424
2021-02-08 14:48:55,065 INFO Test average loss : 51.82882504160189
2021-02-08 14:48:55,068 INFO Test average error: [ 0.90648961  0.17195422 22.68594576]
2021-02-08 14:49:36,118 INFO 50.96024150848389
2021-02-08 14:50:15,569 INFO 50.55998844146728
2021-02-08 14:50:55,024 INFO 50.493077697753904
2021-02-08 14:51:34,471 INFO 50.25002986907959
2021-02-08 14:52:13,934 INFO 50.60699729919433
2021-02-08 14:52:53,407 INFO 50.92165657043457
2021-02-08 14:53:32,901 INFO 50.44323078155517
2021-02-08 14:54:12,313 INFO 50.012903747558596
2021-02-08 14:54:51,770 INFO 50.63770950317383
2021-02-08 14:55:31,226 INFO 50.5082022857666
2021-02-08 14:56:10,673 INFO 50.66379379272461
2021-02-08 14:56:50,111 INFO 50.25461696624756
2021-02-08 14:57:29,594 INFO 50.559654541015625
2021-02-08 14:58:09,031 INFO 50.539337692260744
2021-02-08 14:58:48,446 INFO 50.54183113098144
2021-02-08 14:59:27,875 INFO 50.18713279724121
2021-02-08 15:00:07,297 INFO 50.4348112487793
2021-02-08 15:00:46,715 INFO 51.17377578735351
2021-02-08 15:01:26,121 INFO 50.18256610870361
2021-02-08 15:02:05,551 INFO 50.13818386077881
2021-02-08 15:02:44,979 INFO 51.28752853393555
2021-02-08 15:03:24,497 INFO 50.48123706817627
2021-02-08 15:04:03,977 INFO 50.80452922821045
2021-02-08 15:04:43,434 INFO 50.2114782333374
2021-02-08 15:05:22,855 INFO 51.27123306274414
2021-02-08 15:06:02,335 INFO 50.380316276550296
2021-02-08 15:06:41,778 INFO 50.98115901947021
2021-02-08 15:07:21,207 INFO 50.33252212524414
2021-02-08 15:08:00,675 INFO 50.79531238555908
2021-02-08 15:08:40,171 INFO 50.298649864196776
2021-02-08 15:09:19,622 INFO 50.85836280822754
2021-02-08 15:09:59,113 INFO 50.47221767425537
2021-02-08 15:10:38,580 INFO 50.071467552185055
2021-02-08 15:11:18,053 INFO 50.56075172424316
2021-02-08 15:11:57,518 INFO 50.231636962890626
2021-02-08 15:12:36,942 INFO 50.70344127655029
2021-02-08 15:13:16,411 INFO 50.626361236572265
2021-02-08 15:13:55,881 INFO 51.02018421173096
2021-02-08 15:14:35,339 INFO 51.07111957550049
2021-02-08 15:15:06,838 INFO Test average loss : 50.90944022239251
2021-02-08 15:15:06,841 INFO Test average error: [ 0.90945211  0.16645381 21.93369767]
2021-02-08 15:15:47,836 INFO 49.98936023712158
2021-02-08 15:16:27,265 INFO 50.37255229949951
2021-02-08 15:17:06,726 INFO 50.47207424163818
2021-02-08 15:17:46,203 INFO 50.19551208496094
2021-02-08 15:18:25,671 INFO 50.801457862854
2021-02-08 15:19:05,114 INFO 50.546968879699705
2021-02-08 15:19:44,562 INFO 49.88761569976807
2021-02-08 15:20:24,029 INFO 49.80052616119385
2021-02-08 15:21:03,501 INFO 50.84740867614746
2021-02-08 15:21:42,957 INFO 49.87096900939942
2021-02-08 15:22:22,374 INFO 49.671119651794434
2021-02-08 15:23:01,812 INFO 49.8297297668457
2021-02-08 15:23:41,282 INFO 50.919614753723145
2021-02-08 15:24:20,720 INFO 50.3764533996582
2021-02-08 15:25:00,178 INFO 50.148914108276365
2021-02-08 15:25:39,602 INFO 50.60550796508789
2021-02-08 15:26:19,013 INFO 49.92528873443604
2021-02-08 15:26:58,425 INFO 49.89355381011963
2021-02-08 15:27:37,889 INFO 49.64362930297852
2021-02-08 15:28:17,330 INFO 49.92448352813721
2021-02-08 15:28:56,786 INFO 50.78955249786377
2021-02-08 15:29:36,261 INFO 50.209408378601076
2021-02-08 15:30:15,697 INFO 50.488491706848144
2021-02-08 15:30:55,161 INFO 50.67900173187256
2021-02-08 15:31:34,639 INFO 50.100866889953615
2021-02-08 15:32:14,078 INFO 50.3792444229126
2021-02-08 15:32:53,540 INFO 50.18128677368164
2021-02-08 15:33:33,023 INFO 50.732536811828616
2021-02-08 15:34:12,463 INFO 49.765950202941895
2021-02-08 15:34:51,875 INFO 49.982774047851564
2021-02-08 15:35:31,344 INFO 50.80184406280517
2021-02-08 15:36:10,813 INFO 49.70347496032715
2021-02-08 15:36:51,292 INFO 49.6403392791748
2021-02-08 15:37:31,480 INFO 50.54952014923096
2021-02-08 15:38:12,200 INFO 50.55353050231933
2021-02-08 15:38:51,675 INFO 50.62538581848145
2021-02-08 15:39:31,167 INFO 50.20011852264404
2021-02-08 15:40:10,658 INFO 50.035928344726564
2021-02-08 15:40:50,161 INFO 49.49361934661865
2021-02-08 15:41:21,648 INFO Test average loss : 51.200944741035386
2021-02-08 15:41:21,650 INFO Test average error: [ 0.91183954  0.16748727 22.21423802]
2021-02-08 15:42:02,755 INFO 49.232557220458986
2021-02-08 15:42:42,225 INFO 49.450135955810545
2021-02-08 15:43:22,215 INFO 49.61050163269043
2021-02-08 15:44:01,679 INFO 49.624373817443846
2021-02-08 15:44:41,140 INFO 50.48410465240479
2021-02-08 15:45:20,601 INFO 50.24890556335449
2021-02-08 15:46:00,047 INFO 49.50591594696045
2021-02-08 15:46:39,525 INFO 50.161059608459475
2021-02-08 15:47:18,990 INFO 49.66324867248535
2021-02-08 15:47:58,430 INFO 49.87198806762695
2021-02-08 15:48:37,874 INFO 49.63510517120361
2021-02-08 15:49:17,338 INFO 49.48183345794678
2021-02-08 15:49:56,804 INFO 49.486151428222655
2021-02-08 15:50:36,257 INFO 49.03019542694092
2021-02-08 15:51:15,673 INFO 50.18639850616455
2021-02-08 15:51:55,155 INFO 50.2646025466919
2021-02-08 15:52:34,626 INFO 49.49158584594726
2021-02-08 15:53:14,091 INFO 49.53855987548828
2021-02-08 15:53:53,550 INFO 50.66583179473877
2021-02-08 15:54:32,998 INFO 49.94679630279541
2021-02-08 15:55:12,451 INFO 50.041726150512694
2021-02-08 15:55:51,914 INFO 50.10909339904785
2021-02-08 15:56:31,347 INFO 50.29857250213623
2021-02-08 15:57:10,805 INFO 50.098281898498534
2021-02-08 15:57:50,405 INFO 49.75869945526123
2021-02-08 15:58:29,859 INFO 49.294615783691405
2021-02-08 15:59:09,334 INFO 49.51691738128662
2021-02-08 15:59:48,792 INFO 49.684723777771
2021-02-08 16:00:28,262 INFO 49.349479331970215
2021-02-08 16:01:07,717 INFO 49.95029064178467
2021-02-08 16:01:47,176 INFO 50.087121658325195
2021-02-08 16:02:26,633 INFO 50.08466621398926
2021-02-08 16:03:06,104 INFO 49.08086494445801
2021-02-08 16:03:45,602 INFO 50.16175628662109
2021-02-08 16:04:25,050 INFO 49.73380493164063
2021-02-08 16:05:04,497 INFO 49.47787544250488
2021-02-08 16:05:44,073 INFO 49.70901977539062
2021-02-08 16:06:23,506 INFO 50.024259643554686
2021-02-08 16:07:02,981 INFO 50.3726806640625
2021-02-08 16:07:34,545 INFO Test average loss : 50.10473954318758
2021-02-08 16:07:34,548 INFO Test average error: [ 0.91495887  0.15863988 20.85915858]
2021-02-08 16:08:15,361 INFO 48.86445983886719
2021-02-08 16:08:54,780 INFO 49.74831329345703
2021-02-08 16:09:34,225 INFO 48.60880363464356
2021-02-08 16:10:13,643 INFO 49.36253303527832
2021-02-08 16:10:53,065 INFO 49.22291259765625
2021-02-08 16:11:32,525 INFO 49.939637145996095
2021-02-08 16:12:11,945 INFO 48.697118301391605
2021-02-08 16:12:51,393 INFO 48.786618881225586
2021-02-08 16:13:30,843 INFO 48.778100128173826
2021-02-08 16:14:10,320 INFO 49.44077388763428
2021-02-08 16:14:49,737 INFO 49.37841274261475
2021-02-08 16:15:29,188 INFO 49.782546577453616
2021-02-08 16:16:08,706 INFO 49.6462198638916
2021-02-08 16:16:48,176 INFO 49.89072265625
2021-02-08 16:17:27,619 INFO 49.784305000305174
2021-02-08 16:18:07,106 INFO 49.14241146087647
2021-02-08 16:18:46,520 INFO 49.410551147460936
2021-02-08 16:19:25,975 INFO 49.90590713500976
2021-02-08 16:20:05,473 INFO 49.23640590667725
2021-02-08 16:20:44,900 INFO 48.76597732543945
2021-02-08 16:21:24,357 INFO 49.63035415649414
2021-02-08 16:22:03,867 INFO 50.05569648742676
2021-02-08 16:22:43,328 INFO 49.813820343017575
2021-02-08 16:23:22,778 INFO 49.64894142150879
2021-02-08 16:24:02,265 INFO 49.44467987060547
2021-02-08 16:24:41,695 INFO 49.42762168884278
2021-02-08 16:25:21,117 INFO 49.57725654602051
2021-02-08 16:26:00,612 INFO 48.89248306274414
2021-02-08 16:26:40,048 INFO 49.34969707489014
2021-02-08 16:27:19,530 INFO 50.15144172668457
2021-02-08 16:27:59,022 INFO 50.06246482849121
2021-02-08 16:28:38,467 INFO 49.48278469085693
2021-02-08 16:29:17,948 INFO 48.9236918258667
2021-02-08 16:29:57,429 INFO 49.340132522583005
2021-02-08 16:30:36,899 INFO 49.44659847259521
2021-02-08 16:31:16,396 INFO 49.65590682983398
2021-02-08 16:31:55,899 INFO 49.69380012512207
2021-02-08 16:32:35,373 INFO 49.20272579193115
2021-02-08 16:33:14,812 INFO 49.436446800231934
2021-02-08 16:33:55,657 INFO Test average loss : 50.310439336260025
2021-02-08 16:33:55,660 INFO Test average error: [ 0.91172627  0.16042147 21.27281419]
2021-02-08 16:34:36,572 INFO 48.73142539978027
2021-02-08 16:35:15,984 INFO 48.99926723480225
2021-02-08 16:35:55,415 INFO 48.79163883209228
2021-02-08 16:36:34,858 INFO 48.42917900085449
2021-02-08 16:37:14,291 INFO 49.38245910644531
2021-02-08 16:37:53,775 INFO 48.93290660858154
2021-02-08 16:38:33,224 INFO 48.89066215515137
2021-02-08 16:39:12,712 INFO 49.117465858459475
2021-02-08 16:39:52,214 INFO 49.20217464447021
2021-02-08 16:40:31,663 INFO 48.69961685180664
2021-02-08 16:41:11,132 INFO 49.298873863220216
2021-02-08 16:41:50,627 INFO 48.88340896606445
2021-02-08 16:42:30,085 INFO 49.37474800109863
2021-02-08 16:43:09,552 INFO 49.090115776062014
2021-02-08 16:43:49,007 INFO 48.551489448547365
2021-02-08 16:44:28,435 INFO 48.93116928100586
2021-02-08 16:45:07,883 INFO 49.317927589416506
2021-02-08 16:45:47,369 INFO 49.16190032958984
2021-02-08 16:46:26,810 INFO 49.04888069152832
2021-02-08 16:47:06,250 INFO 48.62826972961426
2021-02-08 16:47:45,752 INFO 49.32339965820312
2021-02-08 16:48:25,203 INFO 48.53061630249024
2021-02-08 16:49:04,654 INFO 48.724946899414064
2021-02-08 16:49:44,130 INFO 49.20536415100098
2021-02-08 16:50:23,555 INFO 49.19966274261475
2021-02-08 16:51:03,015 INFO 48.52478813171387
2021-02-08 16:51:42,493 INFO 49.02988739013672
2021-02-08 16:52:21,961 INFO 48.891591186523435
2021-02-08 16:53:01,435 INFO 48.92939041137695
2021-02-08 16:53:40,934 INFO 49.23011150360107
2021-02-08 16:54:20,376 INFO 48.794926681518554
2021-02-08 16:54:59,868 INFO 49.38059921264649
2021-02-08 16:55:39,351 INFO 49.1800541305542
2021-02-08 16:56:18,832 INFO 49.132580528259275
2021-02-08 16:56:58,316 INFO 49.814584732055664
2021-02-08 16:57:37,845 INFO 49.61855655670166
2021-02-08 16:58:17,297 INFO 49.40833122253418
2021-02-08 16:58:56,767 INFO 49.119049644470216
2021-02-08 16:59:36,225 INFO 48.75430335998535
2021-02-08 17:00:07,769 INFO Test average loss : 50.481963269287924
2021-02-08 17:00:07,771 INFO Test average error: [ 0.91166527  0.16415281 21.32220195]
2021-02-08 17:00:48,557 INFO 48.77361721038818
2021-02-08 17:01:28,034 INFO 49.13513671875
2021-02-08 17:02:07,488 INFO 48.54087078094482
2021-02-08 17:02:46,949 INFO 48.79839641571045
2021-02-08 17:03:26,400 INFO 48.809046592712406
2021-02-08 17:04:05,910 INFO 48.4166763305664
2021-02-08 17:04:45,372 INFO 48.47549427032471
2021-02-08 17:05:24,820 INFO 48.42525470733643
2021-02-08 17:06:04,293 INFO 47.93683876037598
2021-02-08 17:06:43,765 INFO 47.973368072509764
2021-02-08 17:07:23,242 INFO 48.79842636108398
2021-02-08 17:08:02,742 INFO 48.05812328338623
2021-02-08 17:08:42,193 INFO 48.40992210388183
2021-02-08 17:09:21,678 INFO 48.978689422607424
2021-02-08 17:10:01,162 INFO 49.363786964416505
2021-02-08 17:10:40,621 INFO 48.99467655181885
2021-02-08 17:11:20,078 INFO 48.42996757507324
2021-02-08 17:11:59,544 INFO 48.68270206451416
2021-02-08 17:12:38,995 INFO 49.12879905700684
2021-02-08 17:13:18,564 INFO 48.37613658905029
2021-02-08 17:13:58,071 INFO 48.35165760040283
2021-02-08 17:14:37,525 INFO 48.84379039764404
2021-02-08 17:15:16,986 INFO 49.074370803833006
2021-02-08 17:15:56,500 INFO 49.01773818969727
2021-02-08 17:16:35,980 INFO 48.55565574645996
2021-02-08 17:17:15,450 INFO 48.89595081329346
2021-02-08 17:17:54,929 INFO 49.09464450836182
2021-02-08 17:18:34,359 INFO 48.99469657897949
2021-02-08 17:19:13,805 INFO 49.13976551055908
2021-02-08 17:19:53,418 INFO 48.8347135925293
2021-02-08 17:20:32,853 INFO 48.88790225982666
2021-02-08 17:21:12,308 INFO 49.10396587371826
2021-02-08 17:21:51,770 INFO 48.319761199951174
2021-02-08 17:22:31,206 INFO 48.728417282104495
2021-02-08 17:23:10,746 INFO 49.360788917541505
2021-02-08 17:23:50,203 INFO 48.28774929046631
2021-02-08 17:24:29,666 INFO 48.65861572265625
2021-02-08 17:25:09,112 INFO 49.011428108215334
2021-02-08 17:25:48,621 INFO 48.45292350769043
2021-02-08 17:26:20,129 INFO Test average loss : 50.51383640455163
2021-02-08 17:26:20,132 INFO Test average error: [ 0.91311167  0.16253433 21.47996402]
2021-02-08 17:27:00,929 INFO 48.13469409942627
2021-02-08 17:27:40,408 INFO 48.06640941619873
2021-02-08 17:28:19,874 INFO 47.85847644805908
2021-02-08 17:28:59,314 INFO 48.445539207458495
2021-02-08 17:29:38,773 INFO 48.85990608215332
2021-02-08 17:30:18,372 INFO 47.401740379333496
2021-02-08 17:30:57,827 INFO 48.27518741607666
2021-02-08 17:31:37,323 INFO 48.0130871963501
2021-02-08 17:32:16,793 INFO 48.47503482818603
2021-02-08 17:32:56,304 INFO 48.41476821899414
2021-02-08 17:33:35,768 INFO 48.36268371582031
2021-02-08 17:34:15,228 INFO 47.5043595123291
2021-02-08 17:34:54,724 INFO 48.46549674987793
2021-02-08 17:35:34,201 INFO 48.75470016479492
2021-02-08 17:36:13,634 INFO 49.01885566711426
2021-02-08 17:36:53,057 INFO 48.125115394592285
2021-02-08 17:37:32,524 INFO 48.917749671936036
2021-02-08 17:38:11,975 INFO 48.16394145965576
2021-02-08 17:38:51,430 INFO 49.3729780960083
2021-02-08 17:39:30,924 INFO 48.71522563934326
2021-02-08 17:40:10,416 INFO 48.422775993347166
2021-02-08 17:40:49,893 INFO 48.22348430633545
2021-02-08 17:41:29,353 INFO 47.85468528747558
2021-02-08 17:42:08,820 INFO 48.14310028076172
2021-02-08 17:42:48,280 INFO 48.41055938720703
2021-02-08 17:43:27,918 INFO 48.006941108703614
2021-02-08 17:44:07,383 INFO 48.83431900024414
2021-02-08 17:44:46,818 INFO 48.196625213623044
2021-02-08 17:45:26,396 INFO 47.939225883483886
2021-02-08 17:46:05,885 INFO 48.149862365722655
2021-02-08 17:46:45,345 INFO 48.26314174652099
2021-02-08 17:47:24,767 INFO 48.53602451324463
2021-02-08 17:48:04,246 INFO 48.4789098739624
2021-02-08 17:48:43,703 INFO 48.52852672576904
2021-02-08 17:49:23,183 INFO 48.8534920501709
2021-02-08 17:50:02,657 INFO 48.60725700378418
2021-02-08 17:50:42,143 INFO 48.74633338928223
2021-02-08 17:51:21,610 INFO 48.60763034820557
2021-02-08 17:52:01,189 INFO 48.75268367767334
2021-02-08 17:52:32,750 INFO Test average loss : 50.86399101333873
2021-02-08 17:52:32,754 INFO Test average error: [ 0.91352119  0.16239853 21.74251728]
2021-02-08 17:53:13,602 INFO 47.75612556457519
2021-02-08 17:53:53,197 INFO 47.4723854637146
2021-02-08 17:54:32,639 INFO 47.16831214904785
2021-02-08 17:55:12,102 INFO 46.382694206237794
2021-02-08 17:55:51,564 INFO 47.70036128997803
2021-02-08 17:56:31,125 INFO 47.11462436676025
2021-02-08 17:57:10,718 INFO 47.79979850769043
2021-02-08 17:57:50,209 INFO 48.61553874969482
2021-02-08 17:58:29,657 INFO 47.75139144897461
2021-02-08 17:59:09,135 INFO 47.54953224182129
2021-02-08 17:59:48,614 INFO 48.682808570861816
2021-02-08 18:00:28,066 INFO 48.33842582702637
2021-02-08 18:01:07,546 INFO 48.296908378601074
2021-02-08 18:01:47,114 INFO 48.242234535217285
2021-02-08 18:02:26,573 INFO 48.37616226196289
2021-02-08 18:03:05,997 INFO 47.89420017242432
2021-02-08 18:03:45,493 INFO 48.03176300048828
2021-02-08 18:04:25,005 INFO 47.84423156738281
2021-02-08 18:05:04,442 INFO 47.81822624206543
2021-02-08 18:05:43,909 INFO 47.232430419921876
2021-02-08 18:06:23,329 INFO 48.68264183044434
2021-02-08 18:07:02,748 INFO 47.86547801971435
2021-02-08 18:07:42,208 INFO 48.471815223693845
2021-02-08 18:08:21,636 INFO 48.44685546875
2021-02-08 18:09:01,208 INFO 47.98168106079102
2021-02-08 18:09:40,677 INFO 47.91361743927002
2021-02-08 18:10:20,140 INFO 48.28740135192871
2021-02-08 18:10:59,580 INFO 47.719543075561525
2021-02-08 18:11:39,120 INFO 47.499322395324704
2021-02-08 18:12:18,637 INFO 47.25629009246826
2021-02-08 18:12:58,079 INFO 48.641547660827634
2021-02-08 18:13:37,541 INFO 48.47418758392334
2021-02-08 18:14:16,979 INFO 48.70686786651611
2021-02-08 18:14:56,405 INFO 48.11097606658936
2021-02-08 18:15:35,851 INFO 48.6138724899292
2021-02-08 18:16:15,339 INFO 48.55031814575195
2021-02-08 18:16:54,881 INFO 48.28128482818604
2021-02-08 18:17:34,373 INFO 48.30883949279785
2021-02-08 18:18:13,808 INFO 48.15682384490967
2021-02-08 18:18:45,287 INFO Test average loss : 51.90305249906304
2021-02-08 18:18:45,290 INFO Test average error: [ 0.90947825  0.16951439 22.29083198]
2021-02-08 18:19:26,261 INFO 47.7663268661499
2021-02-08 18:20:05,744 INFO 47.19654293060303
2021-02-08 18:20:45,206 INFO 47.691391143798825
2021-02-08 18:21:24,660 INFO 46.67258472442627
2021-02-08 18:22:04,194 INFO 48.74237277984619
2021-02-08 18:22:43,664 INFO 47.58189708709717
2021-02-08 18:23:23,092 INFO 46.83233535766602
2021-02-08 18:24:02,637 INFO 47.58877391815186
2021-02-08 18:24:42,074 INFO 47.96816379547119
2021-02-08 18:25:21,541 INFO 47.45214195251465
2021-02-08 18:26:01,011 INFO 47.52665523529053
2021-02-08 18:26:40,461 INFO 47.11743724822998
2021-02-08 18:27:19,932 INFO 47.290248222351075
2021-02-08 18:27:59,371 INFO 48.07496505737305
2021-02-08 18:28:38,936 INFO 47.96291976928711
2021-02-08 18:29:18,424 INFO 47.59705604553223
2021-02-08 18:29:57,895 INFO 47.210968475341794
2021-02-08 18:30:37,347 INFO 47.36235527038574
2021-02-08 18:31:16,825 INFO 47.609882507324215
2021-02-08 18:31:56,333 INFO 47.1691975402832
2021-02-08 18:32:35,796 INFO 48.269959602355954
2021-02-08 18:33:15,253 INFO 47.158035888671876
2021-02-08 18:33:54,784 INFO 48.064962997436524
2021-02-08 18:34:34,341 INFO 48.61502727508545
2021-02-08 18:35:13,787 INFO 48.12970417022705
2021-02-08 18:35:53,295 INFO 47.553716850280765
2021-02-08 18:36:32,912 INFO 47.402208404541014
2021-02-08 18:37:12,377 INFO 48.18461433410644
2021-02-08 18:37:51,835 INFO 47.573099784851074
2021-02-08 18:38:31,317 INFO 47.50847106933594
2021-02-08 18:39:10,766 INFO 47.31407230377197
2021-02-08 18:39:50,258 INFO 48.12131847381592
2021-02-08 18:40:29,720 INFO 47.984346618652346
2021-02-08 18:41:09,169 INFO 48.612511749267576
2021-02-08 18:41:48,689 INFO 47.432706336975095
2021-02-08 18:42:28,170 INFO 47.20725154876709
2021-02-08 18:43:07,653 INFO 48.026604194641116
2021-02-08 18:43:47,127 INFO 47.8500708770752
2021-02-08 18:44:26,714 INFO 47.90814811706543
2021-02-08 18:45:08,172 INFO Test average loss : 49.89190209430197
2021-02-08 18:45:08,175 INFO Test average error: [ 0.91732887  0.1549784  20.42181298]
2021-02-08 18:45:49,063 INFO 47.452223205566405
2021-02-08 18:46:28,513 INFO 46.88837432861328
2021-02-08 18:47:07,987 INFO 47.06021629333496
2021-02-08 18:47:47,431 INFO 46.9445104598999
2021-02-08 18:48:26,865 INFO 47.30615333557129
2021-02-08 18:49:06,332 INFO 47.10938438415528
2021-02-08 18:49:45,815 INFO 47.23903438568115
2021-02-08 18:50:25,300 INFO 47.038457221984864
2021-02-08 18:51:04,749 INFO 47.63946060180664
2021-02-08 18:51:44,242 INFO 46.21056095123291
2021-02-08 18:52:23,748 INFO 47.110709533691406
2021-02-08 18:53:03,187 INFO 47.59626842498779
2021-02-08 18:53:42,707 INFO 46.999172897338866
2021-02-08 18:54:22,171 INFO 47.17179275512695
2021-02-08 18:55:01,639 INFO 46.541122589111325
2021-02-08 18:55:41,144 INFO 47.09743350982666
2021-02-08 18:56:20,598 INFO 47.70538848876953
2021-02-08 18:57:00,075 INFO 47.80214447021484
2021-02-08 18:57:39,579 INFO 47.43505016326904
2021-02-08 18:58:19,049 INFO 47.43550704956055
2021-02-08 18:58:58,504 INFO 47.75088668823242
2021-02-08 18:59:38,013 INFO 47.963931732177734
2021-02-08 19:00:17,520 INFO 47.58338260650635
2021-02-08 19:00:56,969 INFO 46.8322093963623
2021-02-08 19:01:36,617 INFO 46.93641738891601
2021-02-08 19:02:16,108 INFO 47.57806587219238
2021-02-08 19:02:55,580 INFO 47.842585716247555
2021-02-08 19:03:35,071 INFO 47.34339340209961
2021-02-08 19:04:14,504 INFO 46.91538951873779
2021-02-08 19:04:53,974 INFO 47.193615951538085
2021-02-08 19:05:33,520 INFO 47.46228191375732
2021-02-08 19:06:12,989 INFO 47.480384063720706
2021-02-08 19:06:52,417 INFO 47.44942173004151
2021-02-08 19:07:31,888 INFO 47.93704837799072
2021-02-08 19:08:11,394 INFO 47.69263591766357
2021-02-08 19:08:50,872 INFO 47.20716804504394
2021-02-08 19:09:30,385 INFO 47.0866667175293
2021-02-08 19:10:09,839 INFO 48.16553890228271
2021-02-08 19:10:49,276 INFO 48.07608074188232
2021-02-08 19:11:20,821 INFO Test average loss : 49.86857811663063
2021-02-08 19:11:20,823 INFO Test average error: [ 0.91229263  0.15851738 20.44652044]
2021-02-08 19:12:01,695 INFO 46.90929203033447
2021-02-08 19:12:41,136 INFO 46.62479637145996
2021-02-08 19:13:20,560 INFO 46.4086601638794
2021-02-08 19:14:00,050 INFO 46.915097579956054
2021-02-08 19:14:39,607 INFO 46.17463363647461
2021-02-08 19:15:19,060 INFO 47.461415214538576
2021-02-08 19:15:58,553 INFO 47.005865478515624
2021-02-08 19:16:37,988 INFO 46.536564140319825
2021-02-08 19:17:17,431 INFO 47.33724182128906
2021-02-08 19:17:56,917 INFO 46.83173133850098
2021-02-08 19:18:36,371 INFO 46.92430362701416
2021-02-08 19:19:15,821 INFO 46.745587005615235
2021-02-08 19:19:55,294 INFO 46.76459495544434
2021-02-08 19:20:34,917 INFO 46.87004096984863
2021-02-08 19:21:14,402 INFO 46.569927291870115
2021-02-08 19:21:53,870 INFO 46.918872032165524
2021-02-08 19:22:33,352 INFO 46.7070170211792
2021-02-08 19:23:12,809 INFO 47.09831760406494
2021-02-08 19:23:52,312 INFO 47.3711328125
2021-02-08 19:24:31,776 INFO 46.60920104980469
2021-02-08 19:25:11,248 INFO 47.11618232727051
2021-02-08 19:25:50,736 INFO 46.696005249023436
2021-02-08 19:26:30,157 INFO 46.36231475830078
2021-02-08 19:27:09,584 INFO 46.83607192993164
2021-02-08 19:27:49,026 INFO 47.45474811553955
2021-02-08 19:28:28,476 INFO 47.72235664367676
2021-02-08 19:29:07,897 INFO 46.80593311309814
2021-02-08 19:29:47,373 INFO 46.97771045684814
2021-02-08 19:30:26,816 INFO 47.12030460357666
2021-02-08 19:31:06,302 INFO 46.498745346069335
2021-02-08 19:31:45,764 INFO 46.63928588867188
2021-02-08 19:32:25,232 INFO 46.62576435089111
2021-02-08 19:33:04,675 INFO 46.24812696456909
2021-02-08 19:33:44,223 INFO 47.69171249389648
2021-02-08 19:34:23,679 INFO 46.366638069152835
2021-02-08 19:35:03,203 INFO 47.424443054199216
2021-02-08 19:35:42,759 INFO 46.74092098236084
2021-02-08 19:36:22,235 INFO 48.31033123016358
2021-02-08 19:37:01,685 INFO 47.71906299591065
2021-02-08 19:37:33,293 INFO Test average loss : 51.01918741053961
2021-02-08 19:37:33,296 INFO Test average error: [ 0.91346891  0.16465591 21.3512077 ]
2021-02-08 19:38:14,081 INFO 46.464040985107424
2021-02-08 19:38:53,510 INFO 46.31575813293457
2021-02-08 19:39:32,986 INFO 46.11807655334473
2021-02-08 19:40:12,428 INFO 45.99717926025391
2021-02-08 19:40:51,855 INFO 46.981449890136716
2021-02-08 19:41:31,279 INFO 46.56904468536377
2021-02-08 19:42:10,726 INFO 46.906730804443356
2021-02-08 19:42:50,172 INFO 46.480810470581055
2021-02-08 19:43:29,648 INFO 46.78229080200195
2021-02-08 19:44:09,107 INFO 46.913912048339846
2021-02-08 19:44:48,530 INFO 46.30940319061279
2021-02-08 19:45:27,976 INFO 46.832468605041505
2021-02-08 19:46:07,468 INFO 46.9872384262085
2021-02-08 19:46:46,935 INFO 46.171069107055665
2021-02-08 19:47:26,377 INFO 46.06927730560303
2021-02-08 19:48:05,837 INFO 45.751863441467286
2021-02-08 19:48:45,268 INFO 46.83723651885986
2021-02-08 19:49:24,682 INFO 46.98750221252441
2021-02-08 19:50:04,181 INFO 46.475649719238284
2021-02-08 19:50:43,636 INFO 47.15478946685791
2021-02-08 19:51:23,065 INFO 46.9713228225708
2021-02-08 19:52:02,508 INFO 46.62060573577881
2021-02-08 19:52:41,919 INFO 47.084380073547365
2021-02-08 19:53:21,365 INFO 46.662489128112796
2021-02-08 19:54:00,840 INFO 46.58908149719238
2021-02-08 19:54:40,301 INFO 46.18940410614014
2021-02-08 19:55:19,723 INFO 45.87967533111572
2021-02-08 19:55:59,208 INFO 46.31612655639648
2021-02-08 19:56:38,653 INFO 46.34155406951904
2021-02-08 19:57:18,129 INFO 46.9724308013916
2021-02-08 19:57:57,632 INFO 47.24649814605713
2021-02-08 19:58:37,156 INFO 47.090531768798826
2021-02-08 19:59:16,597 INFO 45.95252376556397
2021-02-08 19:59:56,079 INFO 46.56908187866211
2021-02-08 20:00:35,523 INFO 46.67726005554199
2021-02-08 20:01:14,959 INFO 47.12102348327637
2021-02-08 20:01:54,454 INFO 46.70134983062744
2021-02-08 20:02:33,887 INFO 45.88290790557861
2021-02-08 20:03:13,322 INFO 47.55463115692139
2021-02-08 20:03:44,939 INFO Test average loss : 49.2328761684456
2021-02-08 20:03:44,941 INFO Test average error: [ 0.91937648  0.15135771 19.54589292]
2021-02-08 20:04:25,738 INFO 45.65097606658936
2021-02-08 20:05:05,215 INFO 45.78013999938965
2021-02-08 20:05:44,664 INFO 45.87179428100586
2021-02-08 20:06:24,113 INFO 46.36918128967285
2021-02-08 20:07:03,621 INFO 46.25453147888184
2021-02-08 20:07:43,076 INFO 46.56928302764893
2021-02-08 20:08:22,548 INFO 46.207675514221194
2021-02-08 20:09:02,009 INFO 45.644821357727054
2021-02-08 20:09:41,445 INFO 45.80859317779541
2021-02-08 20:10:20,868 INFO 46.17673320770264
2021-02-08 20:11:00,319 INFO 46.58777778625488
2021-02-08 20:11:39,787 INFO 46.53601230621338
2021-02-08 20:12:19,244 INFO 46.656220703125
2021-02-08 20:12:58,720 INFO 46.00426616668701
2021-02-08 20:13:38,215 INFO 45.72373237609863
2021-02-08 20:14:17,666 INFO 45.74967388153076
2021-02-08 20:14:57,118 INFO 46.587280197143556
2021-02-08 20:15:36,613 INFO 46.14137111663818
2021-02-08 20:16:16,179 INFO 46.373366088867186
2021-02-08 20:16:55,601 INFO 45.8197737121582
2021-02-08 20:17:35,059 INFO 46.2020601272583
2021-02-08 20:18:14,485 INFO 46.58811771392822
2021-02-08 20:18:53,942 INFO 46.69114921569824
2021-02-08 20:19:33,420 INFO 46.39733074188232
2021-02-08 20:20:12,875 INFO 46.81227573394776
2021-02-08 20:20:52,311 INFO 45.9470484161377
2021-02-08 20:21:31,820 INFO 46.04205890655518
2021-02-08 20:22:11,285 INFO 46.968223609924316
2021-02-08 20:22:50,733 INFO 46.15357753753662
2021-02-08 20:23:30,285 INFO 46.494882316589354
2021-02-08 20:24:09,736 INFO 46.163998413085935
2021-02-08 20:24:49,259 INFO 46.595527496337894
2021-02-08 20:25:28,708 INFO 45.359150619506835
2021-02-08 20:26:08,164 INFO 46.592986526489256
2021-02-08 20:26:47,605 INFO 45.885690727233886
2021-02-08 20:27:27,062 INFO 46.48814559936523
2021-02-08 20:28:06,524 INFO 47.038313941955565
2021-02-08 20:28:45,968 INFO 46.64622741699219
2021-02-08 20:29:25,437 INFO 47.34010513305664
2021-02-08 20:29:57,039 INFO Test average loss : 49.268462165143575
2021-02-08 20:29:57,041 INFO Test average error: [ 0.91433152  0.15113691 19.60868162]
2021-02-08 20:30:37,914 INFO 45.561499977111815
2021-02-08 20:31:17,412 INFO 46.12510288238526
2021-02-08 20:31:56,882 INFO 45.816453742980954
2021-02-08 20:32:36,338 INFO 45.11035202026367
2021-02-08 20:33:15,777 INFO 45.122950134277346
2021-02-08 20:33:55,267 INFO 46.04136798858642
2021-02-08 20:34:34,700 INFO 46.18580013275147
2021-02-08 20:35:14,131 INFO 45.46632141113281
2021-02-08 20:35:53,617 INFO 46.127177734375
2021-02-08 20:36:33,070 INFO 45.9543949508667
2021-02-08 20:37:12,535 INFO 46.72313919067383
2021-02-08 20:37:52,005 INFO 44.85316249847412
2021-02-08 20:38:31,488 INFO 45.21353342056275
2021-02-08 20:39:10,934 INFO 45.68073291778565
2021-02-08 20:39:50,420 INFO 46.37260223388672
2021-02-08 20:40:29,893 INFO 46.18445827484131
2021-02-08 20:41:09,350 INFO 45.94790756225586
2021-02-08 20:41:48,808 INFO 45.59034744262695
2021-02-08 20:42:28,297 INFO 46.05008712768554
2021-02-08 20:43:07,741 INFO 45.50204223632812
2021-02-08 20:43:47,204 INFO 46.40543201446533
2021-02-08 20:44:26,628 INFO 45.14015689849853
2021-02-08 20:45:06,073 INFO 46.4700312423706
2021-02-08 20:45:45,557 INFO 45.12854400634765
2021-02-08 20:46:25,011 INFO 46.15848518371582
2021-02-08 20:47:04,455 INFO 46.75719554901123
2021-02-08 20:47:43,937 INFO 46.04061347961426
2021-02-08 20:48:23,395 INFO 46.1353662109375
2021-02-08 20:49:02,848 INFO 45.3269995880127
2021-02-08 20:49:42,305 INFO 45.48933490753174
2021-02-08 20:50:21,765 INFO 45.899289894104
2021-02-08 20:51:01,242 INFO 46.17619594573975
2021-02-08 20:51:40,706 INFO 45.50500038146973
2021-02-08 20:52:20,131 INFO 46.48638900756836
2021-02-08 20:52:59,576 INFO 46.89905391693115
2021-02-08 20:53:39,037 INFO 46.310292434692386
2021-02-08 20:54:18,494 INFO 45.29863513946533
2021-02-08 20:54:57,930 INFO 46.67303981781006
2021-02-08 20:55:37,422 INFO 46.09683471679688
2021-02-08 20:56:20,618 INFO Test average loss : 49.77439172291835
2021-02-08 20:56:20,620 INFO Test average error: [ 0.91858358  0.15577462 20.38549968]
2021-02-08 20:57:01,893 INFO 45.71864368438721
2021-02-08 20:57:41,362 INFO 45.01109115600586
2021-02-08 20:58:20,768 INFO 45.694728507995606
2021-02-08 20:59:00,195 INFO 45.66603523254395
2021-02-08 20:59:39,659 INFO 45.41959568023682
2021-02-08 21:00:19,110 INFO 45.60068820953369
2021-02-08 21:00:58,561 INFO 44.94065235137939
2021-02-08 21:01:38,088 INFO 45.2281396484375
2021-02-08 21:02:17,576 INFO 45.44643737792969
2021-02-08 21:02:57,191 INFO 45.36553695678711
2021-02-08 21:03:36,669 INFO 46.21529800415039
2021-02-08 21:04:16,104 INFO 45.23023162841797
2021-02-08 21:04:55,552 INFO 45.85104476928711
2021-02-08 21:05:35,061 INFO 45.6843119430542
2021-02-08 21:06:14,558 INFO 45.27925647735596
2021-02-08 21:06:54,031 INFO 44.639403190612796
2021-02-08 21:07:33,566 INFO 45.55794227600098
2021-02-08 21:08:13,035 INFO 46.01244426727295
2021-02-08 21:08:52,501 INFO 45.06431842803955
2021-02-08 21:09:32,031 INFO 45.22494686126709
2021-02-08 21:10:11,509 INFO 46.09390949249268
2021-02-08 21:10:51,011 INFO 45.74466117858887
2021-02-08 21:11:30,517 INFO 45.1035648727417
2021-02-08 21:12:09,990 INFO 45.353402061462404
2021-02-08 21:12:49,437 INFO 46.08954128265381
2021-02-08 21:13:28,896 INFO 44.91707733154297
2021-02-08 21:14:08,377 INFO 46.41082916259766
2021-02-08 21:14:47,843 INFO 46.04518905639648
2021-02-08 21:15:27,325 INFO 44.893795013427734
2021-02-08 21:16:06,782 INFO 45.70058292388916
2021-02-08 21:16:46,249 INFO 45.22190105438232
2021-02-08 21:17:25,678 INFO 46.38824718475342
2021-02-08 21:18:05,159 INFO 45.67818073272705
2021-02-08 21:18:44,607 INFO 45.51099075317383
2021-02-08 21:19:24,083 INFO 45.455951843261715
2021-02-08 21:20:03,634 INFO 46.469159240722654
2021-02-08 21:20:43,122 INFO 46.080522804260255
2021-02-08 21:21:22,580 INFO 45.69671924591064
2021-02-08 21:22:02,064 INFO 45.9171422958374
2021-02-08 21:22:33,615 INFO Test average loss : 50.09663161465954
2021-02-08 21:22:33,617 INFO Test average error: [ 0.91250174  0.15574729 20.36272711]
2021-02-08 21:23:14,460 INFO 45.420819396972654
2021-02-08 21:23:53,940 INFO 45.531145896911625
2021-02-08 21:24:33,382 INFO 45.697808265686035
2021-02-08 21:25:12,833 INFO 44.51090724945068
2021-02-08 21:25:52,311 INFO 45.41784580230713
2021-02-08 21:26:31,732 INFO 45.27921741485596
2021-02-08 21:27:11,178 INFO 45.30290748596192
2021-02-08 21:27:50,675 INFO 44.61152826309204
2021-02-08 21:28:30,141 INFO 45.38537761688232
2021-02-08 21:29:09,610 INFO 45.99889114379883
2021-02-08 21:29:49,110 INFO 45.50463237762451
2021-02-08 21:30:28,566 INFO 44.83754692077637
2021-02-08 21:31:07,986 INFO 45.61594608306885
2021-02-08 21:31:47,429 INFO 45.007503814697266
2021-02-08 21:32:26,832 INFO 45.654117851257325
2021-02-08 21:33:06,271 INFO 45.80609920501709
2021-02-08 21:33:45,796 INFO 46.23565330505371
2021-02-08 21:34:25,273 INFO 45.667877998352054
2021-02-08 21:35:04,737 INFO 45.640487861633304
2021-02-08 21:35:44,217 INFO 45.313606910705566
2021-02-08 21:36:23,662 INFO 45.34617305755615
2021-02-08 21:37:03,128 INFO 45.801208419799806
2021-02-08 21:37:42,596 INFO 45.780852241516115
2021-02-08 21:38:22,061 INFO 45.264070930480955
2021-02-08 21:39:01,515 INFO 45.8713692855835
2021-02-08 21:39:41,028 INFO 44.431159591674806
2021-02-08 21:40:20,478 INFO 44.70843313217163
2021-02-08 21:40:59,917 INFO 45.38709499359131
2021-02-08 21:41:39,428 INFO 45.192627029418944
2021-02-08 21:42:18,872 INFO 45.11927886962891
2021-02-08 21:42:58,324 INFO 45.065078811645506
2021-02-08 21:43:37,838 INFO 46.13391632080078
2021-02-08 21:44:17,273 INFO 44.92083110809326
2021-02-08 21:44:56,736 INFO 45.55538665771484
2021-02-08 21:45:36,350 INFO 45.52170425415039
2021-02-08 21:46:15,826 INFO 45.58419860839844
2021-02-08 21:46:55,285 INFO 45.46555767059326
2021-02-08 21:47:34,774 INFO 44.64557315826416
2021-02-08 21:48:14,252 INFO 44.89147415161133
2021-02-08 21:48:45,762 INFO Test average loss : 49.52475527377432
2021-02-08 21:48:45,765 INFO Test average error: [ 0.91739858  0.15270163 20.48890124]
2021-02-08 21:49:26,918 INFO 44.11777515411377
2021-02-08 21:50:06,399 INFO 44.720122756958006
2021-02-08 21:50:45,823 INFO 44.50244571685791
2021-02-08 21:51:25,276 INFO 43.38837795257568
2021-02-08 21:52:04,752 INFO 44.727465858459475
2021-02-08 21:52:44,221 INFO 44.787716217041016
2021-02-08 21:53:23,671 INFO 45.09738914489746
2021-02-08 21:54:03,145 INFO 44.675596923828124
2021-02-08 21:54:42,564 INFO 44.538654479980465
2021-02-08 21:55:21,981 INFO 45.34892311096191
2021-02-08 21:56:01,471 INFO 44.41085948944092
2021-02-08 21:56:40,911 INFO 43.87233821868897
2021-02-08 21:57:20,381 INFO 44.52545555114746
2021-02-08 21:57:59,821 INFO 45.35505825042725
2021-02-08 21:58:39,256 INFO 45.3493440246582
2021-02-08 21:59:18,692 INFO 44.47834545135498
2021-02-08 21:59:58,150 INFO 45.39792697906494
2021-02-08 22:00:37,619 INFO 45.69579666137695
2021-02-08 22:01:17,089 INFO 45.400663223266605
2021-02-08 22:01:56,572 INFO 45.88003475189209
2021-02-08 22:02:36,033 INFO 44.68275947570801
2021-02-08 22:03:15,504 INFO 44.9244845199585
2021-02-08 22:03:54,989 INFO 45.30020034790039
2021-02-08 22:04:34,419 INFO 45.34798732757568
2021-02-08 22:05:13,863 INFO 45.169622573852536
2021-02-08 22:05:53,309 INFO 45.18090080261231
2021-02-08 22:06:32,780 INFO 45.45401378631592
2021-02-08 22:07:12,268 INFO 45.041909790039064
2021-02-08 22:07:51,815 INFO 44.897024269104
2021-02-08 22:08:31,299 INFO 45.06469303131104
2021-02-08 22:09:10,775 INFO 45.529712524414066
2021-02-08 22:09:50,331 INFO 45.20021102905273
2021-02-08 22:10:29,925 INFO 44.50499565124512
2021-02-08 22:11:09,415 INFO 46.048503723144535
2021-02-08 22:11:48,934 INFO 45.53212125778198
2021-02-08 22:12:28,374 INFO 44.965799255371095
2021-02-08 22:13:07,808 INFO 45.893505325317385
2021-02-08 22:13:47,310 INFO 45.19461803436279
2021-02-08 22:14:26,820 INFO 45.02709629058838
2021-02-08 22:14:58,324 INFO Test average loss : 50.30613788872658
2021-02-08 22:14:58,327 INFO Test average error: [ 0.91632685  0.15459933 19.33121345]
2021-02-08 22:15:39,266 INFO 44.6620671081543
2021-02-08 22:16:18,849 INFO 44.79679510116577
2021-02-08 22:16:58,270 INFO 43.82063289642334
2021-02-08 22:17:37,731 INFO 43.20858150482178
2021-02-08 22:18:17,198 INFO 44.21934429168701
2021-02-08 22:18:56,671 INFO 44.50475448608398
2021-02-08 22:19:36,116 INFO 44.65053279876709
2021-02-08 22:20:15,610 INFO 43.4522864151001
2021-02-08 22:20:55,044 INFO 45.06361255645752
2021-02-08 22:21:34,531 INFO 44.259659404754636
2021-02-08 22:22:14,022 INFO 44.35767574310303
2021-02-08 22:22:53,502 INFO 44.181772804260255
2021-02-08 22:23:32,984 INFO 43.74880577087402
2021-02-08 22:24:12,419 INFO 44.702667770385744
2021-02-08 22:24:51,917 INFO 44.61826955795288
2021-02-08 22:25:31,401 INFO 45.28018642425537
2021-02-08 22:26:10,833 INFO 44.94843994140625
2021-02-08 22:26:50,295 INFO 45.135945053100585
2021-02-08 22:27:29,758 INFO 45.11940284729004
2021-02-08 22:28:10,900 INFO 45.01462295532227
2021-02-08 22:28:50,761 INFO 44.976368827819826
2021-02-08 22:29:30,469 INFO 44.44541156768799
2021-02-08 22:30:10,034 INFO 44.8360863494873
2021-02-08 22:30:49,592 INFO 44.886935272216796
2021-02-08 22:31:29,168 INFO 45.641787719726565
2021-02-08 22:32:08,721 INFO 44.49319637298584
2021-02-08 22:32:48,281 INFO 44.75055770874023
2021-02-08 22:33:28,410 INFO 44.687753715515136
2021-02-08 22:34:08,018 INFO 44.40662384033203
2021-02-08 22:34:47,567 INFO 44.628779907226566
2021-02-08 22:35:27,183 INFO 44.93152473449707
2021-02-08 22:36:06,740 INFO 45.66363998413086
2021-02-08 22:36:46,431 INFO 44.475447502136234
2021-02-08 22:37:25,939 INFO 44.78561475753784
2021-02-08 22:38:05,547 INFO 45.071681900024416
2021-02-08 22:38:45,239 INFO 44.94503437042236
2021-02-08 22:39:24,838 INFO 44.50919269561768
2021-02-08 22:40:04,450 INFO 44.5106702041626
2021-02-08 22:40:43,969 INFO 45.11685276031494
2021-02-08 22:41:15,789 INFO Test average loss : 49.39086778825741
2021-02-08 22:41:15,791 INFO Test average error: [ 0.9148456   0.15094498 19.43427278]
2021-02-09 00:30:31,869 INFO 43.659806404113766
2021-02-09 00:31:11,442 INFO 44.44002620697022
2021-02-09 00:31:51,119 INFO 43.187369918823244
2021-02-09 00:32:30,862 INFO 43.781850509643554
2021-02-09 00:33:10,563 INFO 44.28247138977051
2021-02-09 00:33:50,238 INFO 44.569569969177245
2021-02-09 00:34:30,037 INFO 43.27417724609375
2021-02-09 00:35:09,803 INFO 43.615834426879886
2021-02-09 00:35:49,947 INFO 44.11042839050293
2021-02-09 00:36:30,097 INFO 43.76954572677612
2021-02-09 00:37:09,752 INFO 44.015395622253415
2021-02-09 00:37:49,311 INFO 44.85343620300293
2021-02-09 00:38:29,554 INFO 44.0864176940918
2021-02-09 00:39:09,518 INFO 44.44425815582275
2021-02-09 00:39:49,089 INFO 43.99522834777832
2021-02-09 00:40:28,646 INFO 44.18672534942627
2021-02-09 00:41:08,265 INFO 45.154152412414554
2021-02-09 00:41:47,843 INFO 43.664911670684816
2021-02-09 00:42:27,437 INFO 44.54894290924072
2021-02-09 00:43:06,997 INFO 44.456294212341305
2021-02-09 00:43:46,619 INFO 44.87130493164062
2021-02-09 00:44:26,450 INFO 44.70002422332764
2021-02-09 00:45:06,646 INFO 43.82094264984131
2021-02-09 00:45:46,735 INFO 44.15711517333985
2021-02-09 00:46:26,700 INFO 44.86443225860596
2021-02-09 00:47:06,737 INFO 44.25716632843017
2021-02-09 00:47:46,755 INFO 44.675508460998536
2021-02-09 00:48:26,747 INFO 43.28782064437866
2021-02-09 00:49:06,819 INFO 44.64123455047607
2021-02-09 00:49:46,888 INFO 44.46802894592285
2021-02-09 00:50:27,451 INFO 44.91395160675049
2021-02-09 00:51:07,519 INFO 44.63604869842529
2021-02-09 00:51:47,745 INFO 44.12501075744629
2021-02-09 00:52:27,804 INFO 44.384216384887694
2021-02-09 00:53:07,917 INFO 44.40994361877441
2021-02-09 00:53:47,985 INFO 43.8465788269043
2021-02-09 00:54:28,093 INFO 45.09598682403564
2021-02-09 00:55:08,230 INFO 45.37883449554443
2021-02-09 00:55:48,382 INFO 44.01230281829834
2021-02-09 00:56:32,109 INFO Test average loss : 50.204052009710104
2021-02-09 00:56:32,111 INFO Test average error: [ 0.91685836  0.15265487 20.21649236]
2021-02-09 00:57:13,003 INFO 44.24220947265625
2021-02-09 00:57:52,493 INFO 42.78945812225342
2021-02-09 00:58:31,966 INFO 43.542038230896
2021-02-09 00:59:11,474 INFO 43.081500663757325
2021-02-09 00:59:51,004 INFO 44.07083194732666
2021-02-09 01:00:30,479 INFO 43.497988357543946
2021-02-09 01:01:09,985 INFO 44.08774421691894
2021-02-09 01:01:49,496 INFO 43.962902870178226
2021-02-09 01:02:28,986 INFO 43.731576194763186
2021-02-09 01:03:08,506 INFO 43.798933563232424
2021-02-09 01:03:48,028 INFO 44.23553760528564
2021-02-09 01:04:27,502 INFO 43.72747982025147
2021-02-09 01:05:07,029 INFO 43.533984336853024
2021-02-09 01:05:46,557 INFO 43.82434415817261
2021-02-09 01:06:26,053 INFO 43.85455921173096
2021-02-09 01:07:05,576 INFO 43.85954776763916
2021-02-09 01:07:45,073 INFO 44.247709617614746
2021-02-09 01:08:24,576 INFO 43.56444892883301
2021-02-09 01:09:04,068 INFO 43.96944816589355
2021-02-09 01:09:43,587 INFO 45.03166156768799
2021-02-09 01:10:23,119 INFO 44.99609867095947
2021-02-09 01:11:02,616 INFO 44.16008708953857
2021-02-09 01:11:42,147 INFO 44.41647434234619
2021-02-09 01:12:21,683 INFO 44.09458957672119
2021-02-09 01:13:01,203 INFO 43.785230522155764
2021-02-09 01:13:40,751 INFO 44.25673229217529
2021-02-09 01:14:20,280 INFO 45.0635046005249
2021-02-09 01:14:59,926 INFO 43.74944850921631
2021-02-09 01:15:39,461 INFO 43.638416328430175
2021-02-09 01:16:18,993 INFO 43.41739761352539
2021-02-09 01:16:58,490 INFO 44.25775234222412
2021-02-09 01:17:38,018 INFO 43.26273086547852
2021-02-09 01:18:17,547 INFO 43.45569499969483
2021-02-09 01:18:57,079 INFO 44.50767345428467
2021-02-09 01:19:36,663 INFO 44.54757629394531
2021-02-09 01:20:16,198 INFO 44.29565532684326
2021-02-09 01:20:55,760 INFO 44.17855745315552
2021-02-09 01:21:35,314 INFO 43.774306755065915
2021-02-09 01:22:14,839 INFO 44.04755344390869
2021-02-09 01:22:46,444 INFO Test average loss : 50.873610123344086
2021-02-09 01:22:46,446 INFO Test average error: [ 0.91448836  0.15873604 20.88946454]
2021-02-09 01:23:27,396 INFO 43.43906566619873
2021-02-09 01:24:06,884 INFO 43.65072692871094
2021-02-09 01:24:46,310 INFO 43.64941146850586
2021-02-09 01:25:25,766 INFO 43.229669151306155
2021-02-09 01:26:05,215 INFO 43.55885967254639
2021-02-09 01:26:44,641 INFO 43.434710083007815
2021-02-09 01:27:24,101 INFO 43.51599098205566
2021-02-09 01:28:03,585 INFO 43.39787410736084
2021-02-09 01:28:43,038 INFO 43.86019092559815
2021-02-09 01:29:22,523 INFO 43.765730171203614
2021-02-09 01:30:01,987 INFO 43.26059284210205
2021-02-09 01:30:41,440 INFO 43.35349147796631
2021-02-09 01:31:20,905 INFO 43.97798168182373
2021-02-09 01:32:00,394 INFO 44.289041137695314
2021-02-09 01:32:39,874 INFO 43.45413688659668
2021-02-09 01:33:19,307 INFO 43.065544090271
2021-02-09 01:33:58,758 INFO 43.754630641937254
2021-02-09 01:34:38,239 INFO 43.8110602760315
2021-02-09 01:35:17,711 INFO 43.57871078491211
2021-02-09 01:35:57,180 INFO 43.58333053588867
2021-02-09 01:36:36,651 INFO 43.751417808532715
2021-02-09 01:37:16,078 INFO 42.48097431182861
2021-02-09 01:37:55,687 INFO 44.55938346862793
2021-02-09 01:38:35,173 INFO 43.41271030426025
2021-02-09 01:39:14,626 INFO 43.960946769714354
2021-02-09 01:39:54,140 INFO 43.23949024200439
2021-02-09 01:40:33,573 INFO 43.55251560211182
2021-02-09 01:41:13,031 INFO 42.625133666992184
2021-02-09 01:41:52,491 INFO 43.79821754455566
2021-02-09 01:42:31,991 INFO 44.32854957580567
2021-02-09 01:43:11,452 INFO 43.98313014984131
2021-02-09 01:43:50,937 INFO 43.85297843933105
2021-02-09 01:44:30,390 INFO 43.396162300109864
2021-02-09 01:45:09,845 INFO 44.689850387573244
2021-02-09 01:45:49,319 INFO 43.92643413543701
2021-02-09 01:46:28,771 INFO 44.29343402862549
2021-02-09 01:47:08,239 INFO 43.8653239440918
2021-02-09 01:47:47,712 INFO 43.91529895782471
2021-02-09 01:48:27,197 INFO 43.86762073516846
2021-02-09 01:48:58,698 INFO Test average loss : 50.85693937320773
2021-02-09 01:48:58,700 INFO Test average error: [ 0.91292869  0.16338539 21.23801652]
2021-02-09 01:49:39,595 INFO 43.2140901184082
2021-02-09 01:50:19,012 INFO 43.47373889923096
2021-02-09 01:50:58,462 INFO 42.90723386764526
2021-02-09 01:51:37,921 INFO 41.88092056274414
2021-02-09 01:52:17,353 INFO 42.652139797210694
2021-02-09 01:52:56,811 INFO 43.22579048156738
2021-02-09 01:53:36,314 INFO 43.082660865783694
2021-02-09 01:54:15,794 INFO 43.208002166748045
2021-02-09 01:54:55,233 INFO 43.29530986785889
2021-02-09 01:55:34,708 INFO 43.24081020355224
2021-02-09 01:56:14,160 INFO 43.13698280334473
2021-02-09 01:56:53,632 INFO 43.56878395080567
2021-02-09 01:57:33,105 INFO 43.22631118774414
2021-02-09 01:58:12,533 INFO 43.586135635375975
2021-02-09 01:58:51,976 INFO 42.86379291534424
2021-02-09 01:59:31,480 INFO 42.61040050506592
2021-02-09 02:00:10,930 INFO 44.02506532669067
2021-02-09 02:00:50,389 INFO 43.62895133972168
2021-02-09 02:01:29,859 INFO 43.450797386169434
2021-02-09 02:02:09,334 INFO 44.12997127532959
2021-02-09 02:02:48,802 INFO 44.15172874450683
2021-02-09 02:03:28,250 INFO 43.71737815856934
2021-02-09 02:04:07,751 INFO 42.462558059692384
2021-02-09 02:04:47,205 INFO 44.028292961120606
2021-02-09 02:05:26,693 INFO 43.93935985565186
2021-02-09 02:06:06,174 INFO 41.97306770324707
2021-02-09 02:06:45,639 INFO 43.808968734741214
2021-02-09 02:07:25,120 INFO 42.57799499511719
2021-02-09 02:08:04,640 INFO 43.853147201538086
2021-02-09 02:08:44,123 INFO 43.96752010345459
2021-02-09 02:09:23,594 INFO 43.40259803771973
2021-02-09 02:10:03,091 INFO 44.000157814025876
2021-02-09 02:10:42,526 INFO 43.626745796203615
2021-02-09 02:11:21,974 INFO 43.755767059326175
2021-02-09 02:12:01,477 INFO 43.413863525390624
2021-02-09 02:12:40,941 INFO 44.40560138702393
2021-02-09 02:13:20,406 INFO 43.58215560913086
2021-02-09 02:13:59,964 INFO 43.99792682647705
2021-02-09 02:14:39,433 INFO 44.332162609100344
2021-02-09 02:15:10,873 INFO Test average loss : 50.96562881214563
2021-02-09 02:15:10,876 INFO Test average error: [ 0.91611773  0.15276372 20.00255673]
2021-02-09 02:15:51,954 INFO 42.72792905807495
2021-02-09 02:16:31,394 INFO 43.15885692596436
2021-02-09 02:17:10,862 INFO 42.50195919036865
2021-02-09 02:17:50,336 INFO 41.388191070556644
2021-02-09 02:18:29,769 INFO 41.66336170196533
2021-02-09 02:19:09,233 INFO 43.5747758102417
2021-02-09 02:19:48,830 INFO 42.53838333129883
2021-02-09 02:20:28,287 INFO 43.21530445098877
2021-02-09 02:21:07,731 INFO 43.12546760559082
2021-02-09 02:21:47,198 INFO 42.3144450378418
2021-02-09 02:22:26,674 INFO 43.71846027374268
2021-02-09 02:23:06,122 INFO 41.95052391052246
2021-02-09 02:23:45,603 INFO 42.59496601104736
2021-02-09 02:24:25,056 INFO 43.43538070678711
2021-02-09 02:25:04,485 INFO 43.01129989624023
2021-02-09 02:25:43,998 INFO 43.11400604248047
2021-02-09 02:26:23,436 INFO 43.38908519744873
2021-02-09 02:27:03,015 INFO 42.98585964202881
2021-02-09 02:27:42,454 INFO 42.87301887512207
2021-02-09 02:28:21,907 INFO 42.79747688293457
2021-02-09 02:29:01,355 INFO 43.26354764938355
2021-02-09 02:29:40,844 INFO 42.7400159072876
2021-02-09 02:30:20,323 INFO 43.69993350982666
2021-02-09 02:30:59,762 INFO 43.30589694976807
2021-02-09 02:31:39,249 INFO 43.41147319793701
2021-02-09 02:32:18,701 INFO 43.161985206604
2021-02-09 02:32:58,298 INFO 44.53371955871582
2021-02-09 02:33:37,769 INFO 43.21422271728515
2021-02-09 02:34:17,205 INFO 42.60328594207763
2021-02-09 02:34:56,673 INFO 41.9512279510498
2021-02-09 02:35:36,150 INFO 44.04610347747803
2021-02-09 02:36:15,603 INFO 43.121275901794434
2021-02-09 02:36:55,076 INFO 43.2707596206665
2021-02-09 02:37:34,569 INFO 43.80322265625
2021-02-09 02:38:14,014 INFO 43.049858589172366
2021-02-09 02:38:53,508 INFO 42.8190357208252
2021-02-09 02:39:32,967 INFO 43.880714912414554
2021-02-09 02:40:12,416 INFO 42.91385486602783
2021-02-09 02:40:51,845 INFO 42.70856990814209
2021-02-09 02:41:23,373 INFO Test average loss : 50.243249497684744
2021-02-09 02:41:23,376 INFO Test average error: [ 0.91633556  0.15330595 20.17448018]
2021-02-09 02:42:04,289 INFO 42.67009199142456
2021-02-09 02:42:43,735 INFO 42.566936302185056
2021-02-09 02:43:23,160 INFO 42.83857175827026
2021-02-09 02:44:02,634 INFO 42.15175323486328
2021-02-09 02:44:42,076 INFO 42.6840442276001
2021-02-09 02:45:21,523 INFO 43.10894947052002
2021-02-09 02:46:01,009 INFO 42.64822853088379
2021-02-09 02:46:40,455 INFO 42.901695556640625
2021-02-09 02:47:19,933 INFO 42.565760383605955
2021-02-09 02:47:59,417 INFO 42.53887939453125
2021-02-09 02:48:38,904 INFO 42.54261039733887
2021-02-09 02:49:18,376 INFO 41.88386636734009
2021-02-09 02:49:59,208 INFO 42.66571968078613
2021-02-09 02:50:38,870 INFO 43.06584224700928
2021-02-09 02:51:18,457 INFO 42.58351333618164
2021-02-09 02:51:58,155 INFO 43.05455801010132
2021-02-09 02:52:37,714 INFO 43.00793979644775
2021-02-09 02:53:17,265 INFO 42.19453212738037
2021-02-09 02:53:56,848 INFO 43.36649803161621
2021-02-09 02:54:36,399 INFO 43.58524795532227
2021-02-09 02:55:16,488 INFO 42.67235218048096
2021-02-09 02:55:56,088 INFO 43.11141426086426
2021-02-09 02:56:35,621 INFO 42.5772594833374
2021-02-09 02:57:15,293 INFO 43.02850742340088
2021-02-09 02:57:55,073 INFO 43.59936267852783
2021-02-09 02:58:34,674 INFO 42.06426158905029
2021-02-09 02:59:14,268 INFO 42.751882247924804
2021-02-09 02:59:53,831 INFO 43.21970092773437
2021-02-09 03:00:33,394 INFO 41.98426368713379
2021-02-09 03:01:12,931 INFO 42.58993099212646
2021-02-09 03:01:52,547 INFO 43.65742412567138
2021-02-09 03:02:32,400 INFO 43.661009311676025
2021-02-09 03:03:11,979 INFO 42.840931816101076
2021-02-09 03:03:51,654 INFO 43.344894104003906
2021-02-09 03:04:31,212 INFO 42.244908485412594
2021-02-09 03:05:10,823 INFO 43.085239028930665
2021-02-09 03:05:50,414 INFO 42.29904119491577
2021-02-09 03:06:29,997 INFO 43.268432998657225
2021-02-09 03:07:09,546 INFO 43.14535007476807
2021-02-09 03:07:54,197 INFO Test average loss : 50.40155544727542
2021-02-09 03:07:54,200 INFO Test average error: [ 0.9141834   0.15765428 20.8097909 ]
2021-02-09 03:08:35,037 INFO 41.20534896850586
2021-02-09 03:09:14,436 INFO 42.35714267730713
2021-02-09 03:09:53,922 INFO 42.216291675567625
2021-02-09 03:10:33,375 INFO 41.348409519195556
2021-02-09 03:11:12,828 INFO 43.173049201965334
2021-02-09 03:11:52,324 INFO 42.42830574035644
2021-02-09 03:12:31,774 INFO 41.25658281326294
2021-02-09 03:13:11,211 INFO 41.051316833496095
2021-02-09 03:13:50,654 INFO 42.528531074523926
2021-02-09 03:14:30,125 INFO 42.3190202331543
2021-02-09 03:15:09,587 INFO 42.75170404434204
2021-02-09 03:15:49,071 INFO 43.2341109085083
2021-02-09 03:16:28,537 INFO 42.30155643463135
2021-02-09 03:17:07,965 INFO 42.663995819091795
2021-02-09 03:17:47,432 INFO 42.46051761627197
2021-02-09 03:18:26,884 INFO 43.05698375701904
2021-02-09 03:19:06,367 INFO 43.00099040985108
2021-02-09 03:19:45,896 INFO 43.19181831359863
2021-02-09 03:20:25,342 INFO 42.93105743408203
2021-02-09 03:21:04,810 INFO 43.21966938018799
2021-02-09 03:21:44,343 INFO 42.471870803833006
2021-02-09 03:22:23,774 INFO 42.25446346282959
2021-02-09 03:23:03,247 INFO 42.854995498657225
2021-02-09 03:23:42,759 INFO 42.090747337341305
2021-02-09 03:24:22,202 INFO 42.899604873657225
2021-02-09 03:25:01,650 INFO 41.99167074203491
2021-02-09 03:25:41,147 INFO 42.841697673797604
2021-02-09 03:26:20,657 INFO 42.10883516311645
2021-02-09 03:27:00,172 INFO 42.7239133644104
2021-02-09 03:27:39,668 INFO 42.87097106933594
2021-02-09 03:28:19,160 INFO 42.44523193359375
2021-02-09 03:28:58,597 INFO 42.63647254943848
2021-02-09 03:29:38,089 INFO 42.51999641418457
2021-02-09 03:30:17,554 INFO 42.59402900695801
2021-02-09 03:30:57,022 INFO 42.72481122970581
2021-02-09 03:31:36,492 INFO 43.894680404663085
2021-02-09 03:32:15,970 INFO 42.72959964752197
2021-02-09 03:32:55,445 INFO 43.18510971069336
2021-02-09 03:33:34,943 INFO 43.20112503051758
2021-02-09 03:34:06,492 INFO Test average loss : 50.09901513702495
2021-02-09 03:34:06,494 INFO Test average error: [ 0.91373031  0.1532762  20.65609107]
2021-02-09 03:34:47,227 INFO 41.81390110015869
2021-02-09 03:35:26,679 INFO 42.89001903533936
2021-02-09 03:36:06,154 INFO 41.33604858398437
2021-02-09 03:36:45,591 INFO 41.42862421035767
2021-02-09 03:37:25,029 INFO 41.57722419738769
2021-02-09 03:38:04,479 INFO 42.98854866027832
2021-02-09 03:38:43,932 INFO 42.69284702301025
2021-02-09 03:39:23,387 INFO 41.04747463226318
2021-02-09 03:40:02,890 INFO 42.301635112762455
2021-02-09 03:40:42,355 INFO 42.41845413208008
2021-02-09 03:41:21,810 INFO 42.096917877197264
2021-02-09 03:42:01,322 INFO 41.46589441299439
2021-02-09 03:42:40,742 INFO 42.24611415863037
2021-02-09 03:43:20,180 INFO 42.160232372283936
2021-02-09 03:43:59,633 INFO 41.938096885681155
2021-02-09 03:44:39,090 INFO 41.681379852294924
2021-02-09 03:45:18,515 INFO 42.48966587066651
2021-02-09 03:45:58,024 INFO 41.77976291656494
2021-02-09 03:46:37,495 INFO 42.553022918701174
2021-02-09 03:47:16,946 INFO 42.227037620544436
2021-02-09 03:47:56,454 INFO 42.953868293762206
2021-02-09 03:48:35,920 INFO 42.555853824615475
2021-02-09 03:49:15,351 INFO 42.660004501342776
2021-02-09 03:49:54,838 INFO 42.22094779968262
2021-02-09 03:50:34,346 INFO 43.204883041381834
2021-02-09 03:51:13,831 INFO 42.43259410858154
2021-02-09 03:51:53,299 INFO 42.504672603607176
2021-02-09 03:52:32,768 INFO 42.425823879241946
2021-02-09 03:53:12,198 INFO 42.632486457824704
2021-02-09 03:53:51,696 INFO 42.35092864990234
2021-02-09 03:54:31,157 INFO 41.89377105712891
2021-02-09 03:55:10,588 INFO 41.41727352142334
2021-02-09 03:55:50,088 INFO 41.86158092498779
2021-02-09 03:56:29,554 INFO 42.95034748077393
2021-02-09 03:57:08,999 INFO 41.932616271972655
2021-02-09 03:57:48,461 INFO 42.78023960113526
2021-02-09 03:58:27,942 INFO 42.085517578125
2021-02-09 03:59:07,417 INFO 42.2501021194458
2021-02-09 03:59:46,896 INFO 43.27341423034668
2021-02-09 04:00:18,725 INFO Test average loss : 51.03306836029359
2021-02-09 04:00:18,727 INFO Test average error: [ 0.91258887  0.15448786 20.68511587]
2021-02-09 04:00:59,693 INFO 40.98891017913818
2021-02-09 04:01:39,167 INFO 41.95259010314941
2021-02-09 04:02:18,623 INFO 41.84849369049072
2021-02-09 04:02:58,038 INFO 41.28915782928467
2021-02-09 04:03:37,511 INFO 41.31941421508789
2021-02-09 04:04:16,982 INFO 42.010699043273924
2021-02-09 04:04:56,457 INFO 40.16788125991821
2021-02-09 04:05:35,943 INFO 41.78140640258789
2021-02-09 04:06:15,448 INFO 41.319342918395996
2021-02-09 04:06:54,902 INFO 41.01676876068115
2021-02-09 04:07:34,398 INFO 41.58453395843506
2021-02-09 04:08:13,875 INFO 42.1732213973999
2021-02-09 04:08:53,333 INFO 41.40448860168457
2021-02-09 04:09:32,802 INFO 42.52862422943115
2021-02-09 04:10:12,228 INFO 41.812815532684326
2021-02-09 04:10:51,705 INFO 42.15961841583252
2021-02-09 04:11:31,215 INFO 42.16110401153564
2021-02-09 04:12:10,706 INFO 42.27627059936523
2021-02-09 04:12:50,177 INFO 42.111568450927734
2021-02-09 04:13:29,671 INFO 42.18159523010254
2021-02-09 04:14:09,160 INFO 42.65527000427246
2021-02-09 04:14:48,719 INFO 41.8704701423645
2021-02-09 04:15:28,166 INFO 41.87785057067871
2021-02-09 04:16:07,662 INFO 41.94209629058838
2021-02-09 04:16:47,141 INFO 42.27069011688232
2021-02-09 04:17:26,618 INFO 41.72754325866699
2021-02-09 04:18:06,110 INFO 42.49734510421753
2021-02-09 04:18:45,542 INFO 42.28204423904419
2021-02-09 04:19:25,006 INFO 41.52348863601684
2021-02-09 04:20:04,479 INFO 42.04614646911621
2021-02-09 04:20:43,927 INFO 41.73545757293701
2021-02-09 04:21:23,397 INFO 42.2151452255249
2021-02-09 04:22:02,904 INFO 40.948011589050296
2021-02-09 04:22:42,361 INFO 43.22405536651611
2021-02-09 04:23:21,831 INFO 41.90556697845459
2021-02-09 04:24:01,291 INFO 42.72866132736206
2021-02-09 04:24:40,721 INFO 43.44980976104736
2021-02-09 04:25:20,157 INFO 41.95973346710205
2021-02-09 04:25:59,627 INFO 42.89880680084229
2021-02-09 04:26:31,142 INFO Test average loss : 50.87872672958119
2021-02-09 04:26:31,144 INFO Test average error: [ 0.9129374   0.15416918 20.27996919]
2021-02-09 04:27:12,309 INFO 41.344064750671386
2021-02-09 04:27:51,806 INFO 41.42978410720825
2021-02-09 04:28:31,248 INFO 41.47453424453735
2021-02-09 04:29:10,709 INFO 40.69968887329102
2021-02-09 04:29:50,175 INFO 41.80337007522583
2021-02-09 04:30:29,621 INFO 41.815648536682126
2021-02-09 04:31:09,038 INFO 40.991360359191894
2021-02-09 04:31:48,495 INFO 41.55115720748901
2021-02-09 04:32:27,931 INFO 41.893815422058104
2021-02-09 04:33:07,382 INFO 41.731325988769534
2021-02-09 04:33:46,886 INFO 40.98470918655396
2021-02-09 04:34:26,316 INFO 41.32930446624756
2021-02-09 04:35:05,775 INFO 41.16309741973877
2021-02-09 04:35:45,266 INFO 41.510830345153806
2021-02-09 04:36:24,749 INFO 41.515035514831546
2021-02-09 04:37:04,183 INFO 41.48615291595459
2021-02-09 04:37:43,673 INFO 42.25139360427856
2021-02-09 04:38:23,142 INFO 41.467669372558596
2021-02-09 04:39:02,639 INFO 41.18265254974365
2021-02-09 04:39:42,128 INFO 41.43402936935425
2021-02-09 04:40:21,564 INFO 42.13332540512085
2021-02-09 04:41:01,028 INFO 41.39714181900025
2021-02-09 04:41:40,495 INFO 41.954514503479004
2021-02-09 04:42:19,989 INFO 41.388748741149904
2021-02-09 04:42:59,424 INFO 42.65994163513184
2021-02-09 04:43:38,875 INFO 42.01655525207519
2021-02-09 04:44:18,337 INFO 42.31404193878174
2021-02-09 04:44:57,790 INFO 42.03940385818481
2021-02-09 04:45:37,240 INFO 40.70600484848023
2021-02-09 04:46:16,729 INFO 41.542369518280026
2021-02-09 04:46:56,201 INFO 41.51794483184815
2021-02-09 04:47:35,678 INFO 41.40812656402588
2021-02-09 04:48:15,133 INFO 40.777031650543215
2021-02-09 04:48:54,588 INFO 41.873577156066894
2021-02-09 04:49:34,059 INFO 41.74580711364746
2021-02-09 04:50:13,519 INFO 41.906614112854
2021-02-09 04:50:52,955 INFO 41.87302066802979
2021-02-09 04:51:32,423 INFO 41.686651153564455
2021-02-09 04:52:11,885 INFO 41.83677658081055
2021-02-09 04:52:43,386 INFO Test average loss : 50.77002101119944
2021-02-09 04:52:43,389 INFO Test average error: [ 0.91437509  0.15563    20.50281326]
2021-02-09 04:53:24,449 INFO 40.88556442260742
2021-02-09 04:54:03,881 INFO 41.63165563583374
2021-02-09 04:54:43,353 INFO 41.898948402404784
2021-02-09 04:55:22,776 INFO 40.3945072555542
2021-02-09 04:56:02,267 INFO 41.24123685836792
2021-02-09 04:56:41,727 INFO 41.17922637939453
2021-02-09 04:57:21,162 INFO 40.96475179672241
2021-02-09 04:58:00,634 INFO 40.73932693481445
2021-02-09 04:58:40,104 INFO 40.55120609283447
2021-02-09 04:59:19,531 INFO 41.43689329147339
2021-02-09 04:59:58,988 INFO 41.5285599899292
2021-02-09 05:00:38,448 INFO 40.964795150756835
2021-02-09 05:01:17,919 INFO 41.52358022689819
2021-02-09 05:01:57,420 INFO 42.24564624786377
2021-02-09 05:02:36,908 INFO 41.32926820755005
2021-02-09 05:03:16,399 INFO 41.335185775756834
2021-02-09 05:03:55,873 INFO 41.369375762939455
2021-02-09 05:04:35,338 INFO 40.368503170013426
2021-02-09 05:05:14,891 INFO 41.34140964508057
2021-02-09 05:05:54,367 INFO 42.41094572067261
2021-02-09 05:06:33,830 INFO 41.4035329246521
2021-02-09 05:07:13,273 INFO 41.18903974533081
2021-02-09 05:07:52,742 INFO 42.24065757751465
2021-02-09 05:08:32,183 INFO 41.53505046844482
2021-02-09 05:09:11,626 INFO 41.24077196121216
2021-02-09 05:09:51,097 INFO 40.889157962799075
2021-02-09 05:10:30,587 INFO 40.83254461288452
2021-02-09 05:11:10,073 INFO 41.385943756103515
2021-02-09 05:11:49,537 INFO 42.02188734054565
2021-02-09 05:12:28,989 INFO 41.821577377319336
2021-02-09 05:13:08,442 INFO 41.578442115783695
2021-02-09 05:13:47,949 INFO 42.148253440856934
2021-02-09 05:14:27,409 INFO 40.80977872848511
2021-02-09 05:15:06,873 INFO 41.31439107894897
2021-02-09 05:15:46,375 INFO 41.55184097290039
2021-02-09 05:16:25,861 INFO 42.08035106658936
2021-02-09 05:17:05,339 INFO 41.94469675064087
2021-02-09 05:17:44,843 INFO 42.045829181671145
2021-02-09 05:18:24,297 INFO 41.38695922851562
2021-02-09 05:19:07,572 INFO Test average loss : 50.75494821733456
2021-02-09 05:19:07,575 INFO Test average error: [ 0.912737    0.15285954 20.28479328]
2021-02-09 05:19:48,395 INFO 40.257101154327394
2021-02-09 05:20:27,836 INFO 40.744471855163575
2021-02-09 05:21:07,259 INFO 40.08814235687256
2021-02-09 05:21:46,691 INFO 40.00473323822021
2021-02-09 05:22:26,160 INFO 41.03841188430786
2021-02-09 05:23:05,653 INFO 41.432190132141116
2021-02-09 05:23:45,153 INFO 39.74392223358154
2021-02-09 05:24:24,615 INFO 40.73558500289917
2021-02-09 05:25:04,072 INFO 41.264188079833986
2021-02-09 05:25:43,563 INFO 40.60246549606323
2021-02-09 05:26:22,996 INFO 41.14467674255371
2021-02-09 05:27:02,510 INFO 40.47654357910156
2021-02-09 05:27:42,187 INFO 41.15297403335571
2021-02-09 05:28:21,669 INFO 41.04806159973145
2021-02-09 05:29:01,112 INFO 40.80124778747559
2021-02-09 05:29:40,585 INFO 40.64861431121826
2021-02-09 05:30:20,036 INFO 41.53165943145752
2021-02-09 05:30:59,497 INFO 40.06215656280518
2021-02-09 05:31:38,992 INFO 42.05565546035766
2021-02-09 05:32:18,507 INFO 41.12953071594238
2021-02-09 05:32:58,040 INFO 42.0192820930481
2021-02-09 05:33:37,533 INFO 40.97377992630005
2021-02-09 05:34:16,991 INFO 42.002530078887936
2021-02-09 05:34:56,446 INFO 41.44347337722778
2021-02-09 05:35:35,953 INFO 41.65611856460571
2021-02-09 05:36:15,425 INFO 40.65617460250854
2021-02-09 05:36:54,872 INFO 40.92298170089722
2021-02-09 05:37:34,354 INFO 41.093161010742186
2021-02-09 05:38:13,819 INFO 41.613036155700684
2021-02-09 05:38:53,283 INFO 41.65978080749512
2021-02-09 05:39:32,778 INFO 40.867169570922854
2021-02-09 05:40:12,269 INFO 41.64211727142334
2021-02-09 05:40:51,756 INFO 41.188787117004395
2021-02-09 05:41:31,277 INFO 41.49749256134033
2021-02-09 05:42:10,770 INFO 41.536947898864746
2021-02-09 05:42:50,236 INFO 42.826723384857175
2021-02-09 05:43:29,699 INFO 41.324701385498045
2021-02-09 05:44:09,159 INFO 41.338258514404295
2021-02-09 05:44:48,610 INFO 40.853018531799314
2021-02-09 05:45:20,180 INFO Test average loss : 50.73377859313352
2021-02-09 05:45:20,182 INFO Test average error: [ 0.91391329  0.15441852 20.14536691]
2021-02-09 05:46:01,038 INFO 40.36766603469849
2021-02-09 05:46:40,507 INFO 40.04958810806274
2021-02-09 05:47:19,951 INFO 41.303335914611814
2021-02-09 05:47:59,423 INFO 40.3068292427063
2021-02-09 05:48:38,872 INFO 40.93972631454468
2021-02-09 05:49:18,319 INFO 40.2767085647583
2021-02-09 05:49:57,809 INFO 40.01671049118042
2021-02-09 05:50:37,263 INFO 40.353913669586184
2021-02-09 05:51:16,755 INFO 40.74965492248535
2021-02-09 05:51:56,244 INFO 40.51378347396851
2021-02-09 05:52:35,722 INFO 40.8148211479187
2021-02-09 05:53:15,163 INFO 40.13148147583008
2021-02-09 05:53:54,712 INFO 40.71068580627441
2021-02-09 05:54:34,192 INFO 41.14912693023682
2021-02-09 05:55:13,667 INFO 40.75419942855835
2021-02-09 05:55:53,130 INFO 40.47293184280395
2021-02-09 05:56:32,585 INFO 41.9137612915039
2021-02-09 05:57:12,041 INFO 39.8512544631958
2021-02-09 05:57:51,523 INFO 40.84996829986572
2021-02-09 05:58:30,971 INFO 40.4235648727417
2021-02-09 05:59:10,423 INFO 41.31367542266846
2021-02-09 05:59:49,965 INFO 40.44349849700928
2021-02-09 06:00:29,426 INFO 41.97054733276367
2021-02-09 06:01:08,956 INFO 40.923231506347655
2021-02-09 06:01:48,491 INFO 41.55145942687988
2021-02-09 06:02:27,935 INFO 40.79553802490234
2021-02-09 06:03:07,499 INFO 41.25527935028076
2021-02-09 06:03:47,043 INFO 40.91843074798584
2021-02-09 06:04:26,573 INFO 40.73599258422851
2021-02-09 06:05:06,098 INFO 40.9766707611084
2021-02-09 06:05:45,719 INFO 41.2271591758728
2021-02-09 06:06:25,218 INFO 40.459794464111326
2021-02-09 06:07:04,743 INFO 40.30431348800659
2021-02-09 06:07:44,402 INFO 41.283086967468265
2021-02-09 06:08:23,899 INFO 41.093689041137694
2021-02-09 06:09:03,390 INFO 40.13567834854126
2021-02-09 06:09:42,920 INFO 40.672165336608884
2021-02-09 06:10:22,470 INFO 40.700203323364256
2021-02-09 06:11:01,987 INFO 40.44311737060547
2021-02-09 06:11:33,604 INFO Test average loss : 51.409052348057166
2021-02-09 06:11:33,607 INFO Test average error: [ 0.90953924  0.14913534 19.60052484]
2021-02-09 06:12:14,540 INFO 40.21367685317993
2021-02-09 06:12:54,176 INFO 40.11750106811523
2021-02-09 06:13:33,724 INFO 40.08731859207153
2021-02-09 06:14:13,159 INFO 40.12551740646362
2021-02-09 06:14:52,593 INFO 40.37231292724609
2021-02-09 06:15:32,082 INFO 40.30805082321167
2021-02-09 06:16:11,554 INFO 39.85949213027954
2021-02-09 06:16:51,056 INFO 39.73018194198608
2021-02-09 06:17:30,536 INFO 40.22264514923096
2021-02-09 06:18:09,985 INFO 40.9044794845581
2021-02-09 06:18:49,455 INFO 40.46772100448609
2021-02-09 06:19:28,921 INFO 39.82118431091308
2021-02-09 06:20:08,416 INFO 40.800347023010254
2021-02-09 06:20:47,895 INFO 39.833179264068605
2021-02-09 06:21:27,334 INFO 40.23573459625244
2021-02-09 06:22:06,826 INFO 40.567380294799804
2021-02-09 06:22:46,275 INFO 40.55425161361694
2021-02-09 06:23:25,744 INFO 40.9055563545227
2021-02-09 06:24:05,230 INFO 40.43245336532593
2021-02-09 06:24:44,712 INFO 40.885111026763916
2021-02-09 06:25:24,159 INFO 40.44952993392944
2021-02-09 06:26:03,651 INFO 40.73340637207031
2021-02-09 06:26:43,124 INFO 40.41635808944702
2021-02-09 06:27:22,562 INFO 41.60502212524414
2021-02-09 06:28:02,037 INFO 40.46359313964844
2021-02-09 06:28:41,466 INFO 40.45853422164917
2021-02-09 06:29:20,958 INFO 41.419852104187015
2021-02-09 06:30:00,447 INFO 40.00418783187866
2021-02-09 06:30:39,932 INFO 40.560481262207034
2021-02-09 06:31:19,377 INFO 40.267499904632565
2021-02-09 06:31:58,873 INFO 41.02583288192749
2021-02-09 06:32:38,335 INFO 40.33270782470703
2021-02-09 06:33:17,794 INFO 39.42985902786255
2021-02-09 06:33:57,276 INFO 41.356030044555666
2021-02-09 06:34:36,795 INFO 40.69386905670166
2021-02-09 06:35:16,320 INFO 40.913749809265134
2021-02-09 06:35:55,797 INFO 40.45761938095093
2021-02-09 06:36:35,258 INFO 41.04240287780762
2021-02-09 06:37:14,710 INFO 41.030040645599364
2021-02-09 06:37:46,240 INFO Test average loss : 50.69437921326296
2021-02-09 06:37:46,243 INFO Test average error: [ 0.91238411  0.15314661 20.47107743]
2021-02-09 06:38:27,035 INFO 39.82377557754516
2021-02-09 06:39:06,507 INFO 39.662286529541014
2021-02-09 06:39:45,992 INFO 40.1802826499939
2021-02-09 06:40:25,450 INFO 39.80068069458008
2021-02-09 06:41:04,933 INFO 40.320955505371096
2021-02-09 06:41:44,398 INFO 39.56379318237305
2021-02-09 06:42:23,835 INFO 39.3682984161377
2021-02-09 06:43:03,314 INFO 39.84568840026856
2021-02-09 06:43:42,782 INFO 40.44934368133545
2021-02-09 06:44:22,248 INFO 39.74522621154785
2021-02-09 06:45:01,710 INFO 39.57537494659424
2021-02-09 06:45:41,201 INFO 39.47010841369629
2021-02-09 06:46:20,661 INFO 39.53376913070679
2021-02-09 06:47:00,130 INFO 40.10555616378784
2021-02-09 06:47:39,639 INFO 39.16774196624756
2021-02-09 06:48:19,068 INFO 40.51325878143311
2021-02-09 06:48:58,503 INFO 40.665999031066896
2021-02-09 06:49:38,019 INFO 40.03052177429199
2021-02-09 06:50:17,494 INFO 40.365716037750246
2021-02-09 06:50:56,949 INFO 41.45852527618408
2021-02-09 06:51:36,437 INFO 40.328354053497314
2021-02-09 06:52:15,879 INFO 40.50495485305786
2021-02-09 06:52:55,303 INFO 40.387437915802
2021-02-09 06:53:34,770 INFO 40.87720329284668
2021-02-09 06:54:14,236 INFO 40.81556896209717
2021-02-09 06:54:53,715 INFO 39.24798345565796
2021-02-09 06:55:33,225 INFO 40.64892707824707
2021-02-09 06:56:12,679 INFO 40.571500816345214
2021-02-09 06:56:52,125 INFO 39.99307149887085
2021-02-09 06:57:31,619 INFO 40.84827693939209
2021-02-09 06:58:11,084 INFO 40.74728219985962
2021-02-09 06:58:50,540 INFO 41.19040302276611
2021-02-09 06:59:30,014 INFO 39.93106014251709
2021-02-09 07:00:09,477 INFO 40.319209251403805
2021-02-09 07:00:48,940 INFO 40.34561933517456
2021-02-09 07:01:28,404 INFO 40.89771324157715
2021-02-09 07:02:07,928 INFO 41.1997806930542
2021-02-09 07:02:47,387 INFO 40.707394409179685
2021-02-09 07:03:26,963 INFO 41.00554473876953
2021-02-09 07:03:58,524 INFO Test average loss : 50.415061504147126
2021-02-09 07:03:58,527 INFO Test average error: [ 0.91410933  0.15695202 20.46543834]
2021-02-09 07:04:39,403 INFO 39.40557420730591
2021-02-09 07:05:18,848 INFO 40.19976257324219
2021-02-09 07:05:58,311 INFO 39.32318634033203
2021-02-09 07:06:37,769 INFO 38.57570098876953
2021-02-09 07:07:17,243 INFO 40.36758718490601
2021-02-09 07:07:56,732 INFO 39.563278903961184
2021-02-09 07:08:36,190 INFO 39.61073143005371
2021-02-09 07:09:15,654 INFO 40.31595596313477
2021-02-09 07:09:55,147 INFO 39.17610139846802
2021-02-09 07:10:34,611 INFO 40.33499345779419
2021-02-09 07:11:14,065 INFO 40.30452407836914
2021-02-09 07:11:53,540 INFO 39.408804931640624
2021-02-09 07:12:33,020 INFO 39.49329265594483
2021-02-09 07:13:12,467 INFO 39.95411125183105
2021-02-09 07:13:51,964 INFO 39.65207765579223
2021-02-09 07:14:31,464 INFO 40.732452411651614
2021-02-09 07:15:10,955 INFO 40.03618469238281
2021-02-09 07:15:50,438 INFO 39.48643814086914
2021-02-09 07:16:29,899 INFO 39.93159954071045
2021-02-09 07:17:09,358 INFO 40.27199831008911
2021-02-09 07:17:48,846 INFO 40.23691192626953
2021-02-09 07:18:28,336 INFO 39.16165061950684
2021-02-09 07:19:07,804 INFO 40.51651975631714
2021-02-09 07:19:47,315 INFO 39.836665077209474
2021-02-09 07:20:26,794 INFO 40.02670831680298
2021-02-09 07:21:06,250 INFO 39.47819427490234
2021-02-09 07:21:45,718 INFO 41.08472095489502
2021-02-09 07:22:25,151 INFO 39.731374683380125
2021-02-09 07:23:04,635 INFO 40.1614994430542
2021-02-09 07:23:44,111 INFO 39.95561019897461
2021-02-09 07:24:23,564 INFO 40.13034538269043
2021-02-09 07:25:03,014 INFO 40.22726535797119
2021-02-09 07:25:42,533 INFO 39.763182182312015
2021-02-09 07:26:21,999 INFO 39.53593580245972
2021-02-09 07:27:01,531 INFO 40.67672401428223
2021-02-09 07:27:41,037 INFO 40.30449392318726
2021-02-09 07:28:20,510 INFO 40.66882963180542
2021-02-09 07:28:59,955 INFO 40.181062870025634
2021-02-09 07:29:39,443 INFO 40.78474786758423
2021-02-09 07:30:11,362 INFO Test average loss : 51.82311593250287
2021-02-09 07:30:11,365 INFO Test average error: [ 0.91163478  0.15711237 20.68243613]
2021-02-09 07:31:00,257 INFO 39.059032344818114
2021-02-09 07:31:39,738 INFO 39.62707754135132
2021-02-09 07:32:19,204 INFO 39.29839851379395
2021-02-09 07:32:58,662 INFO 38.87766342163086
2021-02-09 07:33:38,127 INFO 39.65021871566773
2021-02-09 07:34:17,568 INFO 39.19919912338257
2021-02-09 07:34:57,012 INFO 39.60226490020752
2021-02-09 07:35:36,496 INFO 39.300318546295166
2021-02-09 07:36:15,964 INFO 38.71047464370727
2021-02-09 07:36:55,482 INFO 39.72463914871216
2021-02-09 07:37:34,991 INFO 40.0045216178894
2021-02-09 07:38:14,503 INFO 40.01510667800903
2021-02-09 07:38:53,997 INFO 39.346980781555175
2021-02-09 07:39:33,524 INFO 40.05520671844482
2021-02-09 07:40:12,985 INFO 38.847996158599855
2021-02-09 07:40:52,467 INFO 39.170281867980954
2021-02-09 07:41:31,983 INFO 40.37948934555054
2021-02-09 07:42:11,475 INFO 38.8770686340332
2021-02-09 07:42:50,943 INFO 40.279767475128175
2021-02-09 07:43:30,516 INFO 38.84825593948364
2021-02-09 07:44:10,117 INFO 40.853717994689944
2021-02-09 07:44:49,607 INFO 38.84767095565796
2021-02-09 07:45:29,101 INFO 40.055787563323975
2021-02-09 07:46:08,617 INFO 40.10318552017212
2021-02-09 07:46:48,089 INFO 39.60698251724243
2021-02-09 07:47:27,570 INFO 39.43721332550049
2021-02-09 07:48:07,129 INFO 39.623388595581055
2021-02-09 07:48:46,587 INFO 41.031919898986814
2021-02-09 07:49:26,042 INFO 38.877399864196775
2021-02-09 07:50:05,618 INFO 39.524296836853026
2021-02-09 07:50:45,082 INFO 39.35923168182373
2021-02-09 07:51:24,552 INFO 40.25814563751221
2021-02-09 07:52:04,077 INFO 39.16859725952148
2021-02-09 07:52:43,561 INFO 39.48558151245117
2021-02-09 07:53:23,010 INFO 39.347034549713136
2021-02-09 07:54:02,489 INFO 40.376778831481936
2021-02-09 07:54:42,013 INFO 40.24732439041138
2021-02-09 07:55:21,608 INFO 40.10057094573975
2021-02-09 07:56:01,074 INFO 40.63705902099609
2021-02-09 07:56:32,627 INFO Test average loss : 51.65363825922427
2021-02-09 07:56:32,630 INFO Test average error: [ 0.90950875  0.15518012 20.26691487]
2021-02-09 07:57:13,479 INFO 38.45584354400635
2021-02-09 07:57:52,996 INFO 39.28704471588135
2021-02-09 07:58:32,479 INFO 38.58120876312256
2021-02-09 07:59:11,968 INFO 39.124133071899415
2021-02-09 07:59:51,462 INFO 39.39335996627808
2021-02-09 08:00:30,948 INFO 39.68352504730225
2021-02-09 08:01:10,458 INFO 38.89082773208618
2021-02-09 08:01:49,967 INFO 38.54964881896973
2021-02-09 08:02:29,439 INFO 39.53650817871094
2021-02-09 08:03:08,926 INFO 40.150388889312744
2021-02-09 08:03:48,386 INFO 39.44439910888672
2021-02-09 08:04:27,839 INFO 38.76761186599732
2021-02-09 08:05:07,308 INFO 38.927527313232424
2021-02-09 08:05:46,795 INFO 37.91660715103149
2021-02-09 08:06:26,257 INFO 39.39782472610474
2021-02-09 08:07:05,719 INFO 38.97525146484375
2021-02-09 08:07:45,225 INFO 40.14405668258667
2021-02-09 08:08:24,713 INFO 39.93937410354614
2021-02-09 08:09:04,184 INFO 39.6467343711853
2021-02-09 08:09:43,652 INFO 39.91223489761352
2021-02-09 08:10:23,119 INFO 40.124434356689456
2021-02-09 08:11:02,596 INFO 39.87536979675293
2021-02-09 08:11:42,093 INFO 39.95734741210938
2021-02-09 08:12:21,536 INFO 39.68149715423584
2021-02-09 08:13:01,012 INFO 41.03490676879883
2021-02-09 08:13:40,513 INFO 38.8403777885437
2021-02-09 08:14:19,998 INFO 39.402309818267824
2021-02-09 08:14:59,451 INFO 39.49814479827881
2021-02-09 08:15:38,957 INFO 38.99495679855347
2021-02-09 08:16:18,446 INFO 39.526419429779054
2021-02-09 08:16:57,973 INFO 39.22361633300781
2021-02-09 08:17:37,517 INFO 39.70306913375855
2021-02-09 08:18:16,994 INFO 38.996737537384035
2021-02-09 08:18:56,437 INFO 40.11769254684448
2021-02-09 08:19:35,923 INFO 40.114639053344725
2021-02-09 08:20:15,400 INFO 39.997845554351805
2021-02-09 08:20:54,900 INFO 39.84225299835205
2021-02-09 08:21:34,400 INFO 39.22855232238769
2021-02-09 08:22:13,932 INFO 39.9044137763977
2021-02-09 08:22:45,510 INFO Test average loss : 50.949149970625555
2021-02-09 08:22:45,512 INFO Test average error: [ 0.90935627  0.14841283 19.0948085 ]
2021-02-09 08:23:26,358 INFO 38.78162178039551
2021-02-09 08:24:05,857 INFO 39.34661361694336
2021-02-09 08:24:45,349 INFO 38.1179395866394
2021-02-09 08:25:24,869 INFO 37.94657665252686
2021-02-09 08:26:04,354 INFO 39.320965919494625
2021-02-09 08:26:43,784 INFO 39.904980163574216
2021-02-09 08:27:23,231 INFO 39.121969051361084
2021-02-09 08:28:02,775 INFO 39.327702808380124
2021-02-09 08:28:42,230 INFO 39.326246910095215
2021-02-09 08:29:21,691 INFO 38.61309118270874
2021-02-09 08:30:01,186 INFO 39.143826999664306
2021-02-09 08:30:40,674 INFO 38.10111631393433
2021-02-09 08:31:20,162 INFO 38.65011478424072
2021-02-09 08:31:59,630 INFO 39.548955574035645
2021-02-09 08:32:39,068 INFO 39.01658920288086
2021-02-09 08:33:18,552 INFO 38.584545555114744
2021-02-09 08:33:58,072 INFO 39.36972627639771
2021-02-09 08:34:37,575 INFO 38.79006422042847
2021-02-09 08:35:17,080 INFO 39.269916248321536
2021-02-09 08:35:56,548 INFO 40.19624271392822
2021-02-09 08:36:36,060 INFO 39.173008880615235
2021-02-09 08:37:15,602 INFO 39.067453956604005
2021-02-09 08:37:55,073 INFO 38.53622501373291
2021-02-09 08:38:34,546 INFO 39.27001264572144
2021-02-09 08:39:14,023 INFO 39.642384128570555
2021-02-09 08:39:53,508 INFO 38.36751106262207
2021-02-09 08:40:32,992 INFO 39.13133327484131
2021-02-09 08:41:12,431 INFO 39.40166799545288
2021-02-09 08:41:51,945 INFO 39.502298755645754
2021-02-09 08:42:31,386 INFO 39.48288194656372
2021-02-09 08:43:10,831 INFO 39.85200519561768
2021-02-09 08:43:50,333 INFO 39.49488227844238
2021-02-09 08:44:29,778 INFO 39.09526254653931
2021-02-09 08:45:09,269 INFO 39.39006275177002
2021-02-09 08:45:48,767 INFO 38.619745330810545
2021-02-09 08:46:28,278 INFO 40.05889867782593
2021-02-09 08:47:07,768 INFO 39.06401458740234
2021-02-09 08:47:47,272 INFO 40.22563982009888
2021-02-09 08:48:26,742 INFO 38.5979141998291
2021-02-09 08:48:58,227 INFO Test average loss : 52.218416003479206
2021-02-09 08:48:58,230 INFO Test average error: [ 0.90771382  0.15273201 20.02753264]
2021-02-09 08:49:39,244 INFO 37.45293771743774
2021-02-09 08:50:18,693 INFO 39.418077583312986
2021-02-09 08:50:58,141 INFO 39.398793411254886
2021-02-09 08:51:37,654 INFO 38.38943933486939
2021-02-09 08:52:17,135 INFO 39.22004594802856
2021-02-09 08:52:56,610 INFO 38.82292358398438
2021-02-09 08:53:36,106 INFO 38.000420055389405
2021-02-09 08:54:15,626 INFO 38.72176008224487
2021-02-09 08:54:55,100 INFO 39.63982255935669
2021-02-09 08:55:34,601 INFO 38.50092029571533
2021-02-09 08:56:14,049 INFO 39.2298237991333
2021-02-09 08:56:53,493 INFO 38.81624698638916
2021-02-09 08:57:32,995 INFO 39.231264991760256
2021-02-09 08:58:12,471 INFO 38.19129253387451
2021-02-09 08:58:51,947 INFO 39.34583911895752
2021-02-09 08:59:31,440 INFO 38.384785652160645
2021-02-09 09:00:10,885 INFO 39.63011194229126
2021-02-09 09:00:50,346 INFO 38.947253074646
2021-02-09 09:01:29,897 INFO 38.82961730957031
2021-02-09 09:02:09,357 INFO 38.15884630203247
2021-02-09 09:02:48,845 INFO 40.30441009521484
2021-02-09 09:03:28,355 INFO 38.122044467926024
2021-02-09 09:04:07,845 INFO 38.25532470703125
2021-02-09 09:04:47,306 INFO 38.51407867431641
2021-02-09 09:05:26,795 INFO 39.302542228698734
2021-02-09 09:06:06,290 INFO 38.38348928451538
2021-02-09 09:06:45,765 INFO 40.56876232147217
2021-02-09 09:07:25,221 INFO 38.91564723968506
2021-02-09 09:08:04,686 INFO 38.481141109466556
2021-02-09 09:08:44,132 INFO 38.92974273681641
2021-02-09 09:09:23,562 INFO 39.223668003082274
2021-02-09 09:10:03,053 INFO 38.79622957229614
2021-02-09 09:10:42,543 INFO 38.83668716430664
2021-02-09 09:11:21,996 INFO 38.80314100265503
2021-02-09 09:12:01,512 INFO 37.62441169738769
2021-02-09 09:12:40,975 INFO 39.37016075134277
2021-02-09 09:13:20,432 INFO 39.3674027633667
2021-02-09 09:13:59,922 INFO 39.115390644073486
2021-02-09 09:14:39,371 INFO 39.28995403289795
2021-02-09 09:15:10,914 INFO Test average loss : 51.45548080520885
2021-02-09 09:15:10,916 INFO Test average error: [ 0.90942162  0.1490545  19.40650847]
