2021-02-28 14:31:53,053 INFO 2.9901193833351134
2021-02-28 14:34:04,390 INFO 2.877913649082184
2021-02-28 14:36:04,237 INFO 2.865543985366821
2021-02-28 14:38:12,037 INFO 2.8434325194358827
2021-02-28 14:40:07,136 INFO 2.8059082007408143
2021-02-28 14:42:01,500 INFO 2.7558422446250916
2021-02-28 14:44:05,696 INFO 2.723556456565857
2021-02-28 14:45:56,270 INFO 2.6477557373046876
2021-02-28 14:47:51,016 INFO 2.5741480684280393
2021-02-28 14:49:48,838 INFO 2.4893518137931823
2021-02-28 14:51:41,926 INFO 2.3439463317394256
2021-02-28 14:53:39,399 INFO 2.2496152448654176
2021-02-28 14:55:24,564 INFO 2.1823744487762453
2021-02-28 14:57:16,867 INFO 2.071975038051605
2021-02-28 14:59:14,666 INFO 1.995191477537155
2021-02-28 15:01:02,102 INFO 1.9223408472537995
2021-02-28 15:02:54,427 INFO 1.8728961408138276
2021-02-28 15:04:50,010 INFO 1.8109972476959229
2021-02-28 15:06:39,696 INFO 1.8046951639652251
2021-02-28 15:08:27,147 INFO 1.7417676782608031
2021-02-28 15:10:29,036 INFO 1.719439059495926
2021-02-28 15:12:23,496 INFO 1.6805113422870637
2021-02-28 15:14:11,384 INFO 1.6435260343551636
2021-02-28 15:16:09,190 INFO 1.6088591754436492
2021-02-28 15:17:56,758 INFO 1.594911458492279
2021-02-28 15:19:43,750 INFO 1.57311563372612
2021-02-28 15:21:45,982 INFO 1.5009442734718323
2021-02-28 15:23:33,951 INFO 1.4995396983623506
2021-02-28 15:25:23,214 INFO 1.457785576581955
2021-02-28 15:27:25,539 INFO 1.4592980194091796
2021-02-28 15:29:12,772 INFO 1.4777983582019807
2021-02-28 15:31:04,210 INFO 1.4275647509098053
2021-02-28 15:33:03,450 INFO 1.4090214633941651
2021-02-28 15:34:53,059 INFO 1.408464121222496
2021-02-28 15:36:37,175 INFO 1.3530443304777144
2021-02-28 15:38:36,398 INFO 1.3676825332641602
2021-02-28 15:40:28,424 INFO 1.3308830362558366
2021-02-28 15:42:19,931 INFO 1.3331795209646224
2021-02-28 15:44:23,935 INFO 1.2888399958610535
2021-02-28 15:46:12,915 INFO 1.2638596045970916
2021-02-28 15:48:01,198 INFO 1.2810321325063705
2021-02-28 15:49:56,886 INFO 1.279667536020279
2021-02-28 15:51:45,815 INFO 1.2376399332284926
2021-02-28 15:53:34,010 INFO 1.2214481270313262
2021-02-28 15:55:32,520 INFO 1.2421975922584534
2021-02-28 15:57:29,215 INFO 1.2372447377443314
2021-02-28 15:59:18,873 INFO 1.1946785658597947
2021-02-28 16:01:06,446 INFO 1.2179885292053223
2021-02-28 16:03:03,418 INFO 1.198634597659111
2021-02-28 16:04:58,964 INFO 1.170449160337448
2021-02-28 16:06:52,585 INFO 1.1694800442457198
2021-02-28 16:08:41,604 INFO 1.1688882821798325
2021-02-28 16:10:43,610 INFO 1.148318458199501
2021-02-28 16:12:19,699 INFO 1.141427429318428
2021-02-28 16:20:46,096 INFO average error: [ 0.17348164 34.93441249  0.90378038]
2021-02-28 16:22:45,121 INFO 1.116374909877777
2021-02-28 16:24:30,305 INFO 1.092208549976349
2021-02-28 16:26:12,394 INFO 1.0842263096570968
2021-02-28 16:28:07,697 INFO 1.102940554022789
2021-02-28 16:29:54,350 INFO 1.0755529630184173
2021-02-28 16:31:35,856 INFO 1.0687749892473222
2021-02-28 16:33:31,113 INFO 1.0651663088798522
2021-02-28 16:35:13,015 INFO 1.028903529047966
2021-02-28 16:37:00,889 INFO 1.0500187200307847
2021-02-28 16:38:54,926 INFO 1.0805335515737533
2021-02-28 16:40:35,926 INFO 1.037092362642288
2021-02-28 16:42:18,898 INFO 1.0629228448867798
2021-02-28 16:44:15,556 INFO 1.020897800922394
2021-02-28 16:45:56,155 INFO 1.0433159321546555
2021-02-28 16:47:36,895 INFO 1.0253005170822143
2021-02-28 16:49:33,625 INFO 1.0098026418685913
2021-02-28 16:51:14,517 INFO 1.0283038699626923
2021-02-28 16:52:59,499 INFO 0.9993453347682952
2021-02-28 16:54:53,527 INFO 1.0006305885314941
2021-02-28 16:56:39,504 INFO 0.9959317463636398
2021-02-28 16:58:21,537 INFO 1.0108002907037734
2021-02-28 17:00:20,030 INFO 1.013773404955864
2021-02-28 17:01:59,404 INFO 1.0144081336259843
2021-02-28 17:03:42,799 INFO 0.9965072000026702
2021-02-28 17:05:39,746 INFO 1.000982202887535
2021-02-28 17:07:20,458 INFO 0.973293474316597
2021-02-28 17:09:02,333 INFO 0.9761525225639344
2021-02-28 17:10:56,408 INFO 1.0077900451421737
2021-02-28 17:12:40,304 INFO 0.9681107890605927
2021-02-28 17:14:23,802 INFO 0.9865794998407363
2021-02-28 17:16:13,501 INFO 0.9602275294065475
2021-02-28 17:17:57,120 INFO 0.9457267743349075
2021-02-28 17:19:44,161 INFO 0.971867926120758
2021-02-28 17:21:39,353 INFO 0.978073690533638
2021-02-28 17:23:26,181 INFO 0.9699175733327866
2021-02-28 17:25:06,574 INFO 0.9614918678998947
2021-02-28 17:27:04,342 INFO 0.9482609796524047
2021-02-28 17:28:45,385 INFO 0.9431400150060654
2021-02-28 17:30:30,612 INFO 0.933275255560875
2021-02-28 17:32:20,479 INFO 0.94610535800457
2021-02-28 17:34:04,835 INFO 0.9184306073188782
2021-02-28 17:35:51,880 INFO 0.9348601752519607
2021-02-28 17:37:44,280 INFO 0.9572079312801361
2021-02-28 17:39:27,783 INFO 0.8843430757522583
2021-02-28 17:41:17,803 INFO 0.9193370395898819
2021-02-28 17:43:08,057 INFO 0.9053606110811233
2021-02-28 17:44:51,294 INFO 0.8873738026618958
2021-02-28 17:46:40,350 INFO 0.9109814381599426
2021-02-28 17:48:26,328 INFO 0.9184139162302017
2021-02-28 17:50:23,408 INFO 0.9022708612680436
2021-02-28 17:52:09,097 INFO 0.8905279979109764
2021-02-28 17:53:49,029 INFO 0.9047295781970024
2021-02-28 17:55:39,426 INFO 0.9156671470403671
2021-02-28 17:57:19,080 INFO 0.8607487893104553
2021-02-28 18:05:14,938 INFO average error: [ 0.17335136 37.88504401  0.90067925]
2021-02-28 18:07:11,535 INFO 0.8801482957601547
2021-02-28 18:09:04,274 INFO 0.8412819531559944
2021-02-28 18:10:49,770 INFO 0.8577255403995514
2021-02-28 18:12:32,444 INFO 0.8578544473648071
2021-02-28 18:14:24,981 INFO 0.8627370464801788
2021-02-28 18:16:07,512 INFO 0.8426625216007233
2021-02-28 18:17:54,492 INFO 0.8580869391560555
2021-02-28 18:19:46,490 INFO 0.8192088371515274
2021-02-28 18:21:29,581 INFO 0.8221415627002716
2021-02-28 18:23:19,075 INFO 0.8376962283253669
2021-02-28 18:25:13,187 INFO 0.860169181227684
2021-02-28 18:26:58,505 INFO 0.8308110713958741
2021-02-28 18:28:38,746 INFO 0.8470266002416611
2021-02-28 18:30:36,360 INFO 0.8356552240252495
2021-02-28 18:32:23,629 INFO 0.8461823034286499
2021-02-28 18:34:03,799 INFO 0.8310054796934128
2021-02-28 18:36:03,088 INFO 0.8505819058418274
2021-02-28 18:37:45,973 INFO 0.824927390217781
2021-02-28 18:39:27,526 INFO 0.814422333240509
2021-02-28 18:41:20,068 INFO 0.8134411537647247
2021-02-28 18:43:05,579 INFO 0.8289170679450035
2021-02-28 18:44:45,899 INFO 0.8189329743385315
2021-02-28 18:46:39,835 INFO 0.8069889748096466
2021-02-28 18:48:21,433 INFO 0.8471685147285462
2021-02-28 18:50:07,218 INFO 0.8036605635285378
2021-02-28 18:51:59,468 INFO 0.8044139996170998
2021-02-28 18:53:47,369 INFO 0.8044937792420387
2021-02-28 18:55:29,944 INFO 0.8327672743797302
2021-02-28 18:57:22,741 INFO 0.8250029802322387
2021-02-28 18:59:09,643 INFO 0.8334503638744354
2021-02-28 19:00:55,194 INFO 0.7980943921208382
2021-02-28 19:02:53,370 INFO 0.8174234396219253
2021-02-28 19:04:41,396 INFO 0.7806120258569718
2021-02-28 19:06:19,172 INFO 0.8069612494111061
2021-02-28 19:08:13,240 INFO 0.8327221137285232
2021-02-28 19:09:55,990 INFO 0.7949498164653778
2021-02-28 19:11:48,700 INFO 0.8119835674762725
2021-02-28 19:13:28,657 INFO 0.782792886197567
2021-02-28 19:15:18,962 INFO 0.7831303226947784
2021-02-28 19:17:09,433 INFO 0.7912837779521942
2021-02-28 19:18:54,239 INFO 0.7912138020992279
2021-02-28 19:20:36,949 INFO 0.7953872203826904
2021-02-28 19:22:31,564 INFO 0.7918302866816521
2021-02-28 19:24:12,516 INFO 0.8169868245720864
2021-02-28 19:26:00,448 INFO 0.7762360408902168
2021-02-28 19:27:56,813 INFO 0.7664039885997772
2021-02-28 19:29:35,925 INFO 0.7601875576376915
2021-02-28 19:31:19,947 INFO 0.8004375252127648
2021-02-28 19:33:12,554 INFO 0.7849922633171081
2021-02-28 19:34:56,910 INFO 0.7691400000452995
2021-02-28 19:36:40,539 INFO 0.782807705104351
2021-02-28 19:38:33,993 INFO 0.7720987170934677
2021-02-28 19:40:21,655 INFO 0.798055699467659
2021-02-28 19:41:56,551 INFO 0.789523843228817
2021-02-28 19:49:53,653 INFO average error: [ 0.17309796 37.48103584  0.90484158]
2021-02-28 19:51:50,358 INFO 0.7747527664899826
2021-02-28 19:53:38,748 INFO 0.7571142089366912
2021-02-28 19:55:20,573 INFO 0.7356672036647797
2021-02-28 19:57:13,321 INFO 0.7506058841943741
2021-02-28 19:58:56,889 INFO 0.7453106391429901
2021-02-28 20:00:45,180 INFO 0.7422818711400032
2021-02-28 20:02:36,440 INFO 0.7592891734838486
2021-02-28 20:04:24,636 INFO 0.7540408754348755
2021-02-28 20:06:13,228 INFO 0.733147234916687
2021-02-28 20:08:06,860 INFO 0.7462225511670113
2021-02-28 20:09:48,983 INFO 0.7690845227241516
2021-02-28 20:11:30,546 INFO 0.759310744702816
2021-02-28 20:13:26,655 INFO 0.7361665335297585
2021-02-28 20:15:09,271 INFO 0.7436993351578712
2021-02-28 20:16:54,642 INFO 0.7419093924760819
2021-02-28 20:18:47,361 INFO 0.76641766756773
2021-02-28 20:20:33,226 INFO 0.7340959739685059
2021-02-28 20:22:15,933 INFO 0.7220819672942161
2021-02-28 20:24:12,793 INFO 0.7406586539745331
2021-02-28 20:26:00,541 INFO 0.7492705488204956
2021-02-28 20:27:41,304 INFO 0.7130623799562454
2021-02-28 20:29:32,707 INFO 0.7346373063325882
2021-02-28 20:31:18,479 INFO 0.7289467698335648
2021-02-28 20:33:03,401 INFO 0.7637875187397003
2021-02-28 20:34:58,681 INFO 0.7490866884589196
2021-02-28 20:36:41,784 INFO 0.7382555687427521
2021-02-28 20:38:24,184 INFO 0.7421490588784218
2021-02-28 20:40:16,735 INFO 0.7289038673043251
2021-02-28 20:42:02,248 INFO 0.7539954227209091
2021-02-28 20:43:49,268 INFO 0.7317941695451736
2021-02-28 20:45:41,685 INFO 0.720777188539505
2021-02-28 20:47:27,150 INFO 0.7181105917692184
2021-02-28 20:49:12,988 INFO 0.7359727051854134
2021-02-28 20:50:56,137 INFO 0.7388281804323197
2021-02-28 20:52:47,851 INFO 0.7401999637484551
2021-02-28 20:54:32,875 INFO 0.714302097260952
2021-02-28 20:56:19,738 INFO 0.7250012654066086
2021-02-28 20:58:11,066 INFO 0.7064565575122833
2021-02-28 20:59:51,646 INFO 0.6976958328485489
2021-02-28 21:01:35,971 INFO 0.7308215364813805
2021-02-28 21:03:32,736 INFO 0.7214328154921532
2021-02-28 21:05:16,012 INFO 0.7515082514286041
2021-02-28 21:06:57,707 INFO 0.69645687520504
2021-02-28 21:08:54,006 INFO 0.714789312183857
2021-02-28 21:10:39,499 INFO 0.7122403627634049
2021-02-28 21:12:25,057 INFO 0.7166052570939064
2021-02-28 21:14:18,746 INFO 0.7299284574389457
2021-02-28 21:16:03,979 INFO 0.6919856330752373
2021-02-28 21:17:47,799 INFO 0.6937083080410957
2021-02-28 21:19:35,411 INFO 0.7139893588423729
2021-02-28 21:21:24,142 INFO 0.7471113818883895
2021-02-28 21:23:16,662 INFO 0.7064759597182274
2021-02-28 21:25:04,801 INFO 0.7115981313586235
2021-02-28 21:26:36,526 INFO 0.7045527097582817
2021-02-28 21:34:32,905 INFO average error: [ 0.17438416 35.73861885  0.90814236]
2021-02-28 21:36:32,579 INFO 0.6931203898787498
2021-02-28 21:38:12,933 INFO 0.6860528072714805
2021-02-28 21:39:58,330 INFO 0.6871201199293137
2021-02-28 21:41:52,081 INFO 0.6832140570878983
2021-02-28 21:43:38,823 INFO 0.6814154037833213
2021-02-28 21:45:23,457 INFO 0.7070129862427712
2021-02-28 21:47:12,991 INFO 0.6621516427397728
2021-02-28 21:49:04,630 INFO 0.6828098073601723
2021-02-28 21:50:45,108 INFO 0.6865698492527008
2021-02-28 21:52:36,791 INFO 0.7043233588337898
2021-02-28 21:54:19,651 INFO 0.6738713625073433
2021-02-28 21:56:07,713 INFO 0.6764333152770996
2021-02-28 21:57:55,328 INFO 0.6755799227952957
2021-02-28 21:59:38,878 INFO 0.672316937148571
2021-02-28 22:01:31,477 INFO 0.6994747030735016
2021-02-28 22:03:14,965 INFO 0.6797444799542427
2021-02-28 22:05:01,436 INFO 0.6846429118514061
2021-02-28 22:06:50,055 INFO 0.6634209358692169
2021-02-28 22:08:32,465 INFO 0.6917885980010032
2021-02-28 22:10:27,275 INFO 0.6845271813869477
2021-02-28 22:12:11,165 INFO 0.6963564333319664
2021-02-28 22:13:55,738 INFO 0.6721663585305214
2021-02-28 22:15:41,615 INFO 0.7147303414344788
2021-02-28 22:17:38,103 INFO 0.6751828479766846
2021-02-28 22:19:20,049 INFO 0.664087989628315
2021-02-28 22:21:06,394 INFO 0.6895072162151337
2021-02-28 22:23:01,405 INFO 0.6893503078818322
2021-02-28 22:24:45,444 INFO 0.7057140597701073
2021-02-28 22:26:26,962 INFO 0.673173089325428
2021-02-28 22:28:23,769 INFO 0.6722159051895141
2021-02-28 22:30:04,376 INFO 0.6853382655978203
2021-02-28 22:31:49,694 INFO 0.6805428314208984
2021-02-28 22:33:43,492 INFO 0.6626195329427719
2021-02-28 22:35:29,953 INFO 0.6584528493881225
2021-02-28 22:37:13,011 INFO 0.6865741330385208
2021-02-28 22:39:05,213 INFO 0.6871057665348053
2021-02-28 22:40:47,907 INFO 0.6660909128189086
2021-02-28 22:42:31,978 INFO 0.6759491485357284
2021-02-28 22:44:24,436 INFO 0.6578483545780182
2021-02-28 22:46:10,262 INFO 0.6712096509337425
2021-02-28 22:47:59,227 INFO 0.6364794939756393
2021-02-28 22:49:47,873 INFO 0.7034263888001442
2021-02-28 22:51:32,535 INFO 0.6690457093715668
2021-02-28 22:53:17,905 INFO 0.6712307730317115
2021-02-28 22:55:14,674 INFO 0.6703580638766289
2021-02-28 22:56:53,237 INFO 0.6798564311861992
2021-02-28 22:58:41,878 INFO 0.6803335267305374
2021-02-28 23:00:35,482 INFO 0.6553087297081948
2021-02-28 23:02:14,945 INFO 0.666870581805706
2021-02-28 23:04:06,510 INFO 0.6756165775656701
2021-02-28 23:05:52,925 INFO 0.6717958435416221
2021-02-28 23:07:38,338 INFO 0.6942797672748565
2021-02-28 23:09:24,930 INFO 0.6761941111087799
2021-02-28 23:11:03,392 INFO 0.6678706610202789
2021-02-28 23:19:01,020 INFO average error: [ 0.16965876 36.11100739  0.9105013 ]
2021-02-28 23:21:02,667 INFO 0.6396189162135124
2021-02-28 23:22:47,551 INFO 0.6249456468224526
2021-02-28 23:24:30,011 INFO 0.6081617334485054
2021-02-28 23:26:22,041 INFO 0.6492586907744408
2021-02-28 23:28:05,070 INFO 0.6518425652384758
2021-02-28 23:29:54,490 INFO 0.6309561780095101
2021-02-28 23:31:41,521 INFO 0.632836388349533
2021-02-28 23:33:28,124 INFO 0.6515191620588303
2021-02-28 23:35:13,220 INFO 0.6506296849250793
2021-02-28 23:37:03,926 INFO 0.6403779396414757
2021-02-28 23:38:49,537 INFO 0.6374587416648865
2021-02-28 23:40:35,985 INFO 0.644770329296589
2021-02-28 23:42:26,571 INFO 0.6468772414326668
2021-02-28 23:44:11,511 INFO 0.654332689344883
2021-02-28 23:45:53,497 INFO 0.6350229647755623
2021-02-28 23:47:47,871 INFO 0.6226228666305542
2021-02-28 23:49:33,458 INFO 0.6467323824763298
2021-02-28 23:51:20,863 INFO 0.6576828271150589
2021-02-28 23:53:03,678 INFO 0.6509695011377334
2021-02-28 23:54:54,238 INFO 0.6548894238471985
2021-02-28 23:56:39,919 INFO 0.6435682454705238
2021-02-28 23:58:34,171 INFO 0.6448951584100723
2021-03-01 00:00:18,332 INFO 0.6531674984097481
2021-03-01 00:02:02,872 INFO 0.6386301419138909
2021-03-01 00:03:59,223 INFO 0.6461848539113998
2021-03-01 00:05:42,763 INFO 0.6486169388890266
2021-03-01 00:07:25,276 INFO 0.653952554166317
2021-03-01 00:09:21,196 INFO 0.6399749684333801
2021-03-01 00:11:05,195 INFO 0.6553976052999496
2021-03-01 00:12:50,559 INFO 0.6271488635241985
2021-03-01 00:14:47,631 INFO 0.6349156805872918
2021-03-01 00:16:29,772 INFO 0.63546272367239
2021-03-01 00:18:12,756 INFO 0.637915727198124
2021-03-01 00:20:10,682 INFO 0.6563393786549568
2021-03-01 00:21:52,153 INFO 0.6352901220321655
2021-03-01 00:23:32,983 INFO 0.6153512877225876
2021-03-01 00:25:31,372 INFO 0.6722810357809067
2021-03-01 00:27:14,908 INFO 0.6393989905714988
2021-03-01 00:28:59,508 INFO 0.6149874284863472
2021-03-01 00:30:54,848 INFO 0.6414884972572327
2021-03-01 00:32:37,562 INFO 0.6275075414776802
2021-03-01 00:34:22,954 INFO 0.6406280192732811
2021-03-01 00:36:18,288 INFO 0.6382410284876824
2021-03-01 00:37:58,757 INFO 0.6342760249972343
2021-03-01 00:39:42,848 INFO 0.6320509445667267
2021-03-01 00:41:34,643 INFO 0.6492881596088409
2021-03-01 00:43:19,391 INFO 0.631375447511673
2021-03-01 00:45:01,984 INFO 0.6033945688605309
2021-03-01 00:46:56,072 INFO 0.6180983421206474
2021-03-01 00:48:42,063 INFO 0.6302166569232941
2021-03-01 00:50:22,117 INFO 0.6339710241556168
2021-03-01 00:52:18,655 INFO 0.6216741618514061
2021-03-01 00:54:04,890 INFO 0.6139410230517387
2021-03-01 00:55:40,414 INFO 0.6298987406492234
2021-03-01 01:03:37,740 INFO average error: [ 0.17549228 35.83911318  0.90268229]
2021-03-01 01:05:40,972 INFO 0.6251676112413407
2021-03-01 01:07:26,201 INFO 0.6258236607909202
2021-03-01 01:09:11,465 INFO 0.6181069964170456
2021-03-01 01:11:07,192 INFO 0.5982144418358802
2021-03-01 01:12:47,588 INFO 0.5836120784282685
2021-03-01 01:14:34,856 INFO 0.5911088839173317
2021-03-01 01:16:31,847 INFO 0.6066805198788643
2021-03-01 01:18:13,918 INFO 0.6087779712677002
2021-03-01 01:19:57,586 INFO 0.6062249901890755
2021-03-01 01:21:53,388 INFO 0.6077612856030464
2021-03-01 01:23:33,572 INFO 0.5929244488477707
2021-03-01 01:25:18,842 INFO 0.619110203385353
2021-03-01 01:27:13,299 INFO 0.5984052410721779
2021-03-01 01:28:57,754 INFO 0.6512280943989753
2021-03-01 01:30:42,494 INFO 0.6104692947864533
2021-03-01 01:32:26,397 INFO 0.6474412527680397
2021-03-01 01:34:11,271 INFO 0.6103799703717232
2021-03-01 01:36:05,669 INFO 0.6370816114544868
2021-03-01 01:37:53,453 INFO 0.634816960990429
2021-03-01 01:39:40,981 INFO 0.6251274186372757
2021-03-01 01:41:34,642 INFO 0.5868710413575172
2021-03-01 01:43:13,732 INFO 0.5988918137550354
2021-03-01 01:45:02,291 INFO 0.6094895005226135
2021-03-01 01:46:55,952 INFO 0.6298577052354812
2021-03-01 01:48:39,084 INFO 0.5780546814203262
2021-03-01 01:50:20,388 INFO 0.6022110506892204
2021-03-01 01:52:15,586 INFO 0.6056372448801994
2021-03-01 01:53:59,749 INFO 0.5893084591627121
2021-03-01 01:55:47,354 INFO 0.6093832957744598
2021-03-01 01:57:42,720 INFO 0.5920337736606598
2021-03-01 01:59:27,291 INFO 0.6087511655688286
2021-03-01 02:01:07,616 INFO 0.6236170274019242
2021-03-01 02:03:04,441 INFO 0.614479025900364
2021-03-01 02:04:47,498 INFO 0.5794948115944862
2021-03-01 02:06:29,669 INFO 0.605124463737011
2021-03-01 02:08:22,429 INFO 0.6121683520078659
2021-03-01 02:10:06,569 INFO 0.5961755782365799
2021-03-01 02:11:51,858 INFO 0.5890748617053032
2021-03-01 02:13:48,472 INFO 0.6033612287044525
2021-03-01 02:15:33,555 INFO 0.6219961833953858
2021-03-01 02:17:16,254 INFO 0.6051704254746437
2021-03-01 02:19:09,686 INFO 0.5987086328864097
2021-03-01 02:21:03,900 INFO 0.6093215668201446
2021-03-01 02:22:44,773 INFO 0.6000082236528397
2021-03-01 02:24:29,297 INFO 0.5966478407382965
2021-03-01 02:26:20,575 INFO 0.5988545194268227
2021-03-01 02:28:09,438 INFO 0.5914708325266838
2021-03-01 02:29:56,868 INFO 0.5872921192646027
2021-03-01 02:31:41,159 INFO 0.6026600536704063
2021-03-01 02:33:36,667 INFO 0.5910519668459893
2021-03-01 02:35:20,372 INFO 0.6100895556807518
2021-03-01 02:37:03,181 INFO 0.5984036648273467
2021-03-01 02:38:55,171 INFO 0.5967738017439842
2021-03-01 02:40:28,235 INFO 0.6026967284083367
2021-03-01 02:48:23,767 INFO average error: [ 0.1767961  36.58119698  0.9044987 ]
2021-03-01 02:50:23,026 INFO 0.5876527643203735
2021-03-01 02:52:11,902 INFO 0.5669218295812607
2021-03-01 02:53:57,261 INFO 0.5760495263338089
2021-03-01 02:55:55,354 INFO 0.5715746185183526
2021-03-01 02:57:36,381 INFO 0.6081458756327629
2021-03-01 02:59:21,082 INFO 0.5912198431789875
2021-03-01 03:01:12,970 INFO 0.5933146320283413
2021-03-01 03:02:55,190 INFO 0.5813573640584946
2021-03-01 03:04:47,286 INFO 0.5910901960730552
2021-03-01 03:06:28,154 INFO 0.5873175898194313
2021-03-01 03:08:12,099 INFO 0.5916946449875832
2021-03-01 03:10:13,395 INFO 0.5928972828388214
2021-03-01 03:11:54,644 INFO 0.5741620048880577
2021-03-01 03:13:40,929 INFO 0.5713039636611938
2021-03-01 03:15:27,895 INFO 0.59095151335001
2021-03-01 03:17:23,037 INFO 0.5949275952577591
2021-03-01 03:19:04,929 INFO 0.5782965114712715
2021-03-01 03:20:49,881 INFO 0.5804281064867973
2021-03-01 03:22:43,040 INFO 0.5527106454968452
2021-03-01 03:24:26,449 INFO 0.5850564882159233
2021-03-01 03:26:11,841 INFO 0.5698609399795532
2021-03-01 03:28:05,412 INFO 0.5846064195036889
2021-03-01 03:29:51,453 INFO 0.5904728311300278
2021-03-01 03:31:34,100 INFO 0.5884355521202087
2021-03-01 03:33:26,202 INFO 0.5786210507154464
2021-03-01 03:35:14,249 INFO 0.5728796696662903
2021-03-01 03:36:56,701 INFO 0.5742420989274979
2021-03-01 03:38:47,324 INFO 0.5627797302603722
2021-03-01 03:40:35,627 INFO 0.5798589849472046
2021-03-01 03:42:19,571 INFO 0.6019040140509605
2021-03-01 03:44:09,803 INFO 0.5534110894799232
2021-03-01 03:45:54,349 INFO 0.5925073266029358
2021-03-01 03:47:48,767 INFO 0.575120787024498
2021-03-01 03:49:34,251 INFO 0.5769908204674721
2021-03-01 03:51:19,659 INFO 0.5776199236512184
2021-03-01 03:53:14,102 INFO 0.6002713575959205
2021-03-01 03:54:58,500 INFO 0.5874570959806442
2021-03-01 03:56:38,116 INFO 0.5970387721061706
2021-03-01 03:58:33,030 INFO 0.6054094526171684
2021-03-01 04:00:15,557 INFO 0.5782369068264961
2021-03-01 04:02:02,466 INFO 0.5698403316736221
2021-03-01 04:03:51,771 INFO 0.5903495290875435
2021-03-01 04:05:36,097 INFO 0.5725649687647819
2021-03-01 04:07:22,772 INFO 0.5752545353770256
2021-03-01 04:09:11,635 INFO 0.5959520184993744
2021-03-01 04:11:09,868 INFO 0.5996616917848587
2021-03-01 04:12:50,845 INFO 0.5915362679958344
2021-03-01 04:14:35,852 INFO 0.5659235036373138
2021-03-01 04:16:23,548 INFO 0.5695879073441028
2021-03-01 04:18:09,528 INFO 0.5686614108085633
2021-03-01 04:19:58,164 INFO 0.5845257577300071
2021-03-01 04:21:52,858 INFO 0.5670594176650048
2021-03-01 04:23:35,318 INFO 0.5964695706963539
2021-03-01 04:25:11,655 INFO 0.5932488590478897
2021-03-01 04:33:08,240 INFO average error: [ 0.16831356 33.79226769  0.9102908 ]
2021-03-01 04:35:08,277 INFO 0.5709318453073502
2021-03-01 04:36:52,295 INFO 0.5708710470795632
2021-03-01 04:38:39,954 INFO 0.5587912538647651
2021-03-01 04:40:26,945 INFO 0.5498019802570343
2021-03-01 04:42:16,378 INFO 0.5703108754754066
2021-03-01 04:44:02,377 INFO 0.5526306322216987
2021-03-01 04:45:54,695 INFO 0.5761124911904335
2021-03-01 04:47:41,791 INFO 0.5368635883927345
2021-03-01 04:49:28,869 INFO 0.5743215292692184
2021-03-01 04:51:23,594 INFO 0.5525236079096794
2021-03-01 04:53:08,167 INFO 0.565280476808548
2021-03-01 04:54:48,051 INFO 0.5743813255429268
2021-03-01 04:56:39,466 INFO 0.5743822419643402
2021-03-01 04:58:34,170 INFO 0.5475310678780079
2021-03-01 05:00:19,381 INFO 0.5611507347226143
2021-03-01 05:02:04,435 INFO 0.5788933452963829
2021-03-01 05:03:58,034 INFO 0.5633898672461509
2021-03-01 05:05:43,325 INFO 0.5616649639606476
2021-03-01 05:07:21,254 INFO 0.5497349980473518
2021-03-01 05:09:16,912 INFO 0.5779929214715958
2021-03-01 05:10:58,087 INFO 0.5768055284023285
2021-03-01 05:12:40,587 INFO 0.5598838499188423
2021-03-01 05:14:36,118 INFO 0.5553307402133941
2021-03-01 05:16:22,442 INFO 0.553614501953125
2021-03-01 05:18:07,051 INFO 0.5424212753772736
2021-03-01 05:19:55,736 INFO 0.5502161315083504
2021-03-01 05:21:43,665 INFO 0.5588536649942398
2021-03-01 05:23:32,901 INFO 0.5466311198472976
2021-03-01 05:25:23,010 INFO 0.5423905478417873
2021-03-01 05:27:05,893 INFO 0.5629100924730301
2021-03-01 05:28:53,925 INFO 0.5596940556168556
2021-03-01 05:30:42,495 INFO 0.5341662280261517
2021-03-01 05:32:30,854 INFO 0.5596039575338364
2021-03-01 05:34:15,893 INFO 0.5548704843223095
2021-03-01 05:36:11,133 INFO 0.5896964505314827
2021-03-01 05:37:57,137 INFO 0.5494478656351567
2021-03-01 05:39:41,548 INFO 0.5502541676163674
2021-03-01 05:41:35,803 INFO 0.5749301540851594
2021-03-01 05:43:17,876 INFO 0.5419171822071075
2021-03-01 05:44:59,908 INFO 0.548749432861805
2021-03-01 05:46:57,045 INFO 0.5605719974637031
2021-03-01 05:48:36,324 INFO 0.5371098098158836
2021-03-01 05:50:25,738 INFO 0.5830818986892701
2021-03-01 05:52:13,273 INFO 0.5557798051834106
2021-03-01 05:53:59,206 INFO 0.5557247203588486
2021-03-01 05:55:45,328 INFO 0.581263787150383
2021-03-01 05:57:34,482 INFO 0.5891708186268807
2021-03-01 05:59:16,971 INFO 0.5864193680882454
2021-03-01 06:01:08,328 INFO 0.5689081883430481
2021-03-01 06:03:00,333 INFO 0.57320457726717
2021-03-01 06:04:39,415 INFO 0.5563809363543988
2021-03-01 06:06:24,581 INFO 0.5634544099867344
2021-03-01 06:08:16,446 INFO 0.548046567440033
2021-03-01 06:09:54,328 INFO 0.5498599338531495
2021-03-01 06:17:51,951 INFO average error: [ 0.16835151 34.81618954  0.90833333]
2021-03-01 06:19:50,741 INFO 0.5452483379840851
2021-03-01 06:21:37,267 INFO 0.5403316232562065
2021-03-01 06:23:19,847 INFO 0.5364284932613372
2021-03-01 06:25:12,593 INFO 0.5530942016839981
2021-03-01 06:27:02,959 INFO 0.5566673146188259
2021-03-01 06:28:46,509 INFO 0.5315049682557583
2021-03-01 06:30:33,627 INFO 0.54399558365345
2021-03-01 06:32:18,442 INFO 0.5337483936548233
2021-03-01 06:34:07,663 INFO 0.5529206284880638
2021-03-01 06:35:57,762 INFO 0.5376832860708237
2021-03-01 06:37:40,400 INFO 0.5404213385283947
2021-03-01 06:39:35,459 INFO 0.5533687415719032
2021-03-01 06:41:16,259 INFO 0.5678948420286178
2021-03-01 06:43:03,890 INFO 0.5527727583050728
2021-03-01 06:44:50,232 INFO 0.5623514986038208
2021-03-01 06:46:39,688 INFO 0.5740045738220215
2021-03-01 06:48:30,330 INFO 0.545275551378727
2021-03-01 06:50:15,428 INFO 0.5314603728055954
2021-03-01 06:52:07,067 INFO 0.5418491099774837
2021-03-01 06:53:51,269 INFO 0.55693593531847
2021-03-01 06:55:40,101 INFO 0.5485453978180885
2021-03-01 06:57:22,672 INFO 0.5447937861084938
2021-03-01 06:59:17,000 INFO 0.5422032272815704
2021-03-01 07:01:00,960 INFO 0.570517940223217
2021-03-01 07:02:41,037 INFO 0.5566401544213295
2021-03-01 07:04:33,043 INFO 0.5314820426702499
2021-03-01 07:06:15,178 INFO 0.5359123885631562
2021-03-01 07:08:02,939 INFO 0.5570540794730187
2021-03-01 07:09:58,120 INFO 0.5514126700162888
2021-03-01 07:11:38,381 INFO 0.5221796849370003
2021-03-01 07:13:21,754 INFO 0.5524122381210327
2021-03-01 07:15:16,427 INFO 0.559323208630085
2021-03-01 07:17:00,587 INFO 0.5636454394459725
2021-03-01 07:18:46,796 INFO 0.5498103594779968
2021-03-01 07:20:35,214 INFO 0.5364200875163079
2021-03-01 07:22:22,426 INFO 0.5475637143850327
2021-03-01 07:24:05,414 INFO 0.5514937919378281
2021-03-01 07:26:01,637 INFO 0.5322533962130547
2021-03-01 07:27:43,016 INFO 0.5520310351252555
2021-03-01 07:29:30,601 INFO 0.5400080995261669
2021-03-01 07:31:21,083 INFO 0.5515985459089279
2021-03-01 07:33:09,822 INFO 0.542776125818491
2021-03-01 07:34:50,999 INFO 0.5475617304444313
2021-03-01 07:37:01,346 INFO 0.5367131081223487
2021-03-01 07:39:02,070 INFO 0.5594698831439018
2021-03-01 07:40:56,602 INFO 0.5364591714739799
2021-03-01 07:43:13,553 INFO 0.5523114606738091
2021-03-01 07:45:47,201 INFO 0.5620444229245186
2021-03-01 07:47:35,583 INFO 0.544259290099144
2021-03-01 07:49:16,416 INFO 0.5518980672955514
2021-03-01 07:51:08,159 INFO 0.5209685580432415
2021-03-01 07:52:52,775 INFO 0.5176743499934673
2021-03-01 07:54:43,274 INFO 0.530115265250206
2021-03-01 07:56:21,973 INFO 0.546365180015564
2021-03-01 08:04:20,589 INFO average error: [ 0.17787232 36.09303718  0.89719618]
2021-03-01 08:06:23,422 INFO 0.5180604943633079
2021-03-01 08:08:07,997 INFO 0.5159822127223015
2021-03-01 08:09:57,752 INFO 0.53215566188097
2021-03-01 08:11:46,414 INFO 0.5325103050470352
2021-03-01 08:13:34,056 INFO 0.49815173968672755
2021-03-01 08:15:14,033 INFO 0.5087340670824051
2021-03-01 08:17:12,295 INFO 0.5071967355906963
2021-03-01 08:18:55,629 INFO 0.5130230975151062
2021-03-01 08:20:37,343 INFO 0.5185565258562564
2021-03-01 08:22:27,800 INFO 0.5308152796328067
2021-03-01 08:24:21,765 INFO 0.5292779844999314
2021-03-01 08:26:03,052 INFO 0.5362746241688728
2021-03-01 08:27:48,355 INFO 0.5217240941524506
2021-03-01 08:29:33,070 INFO 0.5437355461716652
2021-03-01 08:31:19,527 INFO 0.5124081011116505
2021-03-01 08:33:09,735 INFO 0.5022772490978241
2021-03-01 08:34:52,251 INFO 0.5297315733134746
2021-03-01 08:36:47,570 INFO 0.549403030872345
2021-03-01 08:38:35,888 INFO 0.5303897748887539
2021-03-01 08:40:15,184 INFO 0.5288286918401718
2021-03-01 08:42:13,018 INFO 0.5226138065755367
2021-03-01 08:43:58,341 INFO 0.5334615141153336
2021-03-01 08:45:41,839 INFO 0.5387803852558136
2021-03-01 08:47:38,412 INFO 0.5251362439990044
2021-03-01 08:49:18,931 INFO 0.5376457893848419
2021-03-01 08:51:04,828 INFO 0.5263788881897926
2021-03-01 08:52:58,927 INFO 0.5212745255231858
2021-03-01 08:54:45,423 INFO 0.5161325398087502
2021-03-01 08:56:29,784 INFO 0.5448121699690819
2021-03-01 08:58:23,625 INFO 0.5147809436917306
2021-03-01 09:00:07,104 INFO 0.5285630634427071
2021-03-01 09:01:49,896 INFO 0.5206152817606926
2021-03-01 09:03:48,198 INFO 0.5252273580431939
2021-03-01 09:05:29,502 INFO 0.5221216130256653
2021-03-01 09:07:14,194 INFO 0.539940882474184
2021-03-01 09:09:01,385 INFO 0.5395751658082009
2021-03-01 09:10:53,672 INFO 0.5294727820158005
2021-03-01 09:12:38,947 INFO 0.5354689198732376
2021-03-01 09:14:26,866 INFO 0.536277788579464
2021-03-01 09:16:10,535 INFO 0.5395303052663804
2021-03-01 09:18:08,659 INFO 0.5054473307728767
2021-03-01 09:19:50,200 INFO 0.5202007073163987
2021-03-01 09:21:35,323 INFO 0.5460045197606087
2021-03-01 09:23:24,026 INFO 0.5099053797125817
2021-03-01 09:25:09,462 INFO 0.5463365504145622
2021-03-01 09:26:58,255 INFO 0.5447327008843422
2021-03-01 09:28:43,878 INFO 0.545852844119072
2021-03-01 09:30:36,763 INFO 0.566022375524044
2021-03-01 09:32:22,420 INFO 0.512673279941082
2021-03-01 09:34:08,320 INFO 0.5182313278317452
2021-03-01 09:35:59,054 INFO 0.5162507691979408
2021-03-01 09:37:44,362 INFO 0.5150032022595405
2021-03-01 09:39:29,073 INFO 0.5343486022949219
2021-03-01 09:41:08,396 INFO 0.5530500346422196
2021-03-01 09:49:03,425 INFO average error: [ 0.16835164 34.90313311  0.9013151 ]
2021-03-01 09:51:01,180 INFO 0.513700348585844
2021-03-01 09:52:52,316 INFO 0.5062612146139145
2021-03-01 09:54:36,750 INFO 0.5183218568563461
2021-03-01 09:56:31,230 INFO 0.5150459969043731
2021-03-01 09:58:17,245 INFO 0.5192121544480324
2021-03-01 09:59:58,352 INFO 0.4912611749768257
2021-03-01 10:01:43,384 INFO 0.5143196664750576
2021-03-01 10:03:33,840 INFO 0.5134378989040852
2021-03-01 10:05:18,576 INFO 0.5178872366249562
2021-03-01 10:07:07,852 INFO 0.5242778611183166
2021-03-01 10:08:55,950 INFO 0.4999455922842026
2021-03-01 10:10:43,765 INFO 0.5011757695674897
2021-03-01 10:12:28,767 INFO 0.4932373178005218
2021-03-01 10:14:21,799 INFO 0.5158162799477577
2021-03-01 10:16:04,933 INFO 0.5138941264152527
2021-03-01 10:17:56,614 INFO 0.5232805210351944
2021-03-01 10:19:40,048 INFO 0.5223206815123558
2021-03-01 10:21:27,205 INFO 0.5158960670232773
2021-03-01 10:23:16,781 INFO 0.5160872647166252
2021-03-01 10:25:01,924 INFO 0.5110716238617897
2021-03-01 10:26:47,917 INFO 0.5124878191947937
2021-03-01 10:28:44,765 INFO 0.5049107050895691
2021-03-01 10:30:23,121 INFO 0.5156354004144669
2021-03-01 10:32:08,331 INFO 0.5171076717972756
2021-03-01 10:33:59,992 INFO 0.5171557328104973
2021-03-01 10:35:43,455 INFO 0.5200923064351082
2021-03-01 10:37:34,089 INFO 0.5402639737725258
2021-03-01 10:39:23,185 INFO 0.50776446133852
2021-03-01 10:41:10,029 INFO 0.5205402275919915
2021-03-01 10:43:03,944 INFO 0.5051932993531227
2021-03-01 10:44:45,628 INFO 0.49643784955143927
2021-03-01 10:46:33,430 INFO 0.5136950638890266
2021-03-01 10:48:19,430 INFO 0.4999977189302445
2021-03-01 10:50:08,293 INFO 0.5204800897836686
2021-03-01 10:51:58,045 INFO 0.5198634307086468
2021-03-01 10:53:43,349 INFO 0.5191943517327309
2021-03-01 10:55:24,493 INFO 0.517804301083088
2021-03-01 10:57:13,000 INFO 0.5371189998090267
2021-03-01 10:59:07,020 INFO 0.49541940331459045
2021-03-01 11:00:49,103 INFO 0.5314623555541038
2021-03-01 11:02:40,142 INFO 0.49756539553403856
2021-03-01 11:04:24,686 INFO 0.5097883033752442
2021-03-01 11:06:14,243 INFO 0.5159779715538025
2021-03-01 11:07:58,772 INFO 0.5019876301288605
2021-03-01 11:09:51,580 INFO 0.521192898452282
2021-03-01 11:11:34,209 INFO 0.5118238216638565
2021-03-01 11:13:25,908 INFO 0.5055610561370849
2021-03-01 11:15:12,006 INFO 0.5203785547614097
2021-03-01 11:16:53,658 INFO 0.48260761857032775
2021-03-01 11:18:47,805 INFO 0.4999855560064316
2021-03-01 11:20:32,885 INFO 0.5382826589047909
2021-03-01 11:22:16,366 INFO 0.5207754911482334
2021-03-01 11:24:01,838 INFO 0.5080203834176064
2021-03-01 11:25:43,327 INFO 0.5240551719069481
2021-03-01 11:33:41,618 INFO average error: [ 0.16739736 33.42019455  0.9069987 ]
2021-03-01 11:35:37,558 INFO 0.4903423945605755
2021-03-01 11:37:24,507 INFO 0.4921922288835049
2021-03-01 11:39:11,142 INFO 0.5011922299861908
2021-03-01 11:41:01,679 INFO 0.5106033584475518
2021-03-01 11:42:50,814 INFO 0.4816585993766785
2021-03-01 11:44:33,269 INFO 0.49463593095541003
2021-03-01 11:46:23,305 INFO 0.499384178519249
2021-03-01 11:48:09,226 INFO 0.4897159504890442
2021-03-01 11:49:52,292 INFO 0.49268834948539736
2021-03-01 11:51:49,294 INFO 0.5062586316466331
2021-03-01 11:53:34,428 INFO 0.47885549679398537
2021-03-01 11:55:13,595 INFO 0.4958625042438507
2021-03-01 11:57:07,474 INFO 0.5138762360811233
2021-03-01 11:58:50,466 INFO 0.49360733762383463
2021-03-01 12:00:39,158 INFO 0.5177227172255516
2021-03-01 12:02:33,052 INFO 0.5079169531166553
2021-03-01 12:04:12,308 INFO 0.4788842858374119
2021-03-01 12:06:01,905 INFO 0.5070462200045586
2021-03-01 12:07:50,759 INFO 0.49841081961989403
2021-03-01 12:09:36,607 INFO 0.5027867197990418
2021-03-01 12:11:23,707 INFO 0.5013297986984253
2021-03-01 12:13:15,907 INFO 0.48910242021083833
2021-03-01 12:15:00,087 INFO 0.49215551480650904
2021-03-01 12:16:42,166 INFO 0.5020351803302765
2021-03-01 12:18:37,849 INFO 0.4887779253721237
2021-03-01 12:20:21,003 INFO 0.5082651874423028
2021-03-01 12:22:05,425 INFO 0.5003707545995713
2021-03-01 12:24:01,515 INFO 0.522467411160469
2021-03-01 12:25:45,099 INFO 0.5084310740232467
2021-03-01 12:27:31,139 INFO 0.4913518276810646
2021-03-01 12:29:18,800 INFO 0.506192323565483
2021-03-01 12:31:06,972 INFO 0.499627397954464
2021-03-01 12:32:56,205 INFO 0.49678932756185534
2021-03-01 12:34:42,084 INFO 0.5224739149212837
2021-03-01 12:36:30,149 INFO 0.511449661552906
2021-03-01 12:38:19,082 INFO 0.49429943338036536
2021-03-01 12:40:01,669 INFO 0.502384378015995
2021-03-01 12:41:46,702 INFO 0.5144265803694725
2021-03-01 12:43:39,695 INFO 0.5213290566205978
2021-03-01 12:45:20,031 INFO 0.5092947632074356
2021-03-01 12:47:09,140 INFO 0.5085675254464149
2021-03-01 12:48:53,347 INFO 0.5033891233801842
2021-03-01 12:50:41,725 INFO 0.48365647315979005
2021-03-01 12:52:29,032 INFO 0.49307272389531137
2021-03-01 12:54:17,366 INFO 0.4903389811515808
2021-03-01 12:56:05,413 INFO 0.49817010179162025
2021-03-01 12:58:00,956 INFO 0.5044012552499771
2021-03-01 12:59:44,384 INFO 0.4978860539197922
2021-03-01 13:01:26,865 INFO 0.5174401214718819
2021-03-01 13:03:17,278 INFO 0.48833756759762764
2021-03-01 13:05:06,125 INFO 0.49990612134337425
2021-03-01 13:06:51,164 INFO 0.4959471061825752
2021-03-01 13:08:37,923 INFO 0.4918335935473442
2021-03-01 13:10:14,322 INFO 0.488818436563015
2021-03-01 13:18:09,311 INFO average error: [ 0.16795991 32.94112188  0.9097526 ]
2021-03-01 13:20:11,941 INFO 0.47616068288683894
2021-03-01 13:21:58,573 INFO 0.495877628326416
2021-03-01 13:23:42,163 INFO 0.5005196225643158
2021-03-01 13:25:29,074 INFO 0.4916633766889572
2021-03-01 13:27:21,796 INFO 0.4839255215227604
2021-03-01 13:29:00,686 INFO 0.48448692828416823
2021-03-01 13:30:46,566 INFO 0.4777746891975403
2021-03-01 13:32:33,112 INFO 0.5057916018366814
2021-03-01 13:34:18,489 INFO 0.46090553387999533
2021-03-01 13:36:11,358 INFO 0.4887028652429581
2021-03-01 13:37:56,617 INFO 0.49096086353063584
2021-03-01 13:39:40,269 INFO 0.4917869813740253
2021-03-01 13:41:32,316 INFO 0.4820937792956829
2021-03-01 13:43:18,627 INFO 0.503447663784027
2021-03-01 13:45:01,129 INFO 0.4950514109432697
2021-03-01 13:46:54,807 INFO 0.48022848039865496
2021-03-01 13:48:39,021 INFO 0.4745121383666992
2021-03-01 13:50:22,503 INFO 0.49226995259523393
2021-03-01 13:52:19,813 INFO 0.4998836852610111
2021-03-01 13:54:03,391 INFO 0.48648887664079665
2021-03-01 13:55:43,402 INFO 0.49111371487379074
2021-03-01 13:57:34,117 INFO 0.47786345541477204
2021-03-01 13:59:19,133 INFO 0.4826533155143261
2021-03-01 14:01:05,098 INFO 0.48612391620874407
2021-03-01 14:02:53,691 INFO 0.48477406591176986
2021-03-01 14:04:43,148 INFO 0.46546502456068994
2021-03-01 14:06:26,593 INFO 0.47172137528657915
2021-03-01 14:08:13,903 INFO 0.510174826681614
2021-03-01 14:10:06,971 INFO 0.511041354238987
2021-03-01 14:11:53,184 INFO 0.49960215359926224
2021-03-01 14:13:36,950 INFO 0.49714914739131927
2021-03-01 14:15:30,648 INFO 0.5002517917752266
2021-03-01 14:17:12,910 INFO 0.4802176970243454
2021-03-01 14:18:52,348 INFO 0.48452569261193273
2021-03-01 14:20:47,001 INFO 0.4903201998770237
2021-03-01 14:22:32,746 INFO 0.47265454232692716
2021-03-01 14:24:13,804 INFO 0.4883841818571091
2021-03-01 14:26:08,079 INFO 0.47788840472698213
2021-03-01 14:27:56,652 INFO 0.49567042782902715
2021-03-01 14:29:36,441 INFO 0.48407640516757966
2021-03-01 14:31:34,184 INFO 0.5252649283409119
2021-03-01 14:33:19,208 INFO 0.49953935250639914
2021-03-01 14:35:04,337 INFO 0.4911143706738949
2021-03-01 14:37:03,007 INFO 0.4797255727648735
2021-03-01 14:38:44,255 INFO 0.498544448018074
2021-03-01 14:40:30,716 INFO 0.49607940524816513
2021-03-01 14:42:28,109 INFO 0.4895293942093849
2021-03-01 14:44:13,245 INFO 0.49551751524209975
2021-03-01 14:45:59,844 INFO 0.4960505855083466
2021-03-01 14:47:58,479 INFO 0.4997116474807262
2021-03-01 14:49:48,678 INFO 0.4831974194943905
2021-03-01 14:51:34,425 INFO 0.49474307268857953
2021-03-01 14:53:34,230 INFO 0.4818879373371601
2021-03-01 14:55:06,974 INFO 0.5143794569373131
2021-03-01 15:03:04,874 INFO average error: [ 0.17306909 35.18726426  0.9001237 ]
2021-03-01 15:05:09,052 INFO 0.4657471197843552
2021-03-01 15:06:58,557 INFO 0.45619724586606025
2021-03-01 15:08:44,410 INFO 0.469241354316473
2021-03-01 15:10:48,989 INFO 0.4704100102186203
2021-03-01 15:12:31,120 INFO 0.4786013078689575
2021-03-01 15:14:20,337 INFO 0.47655878588557243
2021-03-01 15:16:21,845 INFO 0.4580363230407238
2021-03-01 15:18:12,254 INFO 0.46307782992720603
2021-03-01 15:20:03,419 INFO 0.4692626498639584
2021-03-01 15:21:52,241 INFO 0.47672261387109754
2021-03-01 15:23:48,807 INFO 0.47619417160749433
2021-03-01 15:25:43,655 INFO 0.4963945883512497
2021-03-01 15:27:36,844 INFO 0.46098400354385377
2021-03-01 15:29:33,908 INFO 0.4887597328424454
2021-03-01 15:31:21,442 INFO 0.47941458851099017
2021-03-01 15:33:12,360 INFO 0.48694675520062447
2021-03-01 15:35:16,488 INFO 0.4597631576657295
2021-03-01 15:37:02,147 INFO 0.4800480252504349
2021-03-01 15:38:49,922 INFO 0.4946402096748352
2021-03-01 15:40:44,955 INFO 0.4895760078728199
2021-03-01 15:42:45,163 INFO 0.48906743139028547
2021-03-01 15:44:34,606 INFO 0.47913255900144575
2021-03-01 15:46:23,567 INFO 0.4690425132215023
2021-03-01 15:48:22,568 INFO 0.4813641530275345
2021-03-01 15:50:13,753 INFO 0.49164014503359793
2021-03-01 15:52:02,234 INFO 0.4948825240135193
2021-03-01 15:53:56,824 INFO 0.476334720402956
2021-03-01 15:55:55,550 INFO 0.467820635586977
2021-03-01 15:57:43,769 INFO 0.4788519142568111
2021-03-01 15:59:45,192 INFO 0.47130572170019147
2021-03-01 16:01:28,879 INFO 0.49607260033488276
2021-03-01 16:03:24,198 INFO 0.4900667038559914
2021-03-01 16:05:25,794 INFO 0.45923744425177576
2021-03-01 16:07:11,918 INFO 0.47607963979244233
2021-03-01 16:08:59,771 INFO 0.4911667753756046
2021-03-01 16:10:59,590 INFO 0.4856373433768749
2021-03-01 16:12:51,388 INFO 0.5101027511060238
2021-03-01 16:14:43,343 INFO 0.474544143229723
2021-03-01 16:16:33,128 INFO 0.488837227076292
2021-03-01 16:18:26,110 INFO 0.49090334594249724
2021-03-01 16:20:20,260 INFO 0.482346033602953
2021-03-01 16:22:20,206 INFO 0.477483564466238
2021-03-01 16:24:06,687 INFO 0.4981458148360252
2021-03-01 16:25:55,193 INFO 0.4836948363482952
2021-03-01 16:27:51,206 INFO 0.4733510929346085
2021-03-01 16:29:45,747 INFO 0.46130226299166677
2021-03-01 16:31:33,031 INFO 0.486394140124321
2021-03-01 16:33:27,014 INFO 0.48524961292743685
2021-03-01 16:35:21,375 INFO 0.4620257955789566
2021-03-01 16:37:12,351 INFO 0.4747178091108799
2021-03-01 16:39:06,291 INFO 0.4724687410891056
2021-03-01 16:40:59,739 INFO 0.44936422154307365
2021-03-01 16:42:47,855 INFO 0.482291916012764
2021-03-01 16:44:33,078 INFO 0.4881370556354523
2021-03-01 16:52:51,817 INFO average error: [ 0.1660976  33.7264665   0.90055556]
2021-03-01 18:01:45,585 INFO 0.45400178655982015
2021-03-01 18:03:35,093 INFO 0.4311771823465824
2021-03-01 18:05:25,760 INFO 0.4423944303393364
2021-03-01 18:07:16,217 INFO 0.41769334122538565
2021-03-01 18:09:13,498 INFO 0.4150718334317207
2021-03-01 18:10:59,930 INFO 0.41292602822184565
2021-03-01 18:12:51,796 INFO 0.4010635344684124
2021-03-01 18:14:51,664 INFO 0.4401284310221672
2021-03-01 18:16:33,936 INFO 0.3979956266283989
2021-03-01 18:18:23,130 INFO 0.40389185592532156
2021-03-01 18:20:21,214 INFO 0.408898910433054
2021-03-01 18:22:14,588 INFO 0.3985015158355236
2021-03-01 18:24:01,908 INFO 0.38470126658678055
2021-03-01 18:25:52,797 INFO 0.4091753575205803
2021-03-01 18:27:40,510 INFO 0.39775240167975423
2021-03-01 18:29:32,697 INFO 0.402542680054903
2021-03-01 18:31:25,286 INFO 0.3953082747757435
2021-03-01 18:33:09,097 INFO 0.38471960097551344
2021-03-01 18:35:04,486 INFO 0.4000754787027836
2021-03-01 18:36:54,864 INFO 0.39942557968199255
2021-03-01 18:38:40,051 INFO 0.3838587434589863
2021-03-01 18:40:34,359 INFO 0.391665980219841
2021-03-01 18:42:23,005 INFO 0.3844057527184486
2021-03-01 18:44:10,229 INFO 0.36224095076322554
2021-03-01 18:46:10,410 INFO 0.3924145118892193
2021-03-01 18:47:55,868 INFO 0.38077777028083803
2021-03-01 18:49:44,422 INFO 0.3811341062188148
2021-03-01 18:51:39,302 INFO 0.3937790481001139
2021-03-01 18:53:32,345 INFO 0.39076859757304194
2021-03-01 18:55:18,429 INFO 0.37484967678785325
2021-03-01 18:57:10,958 INFO 0.3914244508743286
2021-03-01 18:59:08,149 INFO 0.4000242446362972
2021-03-01 19:00:54,005 INFO 0.37217607602477076
2021-03-01 19:02:46,965 INFO 0.3938982230424881
2021-03-01 19:04:38,832 INFO 0.36751515477895735
2021-03-01 19:06:24,981 INFO 0.3845270712673664
2021-03-01 19:08:24,702 INFO 0.3689151304960251
2021-03-01 19:10:11,892 INFO 0.3796499152481556
2021-03-01 19:11:55,918 INFO 0.3787687626481056
2021-03-01 19:13:57,933 INFO 0.3766435132920742
2021-03-01 19:15:45,684 INFO 0.381101079583168
2021-03-01 19:17:32,106 INFO 0.37050225228071215
2021-03-01 19:19:29,280 INFO 0.3756426514685154
2021-03-01 19:21:15,547 INFO 0.38740925133228304
2021-03-01 19:23:07,975 INFO 0.39236573249101636
2021-03-01 19:25:03,574 INFO 0.3635872131586075
2021-03-01 19:26:52,260 INFO 0.3826894427835941
2021-03-01 19:28:39,419 INFO 0.3595727752149105
2021-03-01 19:30:35,765 INFO 0.3515590038895607
2021-03-01 19:32:22,623 INFO 0.37845259308815005
2021-03-01 19:34:07,633 INFO 0.3902288652956486
2021-03-01 19:36:06,155 INFO 0.3841746869683266
2021-03-01 19:37:55,288 INFO 0.38235191866755486
2021-03-01 19:39:36,872 INFO 0.3930612401664257
2021-03-01 19:47:32,889 INFO average error: [ 0.16836642 33.9851759   0.90652778]
2021-03-01 19:49:33,583 INFO 0.36833168238401415
2021-03-01 19:51:20,051 INFO 0.36475287660956385
2021-03-01 19:53:03,000 INFO 0.3498344171047211
2021-03-01 19:55:00,372 INFO 0.3625736577808857
2021-03-01 19:56:44,532 INFO 0.3619916981458664
2021-03-01 19:58:28,239 INFO 0.37106613859534265
2021-03-01 20:00:21,567 INFO 0.3641056649386883
2021-03-01 20:02:03,487 INFO 0.3683380687236786
2021-03-01 20:03:48,731 INFO 0.36468516051769256
2021-03-01 20:05:44,008 INFO 0.3784822927415371
2021-03-01 20:07:27,915 INFO 0.37391871884465216
2021-03-01 20:09:11,351 INFO 0.3615299943089485
2021-03-01 20:11:09,718 INFO 0.3743042662739754
2021-03-01 20:12:49,505 INFO 0.37144714668393136
2021-03-01 20:14:32,098 INFO 0.37153018862009046
2021-03-01 20:16:27,089 INFO 0.3605239289999008
2021-03-01 20:18:12,768 INFO 0.378233617991209
2021-03-01 20:19:56,433 INFO 0.36475489035248754
2021-03-01 20:21:42,609 INFO 0.36200104594230653
2021-03-01 20:23:36,908 INFO 0.3451065894961357
2021-03-01 20:25:17,443 INFO 0.3650300280749798
2021-03-01 20:27:03,477 INFO 0.3718715340644121
2021-03-01 20:28:48,333 INFO 0.365947193056345
2021-03-01 20:30:44,288 INFO 0.38099474102258685
2021-03-01 20:32:28,457 INFO 0.37404331877827646
2021-03-01 20:34:12,924 INFO 0.36318559557199476
2021-03-01 20:36:07,451 INFO 0.35992843091487886
2021-03-01 20:37:48,986 INFO 0.3611339393258095
2021-03-01 20:39:38,300 INFO 0.3712167091667652
2021-03-01 20:41:30,214 INFO 0.3539477527141571
2021-03-01 20:43:15,921 INFO 0.36052887156605723
2021-03-01 20:44:57,237 INFO 0.3722620503604412
2021-03-01 20:46:44,707 INFO 0.37346511021256446
2021-03-01 20:48:35,281 INFO 0.3684526459872723
2021-03-01 20:50:20,174 INFO 0.3632069882750511
2021-03-01 20:52:15,136 INFO 0.3656566599011421
2021-03-01 20:53:58,447 INFO 0.36453655079007147
2021-03-01 20:55:45,050 INFO 0.36708196766674517
2021-03-01 20:57:29,978 INFO 0.36658562123775484
2021-03-01 20:59:16,183 INFO 0.36122566148638724
2021-03-01 21:01:11,577 INFO 0.3641521123051643
2021-03-01 21:02:50,611 INFO 0.37878738015890123
2021-03-01 21:04:37,420 INFO 0.3632950538396835
2021-03-01 21:06:27,406 INFO 0.3660807029902935
2021-03-01 21:08:15,551 INFO 0.38219464078545573
2021-03-01 21:10:01,832 INFO 0.35388632461428643
2021-03-01 21:11:49,021 INFO 0.350423326343298
2021-03-01 21:13:36,777 INFO 0.3745692852139473
2021-03-01 21:15:24,431 INFO 0.36697583079338075
2021-03-01 21:17:09,298 INFO 0.3640300777554512
2021-03-01 21:18:54,811 INFO 0.35040200531482696
2021-03-01 21:20:41,539 INFO 0.35404149651527406
2021-03-01 21:22:30,703 INFO 0.36105352103710175
2021-03-01 21:24:09,036 INFO 0.35177033677697184
2021-03-01 21:32:07,776 INFO average error: [ 0.16583092 33.80840801  0.90943359]
2021-03-01 21:34:09,345 INFO 0.3571555224061012
2021-03-01 21:35:57,449 INFO 0.37722295105457304
2021-03-01 21:37:42,350 INFO 0.3636090901494026
2021-03-01 21:39:38,249 INFO 0.3568220157921314
2021-03-01 21:41:18,287 INFO 0.36215756461024284
2021-03-01 21:42:57,427 INFO 0.3738816986978054
2021-03-01 21:44:55,474 INFO 0.3598904821276665
2021-03-01 21:46:45,285 INFO 0.337218856215477
2021-03-01 21:48:22,942 INFO 0.34025687515735625
2021-03-01 21:50:21,198 INFO 0.3534074826538563
2021-03-01 21:52:08,287 INFO 0.3420977158844471
2021-03-01 21:53:48,138 INFO 0.3628409965336323
2021-03-01 21:55:44,413 INFO 0.3712367044389248
2021-03-01 21:57:29,090 INFO 0.35045708566904066
2021-03-01 21:59:12,465 INFO 0.34216401651501654
2021-03-01 22:01:06,391 INFO 0.3622019109129906
2021-03-01 22:02:50,109 INFO 0.36059967264533044
2021-03-01 22:04:34,869 INFO 0.3535835123062134
2021-03-01 22:06:28,230 INFO 0.33780318543314936
2021-03-01 22:08:18,390 INFO 0.3563319884240627
2021-03-01 22:10:00,554 INFO 0.36822616949677467
2021-03-01 22:11:46,072 INFO 0.3336562478542328
2021-03-01 22:13:41,410 INFO 0.3637942139804363
2021-03-01 22:15:26,985 INFO 0.36598665893077853
2021-03-01 22:17:10,993 INFO 0.34635123014450075
2021-03-01 22:19:01,606 INFO 0.34957325890660285
2021-03-01 22:20:44,121 INFO 0.33791834890842437
2021-03-01 22:22:26,450 INFO 0.36282075054943563
2021-03-01 22:24:17,892 INFO 0.3425908088684082
2021-03-01 22:26:01,199 INFO 0.3473222625255585
2021-03-01 22:27:51,635 INFO 0.3556565563380718
2021-03-01 22:29:43,765 INFO 0.35474583342671395
2021-03-01 22:31:25,066 INFO 0.34571180954575537
2021-03-01 22:33:15,190 INFO 0.3443008802831173
2021-03-01 22:35:03,752 INFO 0.3371409185230732
2021-03-01 22:36:48,424 INFO 0.34903295323252675
2021-03-01 22:38:41,030 INFO 0.3725624132156372
2021-03-01 22:40:27,836 INFO 0.3562674042582512
2021-03-01 22:42:13,060 INFO 0.34336676508188246
2021-03-01 22:43:57,742 INFO 0.3479167142510414
2021-03-01 22:45:50,380 INFO 0.35656323984265326
2021-03-01 22:47:43,792 INFO 0.3481665346026421
2021-03-01 22:49:25,192 INFO 0.3575463457405567
2021-03-01 22:51:10,109 INFO 0.33894045412540436
2021-03-01 22:52:59,838 INFO 0.3438060891628265
2021-03-01 22:54:38,905 INFO 0.35716560125350955
2021-03-01 22:56:28,510 INFO 0.32264636144042014
2021-03-01 22:58:15,803 INFO 0.3640719717741013
2021-03-01 23:00:04,330 INFO 0.35160658359527586
2021-03-01 23:01:53,371 INFO 0.3421321399509907
2021-03-01 23:03:42,182 INFO 0.32943505600094797
2021-03-01 23:05:26,116 INFO 0.3465121905505657
2021-03-01 23:07:11,193 INFO 0.3475730556249619
2021-03-01 23:08:51,298 INFO 0.352944033741951
2021-03-01 23:16:47,505 INFO average error: [ 0.16463668 33.61655587  0.9102105 ]
2021-03-01 23:18:46,370 INFO 0.34270130589604375
2021-03-01 23:20:34,783 INFO 0.35613093331456186
2021-03-01 23:22:18,255 INFO 0.3330829407274723
2021-03-01 23:24:09,187 INFO 0.36212285473942757
2021-03-01 23:25:53,710 INFO 0.3422906589508057
2021-03-01 23:27:36,925 INFO 0.35927746444940567
2021-03-01 23:29:33,772 INFO 0.33310125857591627
2021-03-01 23:31:16,175 INFO 0.3583786441385746
2021-03-01 23:33:02,973 INFO 0.3461649225652218
2021-03-01 23:34:57,007 INFO 0.33275104373693465
2021-03-01 23:36:42,277 INFO 0.34855996258556843
2021-03-01 23:38:23,315 INFO 0.3389209133386612
2021-03-01 23:40:20,556 INFO 0.356473450884223
2021-03-01 23:42:04,471 INFO 0.3419983473420143
2021-03-01 23:43:51,180 INFO 0.3498756913840771
2021-03-01 23:45:40,481 INFO 0.3485530373454094
2021-03-01 23:47:26,675 INFO 0.33398445442318914
2021-03-01 23:49:07,555 INFO 0.3187519109249115
2021-03-01 23:51:00,545 INFO 0.33681645765900614
2021-03-01 23:52:44,032 INFO 0.33640281319618226
2021-03-01 23:54:28,479 INFO 0.33890533186495303
2021-03-01 23:56:18,123 INFO 0.3485547411441803
2021-03-01 23:58:05,738 INFO 0.3422694976627827
2021-03-01 23:59:50,459 INFO 0.33425192594528197
2021-03-02 00:01:39,089 INFO 0.3526251981407404
2021-03-02 00:03:23,468 INFO 0.3392895366251469
2021-03-02 00:05:09,536 INFO 0.358452474847436
2021-03-02 00:06:58,340 INFO 0.36605059742927554
2021-03-02 00:08:49,792 INFO 0.35468634098768237
2021-03-02 00:10:32,316 INFO 0.34074188515543935
2021-03-02 00:12:21,906 INFO 0.3495693059265614
2021-03-02 00:14:11,388 INFO 0.34428775116801263
2021-03-02 00:15:54,573 INFO 0.3471252092719078
2021-03-02 00:17:39,815 INFO 0.3339093279838562
2021-03-02 00:19:32,371 INFO 0.3354011721909046
2021-03-02 00:21:17,981 INFO 0.3592280472815037
2021-03-02 00:23:03,022 INFO 0.34968193650245666
2021-03-02 00:24:56,753 INFO 0.3430997931957245
2021-03-02 00:26:40,353 INFO 0.33842718034982683
2021-03-02 00:28:26,262 INFO 0.33680030569434166
2021-03-02 00:30:18,005 INFO 0.33273288562893866
2021-03-02 00:32:06,577 INFO 0.33903736039996146
2021-03-02 00:33:49,018 INFO 0.3569503875076771
2021-03-02 00:35:41,638 INFO 0.3438963970541954
2021-03-02 00:37:29,935 INFO 0.34639360278844833
2021-03-02 00:39:07,600 INFO 0.3509396506845951
2021-03-02 00:41:02,879 INFO 0.3448667289316654
2021-03-02 00:42:47,982 INFO 0.3351165547966957
2021-03-02 00:44:32,170 INFO 0.32751521669328215
2021-03-02 00:46:24,238 INFO 0.33510415606200694
2021-03-02 00:48:10,614 INFO 0.3223754978179932
2021-03-02 00:49:54,410 INFO 0.3374533864110708
2021-03-02 00:51:51,149 INFO 0.3581332564353943
2021-03-02 00:53:24,326 INFO 0.3597167631983757
2021-03-02 01:01:20,529 INFO average error: [ 0.16590715 33.39079502  0.91030599]
2021-03-02 01:03:19,016 INFO 0.3304144337773323
2021-03-02 01:05:04,177 INFO 0.3314470209181309
2021-03-02 01:06:51,226 INFO 0.3149773481488228
2021-03-02 01:08:39,267 INFO 0.33428321942687034
2021-03-02 01:10:32,078 INFO 0.327239995598793
2021-03-02 01:12:20,467 INFO 0.33441583812236786
2021-03-02 01:14:05,799 INFO 0.33375188007950785
2021-03-02 01:16:02,220 INFO 0.3280103713274002
2021-03-02 01:17:43,679 INFO 0.33993895098567006
2021-03-02 01:19:28,606 INFO 0.3345330488681793
2021-03-02 01:21:18,716 INFO 0.3469938239455223
2021-03-02 01:23:01,613 INFO 0.33970887765288355
2021-03-02 01:24:54,470 INFO 0.34293180488049985
2021-03-02 01:26:44,583 INFO 0.34643265560269354
2021-03-02 01:28:30,140 INFO 0.3231571012735367
2021-03-02 01:30:14,210 INFO 0.34373180791735647
2021-03-02 01:32:09,286 INFO 0.34210350409150125
2021-03-02 01:33:56,029 INFO 0.3270382612943649
2021-03-02 01:35:39,681 INFO 0.3306178388744593
2021-03-02 01:37:36,500 INFO 0.3532989165186882
2021-03-02 01:39:23,066 INFO 0.3501735423505306
2021-03-02 01:41:07,261 INFO 0.34649379178881645
2021-03-02 01:42:55,988 INFO 0.3420651732385159
2021-03-02 01:44:40,393 INFO 0.3311903767287731
2021-03-02 01:46:23,542 INFO 0.3397163787484169
2021-03-02 01:48:16,551 INFO 0.35579473301768305
2021-03-02 01:49:59,855 INFO 0.32546630062162873
2021-03-02 01:51:46,976 INFO 0.3468374443054199
2021-03-02 01:53:44,155 INFO 0.3464849644899368
2021-03-02 01:55:30,147 INFO 0.33205980345606806
2021-03-02 01:57:12,365 INFO 0.34002044931054115
2021-03-02 01:58:58,934 INFO 0.3252394923567772
2021-03-02 02:00:48,775 INFO 0.3452518789470196
2021-03-02 02:02:34,264 INFO 0.33793445482850076
2021-03-02 02:04:33,569 INFO 0.3385125882923603
2021-03-02 02:06:11,596 INFO 0.31897468253970146
2021-03-02 02:07:55,894 INFO 0.3355089648067951
2021-03-02 02:09:50,630 INFO 0.32384548619389536
2021-03-02 02:11:30,907 INFO 0.33265234597027304
2021-03-02 02:13:17,381 INFO 0.3419168795645237
2021-03-02 02:15:14,433 INFO 0.32457867965102194
2021-03-02 02:17:02,942 INFO 0.333240876942873
2021-03-02 02:18:42,107 INFO 0.358921917527914
2021-03-02 02:20:25,754 INFO 0.3389479960501194
2021-03-02 02:22:19,168 INFO 0.31882188491523267
2021-03-02 02:24:04,135 INFO 0.34367353782057763
2021-03-02 02:25:51,294 INFO 0.3296184740960598
2021-03-02 02:27:34,235 INFO 0.33524687588214874
2021-03-02 02:29:22,778 INFO 0.32463831596076487
2021-03-02 02:31:10,750 INFO 0.3409026955068111
2021-03-02 02:32:54,793 INFO 0.32153131544589997
2021-03-02 02:34:49,230 INFO 0.34531086817383766
2021-03-02 02:36:32,814 INFO 0.33040846288204195
2021-03-02 02:38:07,360 INFO 0.3180267807841301
2021-03-02 02:46:03,306 INFO average error: [ 0.16586829 33.47219993  0.90910156]
2021-03-02 02:47:59,732 INFO 0.327598534822464
2021-03-02 02:49:45,307 INFO 0.3119827771186829
2021-03-02 02:51:35,674 INFO 0.32625968620181084
2021-03-02 02:53:28,510 INFO 0.33926449611783027
2021-03-02 02:55:13,057 INFO 0.32700872361660005
2021-03-02 02:57:05,550 INFO 0.32924487479031084
2021-03-02 02:58:54,399 INFO 0.3194327586144209
2021-03-02 03:00:35,577 INFO 0.33730650499463083
2021-03-02 03:02:19,987 INFO 0.3348968681693077
2021-03-02 03:04:14,756 INFO 0.32506943836808205
2021-03-02 03:06:01,218 INFO 0.33385095730423925
2021-03-02 03:07:47,608 INFO 0.3259408335387707
2021-03-02 03:09:43,851 INFO 0.3286169996112585
2021-03-02 03:11:25,302 INFO 0.33774826526641843
2021-03-02 03:13:08,353 INFO 0.3310091046988964
2021-03-02 03:15:00,512 INFO 0.31741912573575976
2021-03-02 03:16:43,913 INFO 0.3327292741835117
2021-03-02 03:18:28,414 INFO 0.29205778032541274
2021-03-02 03:20:16,448 INFO 0.34468249447643756
2021-03-02 03:22:09,069 INFO 0.33054660066962244
2021-03-02 03:23:52,143 INFO 0.3187526072561741
2021-03-02 03:25:41,808 INFO 0.35003614246845244
2021-03-02 03:27:24,713 INFO 0.31944549188017846
2021-03-02 03:29:10,341 INFO 0.33167660370469093
2021-03-02 03:31:03,913 INFO 0.33060016050934793
2021-03-02 03:32:46,415 INFO 0.3260735971480608
2021-03-02 03:34:31,935 INFO 0.33691002637147904
2021-03-02 03:36:28,175 INFO 0.32487818852066996
2021-03-02 03:38:11,238 INFO 0.3203842032700777
2021-03-02 03:39:51,518 INFO 0.3137124115228653
2021-03-02 03:41:47,363 INFO 0.312547597438097
2021-03-02 03:43:27,427 INFO 0.33748849779367446
2021-03-02 03:45:13,534 INFO 0.3270678396522999
2021-03-02 03:47:02,579 INFO 0.3298703971505165
2021-03-02 03:48:47,913 INFO 0.3148879459500313
2021-03-02 03:50:44,620 INFO 0.3175907289236784
2021-03-02 03:52:27,493 INFO 0.3392777371406555
2021-03-02 03:54:13,784 INFO 0.32123630806803705
2021-03-02 03:56:04,084 INFO 0.32513991214334964
2021-03-02 03:57:48,961 INFO 0.32955121964216233
2021-03-02 03:59:33,024 INFO 0.3311743634939194
2021-03-02 04:01:28,100 INFO 0.34859918892383573
2021-03-02 04:03:13,863 INFO 0.3211586368083954
2021-03-02 04:04:57,721 INFO 0.31308351039886473
2021-03-02 04:06:44,743 INFO 0.3286439520120621
2021-03-02 04:08:34,262 INFO 0.3201326507329941
2021-03-02 04:10:17,558 INFO 0.3289675310254097
2021-03-02 04:12:13,344 INFO 0.324866563975811
2021-03-02 04:13:57,845 INFO 0.34006696164608
2021-03-02 04:15:43,249 INFO 0.3211730867624283
2021-03-02 04:17:28,135 INFO 0.32773171216249464
2021-03-02 04:19:24,577 INFO 0.3340240924060345
2021-03-02 04:21:11,285 INFO 0.3261290666460991
2021-03-02 04:22:43,870 INFO 0.32477304100990295
2021-03-02 04:30:39,245 INFO average error: [ 0.16843137 33.95207677  0.90827691]
2021-03-02 04:32:37,432 INFO 0.34045332968235015
2021-03-02 04:34:23,055 INFO 0.32561359234154225
2021-03-02 04:36:06,621 INFO 0.31773279279470446
2021-03-02 04:38:03,444 INFO 0.3107412612438202
2021-03-02 04:39:52,516 INFO 0.3328753549605608
2021-03-02 04:41:34,893 INFO 0.3361366407573223
2021-03-02 04:43:16,844 INFO 0.34608302503824234
2021-03-02 04:45:07,981 INFO 0.3288889107108116
2021-03-02 04:46:50,318 INFO 0.29862326972186565
2021-03-02 04:48:35,473 INFO 0.31637175180017946
2021-03-02 04:50:32,586 INFO 0.3284854443371296
2021-03-02 04:52:16,919 INFO 0.32376799911260606
2021-03-02 04:54:08,442 INFO 0.3313216007500887
2021-03-02 04:55:51,241 INFO 0.3467737552523613
2021-03-02 04:57:38,587 INFO 0.30669829085469247
2021-03-02 04:59:21,953 INFO 0.31026338070631027
2021-03-02 05:01:14,246 INFO 0.3193051873147488
2021-03-02 05:03:01,613 INFO 0.3165071246027946
2021-03-02 05:04:46,097 INFO 0.33882116235792636
2021-03-02 05:06:30,650 INFO 0.33144239902496336
2021-03-02 05:08:23,408 INFO 0.33307599991559983
2021-03-02 05:10:09,139 INFO 0.3355131904780865
2021-03-02 05:11:54,520 INFO 0.3242975550889969
2021-03-02 05:13:42,221 INFO 0.325664035230875
2021-03-02 05:15:34,065 INFO 0.3156311263144016
2021-03-02 05:17:18,829 INFO 0.3199300627410412
2021-03-02 05:19:02,254 INFO 0.3134126627445221
2021-03-02 05:20:52,077 INFO 0.33259304985404015
2021-03-02 05:22:41,201 INFO 0.3219842428714037
2021-03-02 05:24:26,523 INFO 0.33111893132328984
2021-03-02 05:26:15,864 INFO 0.3425854742527008
2021-03-02 05:27:57,725 INFO 0.31605096682906153
2021-03-02 05:29:54,498 INFO 0.30022287629544736
2021-03-02 05:31:41,127 INFO 0.3220752349495888
2021-03-02 05:33:24,028 INFO 0.32617711886763573
2021-03-02 05:35:17,996 INFO 0.3424602523446083
2021-03-02 05:37:02,658 INFO 0.3335727627575398
2021-03-02 05:38:47,396 INFO 0.32590521171689035
2021-03-02 05:40:34,682 INFO 0.32593362979590895
2021-03-02 05:42:22,153 INFO 0.31809259980916976
2021-03-02 05:44:06,621 INFO 0.31037035562098025
2021-03-02 05:45:51,636 INFO 0.3274098251760006
2021-03-02 05:47:42,713 INFO 0.31469266407191754
2021-03-02 05:49:24,897 INFO 0.31320118460804225
2021-03-02 05:51:16,192 INFO 0.31641171500086784
2021-03-02 05:53:00,647 INFO 0.3252979439496994
2021-03-02 05:54:43,920 INFO 0.3374570851773024
2021-03-02 05:56:36,830 INFO 0.33239186093211176
2021-03-02 05:58:24,376 INFO 0.32255958423018455
2021-03-02 06:00:10,726 INFO 0.3274689210951328
2021-03-02 06:01:55,108 INFO 0.2996020665019751
2021-03-02 06:03:51,201 INFO 0.32359936498105524
2021-03-02 06:05:36,046 INFO 0.33978640004992483
2021-03-02 06:07:10,725 INFO 0.33134110942482947
2021-03-02 06:15:07,643 INFO average error: [ 0.16629508 33.46650496  0.9094184 ]
2021-03-02 06:17:06,302 INFO 0.31237834319472313
2021-03-02 06:18:50,667 INFO 0.3159759500622749
2021-03-02 06:20:35,367 INFO 0.327792139351368
2021-03-02 06:22:25,729 INFO 0.31587832666933535
2021-03-02 06:24:14,667 INFO 0.32962964043021203
2021-03-02 06:25:58,608 INFO 0.3262759532034397
2021-03-02 06:27:45,378 INFO 0.3066375569999218
2021-03-02 06:29:43,098 INFO 0.3205183035135269
2021-03-02 06:31:26,164 INFO 0.3250744542479515
2021-03-02 06:33:09,178 INFO 0.324808230176568
2021-03-02 06:35:03,078 INFO 0.34306643828749656
2021-03-02 06:36:47,543 INFO 0.3090293064713478
2021-03-02 06:38:31,102 INFO 0.3264098879694939
2021-03-02 06:40:21,263 INFO 0.3234825573861599
2021-03-02 06:42:06,908 INFO 0.3017021670937538
2021-03-02 06:44:01,703 INFO 0.32162228763103484
2021-03-02 06:45:43,050 INFO 0.3148205006122589
2021-03-02 06:47:28,357 INFO 0.3222737611830235
2021-03-02 06:49:22,325 INFO 0.3304589168727398
2021-03-02 06:51:12,602 INFO 0.3278508257865906
2021-03-02 06:53:08,525 INFO 0.31167562074959276
2021-03-02 06:55:03,485 INFO 0.32987030640244486
2021-03-02 06:56:48,234 INFO 0.3210618184506893
2021-03-02 06:58:31,507 INFO 0.32608104348182676
2021-03-02 07:00:34,130 INFO 0.3293882478773594
2021-03-02 07:02:29,638 INFO 0.32020683385431764
2021-03-02 07:04:18,826 INFO 0.31409054443240164
2021-03-02 07:06:05,486 INFO 0.333760561645031
2021-03-02 07:07:59,367 INFO 0.33690027937293054
2021-03-02 07:09:46,506 INFO 0.3114739966392517
2021-03-02 07:11:33,150 INFO 0.29554805763065817
2021-03-02 07:13:28,893 INFO 0.3304260241985321
2021-03-02 07:15:10,848 INFO 0.32014983147382736
2021-03-02 07:16:52,548 INFO 0.3172550355643034
2021-03-02 07:18:46,677 INFO 0.3174552582204342
2021-03-02 07:20:32,181 INFO 0.3084607003629208
2021-03-02 07:22:16,078 INFO 0.3145475232601166
2021-03-02 07:24:12,315 INFO 0.32253531374037264
2021-03-02 07:25:53,555 INFO 0.32595111295580864
2021-03-02 07:27:36,591 INFO 0.31412849083542826
2021-03-02 07:29:32,409 INFO 0.31894100561738015
2021-03-02 07:31:19,722 INFO 0.3030929134786129
2021-03-02 07:33:04,370 INFO 0.3052813468873501
2021-03-02 07:34:57,561 INFO 0.3171920880675316
2021-03-02 07:36:59,045 INFO 0.3073883059620857
2021-03-02 07:38:57,347 INFO 0.32211991377174853
2021-03-02 07:41:10,984 INFO 0.3207181939482689
2021-03-02 07:43:24,834 INFO 0.3303406299650669
2021-03-02 07:45:49,994 INFO 0.3119381086528301
2021-03-02 07:47:48,575 INFO 0.31445144802331926
2021-03-02 07:49:33,958 INFO 0.31997869700193404
2021-03-02 07:51:15,823 INFO 0.3146581408381462
2021-03-02 07:53:08,496 INFO 0.3196099270880222
2021-03-02 07:54:40,855 INFO 0.3120044861733913
2021-03-02 08:02:39,053 INFO average error: [ 0.16503826 33.3627586   0.91326389]
2021-03-02 08:04:38,988 INFO 0.31558077439665794
2021-03-02 08:06:28,443 INFO 0.31629917576909067
2021-03-02 08:08:10,711 INFO 0.2988141982257366
2021-03-02 08:10:04,304 INFO 0.3062175223976374
2021-03-02 08:11:47,798 INFO 0.33312336564064027
2021-03-02 08:13:35,042 INFO 0.2975336216390133
2021-03-02 08:15:26,094 INFO 0.3116543583571911
2021-03-02 08:17:12,632 INFO 0.3278626807034016
2021-03-02 08:18:55,718 INFO 0.32125759199261666
2021-03-02 08:20:52,604 INFO 0.3220677602291107
2021-03-02 08:22:36,200 INFO 0.30718616738915444
2021-03-02 08:24:17,505 INFO 0.32370773032307626
2021-03-02 08:26:10,316 INFO 0.32154185578227046
2021-03-02 08:28:02,236 INFO 0.3137576533854008
2021-03-02 08:29:45,708 INFO 0.3062575073540211
2021-03-02 08:31:30,559 INFO 0.3120311313867569
2021-03-02 08:33:19,691 INFO 0.3086243623495102
2021-03-02 08:35:05,081 INFO 0.31257290035486224
2021-03-02 08:36:51,460 INFO 0.3330166873335838
2021-03-02 08:38:47,320 INFO 0.3243083940446377
2021-03-02 08:40:29,615 INFO 0.3122578938305378
2021-03-02 08:42:17,006 INFO 0.32037039279937746
2021-03-02 08:44:14,497 INFO 0.30770401418209076
2021-03-02 08:45:55,027 INFO 0.30641257256269455
2021-03-02 08:47:36,191 INFO 0.30782883897423746
2021-03-02 08:49:32,752 INFO 0.32207695037126544
2021-03-02 08:51:16,203 INFO 0.3047735793888569
2021-03-02 08:53:00,685 INFO 0.3163051876425743
2021-03-02 08:54:52,224 INFO 0.3128515727818012
2021-03-02 08:56:33,642 INFO 0.3304517814517021
2021-03-02 08:58:20,312 INFO 0.32409660279750824
2021-03-02 09:00:10,041 INFO 0.31921672731637957
2021-03-02 09:01:55,627 INFO 0.3114571760594845
2021-03-02 09:03:48,456 INFO 0.31936066679656505
2021-03-02 09:05:34,179 INFO 0.30667012140154837
2021-03-02 09:07:18,359 INFO 0.30278143115341666
2021-03-02 09:09:17,668 INFO 0.3113938823342323
2021-03-02 09:10:59,295 INFO 0.29637247644364834
2021-03-02 09:12:40,105 INFO 0.32237977534532547
2021-03-02 09:14:37,379 INFO 0.31601174995303155
2021-03-02 09:16:24,766 INFO 0.3088642080128193
2021-03-02 09:18:09,070 INFO 0.3311585010588169
2021-03-02 09:20:05,120 INFO 0.3038659605383873
2021-03-02 09:21:45,925 INFO 0.30080029405653474
2021-03-02 09:23:28,105 INFO 0.3200888489186764
2021-03-02 09:25:21,875 INFO 0.31333286345005035
2021-03-02 09:27:07,770 INFO 0.31669525176286695
2021-03-02 09:28:53,313 INFO 0.311196908056736
2021-03-02 09:30:46,082 INFO 0.31218286857008937
2021-03-02 09:32:28,688 INFO 0.3083847850561142
2021-03-02 09:34:18,433 INFO 0.3136414138972759
2021-03-02 09:36:05,041 INFO 0.3108890457451344
2021-03-02 09:37:45,963 INFO 0.32882189340889456
2021-03-02 09:39:25,127 INFO 0.31427496574819086
2021-03-02 09:47:23,729 INFO average error: [ 0.16675235 33.59121712  0.90839193]
2021-03-02 09:49:24,046 INFO 0.3129648905992508
2021-03-02 09:51:10,498 INFO 0.29524217404425146
2021-03-02 09:52:58,687 INFO 0.29733672946691514
2021-03-02 09:54:47,146 INFO 0.304272395670414
2021-03-02 09:56:36,396 INFO 0.30263736881315706
2021-03-02 09:58:23,482 INFO 0.31862205669283866
2021-03-02 10:00:07,782 INFO 0.2988025750219822
2021-03-02 10:01:58,142 INFO 0.328236386179924
2021-03-02 10:03:41,165 INFO 0.30516927763819696
2021-03-02 10:05:33,739 INFO 0.30025912895798684
2021-03-02 10:07:20,330 INFO 0.3043158782273531
2021-03-02 10:09:03,560 INFO 0.3280955998599529
2021-03-02 10:10:50,425 INFO 0.3087732942402363
2021-03-02 10:12:41,533 INFO 0.31084785163402556
2021-03-02 10:14:23,584 INFO 0.3148600701987743
2021-03-02 10:16:18,914 INFO 0.31232748851180075
2021-03-02 10:18:01,942 INFO 0.3032295148819685
2021-03-02 10:19:47,676 INFO 0.31271242842078206
2021-03-02 10:21:42,158 INFO 0.3016088956594467
2021-03-02 10:23:27,917 INFO 0.30655463978648184
2021-03-02 10:25:06,108 INFO 0.30063460528850555
2021-03-02 10:27:05,427 INFO 0.297639615163207
2021-03-02 10:28:47,373 INFO 0.3060776014626026
2021-03-02 10:30:30,898 INFO 0.29290161676704884
2021-03-02 10:32:27,247 INFO 0.3246045543253422
2021-03-02 10:34:06,016 INFO 0.2842223890125751
2021-03-02 10:35:49,173 INFO 0.3132815509289503
2021-03-02 10:37:43,192 INFO 0.3152854034304619
2021-03-02 10:39:33,651 INFO 0.30506608210504055
2021-03-02 10:41:17,690 INFO 0.30803797513246534
2021-03-02 10:43:10,044 INFO 0.3068815362453461
2021-03-02 10:44:50,796 INFO 0.3212937493622303
2021-03-02 10:46:42,956 INFO 0.3362633314728737
2021-03-02 10:48:25,513 INFO 0.30692225232720377
2021-03-02 10:50:13,030 INFO 0.28978773206472397
2021-03-02 10:52:04,060 INFO 0.3087554210424423
2021-03-02 10:53:50,185 INFO 0.2970821848511696
2021-03-02 10:55:34,298 INFO 0.3058664011955261
2021-03-02 10:57:31,999 INFO 0.3156722857058048
2021-03-02 10:59:17,561 INFO 0.32049546360969544
2021-03-02 11:00:56,757 INFO 0.32468766540288924
2021-03-02 11:02:53,894 INFO 0.29504045739769935
2021-03-02 11:04:41,611 INFO 0.3278606916964054
2021-03-02 11:06:24,309 INFO 0.295490850135684
2021-03-02 11:08:17,804 INFO 0.3149206044524908
2021-03-02 11:10:02,957 INFO 0.320346549898386
2021-03-02 11:11:46,297 INFO 0.31591035217046737
2021-03-02 11:13:38,380 INFO 0.30914366960525513
2021-03-02 11:15:25,802 INFO 0.3098294389247894
2021-03-02 11:17:06,649 INFO 0.30183976486325265
2021-03-02 11:18:54,741 INFO 0.3144939763844013
2021-03-02 11:20:41,988 INFO 0.320805769264698
2021-03-02 11:22:28,418 INFO 0.30124509543180467
2021-03-02 11:24:09,213 INFO 0.3306000642478466
2021-03-02 11:32:07,590 INFO average error: [ 0.16765458 33.86952555  0.90837891]
2021-03-02 11:34:03,598 INFO 0.31016208082437513
2021-03-02 11:35:51,489 INFO 0.29017658077180386
2021-03-02 11:37:39,065 INFO 0.30685975566506385
2021-03-02 11:39:32,711 INFO 0.308154723495245
2021-03-02 11:41:13,211 INFO 0.3141993908584118
2021-03-02 11:42:55,207 INFO 0.307317855656147
2021-03-02 11:44:55,386 INFO 0.3161135118454695
2021-03-02 11:46:40,624 INFO 0.2993970184773207
2021-03-02 11:48:22,595 INFO 0.28450445279479025
2021-03-02 11:50:19,355 INFO 0.31134454771876335
2021-03-02 11:52:03,237 INFO 0.3142508742213249
2021-03-02 11:53:45,445 INFO 0.3040911529958248
2021-03-02 11:55:41,646 INFO 0.30141497641801834
2021-03-02 11:57:27,418 INFO 0.3079037611186504
2021-03-02 11:59:06,308 INFO 0.3093163727223873
2021-03-02 12:01:03,452 INFO 0.31742959141731264
2021-03-02 12:02:47,256 INFO 0.29715853571891787
2021-03-02 12:04:31,578 INFO 0.30682531535625457
2021-03-02 12:06:26,691 INFO 0.310032272785902
2021-03-02 12:08:06,075 INFO 0.2961515936255455
2021-03-02 12:09:57,700 INFO 0.3201651452481747
2021-03-02 12:11:46,746 INFO 0.296374818533659
2021-03-02 12:13:30,546 INFO 0.2926970149576664
2021-03-02 12:15:20,570 INFO 0.2948668955266476
2021-03-02 12:17:08,259 INFO 0.3053137198090553
2021-03-02 12:18:50,557 INFO 0.3050380340218544
2021-03-02 12:20:41,245 INFO 0.3041924925148487
2021-03-02 12:22:35,391 INFO 0.30529785916209223
2021-03-02 12:24:19,065 INFO 0.31167190447449683
2021-03-02 12:26:04,016 INFO 0.30970895022153855
2021-03-02 12:28:02,044 INFO 0.3025084459036589
2021-03-02 12:29:44,962 INFO 0.3249589471518993
2021-03-02 12:31:27,366 INFO 0.3028946319967508
2021-03-02 12:33:22,063 INFO 0.3217515128850937
2021-03-02 12:35:08,132 INFO 0.30546596586704255
2021-03-02 12:36:51,051 INFO 0.32827526681125163
2021-03-02 12:38:44,621 INFO 0.30121332585811617
2021-03-02 12:40:30,189 INFO 0.3050531285256147
2021-03-02 12:42:11,227 INFO 0.3014431880414486
2021-03-02 12:44:05,294 INFO 0.3041790445894003
2021-03-02 12:45:49,517 INFO 0.30691771999001505
2021-03-02 12:47:34,471 INFO 0.304102181494236
2021-03-02 12:49:30,547 INFO 0.30788664281368255
2021-03-02 12:51:13,331 INFO 0.31339641749858854
2021-03-02 12:52:55,012 INFO 0.3226239161193371
2021-03-02 12:54:43,876 INFO 0.29217656567692757
2021-03-02 12:56:43,898 INFO 0.2910535353422165
2021-03-02 12:58:23,617 INFO 0.30265124157071116
2021-03-02 13:00:13,004 INFO 0.31234441451728345
2021-03-02 13:02:06,891 INFO 0.30429692432284355
2021-03-02 13:03:48,922 INFO 0.3122794187068939
2021-03-02 13:05:30,581 INFO 0.29931924015283584
2021-03-02 13:07:24,828 INFO 0.30327758356928824
2021-03-02 13:09:00,571 INFO 0.2933235937356949
2021-03-02 13:16:59,165 INFO average error: [ 0.16661489 33.68199264  0.90835286]
2021-03-02 13:18:59,633 INFO 0.30355740994215014
2021-03-02 13:20:48,687 INFO 0.3046591991186142
2021-03-02 13:22:37,742 INFO 0.3188970877230167
2021-03-02 13:24:34,876 INFO 0.30924188256263735
2021-03-02 13:26:18,477 INFO 0.3010303093492985
2021-03-02 13:28:04,656 INFO 0.29597062900662424
2021-03-02 13:29:59,205 INFO 0.29347062535583973
2021-03-02 13:31:45,674 INFO 0.3034480920433998
2021-03-02 13:33:29,871 INFO 0.2834645526111126
2021-03-02 13:35:24,525 INFO 0.31862205639481544
2021-03-02 13:37:09,712 INFO 0.3058761610090733
2021-03-02 13:38:52,972 INFO 0.29573737606406214
2021-03-02 13:40:48,781 INFO 0.3031692838668823
2021-03-02 13:42:28,943 INFO 0.2973795525729656
2021-03-02 13:44:09,172 INFO 0.30487981513142587
2021-03-02 13:46:08,977 INFO 0.29820496775209904
2021-03-02 13:47:52,455 INFO 0.29504149422049525
2021-03-02 13:49:33,209 INFO 0.3089014510810375
2021-03-02 13:51:24,853 INFO 0.31531356140971184
2021-03-02 13:53:11,259 INFO 0.3159837719798088
2021-03-02 13:54:52,636 INFO 0.2902214714884758
2021-03-02 13:56:54,870 INFO 0.3137499412894249
2021-03-02 13:58:36,094 INFO 0.3038120763003826
2021-03-02 14:00:15,171 INFO 0.2993299984186888
2021-03-02 14:02:09,193 INFO 0.2995518469810486
2021-03-02 14:03:54,291 INFO 0.3025706857442856
2021-03-02 14:05:47,018 INFO 0.3221738930046558
2021-03-02 14:07:32,035 INFO 0.3086224702000618
2021-03-02 14:09:19,241 INFO 0.28428181290626525
2021-03-02 14:11:13,848 INFO 0.3029507779330015
2021-03-02 14:12:58,886 INFO 0.3080902598798275
2021-03-02 14:14:40,249 INFO 0.312689061909914
2021-03-02 14:16:35,792 INFO 0.3039183859527111
2021-03-02 14:18:18,103 INFO 0.29305055618286135
2021-03-02 14:20:02,295 INFO 0.30199402302503586
2021-03-02 14:21:52,805 INFO 0.3008019031584263
2021-03-02 14:23:38,927 INFO 0.32140426233410835
2021-03-02 14:25:28,568 INFO 0.3008015274256468
2021-03-02 14:27:13,425 INFO 0.3035231944173574
2021-03-02 14:29:01,285 INFO 0.29740250036120414
2021-03-02 14:30:55,045 INFO 0.29275247409939764
2021-03-02 14:32:37,725 INFO 0.29973489344120025
2021-03-02 14:34:31,143 INFO 0.2997406536340714
2021-03-02 14:36:16,308 INFO 0.2941396477818489
2021-03-02 14:37:59,826 INFO 0.3085575829446316
2021-03-02 14:39:50,908 INFO 0.3154156102985144
2021-03-02 14:41:43,578 INFO 0.2986975907534361
2021-03-02 14:43:25,785 INFO 0.3030919460952282
2021-03-02 14:45:21,983 INFO 0.3061726126819849
2021-03-02 14:47:07,577 INFO 0.30138745710253717
2021-03-02 14:48:52,900 INFO 0.310555614233017
2021-03-02 14:50:42,732 INFO 0.302212398275733
2021-03-02 14:52:30,267 INFO 0.29035792507231234
2021-03-02 14:54:04,666 INFO 0.30772223204374316
2021-03-02 15:02:02,321 INFO average error: [ 0.16915476 33.93834561  0.90636068]
2021-03-02 15:04:02,866 INFO 0.2933210617303848
2021-03-02 15:05:47,716 INFO 0.2917569845914841
2021-03-02 15:07:32,874 INFO 0.2989374204725027
2021-03-02 15:09:27,271 INFO 0.30718116953969
2021-03-02 15:11:14,043 INFO 0.3041455517709255
2021-03-02 15:13:04,184 INFO 0.2908417034894228
2021-03-02 15:15:00,206 INFO 0.292181626111269
2021-03-02 15:16:45,619 INFO 0.3034605866670608
2021-03-02 15:18:32,354 INFO 0.29251922443509104
2021-03-02 15:20:29,964 INFO 0.3056687894463539
2021-03-02 15:22:10,579 INFO 0.3008998920023441
2021-03-02 15:23:56,945 INFO 0.2979374560713768
2021-03-02 15:25:55,438 INFO 0.31305225655436514
2021-03-02 15:27:43,086 INFO 0.2974365770816803
2021-03-02 15:29:30,967 INFO 0.30883377566933634
2021-03-02 15:31:30,043 INFO 0.30075707748532293
2021-03-02 15:33:14,212 INFO 0.28386669524013997
2021-03-02 15:34:58,919 INFO 0.2857891032844782
2021-03-02 15:36:59,256 INFO 0.2926026412844658
2021-03-02 15:38:46,201 INFO 0.3056086520850658
2021-03-02 15:40:32,748 INFO 0.30400541439652445
2021-03-02 15:42:31,941 INFO 0.28743376173079016
2021-03-02 15:44:19,775 INFO 0.311907627210021
2021-03-02 15:46:08,250 INFO 0.2926724807918072
2021-03-02 15:48:09,759 INFO 0.29488960176706314
2021-03-02 15:49:56,949 INFO 0.3054484343528748
2021-03-02 15:51:43,930 INFO 0.30505564421415327
2021-03-02 15:53:43,491 INFO 0.3126064263284206
2021-03-02 15:55:27,347 INFO 0.31837246745824815
2021-03-02 15:57:18,169 INFO 0.2778326081484556
2021-03-02 15:59:17,406 INFO 0.28630742982029916
2021-03-02 16:01:03,186 INFO 0.3021951532363892
2021-03-02 16:02:52,070 INFO 0.3090218357741833
2021-03-02 16:04:49,983 INFO 0.3014087773114443
2021-03-02 16:06:34,476 INFO 0.31137312948703766
2021-03-02 16:08:27,249 INFO 0.29892724424600603
2021-03-02 16:10:29,865 INFO 0.28348960272967816
2021-03-02 16:12:18,724 INFO 0.3048527473211288
2021-03-02 16:14:07,405 INFO 0.3037324007600546
2021-03-02 16:16:08,178 INFO 0.2913254088908434
2021-03-02 16:17:59,306 INFO 0.2995331685990095
2021-03-02 16:19:46,961 INFO 0.30618146046996114
2021-03-02 16:21:41,483 INFO 0.2996863456815481
2021-03-02 16:23:30,867 INFO 0.28963577046990396
2021-03-02 16:25:19,977 INFO 0.30679433219134805
2021-03-02 16:27:16,694 INFO 0.30594469234347343
2021-03-02 16:29:13,839 INFO 0.3028095681965351
2021-03-02 16:31:04,535 INFO 0.2824138281494379
2021-03-02 16:32:53,226 INFO 0.2915477684140205
2021-03-02 16:34:57,348 INFO 0.30067125640809533
2021-03-02 16:36:47,957 INFO 0.2980742564797401
2021-03-02 16:38:34,987 INFO 0.3055619628727436
2021-03-02 16:40:32,596 INFO 0.27844471879303456
2021-03-02 16:42:14,659 INFO 0.2960307878255844
2021-03-02 16:50:13,615 INFO average error: [ 0.16713352 33.85779791  0.90772135]
2021-03-02 16:52:12,652 INFO 0.2985145965218544
2021-03-02 16:54:12,866 INFO 0.29997600756585596
2021-03-02 16:55:58,769 INFO 0.2973606054484844
2021-03-02 16:57:49,758 INFO 0.296969181150198
2021-03-02 16:59:50,924 INFO 0.2829579630494118
2021-03-02 17:01:36,199 INFO 0.30510664366185664
2021-03-02 17:03:26,292 INFO 0.27287809751927855
2021-03-02 17:05:27,814 INFO 0.30146011933684347
2021-03-02 17:07:13,050 INFO 0.2897283488512039
2021-03-02 17:09:03,401 INFO 0.3080404581874609
2021-03-02 17:11:04,061 INFO 0.3116385851055384
2021-03-02 17:12:55,245 INFO 0.29608787819743154
2021-03-02 17:14:40,879 INFO 0.3057894366979599
2021-03-02 17:16:40,358 INFO 0.3035782815515995
2021-03-02 17:18:32,957 INFO 0.2991755822300911
2021-03-02 17:20:21,841 INFO 0.2878926994651556
2021-03-02 17:22:16,594 INFO 0.29623413071036336
2021-03-02 17:24:04,841 INFO 0.2934872333705425
2021-03-02 17:25:56,948 INFO 0.29577491864562033
2021-03-02 17:27:51,508 INFO 0.2967727356404066
2021-03-02 17:29:38,940 INFO 0.297665663510561
2021-03-02 17:31:31,698 INFO 0.286275592893362
2021-03-02 17:33:32,587 INFO 0.29187416926026344
2021-03-02 17:35:19,627 INFO 0.29132934272289274
2021-03-02 17:37:12,982 INFO 0.30823004245758057
2021-03-02 17:39:06,479 INFO 0.28853191882371904
2021-03-02 17:40:51,035 INFO 0.3134044873714447
2021-03-02 17:42:51,776 INFO 0.29552131980657576
2021-03-02 17:44:44,251 INFO 0.30666362926363944
2021-03-02 17:46:35,023 INFO 0.30075337253510953
2021-03-02 17:48:29,970 INFO 0.30099399603903293
2021-03-02 17:50:17,700 INFO 0.28826950132846835
2021-03-02 17:52:07,383 INFO 0.2968140835314989
2021-03-02 17:54:03,241 INFO 0.299039820805192
2021-03-02 17:55:57,570 INFO 0.3006407341361046
2021-03-02 17:57:46,556 INFO 0.2914794138818979
2021-03-02 17:59:42,272 INFO 0.29128063306212426
2021-03-02 18:01:32,752 INFO 0.28499235451221466
2021-03-02 18:03:20,402 INFO 0.30655071064829825
2021-03-02 18:05:21,632 INFO 0.30210918441414836
2021-03-02 18:07:07,366 INFO 0.2866772894561291
2021-03-02 18:08:59,810 INFO 0.29734876215457917
2021-03-02 18:10:50,114 INFO 0.3014584345370531
2021-03-02 18:12:43,887 INFO 0.28763198025524617
2021-03-02 18:14:43,710 INFO 0.29715352863073347
2021-03-02 18:16:31,086 INFO 0.29414950601756573
2021-03-02 18:18:21,132 INFO 0.29708302281796933
2021-03-02 18:20:23,074 INFO 0.27835418716073035
2021-03-02 18:22:11,622 INFO 0.29437377497553824
2021-03-02 18:24:05,772 INFO 0.3004635129123926
2021-03-02 18:26:05,540 INFO 0.28855316996574404
2021-03-02 18:27:48,489 INFO 0.30356474295258523
2021-03-02 18:29:40,494 INFO 0.3051623418927193
2021-03-02 18:31:26,566 INFO 0.2952617295086384
2021-03-02 18:39:43,236 INFO average error: [ 0.16705261 33.74699789  0.9093533 ]
2021-03-02 18:41:47,395 INFO 0.3190768718719482
2021-03-02 18:43:33,956 INFO 0.2975409489870071
2021-03-02 18:45:19,535 INFO 0.2972698380053043
2021-03-02 18:47:21,495 INFO 0.3046315063536167
2021-03-02 18:49:10,044 INFO 0.29411532297730447
2021-03-02 18:50:52,877 INFO 0.2946237199753523
2021-03-02 18:52:46,199 INFO 0.28863031677901746
2021-03-02 18:54:39,144 INFO 0.2977402703464031
2021-03-02 18:56:26,720 INFO 0.27068626500666143
2021-03-02 18:58:16,171 INFO 0.30682466700673106
2021-03-02 19:00:08,742 INFO 0.2846574166417122
2021-03-02 19:01:55,569 INFO 0.3005804120004177
2021-03-02 19:03:44,120 INFO 0.30756431832909586
2021-03-02 19:05:37,613 INFO 0.28251852199435235
2021-03-02 19:07:29,073 INFO 0.29187588550150395
2021-03-02 19:09:13,413 INFO 0.29506898812949656
2021-03-02 19:11:03,037 INFO 0.28326315365731713
2021-03-02 19:12:53,199 INFO 0.2900089747458696
2021-03-02 19:14:46,092 INFO 0.3049320434778929
2021-03-02 19:16:35,856 INFO 0.29477535746991634
2021-03-02 19:18:29,845 INFO 0.30515203043818473
2021-03-02 19:20:23,020 INFO 0.29435269087553023
2021-03-02 19:22:07,935 INFO 0.2776433815062046
2021-03-02 19:24:01,868 INFO 0.3056183271855116
2021-03-02 19:25:55,409 INFO 0.2807861030101776
2021-03-02 19:27:41,192 INFO 0.2883498861640692
2021-03-02 19:29:33,014 INFO 0.3072505494952202
2021-03-02 19:31:22,856 INFO 0.3011884395033121
2021-03-02 19:33:11,632 INFO 0.29496724903583527
2021-03-02 19:35:01,841 INFO 0.27195648461580274
2021-03-02 19:36:56,108 INFO 0.2855211887508631
2021-03-02 19:38:46,264 INFO 0.29416652254760267
2021-03-02 19:40:33,543 INFO 0.28484030231833457
2021-03-02 19:42:25,073 INFO 0.2942975614964962
2021-03-02 19:44:13,314 INFO 0.29668587729334833
2021-03-02 19:46:15,579 INFO 0.2864574068039656
2021-03-02 19:48:05,950 INFO 0.30457238882780074
2021-03-02 19:49:49,728 INFO 0.2930413157492876
2021-03-02 19:51:49,616 INFO 0.30107812203466894
2021-03-02 19:53:40,099 INFO 0.2914173425734043
2021-03-02 19:55:23,423 INFO 0.29389247700572013
2021-03-02 19:57:13,961 INFO 0.2824786809831858
2021-03-02 19:59:08,021 INFO 0.29397242099046705
2021-03-02 20:00:58,056 INFO 0.30028420567512515
2021-03-02 20:02:44,710 INFO 0.2920772294700146
2021-03-02 20:04:40,858 INFO 0.29911607794463635
2021-03-02 20:06:29,941 INFO 0.2924505342543125
2021-03-02 20:08:17,921 INFO 0.29404518865048884
2021-03-02 20:10:08,082 INFO 0.28723436176776884
2021-03-02 20:12:07,473 INFO 0.30709468767046927
2021-03-02 20:13:46,881 INFO 0.2882498200237751
2021-03-02 20:15:41,734 INFO 0.3069883916527033
2021-03-02 20:17:34,855 INFO 0.2907010884582996
2021-03-02 20:19:11,832 INFO 0.29357802323997023
2021-03-02 20:27:07,612 INFO average error: [ 0.16688467 33.84987441  0.90767578]
