2021-03-07 08:13:50,938 INFO /hdd/HENRI/goosynth/picklefiles/trainpickle2to19human.pickle contains 172800 images
2021-03-07 08:13:51,166 INFO /hdd/HENRI/goosynth/picklefiles/testpickle120.pickle contains 19200 images
2021-03-07 08:23:11,883 INFO Test average loss : 45.86143362522125
2021-03-07 08:23:11,897 INFO Test average error: [ 0.94837457  0.08328362 16.23260154]
2021-03-07 08:28:52,879 INFO 13.114350357055663
2021-03-07 08:30:29,278 INFO 13.084741196632386
2021-03-07 08:32:03,837 INFO 12.469924058914184
2021-03-07 08:33:44,756 INFO 13.199871902465821
2021-03-07 08:35:32,991 INFO 13.047446823120117
2021-03-07 08:37:06,475 INFO 11.980198020935058
2021-03-07 08:38:42,773 INFO 13.038170924186707
2021-03-07 08:40:21,190 INFO 12.88096474647522
2021-03-07 08:42:07,322 INFO 12.876105875968934
2021-03-07 08:43:43,360 INFO 13.328809123039246
2021-03-07 08:45:18,636 INFO 12.717650814056396
2021-03-07 08:46:52,613 INFO 12.674940729141236
2021-03-07 08:48:36,719 INFO 13.360620408058166
2021-03-07 08:50:13,595 INFO 13.36351544380188
2021-03-07 08:51:46,933 INFO 13.388614959716797
2021-03-07 08:53:23,413 INFO 12.879752082824707
2021-03-07 08:55:04,767 INFO 13.060708866119384
2021-03-07 08:56:53,214 INFO 12.951578645706176
2021-03-07 08:58:29,367 INFO 12.702507200241088
2021-03-07 09:00:06,753 INFO 13.130420846939087
2021-03-07 09:01:44,224 INFO 12.53827160358429
2021-03-07 09:03:18,294 INFO 12.978252267837524
2021-03-07 09:04:55,122 INFO 12.426979932785034
2021-03-07 09:06:41,990 INFO 12.583659000396729
2021-03-07 09:08:16,544 INFO 13.197311668395995
2021-03-07 09:09:53,153 INFO 12.863665051460266
2021-03-07 09:11:34,704 INFO 12.83895306110382
2021-03-07 09:13:15,784 INFO 13.07257025718689
2021-03-07 09:14:54,703 INFO 12.998582162857055
2021-03-07 09:16:27,610 INFO 12.976563053131104
2021-03-07 09:18:04,203 INFO 13.096880283355713
2021-03-07 09:19:47,244 INFO 12.320234575271606
2021-03-07 09:21:19,483 INFO 12.48068362236023
2021-03-07 09:22:52,967 INFO 12.330748720169067
2021-03-07 09:24:41,918 INFO 13.07136477470398
2021-03-07 09:26:19,511 INFO 13.217650213241576
2021-03-07 09:27:56,057 INFO 13.314302444458008
2021-03-07 09:29:30,820 INFO 13.420926208496093
2021-03-07 09:31:14,573 INFO 13.527034912109375
2021-03-07 09:32:52,576 INFO 13.162511901855469
2021-03-07 09:34:29,951 INFO 13.056332840919495
2021-03-07 09:36:05,126 INFO 12.802660903930665
2021-03-07 09:37:43,973 INFO 12.99150897026062
2021-03-07 09:39:23,444 INFO 13.063709020614624
2021-03-07 09:41:00,084 INFO 12.410658249855041
2021-03-07 09:42:45,658 INFO 12.276740169525146
2021-03-07 09:44:22,054 INFO 12.934717178344727
2021-03-07 09:45:59,557 INFO 12.940700798034667
2021-03-07 09:47:32,119 INFO 13.008595895767211
2021-03-07 09:49:11,444 INFO 13.073655405044555
2021-03-07 09:50:54,289 INFO 13.405817441940307
2021-03-07 09:52:31,279 INFO 12.650463252067565
2021-03-07 09:54:04,696 INFO 12.096595697402954
2021-03-07 09:55:37,804 INFO 12.959906845092773
2021-03-07 10:04:01,493 INFO Test average loss : 51.74229433695475
2021-03-07 10:04:01,509 INFO Test average error: [ 0.92961806  0.09351865 17.90683639]
2021-03-07 10:05:57,113 INFO 12.723302807807922
2021-03-07 10:07:28,533 INFO 12.707720651626587
2021-03-07 10:09:03,157 INFO 12.524087619781493
2021-03-07 10:10:42,034 INFO 12.476715321540832
2021-03-07 10:12:23,126 INFO 12.250061101913452
2021-03-07 10:13:58,114 INFO 11.874004135131836
2021-03-07 10:15:34,749 INFO 12.235195999145509
2021-03-07 10:17:08,210 INFO 12.64278317451477
2021-03-07 10:18:44,799 INFO 12.082891607284546
2021-03-07 10:20:17,925 INFO 12.43145254611969
2021-03-07 10:21:58,208 INFO 12.468328971862793
2021-03-07 10:23:31,409 INFO 12.13375391960144
2021-03-07 10:25:12,976 INFO 12.985604915618897
2021-03-07 10:26:49,062 INFO 13.14478136062622
2021-03-07 10:28:21,802 INFO 12.641760025024414
2021-03-07 10:30:00,358 INFO 12.881514525413513
2021-03-07 10:31:37,202 INFO 12.489210500717164
2021-03-07 10:33:10,367 INFO 12.946836042404176
2021-03-07 10:34:48,163 INFO 12.250858263969421
2021-03-07 10:36:27,900 INFO 12.589841995239258
2021-03-07 10:37:59,777 INFO 12.314676523208618
2021-03-07 10:39:39,498 INFO 12.625069818496705
2021-03-07 10:41:14,811 INFO 12.483338489532471
2021-03-07 10:42:53,405 INFO 12.74952956199646
2021-03-07 10:44:27,186 INFO 13.140901184082031
2021-03-07 10:45:59,776 INFO 12.326604466438294
2021-03-07 10:47:43,492 INFO 13.139781165122987
2021-03-07 10:49:18,728 INFO 12.674269552230834
2021-03-07 10:50:55,138 INFO 12.70966646194458
2021-03-07 10:52:28,409 INFO 12.834923934936523
2021-03-07 10:54:04,744 INFO 13.006917400360107
2021-03-07 10:55:47,942 INFO 12.571497945785522
2021-03-07 10:57:19,060 INFO 12.696595854759217
2021-03-07 10:58:52,549 INFO 11.962212333679199
2021-03-07 11:00:34,450 INFO 12.981056871414184
2021-03-07 11:02:05,917 INFO 12.532129802703857
2021-03-07 11:03:38,918 INFO 12.94068120956421
2021-03-07 11:05:17,867 INFO 12.605037021636964
2021-03-07 11:07:01,519 INFO 12.84257978439331
2021-03-07 11:08:33,513 INFO 12.641967177391052
2021-03-07 11:10:09,641 INFO 13.040188093185424
2021-03-07 11:11:44,601 INFO 13.247946214675903
2021-03-07 11:13:23,095 INFO 12.380112981796264
2021-03-07 11:15:00,135 INFO 13.151522951126099
2021-03-07 11:16:37,603 INFO 12.37344063282013
2021-03-07 11:18:16,035 INFO 11.6271346616745
2021-03-07 11:19:48,625 INFO 13.290880346298218
2021-03-07 11:21:27,255 INFO 12.94463056564331
2021-03-07 11:23:09,883 INFO 12.491701536178589
2021-03-07 11:24:46,678 INFO 12.446509828567505
2021-03-07 11:26:19,415 INFO 12.77826816558838
2021-03-07 11:27:51,439 INFO 12.870085320472718
2021-03-07 11:29:36,036 INFO 11.778027839660645
2021-03-07 11:31:02,121 INFO 12.93537393093109
2021-03-07 11:39:24,976 INFO Test average loss : 47.68419703801473
2021-03-07 11:39:24,991 INFO Test average error: [ 0.94489258  0.08740784 17.42607577]
2021-03-07 11:41:30,786 INFO 12.496569938659668
2021-03-07 11:43:05,847 INFO 12.068920755386353
2021-03-07 11:44:43,622 INFO 11.900663709640503
2021-03-07 11:46:17,375 INFO 12.139827060699464
2021-03-07 11:47:56,171 INFO 12.13653106212616
2021-03-07 11:49:37,197 INFO 11.951417388916015
2021-03-07 11:51:12,564 INFO 12.332664999961853
2021-03-07 11:52:45,930 INFO 12.454191150665283
2021-03-07 11:54:22,676 INFO 12.05285538673401
2021-03-07 11:56:02,428 INFO 12.037928667068481
2021-03-07 11:57:36,723 INFO 12.702825031280518
2021-03-07 11:59:14,055 INFO 12.375492157936096
2021-03-07 12:00:52,592 INFO 12.171017260551453
2021-03-07 12:02:31,144 INFO 11.815663890838623
2021-03-07 12:04:04,550 INFO 12.210966086387634
2021-03-07 12:05:43,112 INFO 12.153374409675598
2021-03-07 12:07:12,761 INFO 12.717298736572266
2021-03-07 12:08:59,029 INFO 12.268384408950805
2021-03-07 12:10:25,696 INFO 11.88472903251648
2021-03-07 12:12:07,013 INFO 12.399954423904418
2021-03-07 12:13:35,822 INFO 12.093912801742555
2021-03-07 12:15:16,630 INFO 12.454155502319336
2021-03-07 12:16:58,085 INFO 12.114239377975464
2021-03-07 12:18:37,478 INFO 12.474246034622192
2021-03-07 12:20:06,537 INFO 12.705699071884155
2021-03-07 12:21:44,782 INFO 12.375246391296386
2021-03-07 12:23:20,166 INFO 12.719967803955079
2021-03-07 12:24:58,923 INFO 12.458340883255005
2021-03-07 12:26:32,902 INFO 11.992535982131958
2021-03-07 12:28:10,009 INFO 12.771297178268433
2021-03-07 12:29:47,591 INFO 12.600098872184754
2021-03-07 12:31:25,814 INFO 12.099794788360596
2021-03-07 12:33:03,409 INFO 11.986795673370361
2021-03-07 12:34:42,764 INFO 11.939949927330018
2021-03-07 12:36:13,327 INFO 12.686076245307923
2021-03-07 12:37:51,980 INFO 12.439271998405456
2021-03-07 12:39:30,232 INFO 12.412947416305542
2021-03-07 12:41:01,520 INFO 13.230097141265869
2021-03-07 12:42:43,429 INFO 12.241462626457214
2021-03-07 12:44:16,603 INFO 12.185417861938477
2021-03-07 12:45:56,872 INFO 12.311268692016602
2021-03-07 12:47:27,542 INFO 12.601418514251709
2021-03-07 12:49:05,931 INFO 12.216427516937255
2021-03-07 12:50:43,104 INFO 12.44648943901062
2021-03-07 12:52:27,971 INFO 11.962862043380737
2021-03-07 12:54:02,658 INFO 11.766437344551086
2021-03-07 12:55:35,454 INFO 12.798998713493347
2021-03-07 12:57:13,877 INFO 11.98951937675476
2021-03-07 12:58:53,855 INFO 12.69831217288971
2021-03-07 13:00:33,173 INFO 12.460651178359985
2021-03-07 13:02:07,129 INFO 12.28863956451416
2021-03-07 13:03:41,943 INFO 11.764990453720094
2021-03-07 13:05:12,798 INFO 11.639544992446899
2021-03-07 13:06:46,173 INFO 12.195740756988526
2021-03-07 13:15:08,712 INFO Test average loss : 40.78024832487106
2021-03-07 13:15:08,726 INFO Test average error: [ 0.9495204   0.08144894 15.64882496]
2021-03-07 13:17:14,171 INFO 11.94217945098877
2021-03-07 13:18:57,122 INFO 11.812852716445922
2021-03-07 13:20:30,727 INFO 12.442867431640625
2021-03-07 13:22:00,772 INFO 11.9848055934906
2021-03-07 13:23:38,095 INFO 12.211075325012207
2021-03-07 13:25:23,394 INFO 11.582631883621216
2021-03-07 13:26:55,302 INFO 12.86840573310852
2021-03-07 13:28:28,331 INFO 12.314014472961425
2021-03-07 13:30:06,149 INFO 11.74492112159729
2021-03-07 13:31:41,999 INFO 12.251925954818725
2021-03-07 13:33:24,764 INFO 12.121594142913818
2021-03-07 13:34:59,486 INFO 12.247851762771607
2021-03-07 13:36:32,739 INFO 12.30684515953064
2021-03-07 13:38:05,653 INFO 12.078600583076478
2021-03-07 13:39:43,039 INFO 11.786626462936402
2021-03-07 13:41:23,991 INFO 12.488159923553466
2021-03-07 13:42:57,895 INFO 12.242945194244385
2021-03-07 13:44:38,197 INFO 12.518865356445312
2021-03-07 13:46:06,359 INFO 11.568137202262879
2021-03-07 13:47:49,786 INFO 12.143610253334046
2021-03-07 13:49:29,527 INFO 11.868181738853455
2021-03-07 13:51:03,182 INFO 11.83165051460266
2021-03-07 13:52:37,386 INFO 11.884901919364928
2021-03-07 13:54:16,708 INFO 11.872096004486083
2021-03-07 13:55:52,423 INFO 12.362864456176759
2021-03-07 13:57:28,661 INFO 11.815731649398804
2021-03-07 13:59:07,500 INFO 11.851499834060668
2021-03-07 14:00:40,350 INFO 12.54511061668396
2021-03-07 14:02:13,573 INFO 12.03410984992981
2021-03-07 14:03:53,357 INFO 11.965486001968383
2021-03-07 14:05:34,044 INFO 12.520396394729614
2021-03-07 14:07:10,491 INFO 12.069175820350647
2021-03-07 14:08:46,554 INFO 11.58862790107727
2021-03-07 14:10:18,234 INFO 11.771560277938843
2021-03-07 14:11:58,776 INFO 12.150726561546326
2021-03-07 14:13:33,083 INFO 12.087195320129394
2021-03-07 14:15:06,488 INFO 12.452727713584899
2021-03-07 14:16:42,790 INFO 12.219989142417909
2021-03-07 14:18:24,009 INFO 12.594760093688965
2021-03-07 14:20:00,608 INFO 12.141910705566406
2021-03-07 14:21:39,006 INFO 12.107507743835448
2021-03-07 14:23:11,403 INFO 12.219530487060547
2021-03-07 14:24:49,867 INFO 11.77898277759552
2021-03-07 14:26:30,704 INFO 12.139759130477906
2021-03-07 14:28:05,468 INFO 12.018343148231507
2021-03-07 14:29:44,199 INFO 11.405090079307556
2021-03-07 14:31:21,815 INFO 12.64889102935791
2021-03-07 14:32:53,259 INFO 12.243110284805297
2021-03-07 14:34:31,510 INFO 12.140673933029175
2021-03-07 14:36:14,699 INFO 11.968822169303895
2021-03-07 14:37:44,885 INFO 12.572674560546876
2021-03-07 14:39:22,252 INFO 11.999771432876587
2021-03-07 14:40:55,533 INFO 11.740016450881958
2021-03-07 14:42:25,254 INFO 12.606218347549438
2021-03-07 14:50:48,430 INFO Test average loss : 43.33156773487727
2021-03-07 14:50:48,445 INFO Test average error: [ 0.94766493  0.080446   15.84331142]
2021-03-07 14:52:57,599 INFO 12.151467638015747
2021-03-07 14:54:28,431 INFO 11.996521339416503
2021-03-07 14:56:02,842 INFO 11.739454145431518
2021-03-07 14:57:39,154 INFO 11.677738542556762
2021-03-07 14:59:20,562 INFO 11.394796047210694
2021-03-07 15:00:52,968 INFO 11.041520857810974
2021-03-07 15:02:41,580 INFO 11.805353837013245
2021-03-07 15:04:16,937 INFO 11.860367851257324
2021-03-07 15:05:49,697 INFO 11.540830969810486
2021-03-07 15:07:25,252 INFO 12.010204219818116
2021-03-07 15:09:05,185 INFO 12.13219334602356
2021-03-07 15:10:37,620 INFO 11.685876650810242
2021-03-07 15:12:13,430 INFO 12.303815488815308
2021-03-07 15:13:50,389 INFO 12.281883416175843
2021-03-07 15:15:30,569 INFO 12.061951532363892
2021-03-07 15:17:06,652 INFO 11.826908431053162
2021-03-07 15:18:46,888 INFO 12.336016993522644
2021-03-07 15:20:20,912 INFO 11.822854471206664
2021-03-07 15:21:55,995 INFO 11.838860874176026
2021-03-07 15:23:34,836 INFO 11.549596238136292
2021-03-07 15:25:17,394 INFO 11.373575329780579
2021-03-07 15:26:52,028 INFO 12.234851956367493
2021-03-07 15:28:21,035 INFO 11.276734437942505
2021-03-07 15:29:57,310 INFO 11.858888354301452
2021-03-07 15:31:35,231 INFO 12.552029399871826
2021-03-07 15:33:17,323 INFO 11.823942165374756
2021-03-07 15:34:52,435 INFO 12.414214200973511
2021-03-07 15:36:21,457 INFO 12.217422680854797
2021-03-07 15:37:57,213 INFO 11.72547474861145
2021-03-07 15:39:39,053 INFO 12.574883947372436
2021-03-07 15:41:11,188 INFO 11.983776378631593
2021-03-07 15:42:55,373 INFO 11.445633764266967
2021-03-07 15:44:31,739 INFO 12.030857496261596
2021-03-07 15:46:01,219 INFO 11.242575807571411
2021-03-07 15:47:35,919 INFO 11.843449516296387
2021-03-07 15:49:20,965 INFO 12.576532006263733
2021-03-07 15:50:57,621 INFO 12.269923830032349
2021-03-07 15:52:31,539 INFO 12.041740674972534
2021-03-07 15:54:05,583 INFO 12.549482402801514
2021-03-07 15:55:50,987 INFO 11.760753655433655
2021-03-07 15:57:26,278 INFO 12.032186508178711
2021-03-07 15:58:58,714 INFO 12.275255250930787
2021-03-07 16:00:34,397 INFO 11.437316241264343
2021-03-07 16:02:16,597 INFO 12.535196495056152
2021-03-07 16:03:48,658 INFO 11.520915150642395
2021-03-07 16:05:27,145 INFO 11.59650297164917
2021-03-07 16:07:02,347 INFO 12.462823753356934
2021-03-07 16:08:32,992 INFO 12.43679322719574
2021-03-07 16:10:14,912 INFO 12.32185028553009
2021-03-07 16:11:48,786 INFO 11.546051015853882
2021-03-07 16:13:21,700 INFO 12.370843276977538
2021-03-07 16:14:59,380 INFO 11.675125770568847
2021-03-07 16:16:39,973 INFO 10.889365487098694
2021-03-07 16:18:07,311 INFO 11.48004804611206
2021-03-07 16:26:32,003 INFO Test average loss : 42.87882615884145
2021-03-07 16:26:32,017 INFO Test average error: [ 0.95186957  0.08058539 15.23296122]
2021-03-07 16:28:23,678 INFO 11.590941052436829
2021-03-07 16:29:54,894 INFO 11.934662036895752
2021-03-07 16:31:38,253 INFO 11.73500461578369
2021-03-07 16:33:13,805 INFO 11.722024207115174
2021-03-07 16:34:45,853 INFO 11.43272255897522
2021-03-07 16:36:26,815 INFO 11.155613403320313
2021-03-07 16:38:01,277 INFO 11.593802809715271
2021-03-07 16:39:43,782 INFO 11.253124437332154
2021-03-07 16:41:22,287 INFO 11.181915845870972
2021-03-07 16:42:57,647 INFO 11.80887936592102
2021-03-07 16:44:30,550 INFO 11.634541320800782
2021-03-07 16:46:11,710 INFO 11.395058059692383
2021-03-07 16:47:43,651 INFO 11.846567311286925
2021-03-07 16:49:21,620 INFO 11.92043523311615
2021-03-07 16:50:56,116 INFO 11.515415000915528
2021-03-07 16:52:40,094 INFO 11.46571639060974
2021-03-07 16:54:05,758 INFO 11.751239099502563
2021-03-07 16:55:42,552 INFO 11.542524061203004
2021-03-07 16:57:19,613 INFO 11.242874770164489
2021-03-07 16:58:59,997 INFO 11.55556987285614
2021-03-07 17:00:36,324 INFO 11.548648648262024
2021-03-07 17:02:11,375 INFO 11.821439332962036
2021-03-07 17:03:51,043 INFO 11.141431226730347
2021-03-07 17:05:27,037 INFO 11.413547682762147
2021-03-07 17:07:00,117 INFO 12.015525579452515
2021-03-07 17:08:38,135 INFO 11.119277462959289
2021-03-07 17:10:27,809 INFO 11.693527112007141
2021-03-07 17:12:01,566 INFO 11.548675923347473
2021-03-07 17:13:36,085 INFO 11.209916772842407
2021-03-07 17:15:11,136 INFO 11.716919736862183
2021-03-07 17:16:53,737 INFO 11.810370197296143
2021-03-07 17:18:26,935 INFO 11.4517524766922
2021-03-07 17:19:59,930 INFO 11.47626549243927
2021-03-07 17:21:36,307 INFO 11.150381550788879
2021-03-07 17:23:17,767 INFO 11.874721651077271
2021-03-07 17:24:53,437 INFO 11.778850846290588
2021-03-07 17:26:29,964 INFO 11.625469436645508
2021-03-07 17:28:06,328 INFO 11.764595556259156
2021-03-07 17:29:42,358 INFO 12.163561000823975
2021-03-07 17:31:19,785 INFO 11.433489179611206
2021-03-07 17:33:00,452 INFO 12.588980207443237
2021-03-07 17:34:35,975 INFO 11.87966323375702
2021-03-07 17:36:12,635 INFO 11.472228908538819
2021-03-07 17:37:47,291 INFO 11.826674327850341
2021-03-07 17:39:29,574 INFO 11.195658264160157
2021-03-07 17:41:04,032 INFO 11.432429981231689
2021-03-07 17:42:36,737 INFO 12.316861939430236
2021-03-07 17:44:10,399 INFO 11.936032509803772
2021-03-07 17:45:56,317 INFO 12.353375968933106
2021-03-07 17:47:28,093 INFO 11.576351790428161
2021-03-07 17:49:00,812 INFO 11.886917481422424
2021-03-07 17:50:39,921 INFO 11.27506076812744
2021-03-07 17:52:16,325 INFO 10.482475805282593
2021-03-07 17:53:41,875 INFO 11.53185760974884
2021-03-07 18:02:06,239 INFO Test average loss : 44.70283768018087
2021-03-07 18:02:06,254 INFO Test average error: [ 0.94974826  0.08332811 16.62002216]
2021-03-07 18:04:02,073 INFO 11.577035756111146
2021-03-07 18:05:35,811 INFO 11.66655963420868
2021-03-07 18:07:12,474 INFO 11.4214346408844
2021-03-07 18:08:49,749 INFO 11.143027920722961
2021-03-07 18:10:28,314 INFO 10.900395107269286
2021-03-07 18:12:01,499 INFO 10.712663960456847
2021-03-07 18:13:41,689 INFO 11.016578483581544
2021-03-07 18:15:18,472 INFO 11.226784677505494
2021-03-07 18:16:54,616 INFO 11.251182317733765
2021-03-07 18:18:29,997 INFO 11.251441426277161
2021-03-07 18:20:04,718 INFO 11.680959377288819
2021-03-07 18:21:40,392 INFO 11.75244800567627
2021-03-07 18:23:21,465 INFO 11.53857735157013
2021-03-07 18:25:03,335 INFO 11.526929025650025
2021-03-07 18:26:31,772 INFO 11.836698250770569
2021-03-07 18:28:11,540 INFO 11.144361066818238
2021-03-07 18:29:43,609 INFO 11.42317660331726
2021-03-07 18:31:19,238 INFO 12.228738870620727
2021-03-07 18:32:53,730 INFO 11.483283209800721
2021-03-07 18:34:34,129 INFO 10.967806477546691
2021-03-07 18:36:18,301 INFO 10.924873366355897
2021-03-07 18:37:52,584 INFO 10.985721292495727
2021-03-07 18:39:22,529 INFO 11.145153026580811
2021-03-07 18:41:00,274 INFO 11.366992654800415
2021-03-07 18:42:42,554 INFO 11.836483325958252
2021-03-07 18:44:18,116 INFO 11.532425479888916
2021-03-07 18:45:53,874 INFO 11.564057159423829
2021-03-07 18:47:29,217 INFO 11.460001039505006
2021-03-07 18:49:07,984 INFO 11.614241676330566
2021-03-07 18:50:38,400 INFO 11.622414312362672
2021-03-07 18:52:20,607 INFO 11.517545566558837
2021-03-07 18:53:50,700 INFO 11.101419038772583
2021-03-07 18:55:38,929 INFO 11.41599793434143
2021-03-07 18:57:13,316 INFO 11.822985191345214
2021-03-07 18:58:45,723 INFO 11.614540777206422
2021-03-07 19:00:25,560 INFO 11.156390933990478
2021-03-07 19:02:05,238 INFO 11.633580842018127
2021-03-07 19:03:41,518 INFO 11.612243971824647
2021-03-07 19:05:14,829 INFO 12.034268488883972
2021-03-07 19:06:52,286 INFO 11.588010354042053
2021-03-07 19:08:24,136 INFO 11.786129050254821
2021-03-07 19:10:06,850 INFO 11.284924230575562
2021-03-07 19:11:40,214 INFO 11.292219610214234
2021-03-07 19:13:17,459 INFO 11.756187953948974
2021-03-07 19:14:58,303 INFO 10.836971344947814
2021-03-07 19:16:37,441 INFO 10.674000430107117
2021-03-07 19:18:15,650 INFO 11.645383124351502
2021-03-07 19:19:45,543 INFO 11.08677830696106
2021-03-07 19:21:26,039 INFO 11.4066530752182
2021-03-07 19:23:06,108 INFO 11.401327328681946
2021-03-07 19:24:50,346 INFO 11.621092476844787
2021-03-07 19:26:21,309 INFO 10.942157635688782
2021-03-07 19:27:59,928 INFO 10.592380695343017
2021-03-07 19:29:29,175 INFO 11.38232319355011
2021-03-07 19:37:51,502 INFO Test average loss : 45.15999608516693
2021-03-07 19:37:51,517 INFO Test average error: [ 0.93522135  0.08345807 16.8678599 ]
2021-03-07 19:39:49,037 INFO 11.226006717681885
2021-03-07 19:41:27,962 INFO 11.11958710193634
2021-03-07 19:43:06,345 INFO 10.838175830841065
2021-03-07 19:44:40,578 INFO 11.417897801399231
2021-03-07 19:46:22,878 INFO 10.324939060211182
2021-03-07 19:47:55,986 INFO 10.860338354110718
2021-03-07 19:49:32,824 INFO 11.08195230960846
2021-03-07 19:51:14,484 INFO 11.454924759864808
2021-03-07 19:52:53,045 INFO 10.67212420463562
2021-03-07 19:54:29,719 INFO 11.012265510559082
2021-03-07 19:56:11,189 INFO 11.467471117973327
2021-03-07 19:57:49,241 INFO 11.159577264785767
2021-03-07 19:59:28,042 INFO 11.695411267280578
2021-03-07 20:01:15,094 INFO 10.932832794189453
2021-03-07 20:02:47,920 INFO 11.297136030197144
2021-03-07 20:04:28,057 INFO 11.485723123550414
2021-03-07 20:06:12,131 INFO 11.022017307281494
2021-03-07 20:07:50,541 INFO 10.983567171096801
2021-03-07 20:09:25,404 INFO 11.0990642786026
2021-03-07 20:11:03,371 INFO 11.376550402641296
2021-03-07 20:12:44,272 INFO 10.984434170722961
2021-03-07 20:14:27,672 INFO 11.13275906085968
2021-03-07 20:16:03,121 INFO 10.85874063014984
2021-03-07 20:17:46,562 INFO 11.062546706199646
2021-03-07 20:19:23,384 INFO 11.975033721923829
2021-03-07 20:21:01,838 INFO 10.974002451896668
2021-03-07 20:22:44,757 INFO 11.683082156181335
2021-03-07 20:24:23,227 INFO 11.385566835403443
2021-03-07 20:26:02,568 INFO 11.242665238380432
2021-03-07 20:27:40,999 INFO 11.314331359863282
2021-03-07 20:29:21,735 INFO 11.416010303497314
2021-03-07 20:30:56,801 INFO 10.868451128005981
2021-03-07 20:32:46,881 INFO 11.468390192985535
2021-03-07 20:34:33,043 INFO 10.37702393054962
2021-03-07 20:36:08,830 INFO 11.523701667785645
2021-03-07 20:37:46,525 INFO 11.47941774368286
2021-03-07 20:39:26,975 INFO 11.685255517959595
2021-03-07 20:41:11,864 INFO 11.987026290893555
2021-03-07 20:42:53,000 INFO 11.292697792053223
2021-03-07 20:44:31,292 INFO 11.377879800796508
2021-03-07 20:46:09,799 INFO 11.67942370891571
2021-03-07 20:47:53,492 INFO 11.335286855697632
2021-03-07 20:49:30,908 INFO 11.460722527503968
2021-03-07 20:51:12,188 INFO 11.993348770141601
2021-03-07 20:52:57,742 INFO 10.594653024673462
2021-03-07 20:54:39,527 INFO 10.830876688957215
2021-03-07 20:56:15,541 INFO 11.314130225181579
2021-03-07 20:57:55,145 INFO 11.385717997550964
2021-03-07 20:59:38,342 INFO 11.360997200012207
2021-03-07 21:01:17,318 INFO 11.148337664604187
2021-03-07 21:03:03,559 INFO 11.487570209503174
2021-03-07 21:04:40,982 INFO 10.558853387832642
2021-03-07 21:06:21,022 INFO 10.689415893554688
2021-03-07 21:07:57,654 INFO 11.45005380630493
2021-03-07 21:16:38,297 INFO Test average loss : 49.592597711881005
2021-03-07 21:16:38,311 INFO Test average error: [ 0.93619249  0.08984462 17.98931101]
2021-03-07 21:18:38,192 INFO 10.937632703781128
2021-03-07 21:20:22,183 INFO 11.158578085899354
2021-03-07 21:21:58,513 INFO 10.904173245429993
2021-03-07 21:23:39,741 INFO 10.520011262893677
2021-03-07 21:25:21,483 INFO 10.872740435600281
2021-03-07 21:27:03,391 INFO 10.622367520332336
2021-03-07 21:28:44,284 INFO 10.744783120155335
2021-03-07 21:30:18,951 INFO 11.058523030281068
2021-03-07 21:32:08,705 INFO 10.65024685382843
2021-03-07 21:33:43,188 INFO 10.965120658874511
2021-03-07 21:35:23,051 INFO 10.943071322441101
2021-03-07 21:36:58,953 INFO 11.108543438911438
2021-03-07 21:38:47,407 INFO 11.404990468025208
2021-03-07 21:40:23,868 INFO 10.931381592750549
2021-03-07 21:42:01,629 INFO 11.178469338417052
2021-03-07 21:43:48,328 INFO 11.33000629901886
2021-03-07 21:45:28,234 INFO 11.47511966228485
2021-03-07 21:47:09,292 INFO 11.143797779083252
2021-03-07 21:48:45,726 INFO 10.566737594604492
2021-03-07 21:50:31,901 INFO 10.818904132843018
2021-03-07 21:52:05,850 INFO 10.647830195426941
2021-03-07 21:53:46,162 INFO 10.893213987350464
2021-03-07 21:55:36,655 INFO 11.005930523872376
2021-03-07 21:57:11,698 INFO 11.241452860832215
2021-03-07 21:58:49,169 INFO 11.350471124649047
2021-03-07 22:00:32,358 INFO 11.098517832756043
2021-03-07 22:02:10,673 INFO 11.06547507762909
2021-03-07 22:03:57,901 INFO 10.626643123626708
2021-03-07 22:05:40,034 INFO 10.824328908920288
2021-03-07 22:07:11,975 INFO 11.144222478866578
2021-03-07 22:08:58,897 INFO 11.210745396614074
2021-03-07 22:10:41,740 INFO 11.090013012886047
2021-03-07 22:12:22,503 INFO 11.199858260154723
2021-03-07 22:13:58,729 INFO 10.522446846961975
2021-03-07 22:15:54,624 INFO 11.069608192443848
2021-03-07 22:17:25,553 INFO 10.632526893615722
2021-03-07 22:19:06,541 INFO 11.384797592163086
2021-03-07 22:20:53,329 INFO 11.142456946372986
2021-03-07 22:22:34,434 INFO 11.55385489463806
2021-03-07 22:24:10,664 INFO 10.958511505126953
2021-03-07 22:25:48,463 INFO 12.028869018554687
2021-03-07 22:27:40,337 INFO 11.09907844543457
2021-03-07 22:29:24,353 INFO 11.196804680824279
2021-03-07 22:31:00,021 INFO 11.274474482536316
2021-03-07 22:32:38,938 INFO 10.518604125976562
2021-03-07 22:34:27,448 INFO 10.229893760681152
2021-03-07 22:36:10,690 INFO 11.31661029815674
2021-03-07 22:37:46,742 INFO 11.496563053131103
2021-03-07 22:39:24,029 INFO 11.28619327545166
2021-03-07 22:41:18,908 INFO 11.259046926498414
2021-03-07 22:42:51,853 INFO 11.132060499191285
2021-03-07 22:44:26,168 INFO 10.812497911453248
2021-03-07 22:46:12,539 INFO 10.4933837556839
2021-03-07 22:47:42,891 INFO 11.028579092025756
2021-03-07 22:56:06,626 INFO Test average loss : 40.23453372955322
2021-03-07 22:56:06,641 INFO Test average error: [ 0.95139431  0.07644071 15.21265738]
2021-03-07 22:58:10,712 INFO 11.020947852134704
2021-03-07 22:59:50,933 INFO 10.869360823631286
2021-03-07 23:01:25,925 INFO 10.706242656707763
2021-03-07 23:02:57,992 INFO 10.560810413360596
2021-03-07 23:04:44,370 INFO 10.47186821460724
2021-03-07 23:06:24,380 INFO 10.265230708122253
2021-03-07 23:07:59,173 INFO 10.792274594306946
2021-03-07 23:09:35,107 INFO 11.186909189224243
2021-03-07 23:11:25,677 INFO 10.57582531929016
2021-03-07 23:12:59,074 INFO 10.837541089057922
2021-03-07 23:14:35,949 INFO 11.023366627693177
2021-03-07 23:16:11,241 INFO 10.927142839431763
2021-03-07 23:17:48,137 INFO 10.879517850875855
2021-03-07 23:19:23,937 INFO 10.878305525779725
2021-03-07 23:21:07,831 INFO 10.53716010093689
2021-03-07 23:22:49,356 INFO 10.689914917945861
2021-03-07 23:24:28,063 INFO 11.387972893714904
2021-03-07 23:26:07,408 INFO 10.975693035125733
2021-03-07 23:27:39,430 INFO 10.223455533981323
2021-03-07 23:29:17,632 INFO 10.650244998931885
2021-03-07 23:30:58,265 INFO 10.67774257659912
2021-03-07 23:32:36,148 INFO 10.244339966773987
2021-03-07 23:34:14,092 INFO 10.523173613548279
2021-03-07 23:35:55,507 INFO 10.458935675621033
2021-03-07 23:37:35,921 INFO 11.031441626548768
2021-03-07 23:39:12,970 INFO 10.457118334770202
2021-03-07 23:40:49,998 INFO 11.211027946472168
2021-03-07 23:42:26,933 INFO 10.878283104896546
2021-03-07 23:44:10,429 INFO 11.313755750656128
2021-03-07 23:45:48,454 INFO 11.082441010475158
2021-03-07 23:47:28,749 INFO 10.895018668174744
2021-03-07 23:49:03,996 INFO 10.6439164352417
2021-03-07 23:50:41,327 INFO 10.290173892974854
2021-03-07 23:52:26,551 INFO 10.38455382823944
2021-03-07 23:53:59,569 INFO 11.046176824569702
2021-03-07 23:55:46,376 INFO 11.124210443496704
2021-03-07 23:57:14,547 INFO 11.579589877128601
2021-03-07 23:58:56,535 INFO 10.830170960426331
2021-03-08 00:00:29,099 INFO 10.933598980903625
2021-03-08 00:02:06,600 INFO 10.89713634967804
2021-03-08 00:03:49,996 INFO 10.890791721343994
2021-03-08 00:05:25,680 INFO 10.994909367561341
2021-03-08 00:07:06,956 INFO 10.7006853723526
2021-03-08 00:08:55,353 INFO 10.842611651420594
2021-03-08 00:10:32,864 INFO 10.663470611572265
2021-03-08 00:12:07,574 INFO 10.188005380630493
2021-03-08 00:13:46,019 INFO 11.21043523311615
2021-03-08 00:15:26,946 INFO 10.854928512573242
2021-03-08 00:17:10,205 INFO 10.985753197669982
2021-03-08 00:18:37,041 INFO 10.892703881263733
2021-03-08 00:20:17,557 INFO 11.083175148963928
2021-03-08 00:21:56,938 INFO 10.97557101726532
2021-03-08 00:23:34,069 INFO 10.532908749580383
2021-03-08 00:25:06,020 INFO 10.935464720726014
2021-03-08 00:33:26,189 INFO Test average loss : 45.17001979827881
2021-03-08 00:33:26,205 INFO Test average error: [ 0.94861437  0.08263721 16.38047336]
2021-03-08 00:35:26,798 INFO 10.98432981967926
2021-03-08 00:36:58,742 INFO 10.438887686729432
2021-03-08 00:38:32,221 INFO 10.26067307472229
2021-03-08 00:40:09,077 INFO 10.55421015739441
2021-03-08 00:41:44,903 INFO 10.551571626663208
2021-03-08 00:43:32,002 INFO 9.884666876792908
2021-03-08 00:45:05,300 INFO 11.029893136024475
2021-03-08 00:46:35,628 INFO 10.594587750434876
2021-03-08 00:48:14,156 INFO 10.546557474136353
2021-03-08 00:49:50,906 INFO 10.567296543121337
2021-03-08 00:51:25,164 INFO 10.776839594841004
2021-03-08 00:53:06,679 INFO 10.197908482551576
2021-03-08 00:54:46,108 INFO 10.775904331207276
2021-03-08 00:56:20,626 INFO 10.867055578231811
2021-03-08 00:57:58,229 INFO 10.554234147071838
2021-03-08 00:59:30,491 INFO 10.66200602054596
2021-03-08 01:01:09,179 INFO 11.312655410766602
2021-03-08 01:02:45,031 INFO 10.50730728149414
2021-03-08 01:04:22,443 INFO 10.01705991744995
2021-03-08 01:05:59,619 INFO 10.296147747039795
2021-03-08 01:07:38,302 INFO 10.478756923675537
2021-03-08 01:09:18,653 INFO 10.687121272087097
2021-03-08 01:10:54,913 INFO 9.908086967468261
2021-03-08 01:12:28,052 INFO 10.662484030723572
2021-03-08 01:14:08,810 INFO 10.741019549369812
2021-03-08 01:15:42,844 INFO 10.644522891044616
2021-03-08 01:17:22,195 INFO 11.168674330711365
2021-03-08 01:18:55,557 INFO 11.120575532913207
2021-03-08 01:20:32,806 INFO 11.270178790092467
2021-03-08 01:22:05,858 INFO 10.724185681343078
2021-03-08 01:23:43,918 INFO 11.02216012954712
2021-03-08 01:25:24,657 INFO 10.805507440567016
2021-03-08 01:27:00,462 INFO 10.421519784927368
2021-03-08 01:28:34,437 INFO 10.13185076713562
2021-03-08 01:30:04,056 INFO 10.803052258491515
2021-03-08 01:31:46,954 INFO 11.00273485660553
2021-03-08 01:33:20,762 INFO 11.113021788597107
2021-03-08 01:34:56,584 INFO 10.709305911064147
2021-03-08 01:36:30,178 INFO 10.868428449630738
2021-03-08 01:38:16,380 INFO 10.313611969947814
2021-03-08 01:39:50,443 INFO 11.513058109283447
2021-03-08 01:41:25,510 INFO 10.918209471702575
2021-03-08 01:42:59,003 INFO 10.671047501564026
2021-03-08 01:44:39,411 INFO 10.84251624584198
2021-03-08 01:46:13,815 INFO 10.30050172328949
2021-03-08 01:47:52,391 INFO 10.740132722854614
2021-03-08 01:49:27,304 INFO 11.124341688156129
2021-03-08 01:51:13,141 INFO 10.567233715057373
2021-03-08 01:52:35,699 INFO 11.146926760673523
2021-03-08 01:54:18,363 INFO 10.533952045440675
2021-03-08 01:55:48,024 INFO 11.02741891860962
2021-03-08 01:57:27,559 INFO 10.351809749603271
2021-03-08 01:59:08,526 INFO 9.89868366241455
2021-03-08 02:00:31,659 INFO 10.455390968322753
2021-03-08 02:08:52,912 INFO Test average loss : 44.845148703257244
2021-03-08 02:08:52,928 INFO Test average error: [ 0.94069336  0.08284219 16.26487255]
2021-03-08 02:10:43,974 INFO 10.79054922580719
2021-03-08 02:12:21,301 INFO 10.491170072555542
2021-03-08 02:13:58,359 INFO 10.686348624229431
2021-03-08 02:15:35,222 INFO 10.23725660800934
2021-03-08 02:17:16,342 INFO 10.20002890110016
2021-03-08 02:18:50,088 INFO 9.744155354499817
2021-03-08 02:20:23,836 INFO 10.743793787956237
2021-03-08 02:21:54,709 INFO 10.661930603981018
2021-03-08 02:23:38,853 INFO 10.09084722518921
2021-03-08 02:25:18,187 INFO 10.586618938446044
2021-03-08 02:26:52,532 INFO 10.82962227344513
2021-03-08 02:28:33,774 INFO 10.586383028030395
2021-03-08 02:30:04,359 INFO 10.836500043869018
2021-03-08 02:31:41,818 INFO 10.451657738685608
2021-03-08 02:33:21,082 INFO 10.649047837257385
2021-03-08 02:34:58,717 INFO 10.596841249465943
2021-03-08 02:36:34,151 INFO 10.65740104675293
2021-03-08 02:38:07,241 INFO 10.305038838386535
2021-03-08 02:39:45,762 INFO 10.121082243919373
2021-03-08 02:41:27,009 INFO 10.566699547767639
2021-03-08 02:43:06,335 INFO 10.21228235244751
2021-03-08 02:44:39,933 INFO 10.485340528488159
2021-03-08 02:46:14,853 INFO 9.88787142753601
2021-03-08 02:47:59,338 INFO 10.46780216217041
2021-03-08 02:49:35,602 INFO 11.120224409103393
2021-03-08 02:51:10,952 INFO 10.721281108856202
2021-03-08 02:52:40,863 INFO 10.603964772224426
2021-03-08 02:54:24,425 INFO 10.167668285369873
2021-03-08 02:56:01,445 INFO 10.848280239105225
2021-03-08 02:57:39,999 INFO 10.494880766868592
2021-03-08 02:59:20,177 INFO 10.532019252777099
2021-03-08 03:00:59,646 INFO 10.51924476146698
2021-03-08 03:02:36,775 INFO 10.874795770645141
2021-03-08 03:04:15,851 INFO 9.993750925064086
2021-03-08 03:05:55,373 INFO 10.984920563697814
2021-03-08 03:07:32,542 INFO 10.51047960281372
2021-03-08 03:09:06,948 INFO 11.056380929946899
2021-03-08 03:10:40,692 INFO 10.802729835510254
2021-03-08 03:12:24,255 INFO 10.70817587852478
2021-03-08 03:14:06,635 INFO 10.443373126983643
2021-03-08 03:15:44,908 INFO 11.225626401901245
2021-03-08 03:17:20,716 INFO 10.290347881317139
2021-03-08 03:19:03,191 INFO 10.405715160369873
2021-03-08 03:20:40,359 INFO 10.570199408531188
2021-03-08 03:22:18,866 INFO 9.764812703132629
2021-03-08 03:23:54,426 INFO 10.08539794921875
2021-03-08 03:25:33,288 INFO 10.573962740898132
2021-03-08 03:27:13,396 INFO 10.678052701950072
2021-03-08 03:28:49,199 INFO 10.950098323822022
2021-03-08 03:30:26,512 INFO 10.337627329826354
2021-03-08 03:32:17,245 INFO 10.991852507591247
2021-03-08 03:33:53,321 INFO 10.456399264335632
2021-03-08 03:35:30,311 INFO 10.229866166114807
2021-03-08 03:36:57,711 INFO 10.836388745307922
2021-03-08 03:45:20,122 INFO Test average loss : 38.96422720750173
2021-03-08 03:45:20,136 INFO Test average error: [ 0.95538411  0.07670396 15.13827692]
2021-03-08 03:47:21,016 INFO 10.595027785301209
2021-03-08 03:48:59,137 INFO 10.456965146064759
2021-03-08 03:50:34,257 INFO 10.359620218276978
2021-03-08 03:52:11,653 INFO 10.192723078727722
2021-03-08 03:53:55,683 INFO 9.852155895233155
2021-03-08 03:55:32,783 INFO 9.772370820045472
2021-03-08 03:57:10,167 INFO 10.35733856201172
2021-03-08 03:58:49,625 INFO 10.175881567001342
2021-03-08 04:00:30,618 INFO 9.662253885269164
2021-03-08 04:02:14,581 INFO 10.890966777801514
2021-03-08 04:03:50,174 INFO 10.438809018135071
2021-03-08 04:05:30,058 INFO 10.391641001701355
2021-03-08 04:07:06,108 INFO 10.436527500152588
2021-03-08 04:08:47,248 INFO 10.758133630752564
2021-03-08 04:10:26,086 INFO 10.56423300266266
2021-03-08 04:12:08,401 INFO 10.385649342536926
2021-03-08 04:13:48,386 INFO 10.827197322845459
2021-03-08 04:15:37,196 INFO 10.239734678268432
2021-03-08 04:17:07,592 INFO 10.290720319747924
2021-03-08 04:18:51,363 INFO 10.32011291027069
2021-03-08 04:20:31,724 INFO 10.002645797729492
2021-03-08 04:22:09,799 INFO 10.052099714279175
2021-03-08 04:23:47,503 INFO 10.080443992614747
2021-03-08 04:25:40,304 INFO 10.451514797210693
2021-03-08 04:27:14,672 INFO 10.341949214935303
2021-03-08 04:28:55,308 INFO 10.606538443565368
2021-03-08 04:30:28,850 INFO 10.421874384880066
2021-03-08 04:32:18,634 INFO 10.356002283096313
2021-03-08 04:33:53,775 INFO 10.706854381561278
2021-03-08 04:35:28,993 INFO 10.952199244499207
2021-03-08 04:37:12,454 INFO 10.3346204662323
2021-03-08 04:38:54,402 INFO 10.026161403656006
2021-03-08 04:40:42,492 INFO 10.48193839073181
2021-03-08 04:42:19,515 INFO 9.757901782989501
2021-03-08 04:43:57,029 INFO 10.592561755180359
2021-03-08 04:45:41,573 INFO 10.696840758323669
2021-03-08 04:47:27,844 INFO 10.62092806339264
2021-03-08 04:48:57,839 INFO 10.468759026527405
2021-03-08 04:50:40,121 INFO 10.918582501411437
2021-03-08 04:52:26,500 INFO 10.439053001403808
2021-03-08 04:54:06,044 INFO 10.531420021057128
2021-03-08 04:55:47,908 INFO 10.108053541183471
2021-03-08 04:57:28,299 INFO 10.403734369277954
2021-03-08 04:59:19,101 INFO 10.477893629074096
2021-03-08 05:01:01,208 INFO 10.030872983932495
2021-03-08 05:02:36,976 INFO 9.983831534385681
2021-03-08 05:04:13,288 INFO 10.98982925415039
2021-03-08 05:05:57,828 INFO 10.397089471817017
2021-03-08 05:07:37,636 INFO 10.460510630607605
2021-03-08 05:09:22,487 INFO 10.810994396209717
2021-03-08 05:11:00,315 INFO 10.990207939147949
2021-03-08 05:12:39,637 INFO 10.321508350372314
2021-03-08 05:14:22,484 INFO 9.648433775901795
2021-03-08 05:15:54,880 INFO 10.624816946983337
2021-03-08 05:24:14,811 INFO Test average loss : 42.440771679083504
2021-03-08 05:24:14,829 INFO Test average error: [ 0.94372504  0.07865412 15.48763996]
2021-03-08 05:26:08,731 INFO 10.192479391098022
2021-03-08 05:27:47,819 INFO 9.980107955932617
2021-03-08 05:29:25,307 INFO 10.006691031455993
2021-03-08 05:31:08,208 INFO 9.918145227432252
2021-03-08 05:32:46,759 INFO 10.077528128623962
2021-03-08 05:34:25,481 INFO 10.1084583568573
2021-03-08 05:36:07,668 INFO 10.202930154800415
2021-03-08 05:37:48,247 INFO 10.524471368789673
2021-03-08 05:39:20,543 INFO 9.719439249038697
2021-03-08 05:40:56,228 INFO 10.130113315582275
2021-03-08 05:42:34,447 INFO 10.349398794174194
2021-03-08 05:44:15,621 INFO 10.547305631637574
2021-03-08 05:45:57,903 INFO 10.814791836738586
2021-03-08 05:47:39,484 INFO 10.017690796852111
2021-03-08 05:49:17,591 INFO 10.059567151069642
2021-03-08 05:50:51,194 INFO 10.175365090370178
2021-03-08 05:52:32,315 INFO 10.449810700416565
2021-03-08 05:54:11,827 INFO 10.255038056373596
2021-03-08 05:55:48,654 INFO 9.687221531867982
2021-03-08 05:57:29,954 INFO 10.249556064605713
2021-03-08 05:59:08,931 INFO 9.865648102760314
2021-03-08 06:00:44,740 INFO 9.90617582321167
2021-03-08 06:02:21,983 INFO 9.702615432739258
2021-03-08 06:04:06,102 INFO 9.80100236415863
2021-03-08 06:05:40,521 INFO 10.646104221343995
2021-03-08 06:07:20,010 INFO 10.068257021903992
2021-03-08 06:08:56,032 INFO 10.716676626205444
2021-03-08 06:10:38,143 INFO 9.934284043312072
2021-03-08 06:12:15,829 INFO 10.456349639892577
2021-03-08 06:13:52,066 INFO 10.496412167549133
2021-03-08 06:15:32,129 INFO 10.311724734306335
2021-03-08 06:17:13,607 INFO 9.82082239627838
2021-03-08 06:18:52,417 INFO 10.286397709846497
2021-03-08 06:20:27,910 INFO 10.12053560256958
2021-03-08 06:22:04,518 INFO 10.662752785682677
2021-03-08 06:23:48,504 INFO 10.348014693260193
2021-03-08 06:25:30,022 INFO 10.790277228355407
2021-03-08 06:27:03,255 INFO 10.842047934532166
2021-03-08 06:28:43,813 INFO 10.19116413116455
2021-03-08 06:30:20,325 INFO 10.606872067451476
2021-03-08 06:32:00,336 INFO 10.556302132606506
2021-03-08 06:33:44,178 INFO 10.068787493705749
2021-03-08 06:35:26,606 INFO 10.305235986709596
2021-03-08 06:37:00,180 INFO 10.52593150615692
2021-03-08 06:38:44,022 INFO 9.723404569625854
2021-03-08 06:40:20,561 INFO 9.834086904525757
2021-03-08 06:41:54,665 INFO 10.681769051551818
2021-03-08 06:43:31,183 INFO 10.59781729221344
2021-03-08 06:45:21,206 INFO 10.59254660129547
2021-03-08 06:46:53,422 INFO 10.435464506149293
2021-03-08 06:48:34,823 INFO 10.851021828651428
2021-03-08 06:50:08,109 INFO 9.741480979919434
2021-03-08 06:51:47,641 INFO 10.091479840278625
2021-03-08 06:53:16,332 INFO 10.133666739463806
2021-03-08 07:01:39,337 INFO Test average loss : 47.02487059593201
2021-03-08 07:01:39,352 INFO Test average error: [ 0.94220269  0.08918429 17.99971416]
2021-03-08 07:03:30,618 INFO 10.40618640422821
2021-03-08 07:05:08,165 INFO 9.983216466903686
2021-03-08 07:06:42,858 INFO 9.989157886505128
2021-03-08 07:08:16,909 INFO 10.16391927242279
2021-03-08 07:09:57,965 INFO 9.438624730110169
2021-03-08 07:11:35,909 INFO 9.655099692344665
2021-03-08 07:13:14,767 INFO 9.938654627799988
2021-03-08 07:14:48,959 INFO 10.169057765007018
2021-03-08 07:16:24,487 INFO 9.622176909446717
2021-03-08 07:18:01,625 INFO 10.054936485290527
2021-03-08 07:19:38,520 INFO 9.804093222618103
2021-03-08 07:21:18,426 INFO 9.903302307128905
2021-03-08 07:22:50,798 INFO 10.016241064071655
2021-03-08 07:24:33,831 INFO 10.063022303581239
2021-03-08 07:26:16,040 INFO 10.18156270980835
2021-03-08 07:27:49,932 INFO 10.336219840049743
2021-03-08 07:29:22,873 INFO 10.268664870262146
2021-03-08 07:30:57,785 INFO 10.249221649169922
2021-03-08 07:32:34,230 INFO 9.9535524559021
2021-03-08 07:34:16,246 INFO 10.19852737903595
2021-03-08 07:35:46,998 INFO 9.653650107383728
2021-03-08 07:37:43,534 INFO 10.071599950790405
2021-03-08 07:39:29,949 INFO 9.433900008201599
2021-03-08 07:41:17,691 INFO 9.92160506248474
2021-03-08 07:42:57,141 INFO 10.457359275817872
2021-03-08 07:45:00,783 INFO 9.965144143104553
2021-03-08 07:47:18,355 INFO 10.306817197799683
2021-03-08 07:49:11,742 INFO 10.128537950515748
2021-03-08 07:50:44,649 INFO 9.964283990859986
2021-03-08 07:52:22,639 INFO 10.213175950050355
2021-03-08 07:54:01,267 INFO 10.469342789649964
2021-03-08 07:55:37,535 INFO 9.81276294708252
2021-03-08 07:57:13,649 INFO 10.09273754119873
2021-03-08 07:58:46,568 INFO 9.609258842468261
2021-03-08 08:00:30,253 INFO 10.552708983421326
2021-03-08 08:02:06,887 INFO 10.423494777679444
2021-03-08 08:03:46,813 INFO 10.58044569015503
2021-03-08 08:05:15,695 INFO 10.636043481826782
2021-03-08 08:06:56,463 INFO 10.138878722190857
2021-03-08 08:08:34,276 INFO 9.932404952049255
2021-03-08 08:10:08,629 INFO 10.685857548713685
2021-03-08 08:11:45,461 INFO 10.381918301582337
2021-03-08 08:13:26,350 INFO 10.05510256767273
2021-03-08 08:14:56,441 INFO 9.995392169952392
2021-03-08 08:16:39,439 INFO 9.825735268592835
2021-03-08 08:18:15,627 INFO 9.656181406974792
2021-03-08 08:19:51,996 INFO 10.463734793663026
2021-03-08 08:21:22,784 INFO 10.661476874351502
2021-03-08 08:23:04,715 INFO 10.261201720237732
2021-03-08 08:24:37,654 INFO 10.170194525718689
2021-03-08 08:26:13,188 INFO 10.135927486419678
2021-03-08 08:27:49,928 INFO 10.105624318122864
2021-03-08 08:29:32,024 INFO 9.487968254089356
2021-03-08 08:30:53,689 INFO 9.855882420539857
2021-03-08 08:39:17,827 INFO Test average loss : 41.32000755866368
2021-03-08 08:39:17,843 INFO Test average error: [ 0.9443099   0.0769902  15.67196248]
2021-03-08 08:41:13,191 INFO 9.308856692314148
2021-03-08 08:42:48,098 INFO 8.730544204711913
2021-03-08 08:44:29,193 INFO 8.38289767742157
2021-03-08 08:46:01,800 INFO 8.319250922203064
2021-03-08 08:47:41,572 INFO 8.28336838722229
2021-03-08 08:49:16,394 INFO 7.992647194862366
2021-03-08 08:50:59,352 INFO 8.428061127662659
2021-03-08 08:52:34,374 INFO 8.503799772262573
2021-03-08 08:54:14,513 INFO 8.06683629989624
2021-03-08 08:55:50,676 INFO 8.361089072227479
2021-03-08 08:57:31,995 INFO 8.165543038845062
2021-03-08 08:59:06,923 INFO 8.17265911579132
2021-03-08 09:00:47,602 INFO 8.38975107192993
2021-03-08 09:02:26,763 INFO 8.157133874893189
2021-03-08 09:04:04,026 INFO 8.177664227485657
2021-03-08 09:05:41,717 INFO 7.844548916816711
2021-03-08 09:07:26,515 INFO 8.428346056938171
2021-03-08 09:09:01,722 INFO 8.106098475456237
2021-03-08 09:10:32,853 INFO 7.8832029581069945
2021-03-08 09:12:10,790 INFO 8.16999255657196
2021-03-08 09:13:49,562 INFO 7.7959167718887326
2021-03-08 09:15:29,576 INFO 8.024290776252746
2021-03-08 09:17:02,654 INFO 7.637837305068969
2021-03-08 09:18:44,970 INFO 7.717112650871277
2021-03-08 09:20:25,218 INFO 8.264709520339967
2021-03-08 09:21:59,645 INFO 8.17290057182312
2021-03-08 09:23:41,281 INFO 7.880950093269348
2021-03-08 09:25:12,143 INFO 7.531300597190857
2021-03-08 09:26:49,086 INFO 7.781753087043763
2021-03-08 09:28:37,028 INFO 7.965036072731018
2021-03-08 09:30:10,968 INFO 8.136812305450439
2021-03-08 09:31:42,152 INFO 7.8368053150177
2021-03-08 09:33:20,910 INFO 7.939805369377137
2021-03-08 09:35:10,666 INFO 7.618378825187683
2021-03-08 09:36:42,440 INFO 7.807430038452148
2021-03-08 09:38:17,007 INFO 7.979096879959107
2021-03-08 09:39:54,764 INFO 8.006618390083313
2021-03-08 09:41:31,990 INFO 8.154052710533142
2021-03-08 09:43:15,238 INFO 7.852489428520203
2021-03-08 09:44:50,863 INFO 7.654000782966614
2021-03-08 09:46:30,191 INFO 8.023074903488158
2021-03-08 09:48:07,964 INFO 7.878768606185913
2021-03-08 09:49:43,589 INFO 7.713245625495911
2021-03-08 09:51:31,342 INFO 7.952475175857544
2021-03-08 09:53:05,578 INFO 7.419793667793274
2021-03-08 09:54:39,136 INFO 7.357029294967651
2021-03-08 09:56:16,152 INFO 8.06969349861145
2021-03-08 09:57:56,552 INFO 7.919923315048218
2021-03-08 09:59:39,889 INFO 7.797704482078553
2021-03-08 10:01:10,032 INFO 7.889613127708435
2021-03-08 10:02:54,794 INFO 7.873162212371827
2021-03-08 10:04:29,751 INFO 7.456919221878052
2021-03-08 10:06:04,895 INFO 7.280964503288269
2021-03-08 10:07:34,653 INFO 7.568925733566284
2021-03-08 10:15:58,585 INFO Test average loss : 44.44834645907084
2021-03-08 10:15:58,600 INFO Test average error: [ 0.94212457  0.07873864 15.79155841]
2021-03-08 10:17:54,392 INFO 7.790327448844909
2021-03-08 10:19:28,853 INFO 7.460359048843384
2021-03-08 10:21:05,380 INFO 7.429206981658935
2021-03-08 10:22:39,829 INFO 7.3634435129165645
2021-03-08 10:24:22,495 INFO 7.301729278564453
2021-03-08 10:26:03,810 INFO 7.25460750579834
2021-03-08 10:27:42,263 INFO 7.359918808937072
2021-03-08 10:29:15,833 INFO 7.498966739177704
2021-03-08 10:30:52,629 INFO 7.275937976837159
2021-03-08 10:32:35,971 INFO 7.4515598058700565
2021-03-08 10:34:08,791 INFO 7.647492971420288
2021-03-08 10:35:53,632 INFO 7.77880970954895
2021-03-08 10:37:24,558 INFO 7.515239114761353
2021-03-08 10:39:02,649 INFO 7.740996994972229
2021-03-08 10:40:41,034 INFO 7.446265592575073
2021-03-08 10:42:22,644 INFO 7.424844379425049
2021-03-08 10:43:57,887 INFO 7.769651231765747
2021-03-08 10:45:38,847 INFO 7.31144428730011
2021-03-08 10:47:16,238 INFO 7.155018334388733
2021-03-08 10:48:53,665 INFO 7.257714552879333
2021-03-08 10:50:28,296 INFO 7.265335445404053
2021-03-08 10:52:12,061 INFO 7.6308536195755
2021-03-08 10:53:49,446 INFO 7.178087501525879
2021-03-08 10:55:29,565 INFO 7.374985156059265
2021-03-08 10:57:05,017 INFO 7.549626274108887
2021-03-08 10:58:48,649 INFO 7.573639025688172
2021-03-08 11:00:25,281 INFO 7.57173975944519
2021-03-08 11:02:04,024 INFO 7.432236819267273
2021-03-08 11:03:39,806 INFO 7.50177577495575
2021-03-08 11:05:20,240 INFO 7.880455331802368
2021-03-08 11:06:53,453 INFO 7.8046650791168215
2021-03-08 11:08:30,276 INFO 7.4371995663642885
2021-03-08 11:10:04,688 INFO 7.391663093566894
2021-03-08 11:11:43,685 INFO 7.184058198928833
2021-03-08 11:13:21,401 INFO 7.393928670883179
2021-03-08 11:15:01,273 INFO 7.527200527191162
2021-03-08 11:16:44,834 INFO 7.795958123207092
2021-03-08 11:18:16,780 INFO 7.875364623069763
2021-03-08 11:19:57,383 INFO 7.6601893424987795
2021-03-08 11:21:28,902 INFO 7.570092873573303
2021-03-08 11:23:07,213 INFO 7.843592691421509
2021-03-08 11:24:43,728 INFO 7.375010380744934
2021-03-08 11:26:30,034 INFO 7.158131160736084
2021-03-08 11:28:09,391 INFO 7.649620895385742
2021-03-08 11:29:44,737 INFO 7.37738233089447
2021-03-08 11:31:19,693 INFO 7.234202742576599
2021-03-08 11:32:56,573 INFO 7.68467225074768
2021-03-08 11:34:35,548 INFO 7.540456910133361
2021-03-08 11:36:13,829 INFO 7.408528580665588
2021-03-08 11:37:52,722 INFO 7.215463092327118
2021-03-08 11:39:34,629 INFO 7.876501731872558
2021-03-08 11:41:12,032 INFO 7.344963908195496
2021-03-08 11:42:40,711 INFO 7.015925235748291
2021-03-08 11:44:12,823 INFO 7.145496077537537
2021-03-08 11:52:35,047 INFO Test average loss : 42.08010357618332
2021-03-08 11:52:35,062 INFO Test average error: [ 0.94642578  0.07648763 15.12029687]
2021-03-08 11:54:29,064 INFO 7.169003767967224
2021-03-08 11:56:07,545 INFO 7.254391169548034
2021-03-08 11:57:43,166 INFO 7.369901008605957
2021-03-08 11:59:18,175 INFO 7.406789121627807
2021-03-08 12:01:02,395 INFO 7.339282593727112
2021-03-08 12:02:36,184 INFO 6.9099567294120785
2021-03-08 12:04:10,145 INFO 7.069707236289978
2021-03-08 12:05:46,469 INFO 7.215330920219421
2021-03-08 12:07:21,789 INFO 7.034521460533142
2021-03-08 12:09:01,507 INFO 7.473242111206055
2021-03-08 12:10:40,315 INFO 7.472038006782531
2021-03-08 12:12:15,938 INFO 7.209247951507568
2021-03-08 12:13:54,937 INFO 7.570693488121033
2021-03-08 12:15:29,431 INFO 7.44686842918396
2021-03-08 12:17:11,794 INFO 7.321715273857117
2021-03-08 12:18:45,341 INFO 7.60695442199707
2021-03-08 12:20:16,868 INFO 7.539884581565857
2021-03-08 12:21:51,880 INFO 7.263045926094055
2021-03-08 12:23:33,716 INFO 7.007230677604675
2021-03-08 12:25:08,033 INFO 7.282342801094055
2021-03-08 12:26:43,673 INFO 7.139806790351868
2021-03-08 12:28:22,032 INFO 7.564139714241028
2021-03-08 12:30:06,619 INFO 7.0048727750778195
2021-03-08 12:31:35,851 INFO 7.223843002319336
2021-03-08 12:33:11,157 INFO 7.493508343696594
2021-03-08 12:34:50,244 INFO 6.955531840324402
2021-03-08 12:36:22,971 INFO 7.182668514251709
2021-03-08 12:38:00,302 INFO 7.318380184173584
2021-03-08 12:39:41,983 INFO 7.164951663017273
2021-03-08 12:41:11,973 INFO 7.17437695980072
2021-03-08 12:42:59,743 INFO 7.585478935241699
2021-03-08 12:44:26,076 INFO 7.207872018814087
2021-03-08 12:46:08,984 INFO 7.1255095911026
2021-03-08 12:47:44,489 INFO 6.817761917114257
2021-03-08 12:49:17,823 INFO 7.1284324645996096
2021-03-08 12:50:58,430 INFO 7.3090317964553835
2021-03-08 12:52:33,043 INFO 7.760719718933106
2021-03-08 12:54:19,836 INFO 7.348109264373779
2021-03-08 12:55:48,499 INFO 7.332902503013611
2021-03-08 12:57:24,663 INFO 7.307374515533447
2021-03-08 12:59:00,814 INFO 7.591915526390076
2021-03-08 13:00:37,668 INFO 7.301981139183044
2021-03-08 13:02:14,623 INFO 7.266222305297852
2021-03-08 13:03:52,821 INFO 7.479219269752503
2021-03-08 13:05:29,176 INFO 7.114601173400879
2021-03-08 13:06:59,841 INFO 7.192111148834228
2021-03-08 13:08:37,660 INFO 7.448465099334717
2021-03-08 13:10:20,269 INFO 7.407258012294769
2021-03-08 13:11:55,645 INFO 7.579962158203125
2021-03-08 13:13:32,453 INFO 7.44246440410614
2021-03-08 13:15:05,698 INFO 7.425440688133239
2021-03-08 13:16:40,948 INFO 6.831995363235474
2021-03-08 13:18:20,535 INFO 6.745915489196777
2021-03-08 13:19:46,536 INFO 7.222266163825989
2021-03-08 13:28:12,324 INFO Test average loss : 43.89921953598658
2021-03-08 13:28:12,340 INFO Test average error: [ 0.94370226  0.0779483  15.44434732]
2021-03-08 13:30:07,457 INFO 7.1937878131866455
2021-03-08 13:31:44,669 INFO 7.150421748161316
2021-03-08 13:33:19,063 INFO 7.06758647441864
2021-03-08 13:34:53,007 INFO 7.090071969032287
2021-03-08 13:36:35,948 INFO 6.913713169097901
2021-03-08 13:38:12,741 INFO 6.9003656959533695
2021-03-08 13:39:48,341 INFO 7.136571927070618
2021-03-08 13:41:17,401 INFO 7.349133296012878
2021-03-08 13:43:01,600 INFO 6.915340676307678
2021-03-08 13:44:37,447 INFO 7.197909197807312
2021-03-08 13:46:09,999 INFO 7.157799854278564
2021-03-08 13:47:46,739 INFO 7.023736071586609
2021-03-08 13:49:25,496 INFO 7.28034957408905
2021-03-08 13:51:03,537 INFO 7.3695139312744145
2021-03-08 13:52:44,803 INFO 7.022558197975159
2021-03-08 13:54:18,997 INFO 7.136601858139038
2021-03-08 13:55:47,813 INFO 7.3498626542091365
2021-03-08 13:57:28,751 INFO 7.227983784675598
2021-03-08 13:59:06,015 INFO 6.975703701972962
2021-03-08 14:00:42,408 INFO 7.031664702892304
2021-03-08 14:02:21,831 INFO 6.9389829397201535
2021-03-08 14:03:51,810 INFO 7.260339212417603
2021-03-08 14:05:31,833 INFO 6.699166214466095
2021-03-08 14:07:10,305 INFO 7.121866946220398
2021-03-08 14:08:50,972 INFO 7.174931323528289
2021-03-08 14:10:23,382 INFO 7.210697634220123
2021-03-08 14:11:58,015 INFO 7.292954144477844
2021-03-08 14:13:38,162 INFO 6.895216050148011
2021-03-08 14:15:12,870 INFO 7.176258444786072
2021-03-08 14:16:48,064 INFO 7.3519015526771545
2021-03-08 14:18:29,232 INFO 7.1138103222846985
2021-03-08 14:20:00,310 INFO 7.25365035533905
2021-03-08 14:21:38,758 INFO 7.3051258039474485
2021-03-08 14:23:16,315 INFO 6.9048455452919
2021-03-08 14:25:01,849 INFO 7.09439633846283
2021-03-08 14:26:34,201 INFO 7.41030490398407
2021-03-08 14:28:09,969 INFO 7.553342924118042
2021-03-08 14:29:42,817 INFO 7.0663584923744205
2021-03-08 14:31:16,410 INFO 7.367608871459961
2021-03-08 14:32:49,409 INFO 7.206479954719543
2021-03-08 14:34:27,798 INFO 7.310118775367737
2021-03-08 14:36:04,432 INFO 7.200510888099671
2021-03-08 14:37:46,742 INFO 7.002384920120239
2021-03-08 14:39:21,871 INFO 7.466742000579834
2021-03-08 14:40:59,743 INFO 7.083580360412598
2021-03-08 14:42:36,643 INFO 6.777109265327454
2021-03-08 14:44:11,870 INFO 7.369241766929626
2021-03-08 14:45:45,877 INFO 7.3639423418045045
2021-03-08 14:47:21,905 INFO 7.021109867095947
2021-03-08 14:48:57,945 INFO 7.1429246807098385
2021-03-08 14:50:34,408 INFO 7.292356042861939
2021-03-08 14:52:14,094 INFO 7.138845829963684
2021-03-08 14:53:50,435 INFO 6.745585470199585
2021-03-08 14:55:16,858 INFO 7.116638774871826
2021-03-08 15:03:40,455 INFO Test average loss : 42.434116249084475
2021-03-08 15:03:40,470 INFO Test average error: [ 0.94854818  0.07599343 15.13204349]
2021-03-08 15:05:52,484 INFO 7.224829225540161
2021-03-08 15:07:26,928 INFO 6.9019114208221435
2021-03-08 15:09:04,089 INFO 6.888442783355713
2021-03-08 15:10:41,649 INFO 6.9345634126663205
2021-03-08 15:12:26,148 INFO 6.837893888950348
2021-03-08 15:14:00,075 INFO 6.608898849487304
2021-03-08 15:15:29,582 INFO 6.953672654628754
2021-03-08 15:17:06,240 INFO 7.052376990318298
2021-03-08 15:18:52,653 INFO 6.9607236957550045
2021-03-08 15:20:24,488 INFO 6.995932359695434
2021-03-08 15:21:56,588 INFO 7.116231307983399
2021-03-08 15:23:32,649 INFO 7.34098108291626
2021-03-08 15:25:14,471 INFO 7.038079586029053
2021-03-08 15:26:53,682 INFO 7.29234899520874
2021-03-08 15:28:26,160 INFO 7.05792112827301
2021-03-08 15:30:05,365 INFO 7.00899833202362
2021-03-08 15:31:40,426 INFO 7.124794006347656
2021-03-08 15:33:23,540 INFO 7.196424136161804
2021-03-08 15:34:54,549 INFO 6.955417947769165
2021-03-08 15:36:28,904 INFO 6.7707299757003785
2021-03-08 15:38:13,184 INFO 7.072170872688293
2021-03-08 15:39:45,292 INFO 6.914394817352295
2021-03-08 15:41:20,251 INFO 6.79970802783966
2021-03-08 15:42:55,722 INFO 6.648797631263733
2021-03-08 15:44:36,423 INFO 7.200110313892364
2021-03-08 15:46:14,953 INFO 6.8813320875167845
2021-03-08 15:47:46,501 INFO 6.863747415542602
2021-03-08 15:49:24,519 INFO 7.269994468688965
2021-03-08 15:51:03,952 INFO 7.104410948753357
2021-03-08 15:52:41,588 INFO 7.192201244831085
2021-03-08 15:54:19,229 INFO 7.299004392623901
2021-03-08 15:55:58,159 INFO 6.924380316734314
2021-03-08 15:57:35,523 INFO 7.040889921188355
2021-03-08 15:59:11,645 INFO 6.686326420307159
2021-03-08 16:00:46,512 INFO 7.142216815948486
2021-03-08 16:02:26,918 INFO 7.02231594324112
2021-03-08 16:03:59,640 INFO 7.487235436439514
2021-03-08 16:05:41,062 INFO 7.423675527572632
2021-03-08 16:07:17,226 INFO 7.0653570985794065
2021-03-08 16:08:47,725 INFO 7.229411182403564
2021-03-08 16:10:31,382 INFO 7.47527892112732
2021-03-08 16:12:09,860 INFO 7.116122326850891
2021-03-08 16:13:40,271 INFO 6.707063422203064
2021-03-08 16:15:16,513 INFO 7.456908316612243
2021-03-08 16:16:56,877 INFO 6.672699942588806
2021-03-08 16:18:33,826 INFO 6.9769024085998534
2021-03-08 16:20:07,041 INFO 7.511739730834961
2021-03-08 16:21:39,034 INFO 7.1704924464225765
2021-03-08 16:23:23,614 INFO 7.2240344476699825
2021-03-08 16:25:01,408 INFO 7.008019230365753
2021-03-08 16:26:32,084 INFO 7.288945364952087
2021-03-08 16:28:10,609 INFO 6.8608886551857
2021-03-08 16:29:47,033 INFO 7.0124501347541806
2021-03-08 16:31:12,496 INFO 7.136154985427856
2021-03-08 16:39:39,463 INFO Test average loss : 42.36542541980744
2021-03-08 16:39:39,479 INFO Test average error: [ 0.94819444  0.07575906 15.13420573]
2021-03-08 16:41:46,927 INFO 7.154655389785766
2021-03-08 16:43:24,385 INFO 7.015318675041199
2021-03-08 16:44:57,493 INFO 6.804216237068176
2021-03-08 16:46:32,958 INFO 6.8137058877944945
2021-03-08 16:48:19,474 INFO 6.505501317977905
2021-03-08 16:49:55,154 INFO 6.4490717506408695
2021-03-08 16:51:30,182 INFO 6.699801940917968
2021-03-08 16:53:00,428 INFO 6.832898991107941
2021-03-08 16:54:35,544 INFO 6.65328681230545
2021-03-08 16:56:16,810 INFO 6.801697707176208
2021-03-08 16:57:53,508 INFO 6.884187836647033
2021-03-08 16:59:27,097 INFO 6.840939855575561
2021-03-08 17:01:09,590 INFO 6.945770606994629
2021-03-08 17:02:40,964 INFO 7.04419408082962
2021-03-08 17:04:23,924 INFO 6.958144702911377
2021-03-08 17:05:57,515 INFO 7.097378640174866
2021-03-08 17:07:30,630 INFO 6.84208509683609
2021-03-08 17:09:04,205 INFO 6.838722310066223
2021-03-08 17:10:49,704 INFO 6.68710458278656
2021-03-08 17:12:17,255 INFO 7.091115431785584
2021-03-08 17:13:57,461 INFO 6.77245334148407
2021-03-08 17:15:34,258 INFO 6.970231618881225
2021-03-08 17:17:16,630 INFO 6.604642734527588
2021-03-08 17:18:50,768 INFO 6.797740058898926
2021-03-08 17:20:22,523 INFO 7.12382143497467
2021-03-08 17:21:59,139 INFO 6.597463352680206
2021-03-08 17:23:39,666 INFO 7.0898244762420655
2021-03-08 17:25:15,810 INFO 7.151960346698761
2021-03-08 17:26:52,113 INFO 6.914610099792481
2021-03-08 17:28:29,481 INFO 7.139224820137024
2021-03-08 17:30:06,248 INFO 7.18214900970459
2021-03-08 17:31:38,588 INFO 6.989718351364136
2021-03-08 17:33:18,132 INFO 6.91069771528244
2021-03-08 17:34:51,549 INFO 6.407684440612793
2021-03-08 17:36:33,378 INFO 6.860850195884705
2021-03-08 17:38:04,518 INFO 6.987152767181397
2021-03-08 17:39:39,015 INFO 6.917131080627441
2021-03-08 17:41:16,941 INFO 7.004596872329712
2021-03-08 17:42:55,605 INFO 7.057272419929505
2021-03-08 17:44:33,123 INFO 6.628810071945191
2021-03-08 17:46:08,569 INFO 7.007069344520569
2021-03-08 17:47:47,886 INFO 6.916236748695374
2021-03-08 17:49:25,165 INFO 6.899485497474671
2021-03-08 17:50:56,082 INFO 7.16285325050354
2021-03-08 17:52:28,171 INFO 6.631387619972229
2021-03-08 17:54:06,831 INFO 6.453537352085114
2021-03-08 17:55:47,640 INFO 6.954190239906311
2021-03-08 17:57:20,745 INFO 6.803061623573303
2021-03-08 17:58:58,508 INFO 6.8241892385482785
2021-03-08 18:00:31,200 INFO 6.810818636417389
2021-03-08 18:02:11,653 INFO 6.8565518045425415
2021-03-08 18:03:44,057 INFO 6.567858777046204
2021-03-08 18:05:25,105 INFO 6.385569672584534
2021-03-08 18:06:48,564 INFO 6.991109910011292
2021-03-08 18:15:12,204 INFO Test average loss : 42.8889252392451
2021-03-08 18:15:12,219 INFO Test average error: [ 0.94667535  0.07634622 15.27264268]
2021-03-08 18:17:11,304 INFO 6.89395586013794
2021-03-08 18:18:48,208 INFO 6.9931467294692995
2021-03-08 18:20:23,353 INFO 6.620644941329956
2021-03-08 18:21:57,429 INFO 6.693780107498169
2021-03-08 18:23:34,581 INFO 6.605913882255554
2021-03-08 18:25:13,449 INFO 6.461733846664429
2021-03-08 18:26:48,464 INFO 6.832199449539185
2021-03-08 18:28:29,154 INFO 6.744149494171142
2021-03-08 18:30:04,883 INFO 6.590309791564941
2021-03-08 18:31:33,874 INFO 6.80720696926117
2021-03-08 18:33:13,992 INFO 6.7565566396713255
2021-03-08 18:34:54,641 INFO 6.711179132461548
2021-03-08 18:36:26,444 INFO 6.861400799751282
2021-03-08 18:38:00,951 INFO 6.9788134479522705
2021-03-08 18:39:42,124 INFO 6.989394526481629
2021-03-08 18:41:15,971 INFO 6.84524438381195
2021-03-08 18:42:59,072 INFO 7.045492377281189
2021-03-08 18:44:34,083 INFO 7.008385033607483
2021-03-08 18:46:04,955 INFO 6.494649147987365
2021-03-08 18:47:49,398 INFO 6.5054675030708315
2021-03-08 18:49:25,218 INFO 6.680077531337738
2021-03-08 18:50:52,512 INFO 6.818407466411591
2021-03-08 18:52:29,792 INFO 6.43905837059021
2021-03-08 18:54:04,051 INFO 6.705788784027099
2021-03-08 18:55:39,850 INFO 6.973055562973022
2021-03-08 18:57:24,043 INFO 6.94490692615509
2021-03-08 18:59:02,011 INFO 6.752016429901123
2021-03-08 19:00:31,639 INFO 6.8520793628692624
2021-03-08 19:02:06,578 INFO 6.94280017375946
2021-03-08 19:03:49,628 INFO 7.176414852142334
2021-03-08 19:05:22,533 INFO 6.7996243119239805
2021-03-08 19:07:00,823 INFO 6.6136441326141355
2021-03-08 19:08:34,204 INFO 6.820514659881592
2021-03-08 19:10:13,979 INFO 6.607045257091523
2021-03-08 19:11:43,298 INFO 7.00531307220459
2021-03-08 19:13:31,405 INFO 7.1183687210083
2021-03-08 19:14:59,462 INFO 7.098641729354858
2021-03-08 19:16:38,216 INFO 7.005346446037293
2021-03-08 19:18:15,589 INFO 6.898398027420044
2021-03-08 19:19:49,613 INFO 6.946636791229248
2021-03-08 19:21:30,631 INFO 6.932893581390381
2021-03-08 19:23:04,523 INFO 6.819012877941131
2021-03-08 19:24:39,818 INFO 6.946278729438782
2021-03-08 19:26:14,223 INFO 7.158321323394776
2021-03-08 19:27:53,654 INFO 6.643403527736663
2021-03-08 19:29:31,106 INFO 6.428346304893494
2021-03-08 19:31:06,594 INFO 6.9367739820480345
2021-03-08 19:32:44,954 INFO 6.927765440940857
2021-03-08 19:34:19,365 INFO 6.753668932914734
2021-03-08 19:35:54,967 INFO 6.967830305099487
2021-03-08 19:37:36,285 INFO 6.999731936454773
2021-03-08 19:39:17,557 INFO 6.8126754522323605
2021-03-08 19:40:57,590 INFO 6.469790940284729
2021-03-08 19:42:22,521 INFO 6.8561372518539425
2021-03-08 19:50:45,253 INFO Test average loss : 42.96950661182404
2021-03-08 19:50:45,269 INFO Test average error: [ 0.94665907  0.07631938 15.21199199]
2021-03-08 19:52:36,327 INFO 6.826352663040161
2021-03-08 19:54:17,635 INFO 6.631869156360626
2021-03-08 19:55:54,213 INFO 7.055654921531677
2021-03-08 19:57:33,874 INFO 6.888863892555237
2021-03-08 19:59:12,402 INFO 6.608714771270752
2021-03-08 20:00:48,731 INFO 6.728999106884003
2021-03-08 20:02:24,334 INFO 6.745563604831696
2021-03-08 20:04:04,782 INFO 6.655472164154053
2021-03-08 20:05:41,462 INFO 6.532156257629395
2021-03-08 20:07:20,220 INFO 6.6565256690979
2021-03-08 20:08:57,855 INFO 6.946017065048218
2021-03-08 20:10:33,901 INFO 6.858860521316529
2021-03-08 20:12:14,460 INFO 6.713584260940552
2021-03-08 20:13:53,927 INFO 6.733581895828247
2021-03-08 20:15:35,429 INFO 6.939938101768494
2021-03-08 20:17:11,340 INFO 6.890145649909973
2021-03-08 20:18:39,783 INFO 6.84642650604248
2021-03-08 20:20:27,875 INFO 6.8294731664657595
2021-03-08 20:22:09,461 INFO 6.609174609184265
2021-03-08 20:23:45,135 INFO 6.5382959222793575
2021-03-08 20:25:21,540 INFO 6.653595399856568
2021-03-08 20:26:58,494 INFO 6.572401924133301
2021-03-08 20:28:39,606 INFO 6.538845658302307
2021-03-08 20:30:14,548 INFO 6.597759461402893
2021-03-08 20:31:52,297 INFO 6.920443487167359
2021-03-08 20:33:35,625 INFO 6.831608028411865
2021-03-08 20:35:16,032 INFO 6.65519467830658
2021-03-08 20:36:54,174 INFO 6.849766862392426
2021-03-08 20:38:32,844 INFO 6.845225801467896
2021-03-08 20:40:14,847 INFO 6.919029793739319
2021-03-08 20:41:48,693 INFO 6.808155422210693
2021-03-08 20:43:27,652 INFO 6.571339509487152
2021-03-08 20:45:05,551 INFO 6.760257859230041
2021-03-08 20:46:46,691 INFO 6.5183539080619814
2021-03-08 20:48:26,403 INFO 6.841215200424195
2021-03-08 20:50:06,223 INFO 6.957810339927673
2021-03-08 20:51:57,051 INFO 6.993702988624573
2021-03-08 20:53:29,891 INFO 6.988667554855347
2021-03-08 20:55:09,776 INFO 7.060967154502869
2021-03-08 20:56:45,711 INFO 6.733634970188141
2021-03-08 20:58:23,447 INFO 6.804172925949096
2021-03-08 21:00:09,791 INFO 6.910571031570434
2021-03-08 21:01:46,962 INFO 6.640492672920227
2021-03-08 21:03:23,769 INFO 6.819606342315674
2021-03-08 21:05:03,318 INFO 6.475320811271668
2021-03-08 21:06:48,455 INFO 6.681650686264038
2021-03-08 21:08:28,514 INFO 7.0873306846618656
2021-03-08 21:10:03,194 INFO 6.936875028610229
2021-03-08 21:11:45,860 INFO 7.0723784637451175
2021-03-08 21:13:25,751 INFO 7.0437529754638675
2021-03-08 21:15:00,160 INFO 6.9478688192367555
2021-03-08 21:16:37,049 INFO 6.609346814155579
2021-03-08 21:18:22,415 INFO 6.37336519241333
2021-03-08 21:19:51,080 INFO 6.706639859676361
2021-03-08 21:28:31,725 INFO Test average loss : 43.32635949134826
2021-03-08 21:28:31,740 INFO Test average error: [ 0.94550347  0.07691414 15.42970732]
2021-03-08 21:30:28,225 INFO 6.922682366371155
2021-03-08 21:32:10,347 INFO 6.473827633857727
2021-03-08 21:33:47,072 INFO 6.576329636573791
2021-03-08 21:35:21,294 INFO 6.799735333919525
2021-03-08 21:37:04,388 INFO 6.585347964763641
2021-03-08 21:38:44,085 INFO 6.686298522949219
2021-03-08 21:40:26,370 INFO 6.969744975566864
2021-03-08 21:42:05,379 INFO 6.8427579164505
2021-03-08 21:43:40,238 INFO 6.661787075996399
2021-03-08 21:45:29,981 INFO 6.745406091213226
2021-03-08 21:47:05,651 INFO 6.989661722183228
2021-03-08 21:48:42,046 INFO 6.726140232086181
2021-03-08 21:50:15,571 INFO 6.802822542190552
2021-03-08 21:52:06,296 INFO 6.733032445907593
2021-03-08 21:53:49,337 INFO 6.613996620178223
2021-03-08 21:55:25,283 INFO 6.828117353916168
2021-03-08 21:57:02,761 INFO 6.800567531585694
2021-03-08 21:58:44,161 INFO 7.11482075214386
2021-03-08 22:00:24,201 INFO 6.549005465507507
2021-03-08 22:02:05,343 INFO 6.597132241725921
2021-03-08 22:03:43,819 INFO 6.128672564029694
2021-03-08 22:05:28,342 INFO 6.6844377517700195
2021-03-08 22:07:12,094 INFO 6.543104574680329
2021-03-08 22:08:50,702 INFO 6.468791475296021
2021-03-08 22:10:22,116 INFO 7.167485604286194
2021-03-08 22:12:05,380 INFO 6.804903011322022
2021-03-08 22:13:49,561 INFO 6.741083447933197
2021-03-08 22:15:26,581 INFO 6.7026947450637815
2021-03-08 22:17:11,731 INFO 6.877394387722015
2021-03-08 22:18:55,801 INFO 6.845217251777649
2021-03-08 22:20:34,376 INFO 6.953048968315125
2021-03-08 22:22:13,723 INFO 6.368881945610046
2021-03-08 22:23:56,499 INFO 6.833086967468262
2021-03-08 22:25:31,849 INFO 6.715831604003906
2021-03-08 22:27:16,592 INFO 6.709754242897033
2021-03-08 22:28:56,333 INFO 6.783459153175354
2021-03-08 22:30:37,631 INFO 7.0051509141922
2021-03-08 22:32:18,247 INFO 6.844058067798614
2021-03-08 22:34:03,426 INFO 6.974488430023193
2021-03-08 22:35:45,080 INFO 6.667014756202698
2021-03-08 22:37:30,481 INFO 6.800345118045807
2021-03-08 22:39:13,041 INFO 6.799570336341858
2021-03-08 22:40:47,446 INFO 6.551247320175171
2021-03-08 22:42:27,978 INFO 6.728909134864807
2021-03-08 22:44:05,772 INFO 6.664847090244293
2021-03-08 22:45:51,537 INFO 6.639581913948059
2021-03-08 22:47:33,618 INFO 6.972821774482727
2021-03-08 22:49:13,692 INFO 6.897411379814148
2021-03-08 22:51:07,706 INFO 6.731212930679321
2021-03-08 22:52:39,216 INFO 6.9227972412109375
2021-03-08 22:54:20,578 INFO 7.146087350845337
2021-03-08 22:56:02,297 INFO 6.579762945175171
2021-03-08 22:57:40,557 INFO 6.4090199422836305
2021-03-08 22:59:16,672 INFO 6.998469042778015
2021-03-08 23:07:43,993 INFO Test average loss : 43.527036757469176
2021-03-08 23:07:44,008 INFO Test average error: [ 0.94568902  0.0773835  15.43476318]
2021-03-08 23:09:41,157 INFO 6.72343318939209
2021-03-08 23:11:18,607 INFO 6.894919085502624
2021-03-08 23:12:57,405 INFO 6.546998329162598
2021-03-08 23:14:37,424 INFO 6.5681362724304195
2021-03-08 23:16:18,329 INFO 6.815936441421509
2021-03-08 23:17:53,837 INFO 6.589586482048035
2021-03-08 23:19:38,139 INFO 6.632788209915161
2021-03-08 23:21:17,577 INFO 6.833000931739807
2021-03-08 23:22:52,455 INFO 6.618958415985108
2021-03-08 23:24:38,263 INFO 6.710566482543945
2021-03-08 23:26:12,170 INFO 6.860015354156494
2021-03-08 23:27:49,276 INFO 6.829566464424134
2021-03-08 23:29:31,004 INFO 7.010695123672486
2021-03-08 23:31:07,455 INFO 6.809447207450867
2021-03-08 23:33:00,524 INFO 6.718477430343628
2021-03-08 23:34:32,281 INFO 6.559623718261719
2021-03-08 23:36:10,758 INFO 7.1109003782272335
2021-03-08 23:37:46,349 INFO 6.740954587459564
2021-03-08 23:39:35,245 INFO 6.38064172744751
2021-03-08 23:41:13,747 INFO 6.536313891410828
2021-03-08 23:42:52,114 INFO 6.340477333068848
2021-03-08 23:44:27,028 INFO 6.769340348243714
2021-03-08 23:46:14,812 INFO 6.504012656211853
2021-03-08 23:47:55,332 INFO 6.734249773025513
2021-03-08 23:49:29,198 INFO 6.9067317843437195
2021-03-08 23:51:04,986 INFO 6.814716906547546
2021-03-08 23:52:52,882 INFO 6.811725873947143
2021-03-08 23:54:29,590 INFO 6.681194653511048
2021-03-08 23:56:08,218 INFO 6.616825304031372
2021-03-08 23:57:48,682 INFO 6.678758730888367
2021-03-08 23:59:25,756 INFO 6.911680693626404
2021-03-09 00:01:15,758 INFO 6.607421145439148
2021-03-09 00:02:57,716 INFO 6.776522336006164
2021-03-09 00:04:33,657 INFO 6.7365800428390505
2021-03-09 00:06:05,110 INFO 6.8230897188186646
2021-03-09 00:07:48,832 INFO 7.207964844703675
2021-03-09 00:09:29,634 INFO 6.932776305675507
2021-03-09 00:11:13,495 INFO 6.61925487279892
2021-03-09 00:12:45,208 INFO 7.063983912467957
2021-03-09 00:14:25,970 INFO 6.789729752540588
2021-03-09 00:16:14,685 INFO 7.233466014862061
2021-03-09 00:17:47,473 INFO 6.906146824359894
2021-03-09 00:19:29,464 INFO 6.576061210632324
2021-03-09 00:21:10,302 INFO 6.91028781414032
2021-03-09 00:22:54,642 INFO 6.608369154930115
2021-03-09 00:24:30,399 INFO 6.630109839439392
2021-03-09 00:26:22,099 INFO 7.038611731529236
2021-03-09 00:28:00,353 INFO 6.781920781135559
2021-03-09 00:29:33,057 INFO 6.927274198532104
2021-03-09 00:31:11,957 INFO 6.698706035614014
2021-03-09 00:33:03,347 INFO 7.074113757610321
2021-03-09 00:34:39,791 INFO 6.553435554504395
2021-03-09 00:36:20,631 INFO 6.230407371520996
2021-03-09 00:37:49,321 INFO 6.483950719833374
2021-03-09 00:46:13,789 INFO Test average loss : 43.141767354011535
2021-03-09 00:46:13,805 INFO Test average error: [ 0.94639974  0.07661921 15.33913892]
